b2-021
Architecture:          x86_64
CPU op-mode(s):        32-bit, 64-bit
Byte Order:            Little Endian
CPU(s):                32
On-line CPU(s) list:   0-31
Thread(s) per core:    1
Core(s) per socket:    16
Socket(s):             2
NUMA node(s):          2
Vendor ID:             AuthenticAMD
CPU family:            23
Model:                 49
Model name:            AMD EPYC 7302 16-Core Processor
Stepping:              0
CPU MHz:               1500.000
CPU max MHz:           3000.0000
CPU min MHz:           1500.0000
BogoMIPS:              5999.89
Virtualization:        AMD-V
L1d cache:             32K
L1i cache:             32K
L2 cache:              512K
L3 cache:              16384K
NUMA node0 CPU(s):     0-15
NUMA node1 CPU(s):     16-31
Flags:                 fpu vme de pse tsc msr pae mce cx8 apic sep mtrr pge mca cmov pat pse36 clflush mmx fxsr sse sse2 ht syscall nx mmxext fxsr_opt pdpe1gb rdtscp lm constant_tsc art rep_good nopl nonstop_tsc extd_apicid aperfmperf eagerfpu pni pclmulqdq monitor ssse3 fma cx16 sse4_1 sse4_2 movbe popcnt aes xsave avx f16c rdrand lahf_lm cmp_legacy svm extapic cr8_legacy abm sse4a misalignsse 3dnowprefetch osvw ibs skinit wdt tce topoext perfctr_core perfctr_nb bpext perfctr_l2 cpb cat_l3 cdp_l3 hw_pstate sme retpoline_amd ssbd ibrs ibpb stibp vmmcall fsgsbase bmi1 avx2 smep bmi2 cqm rdt_a rdseed adx smap clflushopt clwb sha_ni xsaveopt xsavec xgetbv1 cqm_llc cqm_occup_llc cqm_mbm_total cqm_mbm_local clzero irperf xsaveerptr arat npt lbrv svm_lock nrip_save tsc_scale vmcb_clean flushbyasid decodeassists pausefilter pfthreshold avic v_vmsave_vmload vgif umip overflow_recov succor smca
==============
166eb8051303a2c4dc8d09f661ed0999  /scratch/qp-woltka/WoLr1/WoLr1.1.bt2l
2f00504b58aa988c42a48752bfe0b245  /scratch/qp-woltka/WoLr1/WoLr1.2.bt2l
45d7306f84c3f3193dc0ff743127236f  /scratch/qp-woltka/WoLr1/WoLr1.3.bt2l
28bdfe07cea0d4db067d296b46d5b6c7  /scratch/qp-woltka/WoLr1/WoLr1.4.bt2l
0fe78a762a8d08a065123715fa2743cd  /scratch/qp-woltka/WoLr1/WoLr1.coords
b1d5b8c97af1c057283d658d6f10a445  /scratch/qp-woltka/WoLr1/WoLr1.rev.1.bt2l
2863ae07aba42d68d80cd904e8bf1a3d  /scratch/qp-woltka/WoLr1/WoLr1.rev.2.bt2l
7ce4b379d026b8ca6c7010d879e0c48e  /scratch/qp-woltka/WoLr1/WoLr1.shear
e6903d664524c117c1876c6822a73403  /scratch/qp-woltka/WoLr1/WoLr1.tax
b7bb80b71ce16c6f25f8df7b9d826883  /qmounts/qiita_data/per_sample_FASTQ/101636//Girguis50_RightEG4_host_filtered.fastq.gz
==============
==============
==============
#./bowtie2-new -p 16 --no-exact-upfront --no-1mm-upfront -x /scratch/qp-woltka/WoLr1/WoLr1 -q /qmounts/qiita_data/per_sample_FASTQ/101636//Girguis50_RightEG4_host_filtered.fastq.gz --seed 42 --very-sensitive -k 16 --np 1 --mp 1,1 --rdg 0,1 --rfg 0,1 --score-min  L,0,-0.05 --no-head --no-unal |wc
==== CPU 1 ==========
Timer: 0                       1.19952469 read
Timer: 1                       3.07679956 mmSeeds+instantiateSeeds
Timer: 2                      36.76653579 searchAllSeeds
Timer: 3                      67.71656346 extendSeeds
Timer: 4                       0.03476291 searchAllSeeds
Timer: 5                       0.11482445 extendSeeds
Timer: 6                       1.77793789 searchAllSeeds
Timer: 7                       0.01745269 extendSeeds
Timer: 8                      14.20749012 finishReadOne
Timer: 9                       0.78860836 extendSeeds
Timer: 10                       0.02502420 finishReadOne
Timer: 11                       0.00000000 N/A
Timer: 12                       0.00000000 N/A
Timer: 13                       0.00000000 N/A
Timer: 14                       0.00000000 N/A
Timer: 15                       0.00000000 N/A
Timer: 16                       0.00000000 N/A
Timer: 17                       0.00000000 N/A
Timer: 18                       0.00000000 N/A
Timer: 19                       0.00000000 N/A
Timer: 20                       0.00000000 N/A
Timer: 21                       0.00000000 N/A
Timer: 22                       0.00000000 N/A
Timer: 23                       0.00000000 N/A
Timer: 24                       0.00000000 N/A
Timer: 25                       0.00000000 N/A
Timer: 26                       0.00000000 N/A
Timer: 27                       0.00000000 N/A
Timer: 28                       0.00000000 N/A
Timer: 29                       0.00000000 N/A
Timer: 30                       0.00000000 N/A
Timer: 31                       0.00000000 N/A
Timer: 0                       1.20178826 read
Timer: 1                       3.02575051 mmSeeds+instantiateSeeds
Timer: 2                      36.71540874 searchAllSeeds
Timer: 3                      67.21186627 extendSeeds
Timer: 4                       0.05375686 searchAllSeeds
Timer: 5                       0.13347674 extendSeeds
Timer: 6                       1.81475776 searchAllSeeds
Timer: 7                       0.01746162 extendSeeds
Timer: 8                      14.40503034 finishReadOne
Timer: 9                       0.88367799 extendSeeds
Timer: 10                       0.02831650 finishReadOne
Timer: 11                       0.00000000 N/A
Timer: 12                       0.00000000 N/A
Timer: 13                       0.00000000 N/A
Timer: 14                       0.00000000 N/A
Timer: 15                       0.00000000 N/A
Timer: 16                       0.00000000 N/A
Timer: 17                       0.00000000 N/A
Timer: 18                       0.00000000 N/A
Timer: 19                       0.00000000 N/A
Timer: 20                       0.00000000 N/A
Timer: 21                       0.00000000 N/A
Timer: 22                       0.00000000 N/A
Timer: 23                       0.00000000 N/A
Timer: 24                       0.00000000 N/A
Timer: 25                       0.00000000 N/A
Timer: 26                       0.00000000 N/A
Timer: 27                       0.00000000 N/A
Timer: 28                       0.00000000 N/A
Timer: 29                       0.00000000 N/A
Timer: 30                       0.00000000 N/A
Timer: 31                       0.00000000 N/A
Timer: 0                       1.21865917 read
Timer: 1                       3.09367645 mmSeeds+instantiateSeeds
Timer: 2                      36.25532030 searchAllSeeds
Timer: 3                      67.68487680 extendSeeds
Timer: 4                       0.03470724 searchAllSeeds
Timer: 5                       0.11566832 extendSeeds
Timer: 6                       1.83242763 searchAllSeeds
Timer: 7                       0.01740056 extendSeeds
Timer: 0                       1.15099647 read
Timer: 1                       3.01240447 mmSeeds+instantiateSeeds
Timer: 2                      36.25441622 searchAllSeeds
Timer: 3                      67.85628247 extendSeeds
Timer: 4                       0.03397437 searchAllSeeds
Timer: 0                       1.20822437 read
Timer: 1                       3.07667226 mmSeeds+instantiateSeeds
Timer: 2                      36.52477378 searchAllSeeds
Timer: 3                      67.36704299 extendSeeds
Timer: 4                       0.05537586 searchAllSeeds
Timer: 5                       0.12128104 extendSeeds
Timer: 6                       1.85358635 searchAllSeeds
Timer: 7                       0.03771613 extendSeeds
Timer: 8                      14.29836629 finishReadOne
Timer: 9                       0.87930600 extendSeeds
Timer: 10                       0.01997700 finishReadOne
Timer: 8                      14.36991727 finishReadOne
Timer: 9                       0.81738609 finishReadOne
Timer: 10                       0.02288047 finishReadOne
Timer: 11                       0.00000000 N/A
Timer: 12                       0.00000000 N/A
Timer: 13                       0.00000000 N/A
Timer: 5                       0.11891724 extendSeeds
Timer: 6                       1.91223227 searchAllSeeds
Timer: 7                       0.03743193 extendSeeds
Timer: 8                      14.20938452 finishReadOne
Timer: 11                       0.00000000 N/A
Timer: 9                       0.87533291 finishReadOne
Timer: 14                       0.00000000 N/A
Timer: 12                       0.00000000 N/A
Timer: 13                       0.00000000 N/A
Timer: 14                       0.00000000 N/A
Timer: 15                       0.00000000 N/A
Timer: 16                       0.00000000 N/A
Timer: 15                       0.00000000 N/A
Timer: 16                       0.00000000 N/A
Timer: 10                       0.03865835 finishReadOne
Timer: 11                       0.00000000 N/A
Timer: 12                       0.00000000 N/A
Timer: 13                       0.00000000 N/A
Timer: 17                       0.00000000 N/A
Timer: 18                       0.00000000 N/A
Timer: 19                       0.00000000 N/A
Timer: 20                       0.00000000 N/A
Timer: 17                       0.00000000 N/A
Timer: 18                       0.00000000 N/A
Timer: 19                       0.00000000 N/A
Timer: 20                       0.00000000 N/A
Timer: 21                       0.00000000 N/A
Timer: 22                       0.00000000 N/A
Timer: 14                       0.00000000 N/A
Timer: 15                       0.00000000 N/A
Timer: 16                       0.00000000 N/A
Timer: 17                       0.00000000 N/A
Timer: 18                       0.00000000 N/A
Timer: 21                       0.00000000 N/A
Timer: 19                       0.00000000 N/A
Timer: 23                       0.00000000 N/A
Timer: 22                       0.00000000 N/A
Timer: 20                       0.00000000 N/A
Timer: 24                       0.00000000 N/A
Timer: 23                       0.00000000 N/A
Timer: 21                       0.00000000 N/A
Timer: 25                       0.00000000 N/A
Timer: 24                       0.00000000 N/A
Timer: 22                       0.00000000 N/A
Timer: 26                       0.00000000 N/A
Timer: 25                       0.00000000 N/A
Timer: 23                       0.00000000 N/A
Timer: 27                       0.00000000 N/A
Timer: 26                       0.00000000 N/A
Timer: 24                       0.00000000 N/A
Timer: 28                       0.00000000 N/A
Timer: 27                       0.00000000 N/A
Timer: 25                       0.00000000 N/A
Timer: 29                       0.00000000 N/A
Timer: 28                       0.00000000 N/A
Timer: 26                       0.00000000 N/A
Timer: 30                       0.00000000 N/A
Timer: 29                       0.00000000 N/A
Timer: 27                       0.00000000 N/A
Timer: 31                       0.00000000 N/A
Timer: 30                       0.00000000 N/A
Timer: 31                       0.00000000 N/A
Timer: 28                       0.00000000 N/A
Timer: 29                       0.00000000 N/A
Timer: 30                       0.00000000 N/A
Timer: 31                       0.00000000 N/A
Timer: 0                       1.20194897 read
Timer: 1                       3.13409336 mmSeeds+instantiateSeeds
Timer: 2                      36.28111045 searchAllSeeds
Timer: 3                      67.55622759 extendSeeds
Timer: 4                       0.03394589 searchAllSeeds
Timer: 5                       0.13333179 extendSeeds
Timer: 6                       1.87965979 searchAllSeeds
Timer: 7                       0.01746365 extendSeeds
Timer: 8                      14.25915550 finishReadOne
Timer: 9                       0.89158849 finishReadOne
Timer: 10                       0.01487935 finishReadOne
Timer: 11                       0.00000000 N/A
Timer: 12                       0.00000000 N/A
Timer: 13                       0.00000000 N/A
Timer: 14                       0.00000000 N/A
Timer: 15                       0.00000000 N/A
Timer: 16                       0.00000000 N/A
Timer: 17                       0.00000000 N/A
Timer: 18                       0.00000000 N/A
Timer: 19                       0.00000000 N/A
Timer: 20                       0.00000000 N/A
Timer: 21                       0.00000000 N/A
Timer: 22                       0.00000000 N/A
Timer: 23                       0.00000000 N/A
Timer: 24                       0.00000000 N/A
Timer: 25                       0.00000000 N/A
Timer: 26                       0.00000000 N/A
Timer: 27                       0.00000000 N/A
Timer: 28                       0.00000000 N/A
Timer: 29                       0.00000000 N/A
Timer: 30                       0.00000000 N/A
Timer: 31                       0.00000000 N/A
Timer: 0                       1.22152859 read
Timer: 1                       3.07863652 mmSeeds+instantiateSeeds
Timer: 2                      36.46447020 searchAllSeeds
Timer: 3                      67.15846131 extendSeeds
Timer: 4                       0.03365896 searchAllSeeds
Timer: 5                       0.13133361 extendSeeds
Timer: 6                       1.77639908 searchAllSeeds
Timer: 7                       0.01707126 extendSeeds
Timer: 8                      14.47905945 finishReadOne
Timer: 9                       0.77775880 extendSeeds
Timer: 10                       0.04528806 finishReadOne
Timer: 11                       0.00000000 N/A
Timer: 12                       0.00000000 N/A
Timer: 13                       0.00000000 N/A
Timer: 14                       0.00000000 N/A
Timer: 15                       0.00000000 N/A
Timer: 16                       0.00000000 N/A
Timer: 17                       0.00000000 N/A
Timer: 18                       0.00000000 N/A
Timer: 19                       0.00000000 N/A
Timer: 20                       0.00000000 N/A
Timer: 21                       0.00000000 N/A
Timer: 22                       0.00000000 N/A
Timer: 23                       0.00000000 N/A
Timer: 24                       0.00000000 N/A
Timer: 25                       0.00000000 N/A
Timer: 26                       0.00000000 N/A
Timer: 27                       0.00000000 N/A
Timer: 28                       0.00000000 N/A
Timer: 29                       0.00000000 N/A
Timer: 30                       0.00000000 N/A
Timer: 31                       0.00000000 N/A
Timer: 0                       1.18088994 read
Timer: 1                       2.96058711 mmSeeds+instantiateSeeds
Timer: 2                      36.28278608 searchAllSeeds
Timer: 3                      67.89886029 extendSeeds
Timer: 0                       1.15262044 read
Timer: 1                       2.95200590 mmSeeds+instantiateSeeds
Timer: 2                      36.14078971 searchAllSeeds
Timer: 3                      67.74217086 extendSeeds
Timer: 4                       0.03295213 searchAllSeeds
Timer: 4                       0.03518786 searchAllSeeds
Timer: 5                       0.13631461 extendSeeds
Timer: 6                       1.82048900 searchAllSeeds
Timer: 7                       0.01741535 extendSeeds
Timer: 5                       0.11022573 extendSeeds
Timer: 6                       1.75452540 searchAllSeeds
Timer: 8                      14.53215772 finishReadOne
Timer: 9                       0.80964357 extendSeeds
Timer: 7                       0.01726229 extendSeeds
Timer: 8                      14.52496294 finishReadOne
Timer: 10                       0.01749011 finishReadOne
Timer: 11                       0.00000000 N/A
Timer: 9                       0.85737188 extendSeeds
Timer: 10                       0.03264107 finishReadOne
Timer: 12                       0.00000000 N/A
Timer: 13                       0.00000000 N/A
Timer: 11                       0.00000000 N/A
Timer: 12                       0.00000000 N/A
Timer: 13                       0.00000000 N/A
Timer: 14                       0.00000000 N/A
Timer: 15                       0.00000000 N/A
Timer: 16                       0.00000000 N/A
Timer: 17                       0.00000000 N/A
Timer: 18                       0.00000000 N/A
Timer: 19                       0.00000000 N/A
Timer: 20                       0.00000000 N/A
Timer: 21                       0.00000000 N/A
Timer: 14                       0.00000000 N/A
Timer: 15                       0.00000000 N/A
Timer: 22                       0.00000000 N/A
Timer: 23                       0.00000000 N/A
Timer: 16                       0.00000000 N/A
Timer: 17                       0.00000000 N/A
Timer: 18                       0.00000000 N/A
Timer: 19                       0.00000000 N/A
Timer: 24                       0.00000000 N/A
Timer: 25                       0.00000000 N/A
Timer: 20                       0.00000000 N/A
Timer: 21                       0.00000000 N/A
Timer: 26                       0.00000000 N/A
Timer: 27                       0.00000000 N/A
Timer: 28                       0.00000000 N/A
Timer: 29                       0.00000000 N/A
Timer: 22                       0.00000000 N/A
Timer: 23                       0.00000000 N/A
Timer: 30                       0.00000000 N/A
Timer: 31                       0.00000000 N/A
Timer: 24                       0.00000000 N/A
Timer: 25                       0.00000000 N/A
Timer: 26                       0.00000000 N/A
Timer: 27                       0.00000000 N/A
Timer: 28                       0.00000000 N/A
Timer: 29                       0.00000000 N/A
Timer: 30                       0.00000000 N/A
Timer: 31                       0.00000000 N/A
Timer: 0                       1.22424441 read
Timer: 1                       2.98087772 mmSeeds+instantiateSeeds
Timer: 2                      36.42645760 searchAllSeeds
Timer: 3                      67.75784267 extendSeeds
Timer: 4                       0.03537216 searchAllSeeds
Timer: 5                       0.11368038 extendSeeds
Timer: 6                       1.84249852 searchAllSeeds
Timer: 7                       0.01784465 extendSeeds
Timer: 8                      14.24547091 finishReadOne
Timer: 9                       0.86763625 extendSeeds
Timer: 10                       0.01878225 finishReadOne
Timer: 11                       0.00000000 N/A
Timer: 12                       0.00000000 N/A
Timer: 13                       0.00000000 N/A
Timer: 14                       0.00000000 N/A
Timer: 15                       0.00000000 N/A
Timer: 16                       0.00000000 N/A
Timer: 17                       0.00000000 N/A
Timer: 18                       0.00000000 N/A
Timer: 19                       0.00000000 N/A
Timer: 20                       0.00000000 N/A
Timer: 21                       0.00000000 N/A
Timer: 22                       0.00000000 N/A
Timer: 23                       0.00000000 N/A
Timer: 24                       0.00000000 N/A
Timer: 25                       0.00000000 N/A
Timer: 26                       0.00000000 N/A
Timer: 27                       0.00000000 N/A
Timer: 28                       0.00000000 N/A
Timer: 29                       0.00000000 N/A
Timer: 30                       0.00000000 N/A
Timer: 31                       0.00000000 N/A
Timer: 0                       1.15752631 read
Timer: 1                       2.94711267 mmSeeds+instantiateSeeds
Timer: 2                      36.03914983 searchAllSeeds
Timer: 3                      68.13946790 extendSeeds
Timer: 4                       0.03440774 searchAllSeeds
Timer: 5                       0.11920462 extendSeeds
Timer: 6                       1.97393479 searchAllSeeds
Timer: 7                       0.01749879 extendSeeds
Timer: 8                      14.12397063 finishReadOne
Timer: 9                       0.90724687 extendSeeds
Timer: 10                       0.05472429 finishReadOne
Timer: 11                       0.00000000 N/A
Timer: 12                       0.00000000 N/A
Timer: 13                       0.00000000 N/A
Timer: 14                       0.00000000 N/A
Timer: 15                       0.00000000 N/A
Timer: 16                       0.00000000 N/A
Timer: 17                       0.00000000 N/A
Timer: 18                       0.00000000 N/A
Timer: 19                       0.00000000 N/A
Timer: 20                       0.00000000 N/A
Timer: 21                       0.00000000 N/A
Timer: 22                       0.00000000 N/A
Timer: 23                       0.00000000 N/A
Timer: 24                       0.00000000 N/A
Timer: 25                       0.00000000 N/A
Timer: 26                       0.00000000 N/A
Timer: 27                       0.00000000 N/A
Timer: 28                       0.00000000 N/A
Timer: 29                       0.00000000 N/A
Timer: 30                       0.00000000 N/A
Timer: 31                       0.00000000 N/A
Timer: 0                       1.17262527 read
Timer: 1                       3.05609825 mmSeeds+instantiateSeeds
Timer: 2                      36.22800337 searchAllSeeds
Timer: 3                      68.13890176 extendSeeds
Timer: 4                       0.04383085 searchAllSeeds
Timer: 5                       0.12044917 extendSeeds
Timer: 6                       1.89798375 searchAllSeeds
Timer: 7                       0.01796610 extendSeeds
Timer: 8                      13.85561447 finishReadOne
Timer: 9                       0.90763694 extendSeeds
Timer: 10                       0.03051980 finishReadOne
Timer: 11                       0.00000000 N/A
Timer: 12                       0.00000000 N/A
Timer: 13                       0.00000000 N/A
Timer: 14                       0.00000000 N/A
Timer: 15                       0.00000000 N/A
Timer: 16                       0.00000000 N/A
Timer: 17                       0.00000000 N/A
Timer: 18                       0.00000000 N/A
Timer: 19                       0.00000000 N/A
Timer: 20                       0.00000000 N/A
Timer: 21                       0.00000000 N/A
Timer: 22                       0.00000000 N/A
Timer: 23                       0.00000000 N/A
Timer: 24                       0.00000000 N/A
Timer: 25                       0.00000000 N/A
Timer: 26                       0.00000000 N/A
Timer: 27                       0.00000000 N/A
Timer: 28                       0.00000000 N/A
Timer: 29                       0.00000000 N/A
Timer: 30                       0.00000000 N/A
Timer: 31                       0.00000000 N/A
Timer: 0                       1.18527205 read
Timer: 1                       2.99538528 mmSeeds+instantiateSeeds
Timer: 2                      36.48241216 searchAllSeeds
Timer: 3                      67.70396010 extendSeeds
Timer: 4                       0.03563226 searchAllSeeds
Timer: 5                       0.13993650 extendSeeds
Timer: 6                       1.81993364 searchAllSeeds
Timer: 7                       0.01801454 extendSeeds
Timer: 8                      14.24256449 finishReadOne
Timer: 9                       0.89018616 extendSeeds
Timer: 10                       0.04464513 finishReadOne
Timer: 11                       0.00000000 N/A
Timer: 12                       0.00000000 N/A
Timer: 13                       0.00000000 N/A
Timer: 14                       0.00000000 N/A
Timer: 15                       0.00000000 N/A
Timer: 16                       0.00000000 N/A
Timer: 17                       0.00000000 N/A
Timer: 18                       0.00000000 N/A
Timer: 19                       0.00000000 N/A
Timer: 20                       0.00000000 N/A
Timer: 21                       0.00000000 N/A
Timer: 22                       0.00000000 N/A
Timer: 23                       0.00000000 N/A
Timer: 24                       0.00000000 N/A
Timer: 25                       0.00000000 N/A
Timer: 26                       0.00000000 N/A
Timer: 27                       0.00000000 N/A
Timer: 28                       0.00000000 N/A
Timer: 29                       0.00000000 N/A
Timer: 30                       0.00000000 N/A
Timer: 31                       0.00000000 N/A
Timer: 0                       1.14575600 read
Timer: 1                       2.99230597 mmSeeds+instantiateSeeds
Timer: 2                      36.55675864 searchAllSeeds
Timer: 3                      67.60619572 extendSeeds
Timer: 4                       0.03434666 searchAllSeeds
Timer: 5                       0.11201806 extendSeeds
Timer: 6                       1.82891209 searchAllSeeds
Timer: 7                       0.01767545 extendSeeds
Timer: 8                      14.23460465 finishReadOne
Timer: 9                       0.83767010 finishReadOne
Timer: 10                       0.06001786 finishReadOne
Timer: 11                       0.00000000 N/A
Timer: 12                       0.00000000 N/A
Timer: 13                       0.00000000 N/A
Timer: 14                       0.00000000 N/A
Timer: 15                       0.00000000 N/A
Timer: 16                       0.00000000 N/A
Timer: 17                       0.00000000 N/A
Timer: 18                       0.00000000 N/A
Timer: 19                       0.00000000 N/A
Timer: 20                       0.00000000 N/A
Timer: 21                       0.00000000 N/A
Timer: 22                       0.00000000 N/A
Timer: 23                       0.00000000 N/A
Timer: 24                       0.00000000 N/A
Timer: 25                       0.00000000 N/A
Timer: 26                       0.00000000 N/A
Timer: 27                       0.00000000 N/A
Timer: 28                       0.00000000 N/A
Timer: 29                       0.00000000 N/A
Timer: 30                       0.00000000 N/A
Timer: 31                       0.00000000 N/A
Timer: 0                       1.20102180 read
Timer: 1                       3.10964751 mmSeeds+instantiateSeeds
Timer: 2                      36.49176248 searchAllSeeds
Timer: 3                      67.21832930 extendSeeds
Timer: 4                       0.03344643 searchAllSeeds
Timer: 5                       0.12560556 extendSeeds
Timer: 6                       1.92840492 searchAllSeeds
Timer: 7                       0.01731061 extendSeeds
Timer: 8                      14.53959348 finishReadOne
Timer: 9                       0.84798435 extendSeeds
Timer: 10                       0.02457987 finishReadOne
Timer: 11                       0.00000000 N/A
Timer: 12                       0.00000000 N/A
Timer: 13                       0.00000000 N/A
Timer: 14                       0.00000000 N/A
Timer: 15                       0.00000000 N/A
Timer: 16                       0.00000000 N/A
Timer: 17                       0.00000000 N/A
Timer: 18                       0.00000000 N/A
Timer: 19                       0.00000000 N/A
Timer: 20                       0.00000000 N/A
Timer: 21                       0.00000000 N/A
Timer: 22                       0.00000000 N/A
Timer: 23                       0.00000000 N/A
Timer: 24                       0.00000000 N/A
Timer: 25                       0.00000000 N/A
Timer: 26                       0.00000000 N/A
Timer: 27                       0.00000000 N/A
Timer: 28                       0.00000000 N/A
Timer: 29                       0.00000000 N/A
Timer: 30                       0.00000000 N/A
Timer: 31                       0.00000000 N/A
Timer: 0                       1.18479941 read
Timer: 1                       2.93430903 mmSeeds+instantiateSeeds
Timer: 2                      36.03092124 searchAllSeeds
Timer: 3                      68.15406784 extendSeeds
Timer: 4                       0.03282509 searchAllSeeds
Timer: 5                       0.11210327 extendSeeds
Timer: 6                       1.82689533 searchAllSeeds
Timer: 7                       0.01681242 extendSeeds
Timer: 8                      14.48939795 finishReadOne
Timer: 9                       0.79844476 extendSeeds
Timer: 10                       0.04768422 finishReadOne
Timer: 11                       0.00000000 N/A
Timer: 12                       0.00000000 N/A
Timer: 13                       0.00000000 N/A
Timer: 14                       0.00000000 N/A
Timer: 15                       0.00000000 N/A
Timer: 16                       0.00000000 N/A
Timer: 17                       0.00000000 N/A
Timer: 18                       0.00000000 N/A
Timer: 19                       0.00000000 N/A
Timer: 20                       0.00000000 N/A
Timer: 21                       0.00000000 N/A
Timer: 22                       0.00000000 N/A
Timer: 23                       0.00000000 N/A
Timer: 24                       0.00000000 N/A
Timer: 25                       0.00000000 N/A
Timer: 26                       0.00000000 N/A
Timer: 27                       0.00000000 N/A
Timer: 28                       0.00000000 N/A
Timer: 29                       0.00000000 N/A
Timer: 30                       0.00000000 N/A
Timer: 31                       0.00000000 N/A
5773776 reads; of these:
  5773776 (100.00%) were unpaired; of these:
    5758925 (99.74%) aligned 0 times
    2996 (0.05%) aligned exactly 1 time
    11855 (0.21%) aligned >1 times
0.26% overall alignment rate
 149811 2993224 68531290

real	2m19.202s
user	30m16.530s
sys	3m10.385s
==== CPU 2 ==========
Timer: 0                       1.18815182 read
Timer: 1                       3.01193792 mmSeeds+instantiateSeeds
Timer: 2                      31.95024053 searchAllSeeds
Timer: 3                      63.36626838 extendSeeds
Timer: 4                       0.03549796 searchAllSeeds
Timer: 0                       1.19780305 read
Timer: 1                       2.94227989 mmSeeds+instantiateSeeds
Timer: 2                      31.55027886 searchAllSeeds
Timer: 3                      63.33181244 extendSeeds
Timer: 0                       1.15095588 read
Timer: 1                       2.91500620 mmSeeds+instantiateSeeds
Timer: 0                       1.14956776 read
Timer: 1                       2.97411004 mmSeeds+instantiateSeeds
Timer: 2                      32.06994639 searchAllSeeds
Timer: 5                       0.12012739 extendSeeds
Timer: 3                      62.87972934 extendSeeds
Timer: 6                       1.79173574 searchAllSeeds
Timer: 4                       0.03341176 searchAllSeeds
Timer: 7                       0.01816684 extendSeeds
Timer: 8                       6.30026152 finishReadOne
Timer: 9                       0.86317412 finishReadOne
Timer: 10                       0.01396140 finishReadOne
Timer: 0                       1.18077310 read
Timer: 1                       2.91923169 mmSeeds+instantiateSeeds
Timer: 11                       0.00000000 N/A
Timer: 12                       0.00000000 N/A
Timer: 13                       0.00000000 N/A
Timer: 14                       0.00000000 N/A
Timer: 15                       0.00000000 N/A
Timer: 2                      32.28054627 searchAllSeeds
Timer: 16                       0.00000000 N/A
Timer: 3                      62.63927995 extendSeeds
Timer: 2                      32.55745177 searchAllSeeds
Timer: 3                      62.35783181 extendSeeds
Timer: 17                       0.00000000 N/A
Timer: 18                       0.00000000 N/A
Timer: 4                       0.03414711 searchAllSeeds
Timer: 19                       0.00000000 N/A
Timer: 5                       0.16011253 extendSeeds
Timer: 4                       0.03378351 searchAllSeeds
Timer: 6                       1.80573396 searchAllSeeds
Timer: 5                       0.16514925 extendSeeds
Timer: 7                       0.01733848 extendSeeds
Timer: 4                       0.03458563 searchAllSeeds
Timer: 8                       6.43123327 finishReadOne
Timer: 5                       0.14026322 extendSeeds
Timer: 20                       0.00000000 N/A
Timer: 5                       0.12659832 extendSeeds
Timer: 6                       1.92621241 searchAllSeeds
Timer: 9                       0.84186040 extendSeeds
Timer: 7                       0.01802999 extendSeeds
Timer: 21                       0.00000000 N/A
Timer: 6                       1.79557094 searchAllSeeds
Timer: 6                       1.78802594 searchAllSeeds
Timer: 8                       6.47296445 finishReadOne
Timer: 7                       0.01770939 extendSeeds
Timer: 9                       0.96989128 extendSeeds
Timer: 22                       0.00000000 N/A
Timer: 7                       0.01734972 extendSeeds
Timer: 10                       0.01455309 finishReadOne
Timer: 8                       6.47102159 finishReadOne
Timer: 8                       6.54555802 finishReadOne
Timer: 10                       0.02016559 finishReadOne
Timer: 23                       0.00000000 N/A
Timer: 11                       0.00000000 N/A
Timer: 24                       0.00000000 N/A
Timer: 11                       0.00000000 N/A
Timer: 9                       0.89050866 finishReadOne
Timer: 9                       0.78973414 extendSeeds
Timer: 10                       0.01771642 finishReadOne
Timer: 25                       0.00000000 N/A
Timer: 10                       0.01449729 finishReadOne
Timer: 12                       0.00000000 N/A
Timer: 11                       0.00000000 N/A
Timer: 11                       0.00000000 N/A
Timer: 12                       0.00000000 N/A
Timer: 13                       0.00000000 N/A
Timer: 14                       0.00000000 N/A
Timer: 15                       0.00000000 N/A
Timer: 12                       0.00000000 N/A
Timer: 13                       0.00000000 N/A
Timer: 14                       0.00000000 N/A
Timer: 15                       0.00000000 N/A
Timer: 16                       0.00000000 N/A
Timer: 17                       0.00000000 N/A
Timer: 18                       0.00000000 N/A
Timer: 19                       0.00000000 N/A
Timer: 20                       0.00000000 N/A
Timer: 12                       0.00000000 N/A
Timer: 13                       0.00000000 N/A
Timer: 16                       0.00000000 N/A
Timer: 17                       0.00000000 N/A
Timer: 26                       0.00000000 N/A
Timer: 13                       0.00000000 N/A
Timer: 14                       0.00000000 N/A
Timer: 14                       0.00000000 N/A
Timer: 15                       0.00000000 N/A
Timer: 18                       0.00000000 N/A
Timer: 16                       0.00000000 N/A
Timer: 19                       0.00000000 N/A
Timer: 27                       0.00000000 N/A
Timer: 15                       0.00000000 N/A
Timer: 21                       0.00000000 N/A
Timer: 16                       0.00000000 N/A
Timer: 20                       0.00000000 N/A
Timer: 17                       0.00000000 N/A
Timer: 28                       0.00000000 N/A
Timer: 18                       0.00000000 N/A
Timer: 29                       0.00000000 N/A
Timer: 22                       0.00000000 N/A
Timer: 30                       0.00000000 N/A
Timer: 23                       0.00000000 N/A
Timer: 17                       0.00000000 N/A
Timer: 24                       0.00000000 N/A
Timer: 18                       0.00000000 N/A
Timer: 21                       0.00000000 N/A
Timer: 19                       0.00000000 N/A
Timer: 22                       0.00000000 N/A
Timer: 20                       0.00000000 N/A
Timer: 25                       0.00000000 N/A
Timer: 31                       0.00000000 N/A
Timer: 26                       0.00000000 N/A
Timer: 21                       0.00000000 N/A
Timer: 27                       0.00000000 N/A
Timer: 23                       0.00000000 N/A
Timer: 28                       0.00000000 N/A
Timer: 29                       0.00000000 N/A
Timer: 22                       0.00000000 N/A
Timer: 23                       0.00000000 N/A
Timer: 30                       0.00000000 N/A
Timer: 24                       0.00000000 N/A
Timer: 19                       0.00000000 N/A
Timer: 20                       0.00000000 N/A
Timer: 31                       0.00000000 N/A
Timer: 25                       0.00000000 N/A
Timer: 24                       0.00000000 N/A
Timer: 21                       0.00000000 N/A
Timer: 26                       0.00000000 N/A
Timer: 25                       0.00000000 N/A
Timer: 22                       0.00000000 N/A
Timer: 27                       0.00000000 N/A
Timer: 26                       0.00000000 N/A
Timer: 27                       0.00000000 N/A
Timer: 28                       0.00000000 N/A
Timer: 29                       0.00000000 N/A
Timer: 28                       0.00000000 N/A
Timer: 23                       0.00000000 N/A
Timer: 29                       0.00000000 N/A
Timer: 30                       0.00000000 N/A
Timer: 30                       0.00000000 N/A
Timer: 24                       0.00000000 N/A
Timer: 31                       0.00000000 N/A
Timer: 31                       0.00000000 N/A
Timer: 25                       0.00000000 N/A
Timer: 26                       0.00000000 N/A
Timer: 27                       0.00000000 N/A
Timer: 28                       0.00000000 N/A
Timer: 29                       0.00000000 N/A
Timer: 30                       0.00000000 N/A
Timer: 31                       0.00000000 N/A
Timer: 0                       1.18852285 read
Timer: 1                       2.99332061 mmSeeds+instantiateSeeds
Timer: 2                      31.86230023 searchAllSeeds
Timer: 3                      62.98101319 extendSeeds
Timer: 4                       0.03414853 searchAllSeeds
Timer: 5                       0.10645479 extendSeeds
Timer: 6                       1.64319049 searchAllSeeds
Timer: 7                       0.01708477 extendSeeds
Timer: 8                       6.85888714 finishReadOne
Timer: 9                       0.76506365 extendSeeds
Timer: 10                       0.01925454 finishReadOne
Timer: 11                       0.00000000 N/A
Timer: 12                       0.00000000 N/A
Timer: 13                       0.00000000 N/A
Timer: 14                       0.00000000 N/A
Timer: 15                       0.00000000 N/A
Timer: 16                       0.00000000 N/A
Timer: 17                       0.00000000 N/A
Timer: 18                       0.00000000 N/A
Timer: 19                       0.00000000 N/A
Timer: 20                       0.00000000 N/A
Timer: 21                       0.00000000 N/A
Timer: 22                       0.00000000 N/A
Timer: 23                       0.00000000 N/A
Timer: 24                       0.00000000 N/A
Timer: 25                       0.00000000 N/A
Timer: 26                       0.00000000 N/A
Timer: 27                       0.00000000 N/A
Timer: 28                       0.00000000 N/A
Timer: 29                       0.00000000 N/A
Timer: 30                       0.00000000 N/A
Timer: 31                       0.00000000 N/A
Timer: 0                       1.17110925 read
Timer: 1                       3.02021752 mmSeeds+instantiateSeeds
Timer: 2                      32.38859103 searchAllSeeds
Timer: 3                      62.85658861 extendSeeds
Timer: 4                       0.03468662 searchAllSeeds
Timer: 5                       0.12105444 extendSeeds
Timer: 6                       1.77313395 searchAllSeeds
Timer: 7                       0.01761603 extendSeeds
Timer: 8                       6.49587128 finishReadOne
Timer: 9                       0.80606706 extendSeeds
Timer: 10                       0.00698597 finishReadOne
Timer: 11                       0.00000000 N/A
Timer: 12                       0.00000000 N/A
Timer: 13                       0.00000000 N/A
Timer: 14                       0.00000000 N/A
Timer: 15                       0.00000000 N/A
Timer: 16                       0.00000000 N/A
Timer: 17                       0.00000000 N/A
Timer: 18                       0.00000000 N/A
Timer: 19                       0.00000000 N/A
Timer: 20                       0.00000000 N/A
Timer: 21                       0.00000000 N/A
Timer: 22                       0.00000000 N/A
Timer: 23                       0.00000000 N/A
Timer: 24                       0.00000000 N/A
Timer: 25                       0.00000000 N/A
Timer: 26                       0.00000000 N/A
Timer: 27                       0.00000000 N/A
Timer: 28                       0.00000000 N/A
Timer: 29                       0.00000000 N/A
Timer: 30                       0.00000000 N/A
Timer: 31                       0.00000000 N/A
Timer: 0                       1.19111144 read
Timer: 1                       2.92768771 mmSeeds+instantiateSeeds
Timer: 2                      32.00456753 searchAllSeeds
Timer: 3                      63.35857612 extendSeeds
Timer: 4                       0.03323441 searchAllSeeds
Timer: 5                       0.11344873 extendSeeds
Timer: 6                       1.67982270 searchAllSeeds
Timer: 7                       0.01755565 extendSeeds
Timer: 8                       6.45231703 finishReadOne
Timer: 9                       0.83771370 extendSeeds
Timer: 10                       0.01689484 finishReadOne
Timer: 11                       0.00000000 N/A
Timer: 12                       0.00000000 N/A
Timer: 13                       0.00000000 N/A
Timer: 14                       0.00000000 N/A
Timer: 15                       0.00000000 N/A
Timer: 16                       0.00000000 N/A
Timer: 17                       0.00000000 N/A
Timer: 18                       0.00000000 N/A
Timer: 19                       0.00000000 N/A
Timer: 20                       0.00000000 N/A
Timer: 21                       0.00000000 N/A
Timer: 22                       0.00000000 N/A
Timer: 23                       0.00000000 N/A
Timer: 24                       0.00000000 N/A
Timer: 25                       0.00000000 N/A
Timer: 26                       0.00000000 N/A
Timer: 27                       0.00000000 N/A
Timer: 28                       0.00000000 N/A
Timer: 29                       0.00000000 N/A
Timer: 30                       0.00000000 N/A
Timer: 31                       0.00000000 N/A
Timer: 0                       1.17348704 read
Timer: 1                       2.98684841 mmSeeds+instantiateSeeds
Timer: 2                      32.28115941 searchAllSeeds
Timer: 3                      62.80423218 extendSeeds
Timer: 4                       0.03451737 searchAllSeeds
Timer: 5                       0.11403473 extendSeeds
Timer: 6                       1.75959146 searchAllSeeds
Timer: 7                       0.01744184 extendSeeds
Timer: 8                       6.50192700 finishReadOne
Timer: 9                       0.87899508 extendSeeds
Timer: 10                       0.02223227 finishReadOne
Timer: 11                       0.00000000 N/A
Timer: 12                       0.00000000 N/A
Timer: 13                       0.00000000 N/A
Timer: 14                       0.00000000 N/A
Timer: 15                       0.00000000 N/A
Timer: 16                       0.00000000 N/A
Timer: 17                       0.00000000 N/A
Timer: 18                       0.00000000 N/A
Timer: 19                       0.00000000 N/A
Timer: 20                       0.00000000 N/A
Timer: 21                       0.00000000 N/A
Timer: 22                       0.00000000 N/A
Timer: 23                       0.00000000 N/A
Timer: 24                       0.00000000 N/A
Timer: 25                       0.00000000 N/A
Timer: 26                       0.00000000 N/A
Timer: 27                       0.00000000 N/A
Timer: 28                       0.00000000 N/A
Timer: 29                       0.00000000 N/A
Timer: 30                       0.00000000 N/A
Timer: 31                       0.00000000 N/A
Timer: 0                       1.20393604 read
Timer: 1                       3.02759500 mmSeeds+instantiateSeeds
Timer: 2                      31.74754321 searchAllSeeds
Timer: 3                      63.15983471 extendSeeds
Timer: 4                       0.03301672 searchAllSeeds
Timer: 5                       0.10983845 extendSeeds
Timer: 6                       1.70055081 searchAllSeeds
Timer: 7                       0.01707539 extendSeeds
Timer: 8                       6.51858269 finishReadOne
Timer: 9                       0.85735972 extendSeeds
Timer: 10                       0.01616472 finishReadOne
Timer: 11                       0.00000000 N/A
Timer: 12                       0.00000000 N/A
Timer: 13                       0.00000000 N/A
Timer: 14                       0.00000000 N/A
Timer: 15                       0.00000000 N/A
Timer: 16                       0.00000000 N/A
Timer: 17                       0.00000000 N/A
Timer: 18                       0.00000000 N/A
Timer: 19                       0.00000000 N/A
Timer: 20                       0.00000000 N/A
Timer: 21                       0.00000000 N/A
Timer: 22                       0.00000000 N/A
Timer: 23                       0.00000000 N/A
Timer: 24                       0.00000000 N/A
Timer: 25                       0.00000000 N/A
Timer: 26                       0.00000000 N/A
Timer: 27                       0.00000000 N/A
Timer: 28                       0.00000000 N/A
Timer: 29                       0.00000000 N/A
Timer: 30                       0.00000000 N/A
Timer: 31                       0.00000000 N/A
Timer: 0                       1.21106486 read
Timer: 0                       1.14939172 read
Timer: 1                       2.94166386 mmSeeds+instantiateSeeds
Timer: 2                      32.01863978 searchAllSeeds
Timer: 3                      62.87062764 extendSeeds
Timer: 4                       0.03384838 searchAllSeeds
Timer: 5                       0.12531584 extendSeeds
Timer: 6                       1.73301620 searchAllSeeds
Timer: 7                       0.01811865 extendSeeds
Timer: 8                       6.40530156 finishReadOne
Timer: 9                       0.89824659 finishReadOne
Timer: 10                       0.00681091 finishReadOne
Timer: 11                       0.00000000 N/A
Timer: 12                       0.00000000 N/A
Timer: 13                       0.00000000 N/A
Timer: 14                       0.00000000 N/A
Timer: 15                       0.00000000 N/A
Timer: 16                       0.00000000 N/A
Timer: 17                       0.00000000 N/A
Timer: 18                       0.00000000 N/A
Timer: 19                       0.00000000 N/A
Timer: 20                       0.00000000 N/A
Timer: 21                       0.00000000 N/A
Timer: 22                       0.00000000 N/A
Timer: 0                       1.17095724 read
Timer: 1                       2.98462144 mmSeeds+instantiateSeeds
Timer: 2                      31.98139653 searchAllSeeds
Timer: 23                       0.00000000 N/A
Timer: 24                       0.00000000 N/A
Timer: 25                       0.00000000 N/A
Timer: 26                       0.00000000 N/A
Timer: 27                       0.00000000 N/A
Timer: 28                       0.00000000 N/A
Timer: 29                       0.00000000 N/A
Timer: 30                       0.00000000 N/A
Timer: 31                       0.00000000 N/A
Timer: 3                      62.96672728 extendSeeds
Timer: 4                       0.03370098 searchAllSeeds
Timer: 5                       0.14129267 extendSeeds
Timer: 6                       1.72658142 searchAllSeeds
Timer: 7                       0.01752842 extendSeeds
Timer: 8                       6.49421458 finishReadOne
Timer: 9                       0.84810457 extendSeeds
Timer: 10                       0.01801138 finishReadOne
Timer: 11                       0.00000000 N/A
Timer: 12                       0.00000000 N/A
Timer: 13                       0.00000000 N/A
Timer: 14                       0.00000000 N/A
Timer: 15                       0.00000000 N/A
Timer: 16                       0.00000000 N/A
Timer: 17                       0.00000000 N/A
Timer: 18                       0.00000000 N/A
Timer: 19                       0.00000000 N/A
Timer: 20                       0.00000000 N/A
Timer: 21                       0.00000000 N/A
Timer: 22                       0.00000000 N/A
Timer: 23                       0.00000000 N/A
Timer: 24                       0.00000000 N/A
Timer: 25                       0.00000000 N/A
Timer: 26                       0.00000000 N/A
Timer: 27                       0.00000000 N/A
Timer: 28                       0.00000000 N/A
Timer: 29                       0.00000000 N/A
Timer: 30                       0.00000000 N/A
Timer: 31                       0.00000000 N/A
Timer: 0                       1.16303282 read
Timer: 1                       2.98966434 mmSeeds+instantiateSeeds
Timer: 2                      31.87810992 searchAllSeeds
Timer: 3                      63.47800313 extendSeeds
Timer: 4                       0.04390477 searchAllSeeds
Timer: 5                       0.12462679 extendSeeds
Timer: 6                       1.64843160 searchAllSeeds
Timer: 7                       0.01675572 extendSeeds
Timer: 8                       6.51478002 finishReadOne
Timer: 9                       0.79117671 finishReadOne
Timer: 10                       0.00932739 finishReadOne
Timer: 11                       0.00000000 N/A
Timer: 12                       0.00000000 N/A
Timer: 13                       0.00000000 N/A
Timer: 14                       0.00000000 N/A
Timer: 15                       0.00000000 N/A
Timer: 16                       0.00000000 N/A
Timer: 17                       0.00000000 N/A
Timer: 18                       0.00000000 N/A
Timer: 19                       0.00000000 N/A
Timer: 20                       0.00000000 N/A
Timer: 21                       0.00000000 N/A
Timer: 22                       0.00000000 N/A
Timer: 23                       0.00000000 N/A
Timer: 24                       0.00000000 N/A
Timer: 25                       0.00000000 N/A
Timer: 26                       0.00000000 N/A
Timer: 27                       0.00000000 N/A
Timer: 28                       0.00000000 N/A
Timer: 29                       0.00000000 N/A
Timer: 30                       0.00000000 N/A
Timer: 31                       0.00000000 N/A
Timer: 0                       1.21776334 read
Timer: 1                       2.86123736 mmSeeds+instantiateSeeds
Timer: 2                      31.95530752 searchAllSeeds
Timer: 3                      62.88467107 extendSeeds
Timer: 4                       0.07078669 searchAllSeeds
Timer: 5                       0.10764152 extendSeeds
Timer: 6                       1.75101403 searchAllSeeds
Timer: 7                       0.03680487 extendSeeds
Timer: 8                       6.53498915 finishReadOne
Timer: 9                       0.78122650 extendSeeds
Timer: 10                       0.03676213 finishReadOne
Timer: 11                       0.00000000 N/A
Timer: 12                       0.00000000 N/A
Timer: 13                       0.00000000 N/A
Timer: 14                       0.00000000 N/A
Timer: 15                       0.00000000 N/A
Timer: 16                       0.00000000 N/A
Timer: 17                       0.00000000 N/A
Timer: 18                       0.00000000 N/A
Timer: 19                       0.00000000 N/A
Timer: 20                       0.00000000 N/A
Timer: 21                       0.00000000 N/A
Timer: 22                       0.00000000 N/A
Timer: 23                       0.00000000 N/A
Timer: 24                       0.00000000 N/A
Timer: 25                       0.00000000 N/A
Timer: 26                       0.00000000 N/A
Timer: 27                       0.00000000 N/A
Timer: 28                       0.00000000 N/A
Timer: 29                       0.00000000 N/A
Timer: 30                       0.00000000 N/A
Timer: 31                       0.00000000 N/A
Timer: 1                       2.93773082 mmSeeds+instantiateSeeds
Timer: 2                      32.19214271 searchAllSeeds
Timer: 3                      62.70321310 extendSeeds
Timer: 4                       0.03369193 searchAllSeeds
Timer: 5                       0.11268606 extendSeeds
Timer: 6                       1.83726932 searchAllSeeds
Timer: 7                       0.01709004 extendSeeds
Timer: 8                       6.50875242 finishReadOne
Timer: 9                       0.82835197 extendSeeds
Timer: 10                       0.02823233 finishReadOne
Timer: 11                       0.00000000 N/A
Timer: 12                       0.00000000 N/A
Timer: 13                       0.00000000 N/A
Timer: 14                       0.00000000 N/A
Timer: 15                       0.00000000 N/A
Timer: 16                       0.00000000 N/A
Timer: 17                       0.00000000 N/A
Timer: 18                       0.00000000 N/A
Timer: 19                       0.00000000 N/A
Timer: 20                       0.00000000 N/A
Timer: 21                       0.00000000 N/A
Timer: 22                       0.00000000 N/A
Timer: 23                       0.00000000 N/A
Timer: 24                       0.00000000 N/A
Timer: 25                       0.00000000 N/A
Timer: 26                       0.00000000 N/A
Timer: 27                       0.00000000 N/A
Timer: 28                       0.00000000 N/A
Timer: 29                       0.00000000 N/A
Timer: 30                       0.00000000 N/A
Timer: 31                       0.00000000 N/A
Timer: 0                       1.12236194 read
Timer: 1                       2.97206141 mmSeeds+instantiateSeeds
Timer: 2                      32.02363922 searchAllSeeds
Timer: 3                      62.94217404 extendSeeds
Timer: 4                       0.03393388 searchAllSeeds
Timer: 5                       0.11548685 extendSeeds
Timer: 6                       1.87267817 searchAllSeeds
Timer: 7                       0.01756752 extendSeeds
Timer: 8                       6.42205468 finishReadOne
Timer: 9                       0.78235378 extendSeeds
Timer: 10                       0.01496507 finishReadOne
Timer: 11                       0.00000000 N/A
Timer: 12                       0.00000000 N/A
Timer: 13                       0.00000000 N/A
Timer: 14                       0.00000000 N/A
Timer: 15                       0.00000000 N/A
Timer: 16                       0.00000000 N/A
Timer: 17                       0.00000000 N/A
Timer: 18                       0.00000000 N/A
Timer: 19                       0.00000000 N/A
Timer: 20                       0.00000000 N/A
Timer: 21                       0.00000000 N/A
Timer: 22                       0.00000000 N/A
Timer: 23                       0.00000000 N/A
Timer: 24                       0.00000000 N/A
Timer: 25                       0.00000000 N/A
Timer: 26                       0.00000000 N/A
Timer: 27                       0.00000000 N/A
Timer: 28                       0.00000000 N/A
Timer: 29                       0.00000000 N/A
Timer: 30                       0.00000000 N/A
Timer: 31                       0.00000000 N/A
5773776 reads; of these:
  5773776 (100.00%) were unpaired; of these:
    5758925 (99.74%) aligned 0 times
    2996 (0.05%) aligned exactly 1 time
    11855 (0.21%) aligned >1 times
0.26% overall alignment rate
 149811 2993224 68531290

real	1m57.484s
user	28m14.077s
sys	1m19.427s
==============
#./bowtie2-omp-gcc -p 1024 --no-exact-upfront --no-1mm-upfront -x /scratch/qp-woltka/WoLr1/WoLr1 -q /qmounts/qiita_data/per_sample_FASTQ/101636//Girguis50_RightEG4_host_filtered.fastq.gz --seed 42 --very-sensitive -k 16 --np 1 --mp 1,1 --rdg 0,1 --rfg 0,1 --score-min  L,0,-0.05 --no-head --no-unal |wc
==== CPU 1 ==========
WARNING: No doExactUpFront not supported
WARNING: do1mmUpFront not supported
Timer: 0                      20.73727151 read
Timer: 1                       2.45857058 instantiateSeeds
Timer: 2                       0.39268026 searchAllSeedsPrepare
Timer: 3                      33.04535423 searchAllSeedsDo
Timer: 4                       2.80171314 searchAllSeedsFinalize
Timer: 5                      94.34699115 extendSeeds
Timer: 6                       9.76127565 finishReadOne
Timer: 7                       0.00000000 N/A
Timer: 8                       0.00000000 N/A
Timer: 9                       0.00000000 N/A
Timer: 10                       0.00000000 N/A
Timer: 11                       0.00000000 N/A
Timer: 12                       0.00000000 N/A
Timer: 13                       0.00000000 N/A
Timer: 14                       0.00000000 N/A
Timer: 15                       0.00000000 N/A
Timer: 16                       0.00000000 N/A
Timer: 17                       0.00000000 N/A
Timer: 18                       0.00000000 N/A
Timer: 19                       0.00000000 N/A
Timer: 20                       0.00000000 N/A
Timer: 21                       0.00000000 N/A
Timer: 22                       0.00000000 N/A
Timer: 23                       0.00000000 N/A
Timer: 24                       0.00000000 N/A
Timer: 25                       0.00000000 N/A
Timer: 26                       0.00000000 N/A
Timer: 27                       0.00000000 N/A
Timer: 28                       0.00000000 N/A
Timer: 29                       0.00000000 N/A
Timer: 30                       0.00000000 N/A
Timer: 31                       0.00000000 N/A
5773776 reads; of these:
  5773776 (100.00%) were unpaired; of these:
    5758925 (99.74%) aligned 0 times
    2996 (0.05%) aligned exactly 1 time
    11855 (0.21%) aligned >1 times
0.26% overall alignment rate
 149811 2993224 68531290

real	3m0.979s
user	40m42.771s
sys	1m52.378s
==== CPU 2 ==========
WARNING: No doExactUpFront not supported
WARNING: do1mmUpFront not supported
Timer: 0                      20.33780563 read
Timer: 1                       2.13392678 instantiateSeeds
Timer: 2                       0.27672963 searchAllSeedsPrepare
Timer: 3                      28.15395314 searchAllSeedsDo
Timer: 4                       2.77992854 searchAllSeedsFinalize
Timer: 5                      87.87194056 extendSeeds
Timer: 6                       9.25659411 finishReadOne
Timer: 7                       0.00000000 N/A
Timer: 8                       0.00000000 N/A
Timer: 9                       0.00000000 N/A
Timer: 10                       0.00000000 N/A
Timer: 11                       0.00000000 N/A
Timer: 12                       0.00000000 N/A
Timer: 13                       0.00000000 N/A
Timer: 14                       0.00000000 N/A
Timer: 15                       0.00000000 N/A
Timer: 16                       0.00000000 N/A
Timer: 17                       0.00000000 N/A
Timer: 18                       0.00000000 N/A
Timer: 19                       0.00000000 N/A
Timer: 20                       0.00000000 N/A
Timer: 21                       0.00000000 N/A
Timer: 22                       0.00000000 N/A
Timer: 23                       0.00000000 N/A
Timer: 24                       0.00000000 N/A
Timer: 25                       0.00000000 N/A
Timer: 26                       0.00000000 N/A
Timer: 27                       0.00000000 N/A
Timer: 28                       0.00000000 N/A
Timer: 29                       0.00000000 N/A
Timer: 30                       0.00000000 N/A
Timer: 31                       0.00000000 N/A
5773776 reads; of these:
  5773776 (100.00%) were unpaired; of these:
    5758925 (99.74%) aligned 0 times
    2996 (0.05%) aligned exactly 1 time
    11855 (0.21%) aligned >1 times
0.26% overall alignment rate
 149811 2993224 68531290

real	2m42.883s
user	38m14.075s
sys	1m18.852s
==============
#./bowtie2-omp-gcc-no2 -p 1024 --no-exact-upfront --no-1mm-upfront -x /scratch/qp-woltka/WoLr1/WoLr1 -q /qmounts/qiita_data/per_sample_FASTQ/101636//Girguis50_RightEG4_host_filtered.fastq.gz --seed 42 --very-sensitive -k 16 --np 1 --mp 1,1 --rdg 0,1 --rfg 0,1 --score-min  L,0,-0.05 --no-head --no-unal |wc
==== CPU 1 ==========
WARNING: No doExactUpFront not supported
WARNING: do1mmUpFront not supported
Timer: 0                      10.26747230 read
Timer: 1                       9.23552103 instantiateSeeds
Timer: 2                       3.91892621 searchAllSeedsPrepare
Timer: 3                      35.69833838 searchAllSeedsDo
Timer: 4                      10.04746981 finishReadOne
Timer: 5                       0.00000000 N/A
Timer: 6                       0.00000000 N/A
Timer: 7                       0.00000000 N/A
Timer: 8                       0.00000000 N/A
Timer: 9                       0.00000000 N/A
Timer: 10                       0.00000000 N/A
Timer: 11                       0.00000000 N/A
Timer: 12                       0.00000000 N/A
Timer: 13                       0.00000000 N/A
Timer: 14                       0.00000000 N/A
Timer: 15                       0.00000000 N/A
Timer: 16                       0.00000000 N/A
Timer: 17                       0.00000000 N/A
Timer: 18                       0.00000000 N/A
Timer: 19                       0.00000000 N/A
Timer: 20                       0.00000000 N/A
Timer: 21                       0.00000000 N/A
Timer: 22                       0.00000000 N/A
Timer: 23                       0.00000000 N/A
Timer: 24                       0.00000000 N/A
Timer: 25                       0.00000000 N/A
Timer: 26                       0.00000000 N/A
Timer: 27                       0.00000000 N/A
Timer: 28                       0.00000000 N/A
Timer: 29                       0.00000000 N/A
Timer: 30                       0.00000000 N/A
Timer: 31                       0.00000000 N/A
5773776 reads; of these:
  5773776 (100.00%) were unpaired; of these:
    5773776 (100.00%) aligned 0 times
    0 (0.00%) aligned exactly 1 time
    0 (0.00%) aligned >1 times
0.00% overall alignment rate
      0       0       0

real	1m23.985s
user	15m59.453s
sys	2m14.836s
==== CPU 2 ==========
WARNING: No doExactUpFront not supported
WARNING: do1mmUpFront not supported
Timer: 0                      10.27927853 read
Timer: 1                       9.09326301 instantiateSeeds
Timer: 2                       3.76078718 searchAllSeedsPrepare
Timer: 3                      30.54967652 searchAllSeedsDo
Timer: 4                      10.45659691 finishReadOne
Timer: 5                       0.00000000 N/A
Timer: 6                       0.00000000 N/A
Timer: 7                       0.00000000 N/A
Timer: 8                       0.00000000 N/A
Timer: 9                       0.00000000 N/A
Timer: 10                       0.00000000 N/A
Timer: 11                       0.00000000 N/A
Timer: 12                       0.00000000 N/A
Timer: 13                       0.00000000 N/A
Timer: 14                       0.00000000 N/A
Timer: 15                       0.00000000 N/A
Timer: 16                       0.00000000 N/A
Timer: 17                       0.00000000 N/A
Timer: 18                       0.00000000 N/A
Timer: 19                       0.00000000 N/A
Timer: 20                       0.00000000 N/A
Timer: 21                       0.00000000 N/A
Timer: 22                       0.00000000 N/A
Timer: 23                       0.00000000 N/A
Timer: 24                       0.00000000 N/A
Timer: 25                       0.00000000 N/A
Timer: 26                       0.00000000 N/A
Timer: 27                       0.00000000 N/A
Timer: 28                       0.00000000 N/A
Timer: 29                       0.00000000 N/A
Timer: 30                       0.00000000 N/A
Timer: 31                       0.00000000 N/A
5773776 reads; of these:
  5773776 (100.00%) were unpaired; of these:
    5773776 (100.00%) aligned 0 times
    0 (0.00%) aligned exactly 1 time
    0 (0.00%) aligned >1 times
0.00% overall alignment rate
      0       0       0

real	1m13.457s
user	14m43.448s
sys	2m8.023s
==============
==============
==============
#./bowtie2-omp -p 1024 --no-exact-upfront --no-1mm-upfront -x /scratch/qp-woltka/WoLr1/WoLr1 -q /qmounts/qiita_data/per_sample_FASTQ/101636//Girguis50_RightEG4_host_filtered.fastq.gz --seed 42 --very-sensitive -k 16 --np 1 --mp 1,1 --rdg 0,1 --rfg 0,1 --score-min  L,0,-0.05 --no-head --no-unal |wc
==== CPU 1 ==========
WARNING: No doExactUpFront not supported
WARNING: do1mmUpFront not supported
Timer: 0                      21.04121250 read
Timer: 1                       1.40168505 instantiateSeeds
Timer: 2                       0.15680100 searchAllSeedsPrepare
Timer: 3                      21.15907590 searchAllSeedsDo
Timer: 4                       3.44716152 searchAllSeedsFinalize
Timer: 5                      92.65735867 extendSeeds
Timer: 6                       8.45648562 finishReadOne
Timer: 7                       0.00000000 N/A
Timer: 8                       0.00000000 N/A
Timer: 9                       0.00000000 N/A
Timer: 10                       0.00000000 N/A
Timer: 11                       0.00000000 N/A
Timer: 12                       0.00000000 N/A
Timer: 13                       0.00000000 N/A
Timer: 14                       0.00000000 N/A
Timer: 15                       0.00000000 N/A
Timer: 16                       0.00000000 N/A
Timer: 17                       0.00000000 N/A
Timer: 18                       0.00000000 N/A
Timer: 19                       0.00000000 N/A
Timer: 20                       0.00000000 N/A
Timer: 21                       0.00000000 N/A
Timer: 22                       0.00000000 N/A
Timer: 23                       0.00000000 N/A
Timer: 24                       0.00000000 N/A
Timer: 25                       0.00000000 N/A
Timer: 26                       0.00000000 N/A
Timer: 27                       0.00000000 N/A
Timer: 28                       0.00000000 N/A
Timer: 29                       0.00000000 N/A
Timer: 30                       0.00000000 N/A
Timer: 31                       0.00000000 N/A
5773776 reads; of these:
  5773776 (100.00%) were unpaired; of these:
    5758925 (99.74%) aligned 0 times
    2996 (0.05%) aligned exactly 1 time
    11855 (0.21%) aligned >1 times
0.26% overall alignment rate
 149811 2993224 68531290

real	2m45.863s
user	35m2.369s
sys	3m45.948s
==== CPU 2 ==========
WARNING: No doExactUpFront not supported
WARNING: do1mmUpFront not supported
Timer: 0                      20.97400586 read
Timer: 1                       1.40621368 instantiateSeeds
Timer: 2                       0.16814898 searchAllSeedsPrepare
Timer: 3                      16.44866902 searchAllSeedsDo
Timer: 4                       3.32250205 searchAllSeedsFinalize
Timer: 5                      88.52410286 extendSeeds
Timer: 6                       9.90169801 finishReadOne
Timer: 7                       0.00000000 N/A
Timer: 8                       0.00000000 N/A
Timer: 9                       0.00000000 N/A
Timer: 10                       0.00000000 N/A
Timer: 11                       0.00000000 N/A
Timer: 12                       0.00000000 N/A
Timer: 13                       0.00000000 N/A
Timer: 14                       0.00000000 N/A
Timer: 15                       0.00000000 N/A
Timer: 16                       0.00000000 N/A
Timer: 17                       0.00000000 N/A
Timer: 18                       0.00000000 N/A
Timer: 19                       0.00000000 N/A
Timer: 20                       0.00000000 N/A
Timer: 21                       0.00000000 N/A
Timer: 22                       0.00000000 N/A
Timer: 23                       0.00000000 N/A
Timer: 24                       0.00000000 N/A
Timer: 25                       0.00000000 N/A
Timer: 26                       0.00000000 N/A
Timer: 27                       0.00000000 N/A
Timer: 28                       0.00000000 N/A
Timer: 29                       0.00000000 N/A
Timer: 30                       0.00000000 N/A
Timer: 31                       0.00000000 N/A
5773776 reads; of these:
  5773776 (100.00%) were unpaired; of these:
    5758925 (99.74%) aligned 0 times
    2996 (0.05%) aligned exactly 1 time
    11855 (0.21%) aligned >1 times
0.26% overall alignment rate
 149811 2993224 68531290

real	2m33.208s
user	33m13.138s
sys	3m22.876s
==============
#./bowtie2-omp-no2 -p 1024 --no-exact-upfront --no-1mm-upfront -x /scratch/qp-woltka/WoLr1/WoLr1 -q /qmounts/qiita_data/per_sample_FASTQ/101636//Girguis50_RightEG4_host_filtered.fastq.gz --seed 42 --very-sensitive -k 16 --np 1 --mp 1,1 --rdg 0,1 --rfg 0,1 --score-min  L,0,-0.05 --no-head --no-unal |wc
==== CPU 1 ==========
WARNING: No doExactUpFront not supported
WARNING: do1mmUpFront not supported
Timer: 0                      13.84260909 read
Timer: 1                       3.46164964 instantiateSeeds
Timer: 2                       0.23005632 searchAllSeedsPrepare
Timer: 3                      22.05298837 searchAllSeedsDo
Timer: 4                      12.82225070 finishReadOne
Timer: 5                       0.00000000 N/A
Timer: 6                       0.00000000 N/A
Timer: 7                       0.00000000 N/A
Timer: 8                       0.00000000 N/A
Timer: 9                       0.00000000 N/A
Timer: 10                       0.00000000 N/A
Timer: 11                       0.00000000 N/A
Timer: 12                       0.00000000 N/A
Timer: 13                       0.00000000 N/A
Timer: 14                       0.00000000 N/A
Timer: 15                       0.00000000 N/A
Timer: 16                       0.00000000 N/A
Timer: 17                       0.00000000 N/A
Timer: 18                       0.00000000 N/A
Timer: 19                       0.00000000 N/A
Timer: 20                       0.00000000 N/A
Timer: 21                       0.00000000 N/A
Timer: 22                       0.00000000 N/A
Timer: 23                       0.00000000 N/A
Timer: 24                       0.00000000 N/A
Timer: 25                       0.00000000 N/A
Timer: 26                       0.00000000 N/A
Timer: 27                       0.00000000 N/A
Timer: 28                       0.00000000 N/A
Timer: 29                       0.00000000 N/A
Timer: 30                       0.00000000 N/A
Timer: 31                       0.00000000 N/A
5773776 reads; of these:
  5773776 (100.00%) were unpaired; of these:
    5773776 (100.00%) aligned 0 times
    0 (0.00%) aligned exactly 1 time
    0 (0.00%) aligned >1 times
0.00% overall alignment rate
      0       0       0

real	1m6.776s
user	10m44.615s
sys	3m10.916s
==== CPU 2 ==========
WARNING: No doExactUpFront not supported
WARNING: do1mmUpFront not supported
Timer: 0                      14.78788938 read
Timer: 1                       3.10948850 instantiateSeeds
Timer: 2                       0.23900435 searchAllSeedsPrepare
Timer: 3                      18.28326071 searchAllSeedsDo
Timer: 4                      13.39285073 finishReadOne
Timer: 5                       0.00000000 N/A
Timer: 6                       0.00000000 N/A
Timer: 7                       0.00000000 N/A
Timer: 8                       0.00000000 N/A
Timer: 9                       0.00000000 N/A
Timer: 10                       0.00000000 N/A
Timer: 11                       0.00000000 N/A
Timer: 12                       0.00000000 N/A
Timer: 13                       0.00000000 N/A
Timer: 14                       0.00000000 N/A
Timer: 15                       0.00000000 N/A
Timer: 16                       0.00000000 N/A
Timer: 17                       0.00000000 N/A
Timer: 18                       0.00000000 N/A
Timer: 19                       0.00000000 N/A
Timer: 20                       0.00000000 N/A
Timer: 21                       0.00000000 N/A
Timer: 22                       0.00000000 N/A
Timer: 23                       0.00000000 N/A
Timer: 24                       0.00000000 N/A
Timer: 25                       0.00000000 N/A
Timer: 26                       0.00000000 N/A
Timer: 27                       0.00000000 N/A
Timer: 28                       0.00000000 N/A
Timer: 29                       0.00000000 N/A
Timer: 30                       0.00000000 N/A
Timer: 31                       0.00000000 N/A
5773776 reads; of these:
  5773776 (100.00%) were unpaired; of these:
    5773776 (100.00%) aligned 0 times
    0 (0.00%) aligned exactly 1 time
    0 (0.00%) aligned >1 times
0.00% overall alignment rate
      0       0       0

real	0m59.219s
user	9m51.800s
sys	3m18.945s
==============
#./bowtie2-omp-gpu-no2 -p 4094 --no-exact-upfront --no-1mm-upfront -x /scratch/qp-woltka/WoLr1/WoLr1 -q /qmounts/qiita_data/per_sample_FASTQ/101636//Girguis50_RightEG4_host_filtered.fastq.gz --seed 42 --very-sensitive -k 16 --np 1 --mp 1,1 --rdg 0,1 --rfg 0,1 --score-min  L,0,-0.05 --no-head --no-unal |wc
==== CPU 1 GPU 1 ==========
WARNING: No doExactUpFront not supported
WARNING: do1mmUpFront not supported
Timer: 0                      11.74413308 read
Timer: 1                       3.77209548 instantiateSeeds
Timer: 2                       1.71918007 searchAllSeedsPrepare
Timer: 3                       5.52452993 searchAllSeedsDo
Timer: 4                       7.25632154 finishReadOne
Timer: 5                       0.00000000 N/A
Timer: 6                       0.00000000 N/A
Timer: 7                       0.00000000 N/A
Timer: 8                       0.00000000 N/A
Timer: 9                       0.00000000 N/A
Timer: 10                       0.00000000 N/A
Timer: 11                       0.00000000 N/A
Timer: 12                       0.00000000 N/A
Timer: 13                       0.00000000 N/A
Timer: 14                       0.00000000 N/A
Timer: 15                       0.00000000 N/A
Timer: 16                       0.00000000 N/A
Timer: 17                       0.00000000 N/A
Timer: 18                       0.00000000 N/A
Timer: 19                       0.00000000 N/A
Timer: 20                       0.00000000 N/A
Timer: 21                       0.00000000 N/A
Timer: 22                       0.00000000 N/A
Timer: 23                       0.00000000 N/A
Timer: 24                       0.00000000 N/A
Timer: 25                       0.00000000 N/A
Timer: 26                       0.00000000 N/A
Timer: 27                       0.00000000 N/A
Timer: 28                       0.00000000 N/A
Timer: 29                       0.00000000 N/A
Timer: 30                       0.00000000 N/A
Timer: 31                       0.00000000 N/A
5773776 reads; of these:
  5773776 (100.00%) were unpaired; of these:
    5773776 (100.00%) aligned 0 times
    0 (0.00%) aligned exactly 1 time
    0 (0.00%) aligned >1 times
0.00% overall alignment rate
      0       0       0

real	0m57.927s
user	5m5.836s
sys	2m32.729s
==== CPU 2 GPU 1 ==========
WARNING: No doExactUpFront not supported
WARNING: do1mmUpFront not supported
Timer: 0                      11.60475056 read
Timer: 1                       3.62949775 instantiateSeeds
Timer: 2                       1.81855797 searchAllSeedsPrepare
Timer: 3                       6.23711075 searchAllSeedsDo
Timer: 4                       7.28600378 finishReadOne
Timer: 5                       0.00000000 N/A
Timer: 6                       0.00000000 N/A
Timer: 7                       0.00000000 N/A
Timer: 8                       0.00000000 N/A
Timer: 9                       0.00000000 N/A
Timer: 10                       0.00000000 N/A
Timer: 11                       0.00000000 N/A
Timer: 12                       0.00000000 N/A
Timer: 13                       0.00000000 N/A
Timer: 14                       0.00000000 N/A
Timer: 15                       0.00000000 N/A
Timer: 16                       0.00000000 N/A
Timer: 17                       0.00000000 N/A
Timer: 18                       0.00000000 N/A
Timer: 19                       0.00000000 N/A
Timer: 20                       0.00000000 N/A
Timer: 21                       0.00000000 N/A
Timer: 22                       0.00000000 N/A
Timer: 23                       0.00000000 N/A
Timer: 24                       0.00000000 N/A
Timer: 25                       0.00000000 N/A
Timer: 26                       0.00000000 N/A
Timer: 27                       0.00000000 N/A
Timer: 28                       0.00000000 N/A
Timer: 29                       0.00000000 N/A
Timer: 30                       0.00000000 N/A
Timer: 31                       0.00000000 N/A
5773776 reads; of these:
  5773776 (100.00%) were unpaired; of these:
    5773776 (100.00%) aligned 0 times
    0 (0.00%) aligned exactly 1 time
    0 (0.00%) aligned >1 times
0.00% overall alignment rate
      0       0       0

real	0m58.566s
user	5m9.900s
sys	2m37.105s
==============
