b2-022
Architecture:          x86_64
CPU op-mode(s):        32-bit, 64-bit
Byte Order:            Little Endian
CPU(s):                32
On-line CPU(s) list:   0-31
Thread(s) per core:    1
Core(s) per socket:    16
Socket(s):             2
NUMA node(s):          2
Vendor ID:             AuthenticAMD
CPU family:            23
Model:                 49
Model name:            AMD EPYC 7302 16-Core Processor
Stepping:              0
CPU MHz:               1500.000
CPU max MHz:           3000.0000
CPU min MHz:           1500.0000
BogoMIPS:              5999.84
Virtualization:        AMD-V
L1d cache:             32K
L1i cache:             32K
L2 cache:              512K
L3 cache:              16384K
NUMA node0 CPU(s):     0-15
NUMA node1 CPU(s):     16-31
Flags:                 fpu vme de pse tsc msr pae mce cx8 apic sep mtrr pge mca cmov pat pse36 clflush mmx fxsr sse sse2 ht syscall nx mmxext fxsr_opt pdpe1gb rdtscp lm constant_tsc art rep_good nopl nonstop_tsc extd_apicid aperfmperf eagerfpu pni pclmulqdq monitor ssse3 fma cx16 sse4_1 sse4_2 movbe popcnt aes xsave avx f16c rdrand lahf_lm cmp_legacy svm extapic cr8_legacy abm sse4a misalignsse 3dnowprefetch osvw ibs skinit wdt tce topoext perfctr_core perfctr_nb bpext perfctr_l2 cpb cat_l3 cdp_l3 hw_pstate sme retpoline_amd ssbd ibrs ibpb stibp vmmcall fsgsbase bmi1 avx2 smep bmi2 cqm rdt_a rdseed adx smap clflushopt clwb sha_ni xsaveopt xsavec xgetbv1 cqm_llc cqm_occup_llc cqm_mbm_total cqm_mbm_local clzero irperf xsaveerptr arat npt lbrv svm_lock nrip_save tsc_scale vmcb_clean flushbyasid decodeassists pausefilter pfthreshold avic v_vmsave_vmload vgif umip overflow_recov succor smca
==============
166eb8051303a2c4dc8d09f661ed0999  /scratch/qp-woltka/WoLr1/WoLr1.1.bt2l
2f00504b58aa988c42a48752bfe0b245  /scratch/qp-woltka/WoLr1/WoLr1.2.bt2l
45d7306f84c3f3193dc0ff743127236f  /scratch/qp-woltka/WoLr1/WoLr1.3.bt2l
28bdfe07cea0d4db067d296b46d5b6c7  /scratch/qp-woltka/WoLr1/WoLr1.4.bt2l
0fe78a762a8d08a065123715fa2743cd  /scratch/qp-woltka/WoLr1/WoLr1.coords
b1d5b8c97af1c057283d658d6f10a445  /scratch/qp-woltka/WoLr1/WoLr1.rev.1.bt2l
2863ae07aba42d68d80cd904e8bf1a3d  /scratch/qp-woltka/WoLr1/WoLr1.rev.2.bt2l
7ce4b379d026b8ca6c7010d879e0c48e  /scratch/qp-woltka/WoLr1/WoLr1.shear
e6903d664524c117c1876c6822a73403  /scratch/qp-woltka/WoLr1/WoLr1.tax
93bec2316b6ccd8f3dff56d3234105e5  /qmounts/qiita_data/per_sample_FASTQ/101636//Mousseau88_FIN_373_host_filtered.fastq.gz
==============
==============
==============
#./bowtie2-new -p 16 --no-exact-upfront --no-1mm-upfront -x /scratch/qp-woltka/WoLr1/WoLr1 -q /qmounts/qiita_data/per_sample_FASTQ/101636//Mousseau88_FIN_373_host_filtered.fastq.gz --seed 42 --very-sensitive -k 16 --np 1 --mp 1,1 --rdg 0,1 --rfg 0,1 --score-min  L,0,-0.05 --no-head --no-unal |wc
==== CPU 1 ==========
Timer: 0                       1.23810747 read
Timer: 1                       3.16606649 mmSeeds+instantiateSeeds
Timer: 2                      33.21962492 searchAllSeeds
Timer: 3                      55.81765573 extendSeeds
Timer: 4                       0.03543137 searchAllSeeds
Timer: 5                       0.11368902 extendSeeds
Timer: 6                       1.91921710 searchAllSeeds
Timer: 0                       1.17795630 read
Timer: 1                       3.23599151 mmSeeds+instantiateSeeds
Timer: 2                      33.31298206 searchAllSeeds
Timer: 3                      55.89146162 extendSeeds
Timer: 4                       0.04936250 searchAllSeeds
Timer: 5                       0.12476933 extendSeeds
Timer: 6                       1.84166393 searchAllSeeds
Timer: 7                       0.01796997 extendSeeds
Timer: 8                      11.70949826 finishReadOne
Timer: 9                       0.79648382 extendSeeds
Timer: 10                       0.02154631 finishReadOne
Timer: 7                       0.01765183 extendSeeds
Timer: 8                      12.03247890 finishReadOne
Timer: 9                       0.72476838 extendSeeds
Timer: 10                       0.02015691 finishReadOne
Timer: 11                       0.00000000 N/A
Timer: 12                       0.00000000 N/A
Timer: 13                       0.00000000 N/A
Timer: 14                       0.00000000 N/A
Timer: 15                       0.00000000 N/A
Timer: 16                       0.00000000 N/A
Timer: 17                       0.00000000 N/A
Timer: 18                       0.00000000 N/A
Timer: 19                       0.00000000 N/A
Timer: 20                       0.00000000 N/A
Timer: 21                       0.00000000 N/A
Timer: 22                       0.00000000 N/A
Timer: 23                       0.00000000 N/A
Timer: 24                       0.00000000 N/A
Timer: 25                       0.00000000 N/A
Timer: 26                       0.00000000 N/A
Timer: 27                       0.00000000 N/A
Timer: 28                       0.00000000 N/A
Timer: 29                       0.00000000 N/A
Timer: 30                       0.00000000 N/A
Timer: 31                       0.00000000 N/A
Timer: 0                       1.24423212 read
Timer: 1                       3.04916775 mmSeeds+instantiateSeeds
Timer: 2                      33.03878619 searchAllSeeds
Timer: 3                      56.29871030 extendSeeds
Timer: 4                       0.05797814 searchAllSeeds
Timer: 5                       0.11304334 extendSeeds
Timer: 6                       1.76773741 searchAllSeeds
Timer: 7                       0.01782618 extendSeeds
Timer: 8                      11.67148043 finishReadOne
Timer: 9                       0.71129848 finishReadOne
Timer: 10                       0.01388904 finishReadOne
Timer: 11                       0.00000000 N/A
Timer: 12                       0.00000000 N/A
Timer: 13                       0.00000000 N/A
Timer: 14                       0.00000000 N/A
Timer: 15                       0.00000000 N/A
Timer: 16                       0.00000000 N/A
Timer: 17                       0.00000000 N/A
Timer: 18                       0.00000000 N/A
Timer: 19                       0.00000000 N/A
Timer: 20                       0.00000000 N/A
Timer: 21                       0.00000000 N/A
Timer: 22                       0.00000000 N/A
Timer: 23                       0.00000000 N/A
Timer: 24                       0.00000000 N/A
Timer: 25                       0.00000000 N/A
Timer: 26                       0.00000000 N/A
Timer: 27                       0.00000000 N/A
Timer: 28                       0.00000000 N/A
Timer: 29                       0.00000000 N/A
Timer: 30                       0.00000000 N/A
Timer: 31                       0.00000000 N/A
Timer: 0                       1.24631419 read
Timer: 1                       3.11567676 mmSeeds+instantiateSeeds
Timer: 2                      33.45755082 searchAllSeeds
Timer: 3                      56.07109247 extendSeeds
Timer: 4                       0.03752944 searchAllSeeds
Timer: 5                       0.11354420 extendSeeds
Timer: 6                       1.73066410 searchAllSeeds
Timer: 7                       0.01851461 extendSeeds
Timer: 8                      11.56978175 finishReadOne
Timer: 9                       0.68156495 finishReadOne
Timer: 10                       0.01801280 finishReadOne
Timer: 11                       0.00000000 N/A
Timer: 12                       0.00000000 N/A
Timer: 13                       0.00000000 N/A
Timer: 14                       0.00000000 N/A
Timer: 15                       0.00000000 N/A
Timer: 16                       0.00000000 N/A
Timer: 17                       0.00000000 N/A
Timer: 18                       0.00000000 N/A
Timer: 19                       0.00000000 N/A
Timer: 20                       0.00000000 N/A
Timer: 21                       0.00000000 N/A
Timer: 22                       0.00000000 N/A
Timer: 23                       0.00000000 N/A
Timer: 24                       0.00000000 N/A
Timer: 25                       0.00000000 N/A
Timer: 26                       0.00000000 N/A
Timer: 27                       0.00000000 N/A
Timer: 28                       0.00000000 N/A
Timer: 29                       0.00000000 N/A
Timer: 30                       0.00000000 N/A
Timer: 0                       1.19093128 read
Timer: 1                       3.25025364 mmSeeds+instantiateSeeds
Timer: 2                      33.07676398 searchAllSeeds
Timer: 11                       0.00000000 N/A
Timer: 12                       0.00000000 N/A
Timer: 13                       0.00000000 N/A
Timer: 14                       0.00000000 N/A
Timer: 15                       0.00000000 N/A
Timer: 16                       0.00000000 N/A
Timer: 17                       0.00000000 N/A
Timer: 18                       0.00000000 N/A
Timer: 19                       0.00000000 N/A
Timer: 20                       0.00000000 N/A
Timer: 21                       0.00000000 N/A
Timer: 22                       0.00000000 N/A
Timer: 23                       0.00000000 N/A
Timer: 24                       0.00000000 N/A
Timer: 31                       0.00000000 N/A
Timer: 25                       0.00000000 N/A
Timer: 26                       0.00000000 N/A
Timer: 27                       0.00000000 N/A
Timer: 28                       0.00000000 N/A
Timer: 29                       0.00000000 N/A
Timer: 30                       0.00000000 N/A
Timer: 31                       0.00000000 N/A
Timer: 3                      56.04277404 extendSeeds
Timer: 4                       0.03741756 searchAllSeeds
Timer: 5                       0.12391570 extendSeeds
Timer: 6                       1.83883603 searchAllSeeds
Timer: 7                       0.01815101 extendSeeds
Timer: 8                      11.86610270 finishReadOne
Timer: 0                       1.21159811 read
Timer: 1                       3.13321688 mmSeeds+instantiateSeeds
Timer: 2                      33.11986439 searchAllSeeds
Timer: 3                      55.99731808 extendSeeds
Timer: 4                       0.03536594 searchAllSeeds
Timer: 5                       0.11554514 extendSeeds
Timer: 6                       1.82712436 searchAllSeeds
Timer: 7                       0.01778955 extendSeeds
Timer: 8                      11.99725012 finishReadOne
Timer: 9                       0.74302701 finishReadOne
Timer: 10                       0.01226262 finishReadOne
Timer: 11                       0.00000000 N/A
Timer: 12                       0.00000000 N/A
Timer: 13                       0.00000000 N/A
Timer: 14                       0.00000000 N/A
Timer: 15                       0.00000000 N/A
Timer: 9                       0.70953418 extendSeeds
Timer: 10                       0.02652092 finishReadOne
Timer: 11                       0.00000000 N/A
Timer: 12                       0.00000000 N/A
Timer: 13                       0.00000000 N/A
Timer: 16                       0.00000000 N/A
Timer: 17                       0.00000000 N/A
Timer: 18                       0.00000000 N/A
Timer: 19                       0.00000000 N/A
Timer: 20                       0.00000000 N/A
Timer: 14                       0.00000000 N/A
Timer: 15                       0.00000000 N/A
Timer: 16                       0.00000000 N/A
Timer: 17                       0.00000000 N/A
Timer: 18                       0.00000000 N/A
Timer: 21                       0.00000000 N/A
Timer: 22                       0.00000000 N/A
Timer: 23                       0.00000000 N/A
Timer: 24                       0.00000000 N/A
Timer: 25                       0.00000000 N/A
Timer: 19                       0.00000000 N/A
Timer: 20                       0.00000000 N/A
Timer: 21                       0.00000000 N/A
Timer: 22                       0.00000000 N/A
Timer: 23                       0.00000000 N/A
Timer: 26                       0.00000000 N/A
Timer: 27                       0.00000000 N/A
Timer: 28                       0.00000000 N/A
Timer: 29                       0.00000000 N/A
Timer: 30                       0.00000000 N/A
Timer: 24                       0.00000000 N/A
Timer: 25                       0.00000000 N/A
Timer: 26                       0.00000000 N/A
Timer: 27                       0.00000000 N/A
Timer: 28                       0.00000000 N/A
Timer: 31                       0.00000000 N/A
Timer: 29                       0.00000000 N/A
Timer: 30                       0.00000000 N/A
Timer: 31                       0.00000000 N/A
Timer: 0                       1.22001062 read
Timer: 1                       3.15562981 mmSeeds+instantiateSeeds
Timer: 2                      33.20765916 searchAllSeeds
Timer: 3                      55.96799767 extendSeeds
Timer: 4                       0.03528068 searchAllSeeds
Timer: 5                       0.11473266 extendSeeds
Timer: 6                       1.83125042 searchAllSeeds
Timer: 0                       1.26738359 read
Timer: 1                       3.14573014 mmSeeds+instantiateSeeds
Timer: 2                      33.27337714 searchAllSeeds
Timer: 3                      56.43773151 extendSeeds
Timer: 4                       0.03786332 searchAllSeeds
Timer: 5                       0.11882884 extendSeeds
Timer: 6                       1.70832466 searchAllSeeds
Timer: 7                       0.01878178 extendSeeds
Timer: 8                      11.54991177 finishReadOne
Timer: 7                       0.03758644 extendSeeds
Timer: 8                      11.85819951 finishReadOne
Timer: 9                       0.69172951 extendSeeds
Timer: 10                       0.01505417 finishReadOne
Timer: 11                       0.00000000 N/A
Timer: 12                       0.00000000 N/A
Timer: 13                       0.00000000 N/A
Timer: 14                       0.00000000 N/A
Timer: 15                       0.00000000 N/A
Timer: 16                       0.00000000 N/A
Timer: 17                       0.00000000 N/A
Timer: 18                       0.00000000 N/A
Timer: 19                       0.00000000 N/A
Timer: 20                       0.00000000 N/A
Timer: 21                       0.00000000 N/A
Timer: 22                       0.00000000 N/A
Timer: 9                       0.73033739 extendSeeds
Timer: 10                       0.00546138 finishReadOne
Timer: 11                       0.00000000 N/A
Timer: 12                       0.00000000 N/A
Timer: 13                       0.00000000 N/A
Timer: 23                       0.00000000 N/A
Timer: 24                       0.00000000 N/A
Timer: 25                       0.00000000 N/A
Timer: 26                       0.00000000 N/A
Timer: 27                       0.00000000 N/A
Timer: 28                       0.00000000 N/A
Timer: 29                       0.00000000 N/A
Timer: 30                       0.00000000 N/A
Timer: 31                       0.00000000 N/A
Timer: 14                       0.00000000 N/A
Timer: 15                       0.00000000 N/A
Timer: 16                       0.00000000 N/A
Timer: 17                       0.00000000 N/A
Timer: 18                       0.00000000 N/A
Timer: 19                       0.00000000 N/A
Timer: 20                       0.00000000 N/A
Timer: 21                       0.00000000 N/A
Timer: 22                       0.00000000 N/A
Timer: 23                       0.00000000 N/A
Timer: 24                       0.00000000 N/A
Timer: 25                       0.00000000 N/A
Timer: 26                       0.00000000 N/A
Timer: 27                       0.00000000 N/A
Timer: 28                       0.00000000 N/A
Timer: 29                       0.00000000 N/A
Timer: 30                       0.00000000 N/A
Timer: 31                       0.00000000 N/A
Timer: 0                       1.27341852 read
Timer: 1                       3.09184799 mmSeeds+instantiateSeeds
Timer: 2                      33.38962302 searchAllSeeds
Timer: 3                      56.07984549 extendSeeds
Timer: 4                       0.05677461 searchAllSeeds
Timer: 5                       0.13179758 extendSeeds
Timer: 6                       1.72453207 searchAllSeeds
Timer: 7                       0.01797863 extendSeeds
Timer: 8                      11.68249397 finishReadOne
Timer: 9                       0.67249591 finishReadOne
Timer: 10                       0.03897751 finishReadOne
Timer: 11                       0.00000000 N/A
Timer: 12                       0.00000000 N/A
Timer: 13                       0.00000000 N/A
Timer: 14                       0.00000000 N/A
Timer: 15                       0.00000000 N/A
Timer: 16                       0.00000000 N/A
Timer: 17                       0.00000000 N/A
Timer: 18                       0.00000000 N/A
Timer: 19                       0.00000000 N/A
Timer: 20                       0.00000000 N/A
Timer: 21                       0.00000000 N/A
Timer: 22                       0.00000000 N/A
Timer: 23                       0.00000000 N/A
Timer: 24                       0.00000000 N/A
Timer: 25                       0.00000000 N/A
Timer: 26                       0.00000000 N/A
Timer: 27                       0.00000000 N/A
Timer: 28                       0.00000000 N/A
Timer: 29                       0.00000000 N/A
Timer: 30                       0.00000000 N/A
Timer: 31                       0.00000000 N/A
Timer: 0                       1.25722681 read
Timer: 1                       3.19540554 mmSeeds+instantiateSeeds
Timer: 2                      33.70070242 searchAllSeeds
Timer: 3                      56.26466942 extendSeeds
Timer: 4                       0.03921011 searchAllSeeds
Timer: 5                       0.11400370 extendSeeds
Timer: 6                       1.70812618 searchAllSeeds
Timer: 7                       0.01898153 extendSeeds
Timer: 8                      11.38139688 finishReadOne
Timer: 9                       0.67259924 extendSeeds
Timer: 10                       0.02385769 finishReadOne
Timer: 11                       0.00000000 N/A
Timer: 12                       0.00000000 N/A
Timer: 13                       0.00000000 N/A
Timer: 14                       0.00000000 N/A
Timer: 15                       0.00000000 N/A
Timer: 16                       0.00000000 N/A
Timer: 17                       0.00000000 N/A
Timer: 18                       0.00000000 N/A
Timer: 19                       0.00000000 N/A
Timer: 20                       0.00000000 N/A
Timer: 21                       0.00000000 N/A
Timer: 22                       0.00000000 N/A
Timer: 23                       0.00000000 N/A
Timer: 24                       0.00000000 N/A
Timer: 25                       0.00000000 N/A
Timer: 26                       0.00000000 N/A
Timer: 27                       0.00000000 N/A
Timer: 28                       0.00000000 N/A
Timer: 29                       0.00000000 N/A
Timer: 30                       0.00000000 N/A
Timer: 31                       0.00000000 N/A
Timer: 0                       1.32152792 read
Timer: 1                       3.15715462 mmSeeds+instantiateSeeds
Timer: 2                      33.18687560 searchAllSeeds
Timer: 3                      55.88914456 extendSeeds
Timer: 4                       0.03433176 searchAllSeeds
Timer: 5                       0.10544234 extendSeeds
Timer: 6                       1.63203146 searchAllSeeds
Timer: 7                       0.01677717 extendSeeds
Timer: 8                      12.06630416 finishReadOne
Timer: 9                       0.66391554 extendSeeds
Timer: 10                       0.01713745 finishReadOne
Timer: 11                       0.00000000 N/A
Timer: 12                       0.00000000 N/A
Timer: 13                       0.00000000 N/A
Timer: 14                       0.00000000 N/A
Timer: 15                       0.00000000 N/A
Timer: 16                       0.00000000 N/A
Timer: 17                       0.00000000 N/A
Timer: 18                       0.00000000 N/A
Timer: 19                       0.00000000 N/A
Timer: 20                       0.00000000 N/A
Timer: 21                       0.00000000 N/A
Timer: 22                       0.00000000 N/A
Timer: 23                       0.00000000 N/A
Timer: 24                       0.00000000 N/A
Timer: 25                       0.00000000 N/A
Timer: 26                       0.00000000 N/A
Timer: 27                       0.00000000 N/A
Timer: 28                       0.00000000 N/A
Timer: 29                       0.00000000 N/A
Timer: 30                       0.00000000 N/A
Timer: 31                       0.00000000 N/A
Timer: 0                       1.23270362 read
Timer: 1                       3.17971444 mmSeeds+instantiateSeeds
Timer: 2                      33.36394218 searchAllSeeds
Timer: 3                      56.00094478 extendSeeds
Timer: 0                       1.21121008 read
Timer: 1                       3.14072814 mmSeeds+instantiateSeeds
Timer: 2                      33.35840410 searchAllSeeds
Timer: 3                      56.27406922 extendSeeds
Timer: 4                       0.03696424 searchAllSeeds
Timer: 5                       0.12462030 extendSeeds
Timer: 6                       1.78196222 searchAllSeeds
Timer: 7                       0.03822975 extendSeeds
Timer: 8                      11.56644320 finishReadOne
Timer: 9                       0.72425731 extendSeeds
Timer: 10                       0.04489845 finishReadOne
Timer: 4                       0.03661057 searchAllSeeds
Timer: 5                       0.10918172 extendSeeds
Timer: 6                       1.69787239 searchAllSeeds
Timer: 7                       0.03787056 extendSeeds
Timer: 11                       0.00000000 N/A
Timer: 12                       0.00000000 N/A
Timer: 13                       0.00000000 N/A
Timer: 14                       0.00000000 N/A
Timer: 15                       0.00000000 N/A
Timer: 16                       0.00000000 N/A
Timer: 17                       0.00000000 N/A
Timer: 18                       0.00000000 N/A
Timer: 19                       0.00000000 N/A
Timer: 20                       0.00000000 N/A
Timer: 21                       0.00000000 N/A
Timer: 22                       0.00000000 N/A
Timer: 23                       0.00000000 N/A
Timer: 24                       0.00000000 N/A
Timer: 25                       0.00000000 N/A
Timer: 26                       0.00000000 N/A
Timer: 8                      11.83586908 finishReadOne
Timer: 9                       0.68201580 finishReadOne
Timer: 10                       0.02537141 finishReadOne
Timer: 11                       0.00000000 N/A
Timer: 27                       0.00000000 N/A
Timer: 28                       0.00000000 N/A
Timer: 29                       0.00000000 N/A
Timer: 30                       0.00000000 N/A
Timer: 31                       0.00000000 N/A
Timer: 12                       0.00000000 N/A
Timer: 13                       0.00000000 N/A
Timer: 14                       0.00000000 N/A
Timer: 15                       0.00000000 N/A
Timer: 16                       0.00000000 N/A
Timer: 17                       0.00000000 N/A
Timer: 18                       0.00000000 N/A
Timer: 19                       0.00000000 N/A
Timer: 20                       0.00000000 N/A
Timer: 21                       0.00000000 N/A
Timer: 22                       0.00000000 N/A
Timer: 23                       0.00000000 N/A
Timer: 24                       0.00000000 N/A
Timer: 25                       0.00000000 N/A
Timer: 26                       0.00000000 N/A
Timer: 27                       0.00000000 N/A
Timer: 28                       0.00000000 N/A
Timer: 29                       0.00000000 N/A
Timer: 30                       0.00000000 N/A
Timer: 31                       0.00000000 N/A
Timer: 0                       1.21138289 read
Timer: 1                       3.22840758 mmSeeds+instantiateSeeds
Timer: 2                      33.53457216 searchAllSeeds
Timer: 3                      55.91003651 extendSeeds
Timer: 4                       0.03643622 searchAllSeeds
Timer: 5                       0.12964771 extendSeeds
Timer: 6                       1.71252992 searchAllSeeds
Timer: 7                       0.01786310 extendSeeds
Timer: 8                      11.73193430 finishReadOne
Timer: 9                       0.65126939 extendSeeds
Timer: 10                       0.01321667 finishReadOne
Timer: 11                       0.00000000 N/A
Timer: 12                       0.00000000 N/A
Timer: 13                       0.00000000 N/A
Timer: 14                       0.00000000 N/A
Timer: 15                       0.00000000 N/A
Timer: 16                       0.00000000 N/A
Timer: 17                       0.00000000 N/A
Timer: 18                       0.00000000 N/A
Timer: 19                       0.00000000 N/A
Timer: 20                       0.00000000 N/A
Timer: 21                       0.00000000 N/A
Timer: 22                       0.00000000 N/A
Timer: 23                       0.00000000 N/A
Timer: 24                       0.00000000 N/A
Timer: 25                       0.00000000 N/A
Timer: 26                       0.00000000 N/A
Timer: 27                       0.00000000 N/A
Timer: 28                       0.00000000 N/A
Timer: 29                       0.00000000 N/A
Timer: 30                       0.00000000 N/A
Timer: 31                       0.00000000 N/A
Timer: 0                       1.24935610 read
Timer: 1                       3.14789112 mmSeeds+instantiateSeeds
Timer: 2                      33.59966292 searchAllSeeds
Timer: 3                      56.05101321 extendSeeds
Timer: 4                       0.03872326 searchAllSeeds
Timer: 5                       0.11891953 extendSeeds
Timer: 6                       1.75582491 searchAllSeeds
Timer: 7                       0.01865005 extendSeeds
Timer: 8                      11.63543647 finishReadOne
Timer: 9                       0.75801567 finishReadOne
Timer: 10                       0.01681424 finishReadOne
Timer: 11                       0.00000000 N/A
Timer: 12                       0.00000000 N/A
Timer: 13                       0.00000000 N/A
Timer: 14                       0.00000000 N/A
Timer: 15                       0.00000000 N/A
Timer: 16                       0.00000000 N/A
Timer: 17                       0.00000000 N/A
Timer: 18                       0.00000000 N/A
Timer: 19                       0.00000000 N/A
Timer: 20                       0.00000000 N/A
Timer: 21                       0.00000000 N/A
Timer: 22                       0.00000000 N/A
Timer: 23                       0.00000000 N/A
Timer: 24                       0.00000000 N/A
Timer: 25                       0.00000000 N/A
Timer: 26                       0.00000000 N/A
Timer: 27                       0.00000000 N/A
Timer: 28                       0.00000000 N/A
Timer: 29                       0.00000000 N/A
Timer: 30                       0.00000000 N/A
Timer: 31                       0.00000000 N/A
Timer: 0                       1.20260587 read
Timer: 1                       3.28128210 mmSeeds+instantiateSeeds
Timer: 2                      33.26714583 searchAllSeeds
Timer: 3                      55.97551336 extendSeeds
Timer: 4                       0.03723354 searchAllSeeds
Timer: 5                       0.13749942 extendSeeds
Timer: 6                       1.76374298 searchAllSeeds
Timer: 7                       0.03812694 extendSeeds
Timer: 8                      11.75407485 finishReadOne
Timer: 9                       0.71001699 extendSeeds
Timer: 10                       0.01681112 finishReadOne
Timer: 11                       0.00000000 N/A
Timer: 12                       0.00000000 N/A
Timer: 13                       0.00000000 N/A
Timer: 14                       0.00000000 N/A
Timer: 15                       0.00000000 N/A
Timer: 16                       0.00000000 N/A
Timer: 17                       0.00000000 N/A
Timer: 18                       0.00000000 N/A
Timer: 19                       0.00000000 N/A
Timer: 20                       0.00000000 N/A
Timer: 21                       0.00000000 N/A
Timer: 22                       0.00000000 N/A
Timer: 23                       0.00000000 N/A
Timer: 24                       0.00000000 N/A
Timer: 25                       0.00000000 N/A
Timer: 26                       0.00000000 N/A
Timer: 27                       0.00000000 N/A
Timer: 28                       0.00000000 N/A
Timer: 29                       0.00000000 N/A
Timer: 30                       0.00000000 N/A
Timer: 31                       0.00000000 N/A
6130362 reads; of these:
  6130362 (100.00%) were unpaired; of these:
    6111179 (99.69%) aligned 0 times
    7868 (0.13%) aligned exactly 1 time
    11315 (0.18%) aligned >1 times
0.31% overall alignment rate
 119354 2379212 54449019

real	1m59.946s
user	26m41.304s
sys	2m21.386s
==== CPU 2 ==========
Timer: 0                       1.28884211 read
Timer: 1                       3.13186148 mmSeeds+instantiateSeeds
Timer: 2                      33.25408398 searchAllSeeds
Timer: 3                      55.70152392 extendSeeds
Timer: 4                       0.05464274 searchAllSeeds
Timer: 5                       0.11879899 extendSeeds
Timer: 6                       1.77386672 searchAllSeeds
Timer: 0                       1.27360275 read
Timer: 1                       3.08834466 mmSeeds+instantiateSeeds
Timer: 2                      33.31764600 searchAllSeeds
Timer: 3                      56.09837568 extendSeeds
Timer: 4                       0.03679559 searchAllSeeds
Timer: 5                       0.11377069 extendSeeds
Timer: 6                       1.72098236 searchAllSeeds
Timer: 0                       1.23176876 read
Timer: 1                       3.14079179 mmSeeds+instantiateSeeds
Timer: 2                      33.23126831 searchAllSeeds
Timer: 3                      55.50481235 extendSeeds
Timer: 4                       0.03622492 searchAllSeeds
Timer: 5                       0.13777346 extendSeeds
Timer: 6                       1.68792901 searchAllSeeds
Timer: 7                       0.01780333 extendSeeds
Timer: 8                       8.71125492 finishReadOne
Timer: 9                       0.73273397 extendSeeds
Timer: 7                       0.01819364 extendSeeds
Timer: 8                       8.58677792 finishReadOne
Timer: 9                       0.72739839 finishReadOne
Timer: 10                       0.01202519 finishReadOne
Timer: 11                       0.00000000 N/A
Timer: 12                       0.00000000 N/A
Timer: 13                       0.00000000 N/A
Timer: 7                       0.01875769 extendSeeds
Timer: 14                       0.00000000 N/A
Timer: 10                       0.03819006 finishReadOne
Timer: 15                       0.00000000 N/A
Timer: 8                       8.44580888 finishReadOne
Timer: 16                       0.00000000 N/A
Timer: 11                       0.00000000 N/A
Timer: 17                       0.00000000 N/A
Timer: 9                       0.66793954 extendSeeds
Timer: 10                       0.01252849 finishReadOne
Timer: 12                       0.00000000 N/A
Timer: 18                       0.00000000 N/A
Timer: 19                       0.00000000 N/A
Timer: 20                       0.00000000 N/A
Timer: 13                       0.00000000 N/A
Timer: 14                       0.00000000 N/A
Timer: 15                       0.00000000 N/A
Timer: 11                       0.00000000 N/A
Timer: 12                       0.00000000 N/A
Timer: 13                       0.00000000 N/A
Timer: 14                       0.00000000 N/A
Timer: 15                       0.00000000 N/A
Timer: 16                       0.00000000 N/A
Timer: 17                       0.00000000 N/A
Timer: 18                       0.00000000 N/A
Timer: 19                       0.00000000 N/A
Timer: 20                       0.00000000 N/A
Timer: 21                       0.00000000 N/A
Timer: 21                       0.00000000 N/A
Timer: 22                       0.00000000 N/A
Timer: 16                       0.00000000 N/A
Timer: 17                       0.00000000 N/A
Timer: 22                       0.00000000 N/A
Timer: 23                       0.00000000 N/A
Timer: 24                       0.00000000 N/A
Timer: 25                       0.00000000 N/A
Timer: 26                       0.00000000 N/A
Timer: 18                       0.00000000 N/A
Timer: 23                       0.00000000 N/A
Timer: 19                       0.00000000 N/A
Timer: 27                       0.00000000 N/A
Timer: 28                       0.00000000 N/A
Timer: 24                       0.00000000 N/A
Timer: 20                       0.00000000 N/A
Timer: 21                       0.00000000 N/A
Timer: 29                       0.00000000 N/A
Timer: 30                       0.00000000 N/A
Timer: 22                       0.00000000 N/A
Timer: 31                       0.00000000 N/A
Timer: 23                       0.00000000 N/A
Timer: 24                       0.00000000 N/A
Timer: 25                       0.00000000 N/A
Timer: 26                       0.00000000 N/A
Timer: 27                       0.00000000 N/A
Timer: 28                       0.00000000 N/A
Timer: 29                       0.00000000 N/A
Timer: 30                       0.00000000 N/A
Timer: 31                       0.00000000 N/A
Timer: 25                       0.00000000 N/A
Timer: 26                       0.00000000 N/A
Timer: 27                       0.00000000 N/A
Timer: 28                       0.00000000 N/A
Timer: 29                       0.00000000 N/A
Timer: 30                       0.00000000 N/A
Timer: 31                       0.00000000 N/A
Timer: 0                       1.27519843 read
Timer: 1                       3.16619336 mmSeeds+instantiateSeeds
Timer: 2                      33.56593268 searchAllSeeds
Timer: 3                      55.54655066 extendSeeds
Timer: 4                       0.03494722 searchAllSeeds
Timer: 5                       0.11465292 extendSeeds
Timer: 6                       1.73907220 searchAllSeeds
Timer: 7                       0.01878602 extendSeeds
Timer: 0                       1.23334738 read
Timer: 1                       3.14167112 mmSeeds+instantiateSeeds
Timer: 2                      33.47764900 searchAllSeeds
Timer: 3                      55.39133693 extendSeeds
Timer: 4                       0.03397096 searchAllSeeds
Timer: 5                       0.13524025 extendSeeds
Timer: 6                       1.61703826 searchAllSeeds
Timer: 7                       0.01716710 extendSeeds
Timer: 8                       8.74444221 finishReadOne
Timer: 9                       0.70437277 extendSeeds
Timer: 10                       0.01561967 finishReadOne
Timer: 11                       0.00000000 N/A
Timer: 12                       0.00000000 N/A
Timer: 13                       0.00000000 N/A
Timer: 14                       0.00000000 N/A
Timer: 15                       0.00000000 N/A
Timer: 16                       0.00000000 N/A
Timer: 17                       0.00000000 N/A
Timer: 18                       0.00000000 N/A
Timer: 19                       0.00000000 N/A
Timer: 20                       0.00000000 N/A
Timer: 21                       0.00000000 N/A
Timer: 22                       0.00000000 N/A
Timer: 23                       0.00000000 N/A
Timer: 24                       0.00000000 N/A
Timer: 25                       0.00000000 N/A
Timer: 26                       0.00000000 N/A
Timer: 27                       0.00000000 N/A
Timer: 28                       0.00000000 N/A
Timer: 29                       0.00000000 N/A
Timer: 30                       0.00000000 N/A
Timer: 31                       0.00000000 N/A
Timer: 0                       1.19793339 read
Timer: 1                       3.02905674 mmSeeds+instantiateSeeds
Timer: 2                      33.62528778 searchAllSeeds
Timer: 3                      55.45001409 extendSeeds
Timer: 4                       0.03224631 searchAllSeeds
Timer: 5                       0.10490725 extendSeeds
Timer: 6                       1.65156234 searchAllSeeds
Timer: 7                       0.01694190 extendSeeds
Timer: 8                       8.94837505 finishReadOne
Timer: 9                       0.68511911 extendSeeds
Timer: 10                       0.00974780 finishReadOne
Timer: 11                       0.00000000 N/A
Timer: 12                       0.00000000 N/A
Timer: 13                       0.00000000 N/A
Timer: 14                       0.00000000 N/A
Timer: 15                       0.00000000 N/A
Timer: 16                       0.00000000 N/A
Timer: 17                       0.00000000 N/A
Timer: 18                       0.00000000 N/A
Timer: 19                       0.00000000 N/A
Timer: 20                       0.00000000 N/A
Timer: 21                       0.00000000 N/A
Timer: 22                       0.00000000 N/A
Timer: 23                       0.00000000 N/A
Timer: 24                       0.00000000 N/A
Timer: 25                       0.00000000 N/A
Timer: 26                       0.00000000 N/A
Timer: 27                       0.00000000 N/A
Timer: 28                       0.00000000 N/A
Timer: 29                       0.00000000 N/A
Timer: 30                       0.00000000 N/A
Timer: 31                       0.00000000 N/A
Timer: 0                       1.22965836 read
Timer: 1                       3.20077426 mmSeeds+instantiateSeeds
Timer: 2                      33.17222381 searchAllSeeds
Timer: 3                      56.16873370 extendSeeds
Timer: 4                       0.03542496 searchAllSeeds
Timer: 5                       0.11179004 extendSeeds
Timer: 6                       1.64395320 searchAllSeeds
Timer: 7                       0.01836787 extendSeeds
Timer: 8                       8.51870996 finishReadOne
Timer: 9                       0.68426001 extendSeeds
Timer: 10                       0.01115719 finishReadOne
Timer: 11                       0.00000000 N/A
Timer: 12                       0.00000000 N/A
Timer: 13                       0.00000000 N/A
Timer: 14                       0.00000000 N/A
Timer: 15                       0.00000000 N/A
Timer: 16                       0.00000000 N/A
Timer: 17                       0.00000000 N/A
Timer: 18                       0.00000000 N/A
Timer: 19                       0.00000000 N/A
Timer: 20                       0.00000000 N/A
Timer: 21                       0.00000000 N/A
Timer: 22                       0.00000000 N/A
Timer: 23                       0.00000000 N/A
Timer: 24                       0.00000000 N/A
Timer: 25                       0.00000000 N/A
Timer: 26                       0.00000000 N/A
Timer: 27                       0.00000000 N/A
Timer: 28                       0.00000000 N/A
Timer: 29                       0.00000000 N/A
Timer: 30                       0.00000000 N/A
Timer: 31                       0.00000000 N/A
Timer: 8                       8.66849035 finishReadOne
Timer: 9                       0.71181256 finishReadOne
Timer: 10                       0.01293231 finishReadOne
Timer: 11                       0.00000000 N/A
Timer: 12                       0.00000000 N/A
Timer: 13                       0.00000000 N/A
Timer: 14                       0.00000000 N/A
Timer: 15                       0.00000000 N/A
Timer: 16                       0.00000000 N/A
Timer: 17                       0.00000000 N/A
Timer: 18                       0.00000000 N/A
Timer: 19                       0.00000000 N/A
Timer: 20                       0.00000000 N/A
Timer: 21                       0.00000000 N/A
Timer: 22                       0.00000000 N/A
Timer: 23                       0.00000000 N/A
Timer: 24                       0.00000000 N/A
Timer: 25                       0.00000000 N/A
Timer: 26                       0.00000000 N/A
Timer: 27                       0.00000000 N/A
Timer: 28                       0.00000000 N/A
Timer: 29                       0.00000000 N/A
Timer: 30                       0.00000000 N/A
Timer: 31                       0.00000000 N/A
Timer: 0                       1.29050033 read
Timer: 1                       3.10968646 mmSeeds+instantiateSeeds
Timer: 2                      32.95530963 searchAllSeeds
Timer: 3                      56.04805721 extendSeeds
Timer: 4                       0.04510524 searchAllSeeds
Timer: 5                       0.10860019 extendSeeds
Timer: 6                       1.64694041 searchAllSeeds
Timer: 7                       0.03849377 extendSeeds
Timer: 8                       8.79245915 finishReadOne
Timer: 9                       0.68839685 finishReadOne
Timer: 10                       0.02230021 finishReadOne
Timer: 11                       0.00000000 N/A
Timer: 12                       0.00000000 N/A
Timer: 13                       0.00000000 N/A
Timer: 14                       0.00000000 N/A
Timer: 15                       0.00000000 N/A
Timer: 16                       0.00000000 N/A
Timer: 17                       0.00000000 N/A
Timer: 18                       0.00000000 N/A
Timer: 19                       0.00000000 N/A
Timer: 20                       0.00000000 N/A
Timer: 21                       0.00000000 N/A
Timer: 22                       0.00000000 N/A
Timer: 23                       0.00000000 N/A
Timer: 0                       1.19424258 read
Timer: 1                       3.09271169 mmSeeds+instantiateSeeds
Timer: 2                      33.16793918 searchAllSeeds
Timer: 3                      55.17400635 extendSeeds
Timer: 24                       0.00000000 N/A
Timer: 25                       0.00000000 N/A
Timer: 26                       0.00000000 N/A
Timer: 27                       0.00000000 N/A
Timer: 28                       0.00000000 N/A
Timer: 29                       0.00000000 N/A
Timer: 30                       0.00000000 N/A
Timer: 31                       0.00000000 N/A
Timer: 4                       0.03441297 searchAllSeeds
Timer: 5                       0.10940420 extendSeeds
Timer: 6                       1.79761523 searchAllSeeds
Timer: 7                       0.01769162 extendSeeds
Timer: 8                       8.72824349 finishReadOne
Timer: 9                       0.69378359 extendSeeds
Timer: 10                       0.01659780 finishReadOne
Timer: 11                       0.00000000 N/A
Timer: 12                       0.00000000 N/A
Timer: 13                       0.00000000 N/A
Timer: 14                       0.00000000 N/A
Timer: 15                       0.00000000 N/A
Timer: 16                       0.00000000 N/A
Timer: 17                       0.00000000 N/A
Timer: 18                       0.00000000 N/A
Timer: 19                       0.00000000 N/A
Timer: 20                       0.00000000 N/A
Timer: 21                       0.00000000 N/A
Timer: 22                       0.00000000 N/A
Timer: 23                       0.00000000 N/A
Timer: 24                       0.00000000 N/A
Timer: 25                       0.00000000 N/A
Timer: 26                       0.00000000 N/A
Timer: 27                       0.00000000 N/A
Timer: 28                       0.00000000 N/A
Timer: 29                       0.00000000 N/A
Timer: 30                       0.00000000 N/A
Timer: 31                       0.00000000 N/A
Timer: 0                       1.25489587 read
Timer: 1                       3.13868971 mmSeeds+instantiateSeeds
Timer: 2                      33.31852931 searchAllSeeds
Timer: 3                      56.06601175 extendSeeds
Timer: 4                       0.03717923 searchAllSeeds
Timer: 5                       0.11824776 extendSeeds
Timer: 6                       1.74893156 searchAllSeeds
Timer: 7                       0.01887828 extendSeeds
Timer: 8                       8.30382979 finishReadOne
Timer: 9                       0.68850105 finishReadOne
Timer: 10                       0.02206050 finishReadOne
Timer: 11                       0.00000000 N/A
Timer: 12                       0.00000000 N/A
Timer: 13                       0.00000000 N/A
Timer: 14                       0.00000000 N/A
Timer: 15                       0.00000000 N/A
Timer: 16                       0.00000000 N/A
Timer: 17                       0.00000000 N/A
Timer: 18                       0.00000000 N/A
Timer: 19                       0.00000000 N/A
Timer: 20                       0.00000000 N/A
Timer: 21                       0.00000000 N/A
Timer: 22                       0.00000000 N/A
Timer: 23                       0.00000000 N/A
Timer: 24                       0.00000000 N/A
Timer: 25                       0.00000000 N/A
Timer: 26                       0.00000000 N/A
Timer: 27                       0.00000000 N/A
Timer: 28                       0.00000000 N/A
Timer: 29                       0.00000000 N/A
Timer: 30                       0.00000000 N/A
Timer: 31                       0.00000000 N/A
Timer: 0                       1.28061906 read
Timer: 1                       3.26507834 mmSeeds+instantiateSeeds
Timer: 2                      32.58008146 searchAllSeeds
Timer: 3                      55.22558121 extendSeeds
Timer: 4                       0.04002985 searchAllSeeds
Timer: 5                       0.11532483 extendSeeds
Timer: 6                       1.96448004 searchAllSeeds
Timer: 7                       0.01769693 extendSeeds
Timer: 8                       8.92235892 finishReadOne
Timer: 9                       0.80578834 finishReadOne
Timer: 10                       0.03062254 finishReadOne
Timer: 11                       0.00000000 N/A
Timer: 12                       0.00000000 N/A
Timer: 13                       0.00000000 N/A
Timer: 14                       0.00000000 N/A
Timer: 15                       0.00000000 N/A
Timer: 16                       0.00000000 N/A
Timer: 17                       0.00000000 N/A
Timer: 18                       0.00000000 N/A
Timer: 19                       0.00000000 N/A
Timer: 20                       0.00000000 N/A
Timer: 21                       0.00000000 N/A
Timer: 22                       0.00000000 N/A
Timer: 23                       0.00000000 N/A
Timer: 24                       0.00000000 N/A
Timer: 25                       0.00000000 N/A
Timer: 26                       0.00000000 N/A
Timer: 27                       0.00000000 N/A
Timer: 28                       0.00000000 N/A
Timer: 29                       0.00000000 N/A
Timer: 30                       0.00000000 N/A
Timer: 31                       0.00000000 N/A
Timer: 0                       1.26914950 read
Timer: 1                       3.05387511 mmSeeds+instantiateSeeds
Timer: 2                      32.99286135 searchAllSeeds
Timer: 3                      55.36847012 extendSeeds
Timer: 4                       0.05445860 searchAllSeeds
Timer: 5                       0.12910464 extendSeeds
Timer: 6                       1.72956048 searchAllSeeds
Timer: 7                       0.01798981 extendSeeds
Timer: 8                       8.86308406 finishReadOne
Timer: 9                       0.67521592 extendSeeds
Timer: 10                       0.01272117 finishReadOne
Timer: 11                       0.00000000 N/A
Timer: 12                       0.00000000 N/A
Timer: 13                       0.00000000 N/A
Timer: 14                       0.00000000 N/A
Timer: 15                       0.00000000 N/A
Timer: 16                       0.00000000 N/A
Timer: 17                       0.00000000 N/A
Timer: 18                       0.00000000 N/A
Timer: 19                       0.00000000 N/A
Timer: 20                       0.00000000 N/A
Timer: 21                       0.00000000 N/A
Timer: 22                       0.00000000 N/A
Timer: 23                       0.00000000 N/A
Timer: 24                       0.00000000 N/A
Timer: 25                       0.00000000 N/A
Timer: 26                       0.00000000 N/A
Timer: 27                       0.00000000 N/A
Timer: 28                       0.00000000 N/A
Timer: 29                       0.00000000 N/A
Timer: 30                       0.00000000 N/A
Timer: 31                       0.00000000 N/A
Timer: 0                       1.24499804 read
Timer: 1                       3.07829534 mmSeeds+instantiateSeeds
Timer: 2                      33.26726073 searchAllSeeds
Timer: 3                      55.96941365 extendSeeds
Timer: 4                       0.04047913 searchAllSeeds
Timer: 5                       0.11610364 extendSeeds
Timer: 6                       1.75973288 searchAllSeeds
Timer: 7                       0.01824117 extendSeeds
Timer: 8                       8.54068516 finishReadOne
Timer: 9                       0.65656855 finishReadOne
Timer: 10                       0.01076944 finishReadOne
Timer: 11                       0.00000000 N/A
Timer: 12                       0.00000000 N/A
Timer: 13                       0.00000000 N/A
Timer: 14                       0.00000000 N/A
Timer: 15                       0.00000000 N/A
Timer: 16                       0.00000000 N/A
Timer: 17                       0.00000000 N/A
Timer: 18                       0.00000000 N/A
Timer: 19                       0.00000000 N/A
Timer: 20                       0.00000000 N/A
Timer: 21                       0.00000000 N/A
Timer: 22                       0.00000000 N/A
Timer: 23                       0.00000000 N/A
Timer: 24                       0.00000000 N/A
Timer: 25                       0.00000000 N/A
Timer: 26                       0.00000000 N/A
Timer: 27                       0.00000000 N/A
Timer: 28                       0.00000000 N/A
Timer: 29                       0.00000000 N/A
Timer: 30                       0.00000000 N/A
Timer: 31                       0.00000000 N/A
Timer: 0                       1.25737707 read
Timer: 1                       3.08135498 mmSeeds+instantiateSeeds
Timer: 2                      33.64740675 searchAllSeeds
Timer: 3                      55.76038545 extendSeeds
Timer: 4                       0.03495049 searchAllSeeds
Timer: 5                       0.10743725 extendSeeds
Timer: 6                       1.61444979 searchAllSeeds
Timer: 7                       0.01800396 extendSeeds
Timer: 8                       8.57329657 finishReadOne
Timer: 9                       0.66855267 extendSeeds
Timer: 10                       0.00957406 finishReadOne
Timer: 11                       0.00000000 N/A
Timer: 12                       0.00000000 N/A
Timer: 13                       0.00000000 N/A
Timer: 14                       0.00000000 N/A
Timer: 15                       0.00000000 N/A
Timer: 16                       0.00000000 N/A
Timer: 17                       0.00000000 N/A
Timer: 18                       0.00000000 N/A
Timer: 19                       0.00000000 N/A
Timer: 20                       0.00000000 N/A
Timer: 21                       0.00000000 N/A
Timer: 22                       0.00000000 N/A
Timer: 23                       0.00000000 N/A
Timer: 24                       0.00000000 N/A
Timer: 25                       0.00000000 N/A
Timer: 26                       0.00000000 N/A
Timer: 27                       0.00000000 N/A
Timer: 28                       0.00000000 N/A
Timer: 29                       0.00000000 N/A
Timer: 30                       0.00000000 N/A
Timer: 31                       0.00000000 N/A
Timer: 0                       1.22927967 read
Timer: 1                       3.18940727 mmSeeds+instantiateSeeds
Timer: 2                      33.12851574 searchAllSeeds
Timer: 3                      55.66243388 extendSeeds
Timer: 4                       0.03687630 searchAllSeeds
Timer: 5                       0.12738550 extendSeeds
Timer: 6                       1.79959894 searchAllSeeds
Timer: 7                       0.01889009 extendSeeds
Timer: 8                       8.51629278 finishReadOne
Timer: 9                       0.72316312 extendSeeds
Timer: 10                       0.00922273 finishReadOne
Timer: 11                       0.00000000 N/A
Timer: 12                       0.00000000 N/A
Timer: 13                       0.00000000 N/A
Timer: 14                       0.00000000 N/A
Timer: 15                       0.00000000 N/A
Timer: 16                       0.00000000 N/A
Timer: 17                       0.00000000 N/A
Timer: 18                       0.00000000 N/A
Timer: 19                       0.00000000 N/A
Timer: 20                       0.00000000 N/A
Timer: 21                       0.00000000 N/A
Timer: 22                       0.00000000 N/A
Timer: 23                       0.00000000 N/A
Timer: 24                       0.00000000 N/A
Timer: 25                       0.00000000 N/A
Timer: 26                       0.00000000 N/A
Timer: 27                       0.00000000 N/A
Timer: 28                       0.00000000 N/A
Timer: 29                       0.00000000 N/A
Timer: 30                       0.00000000 N/A
Timer: 31                       0.00000000 N/A
Timer: 0                       1.24687683 read
Timer: 1                       3.00566343 mmSeeds+instantiateSeeds
Timer: 2                      33.13712119 searchAllSeeds
Timer: 3                      55.46213165 extendSeeds
Timer: 4                       0.04280544 searchAllSeeds
Timer: 5                       0.11035582 extendSeeds
Timer: 6                       1.76047187 searchAllSeeds
Timer: 7                       0.01770344 extendSeeds
Timer: 8                       8.80721405 finishReadOne
Timer: 9                       0.72666504 finishReadOne
Timer: 10                       0.01658296 finishReadOne
Timer: 11                       0.00000000 N/A
Timer: 12                       0.00000000 N/A
Timer: 13                       0.00000000 N/A
Timer: 14                       0.00000000 N/A
Timer: 15                       0.00000000 N/A
Timer: 16                       0.00000000 N/A
Timer: 17                       0.00000000 N/A
Timer: 18                       0.00000000 N/A
Timer: 19                       0.00000000 N/A
Timer: 20                       0.00000000 N/A
Timer: 21                       0.00000000 N/A
Timer: 22                       0.00000000 N/A
Timer: 23                       0.00000000 N/A
Timer: 24                       0.00000000 N/A
Timer: 25                       0.00000000 N/A
Timer: 26                       0.00000000 N/A
Timer: 27                       0.00000000 N/A
Timer: 28                       0.00000000 N/A
Timer: 29                       0.00000000 N/A
Timer: 30                       0.00000000 N/A
Timer: 31                       0.00000000 N/A
6130362 reads; of these:
  6130362 (100.00%) were unpaired; of these:
    6111179 (99.69%) aligned 0 times
    7868 (0.13%) aligned exactly 1 time
    11315 (0.18%) aligned >1 times
0.31% overall alignment rate
 119354 2379212 54449019

real	1m53.554s
user	26m48.142s
sys	1m46.089s
==============
#./bowtie2-omp-gcc -p 1024 --no-exact-upfront --no-1mm-upfront -x /scratch/qp-woltka/WoLr1/WoLr1 -q /qmounts/qiita_data/per_sample_FASTQ/101636//Mousseau88_FIN_373_host_filtered.fastq.gz --seed 42 --very-sensitive -k 16 --np 1 --mp 1,1 --rdg 0,1 --rfg 0,1 --score-min  L,0,-0.05 --no-head --no-unal |wc
==== CPU 1 ==========
WARNING: No doExactUpFront not supported
WARNING: do1mmUpFront not supported
Timer: 0                      21.79881064 read
Timer: 1                       2.91114407 instantiateSeeds
Timer: 2                       0.60135444 searchAllSeedsPrepare
Timer: 3                      29.92679059 searchAllSeedsDo
Timer: 4                       3.13536761 searchAllSeedsFinalize
Timer: 5                      81.84201271 extendSeeds
Timer: 6                       9.79201935 finishReadOne
Timer: 7                       0.00000000 N/A
Timer: 8                       0.00000000 N/A
Timer: 9                       0.00000000 N/A
Timer: 10                       0.00000000 N/A
Timer: 11                       0.00000000 N/A
Timer: 12                       0.00000000 N/A
Timer: 13                       0.00000000 N/A
Timer: 14                       0.00000000 N/A
Timer: 15                       0.00000000 N/A
Timer: 16                       0.00000000 N/A
Timer: 17                       0.00000000 N/A
Timer: 18                       0.00000000 N/A
Timer: 19                       0.00000000 N/A
Timer: 20                       0.00000000 N/A
Timer: 21                       0.00000000 N/A
Timer: 22                       0.00000000 N/A
Timer: 23                       0.00000000 N/A
Timer: 24                       0.00000000 N/A
Timer: 25                       0.00000000 N/A
Timer: 26                       0.00000000 N/A
Timer: 27                       0.00000000 N/A
Timer: 28                       0.00000000 N/A
Timer: 29                       0.00000000 N/A
Timer: 30                       0.00000000 N/A
Timer: 31                       0.00000000 N/A
6130362 reads; of these:
  6130362 (100.00%) were unpaired; of these:
    6111179 (99.69%) aligned 0 times
    7868 (0.13%) aligned exactly 1 time
    11315 (0.18%) aligned >1 times
0.31% overall alignment rate
 119354 2379212 54449019

real	2m43.025s
user	37m49.834s
sys	1m20.593s
==== CPU 2 ==========
WARNING: No doExactUpFront not supported
WARNING: do1mmUpFront not supported
Timer: 0                      20.76923869 read
Timer: 1                       2.14987589 instantiateSeeds
Timer: 2                       0.26784716 searchAllSeedsPrepare
Timer: 3                      29.41431686 searchAllSeedsDo
Timer: 4                       2.81076139 searchAllSeedsFinalize
Timer: 5                      81.28309191 extendSeeds
Timer: 6                      10.05006689 finishReadOne
Timer: 7                       0.00000000 N/A
Timer: 8                       0.00000000 N/A
Timer: 9                       0.00000000 N/A
Timer: 10                       0.00000000 N/A
Timer: 11                       0.00000000 N/A
Timer: 12                       0.00000000 N/A
Timer: 13                       0.00000000 N/A
Timer: 14                       0.00000000 N/A
Timer: 15                       0.00000000 N/A
Timer: 16                       0.00000000 N/A
Timer: 17                       0.00000000 N/A
Timer: 18                       0.00000000 N/A
Timer: 19                       0.00000000 N/A
Timer: 20                       0.00000000 N/A
Timer: 21                       0.00000000 N/A
Timer: 22                       0.00000000 N/A
Timer: 23                       0.00000000 N/A
Timer: 24                       0.00000000 N/A
Timer: 25                       0.00000000 N/A
Timer: 26                       0.00000000 N/A
Timer: 27                       0.00000000 N/A
Timer: 28                       0.00000000 N/A
Timer: 29                       0.00000000 N/A
Timer: 30                       0.00000000 N/A
Timer: 31                       0.00000000 N/A
6130362 reads; of these:
  6130362 (100.00%) were unpaired; of these:
    6111179 (99.69%) aligned 0 times
    7868 (0.13%) aligned exactly 1 time
    11315 (0.18%) aligned >1 times
0.31% overall alignment rate
 119354 2379212 54449019

real	2m38.455s
user	37m13.622s
sys	1m18.076s
==============
#./bowtie2-omp-gcc-no2 -p 1024 --no-exact-upfront --no-1mm-upfront -x /scratch/qp-woltka/WoLr1/WoLr1 -q /qmounts/qiita_data/per_sample_FASTQ/101636//Mousseau88_FIN_373_host_filtered.fastq.gz --seed 42 --very-sensitive -k 16 --np 1 --mp 1,1 --rdg 0,1 --rfg 0,1 --score-min  L,0,-0.05 --no-head --no-unal |wc
==== CPU 1 ==========
WARNING: No doExactUpFront not supported
WARNING: do1mmUpFront not supported
Timer: 0                      11.05645883 read
Timer: 1                       9.94194435 instantiateSeeds
Timer: 2                       4.28329028 searchAllSeedsPrepare
Timer: 3                      32.15159578 searchAllSeedsDo
Timer: 4                      10.89272660 finishReadOne
Timer: 5                       0.00000000 N/A
Timer: 6                       0.00000000 N/A
Timer: 7                       0.00000000 N/A
Timer: 8                       0.00000000 N/A
Timer: 9                       0.00000000 N/A
Timer: 10                       0.00000000 N/A
Timer: 11                       0.00000000 N/A
Timer: 12                       0.00000000 N/A
Timer: 13                       0.00000000 N/A
Timer: 14                       0.00000000 N/A
Timer: 15                       0.00000000 N/A
Timer: 16                       0.00000000 N/A
Timer: 17                       0.00000000 N/A
Timer: 18                       0.00000000 N/A
Timer: 19                       0.00000000 N/A
Timer: 20                       0.00000000 N/A
Timer: 21                       0.00000000 N/A
Timer: 22                       0.00000000 N/A
Timer: 23                       0.00000000 N/A
Timer: 24                       0.00000000 N/A
Timer: 25                       0.00000000 N/A
Timer: 26                       0.00000000 N/A
Timer: 27                       0.00000000 N/A
Timer: 28                       0.00000000 N/A
Timer: 29                       0.00000000 N/A
Timer: 30                       0.00000000 N/A
Timer: 31                       0.00000000 N/A
6130362 reads; of these:
  6130362 (100.00%) were unpaired; of these:
    6130362 (100.00%) aligned 0 times
    0 (0.00%) aligned exactly 1 time
    0 (0.00%) aligned >1 times
0.00% overall alignment rate
      0       0       0

real	1m18.893s
user	15m44.512s
sys	2m11.544s
==== CPU 2 ==========
WARNING: No doExactUpFront not supported
WARNING: do1mmUpFront not supported
Timer: 0                      11.02807807 read
Timer: 1                       9.75192824 instantiateSeeds
Timer: 2                       4.04043087 searchAllSeedsPrepare
Timer: 3                      31.89022780 searchAllSeedsDo
Timer: 4                      11.02285925 finishReadOne
Timer: 5                       0.00000000 N/A
Timer: 6                       0.00000000 N/A
Timer: 7                       0.00000000 N/A
Timer: 8                       0.00000000 N/A
Timer: 9                       0.00000000 N/A
Timer: 10                       0.00000000 N/A
Timer: 11                       0.00000000 N/A
Timer: 12                       0.00000000 N/A
Timer: 13                       0.00000000 N/A
Timer: 14                       0.00000000 N/A
Timer: 15                       0.00000000 N/A
Timer: 16                       0.00000000 N/A
Timer: 17                       0.00000000 N/A
Timer: 18                       0.00000000 N/A
Timer: 19                       0.00000000 N/A
Timer: 20                       0.00000000 N/A
Timer: 21                       0.00000000 N/A
Timer: 22                       0.00000000 N/A
Timer: 23                       0.00000000 N/A
Timer: 24                       0.00000000 N/A
Timer: 25                       0.00000000 N/A
Timer: 26                       0.00000000 N/A
Timer: 27                       0.00000000 N/A
Timer: 28                       0.00000000 N/A
Timer: 29                       0.00000000 N/A
Timer: 30                       0.00000000 N/A
Timer: 31                       0.00000000 N/A
6130362 reads; of these:
  6130362 (100.00%) were unpaired; of these:
    6130362 (100.00%) aligned 0 times
    0 (0.00%) aligned exactly 1 time
    0 (0.00%) aligned >1 times
0.00% overall alignment rate
      0       0       0

real	1m17.187s
user	15m41.218s
sys	2m11.896s
==============
==============
==============
#./bowtie2-omp -p 1024 --no-exact-upfront --no-1mm-upfront -x /scratch/qp-woltka/WoLr1/WoLr1 -q /qmounts/qiita_data/per_sample_FASTQ/101636//Mousseau88_FIN_373_host_filtered.fastq.gz --seed 42 --very-sensitive -k 16 --np 1 --mp 1,1 --rdg 0,1 --rfg 0,1 --score-min  L,0,-0.05 --no-head --no-unal |wc
==== CPU 1 ==========
WARNING: No doExactUpFront not supported
WARNING: do1mmUpFront not supported
Timer: 0                      21.90808567 read
Timer: 1                       1.38717147 instantiateSeeds
Timer: 2                       0.17309204 searchAllSeedsPrepare
Timer: 3                      16.77980796 searchAllSeedsDo
Timer: 4                       3.40329668 searchAllSeedsFinalize
Timer: 5                      80.45683483 extendSeeds
Timer: 6                      10.26508035 finishReadOne
Timer: 7                       0.00000000 N/A
Timer: 8                       0.00000000 N/A
Timer: 9                       0.00000000 N/A
Timer: 10                       0.00000000 N/A
Timer: 11                       0.00000000 N/A
Timer: 12                       0.00000000 N/A
Timer: 13                       0.00000000 N/A
Timer: 14                       0.00000000 N/A
Timer: 15                       0.00000000 N/A
Timer: 16                       0.00000000 N/A
Timer: 17                       0.00000000 N/A
Timer: 18                       0.00000000 N/A
Timer: 19                       0.00000000 N/A
Timer: 20                       0.00000000 N/A
Timer: 21                       0.00000000 N/A
Timer: 22                       0.00000000 N/A
Timer: 23                       0.00000000 N/A
Timer: 24                       0.00000000 N/A
Timer: 25                       0.00000000 N/A
Timer: 26                       0.00000000 N/A
Timer: 27                       0.00000000 N/A
Timer: 28                       0.00000000 N/A
Timer: 29                       0.00000000 N/A
Timer: 30                       0.00000000 N/A
Timer: 31                       0.00000000 N/A
6130362 reads; of these:
  6130362 (100.00%) were unpaired; of these:
    6111179 (99.69%) aligned 0 times
    7868 (0.13%) aligned exactly 1 time
    11315 (0.18%) aligned >1 times
0.31% overall alignment rate
 119354 2379212 54449019

real	2m27.304s
user	31m47.592s
sys	3m24.741s
==== CPU 2 ==========
WARNING: No doExactUpFront not supported
WARNING: do1mmUpFront not supported
Timer: 0                      21.93146031 read
Timer: 1                       1.36011239 instantiateSeeds
Timer: 2                       0.16599978 searchAllSeedsPrepare
Timer: 3                      16.35891645 searchAllSeedsDo
Timer: 4                       3.28332945 searchAllSeedsFinalize
Timer: 5                      79.47152300 extendSeeds
Timer: 6                      10.12768657 finishReadOne
Timer: 7                       0.00000000 N/A
Timer: 8                       0.00000000 N/A
Timer: 9                       0.00000000 N/A
Timer: 10                       0.00000000 N/A
Timer: 11                       0.00000000 N/A
Timer: 12                       0.00000000 N/A
Timer: 13                       0.00000000 N/A
Timer: 14                       0.00000000 N/A
Timer: 15                       0.00000000 N/A
Timer: 16                       0.00000000 N/A
Timer: 17                       0.00000000 N/A
Timer: 18                       0.00000000 N/A
Timer: 19                       0.00000000 N/A
Timer: 20                       0.00000000 N/A
Timer: 21                       0.00000000 N/A
Timer: 22                       0.00000000 N/A
Timer: 23                       0.00000000 N/A
Timer: 24                       0.00000000 N/A
Timer: 25                       0.00000000 N/A
Timer: 26                       0.00000000 N/A
Timer: 27                       0.00000000 N/A
Timer: 28                       0.00000000 N/A
Timer: 29                       0.00000000 N/A
Timer: 30                       0.00000000 N/A
Timer: 31                       0.00000000 N/A
6130362 reads; of these:
  6130362 (100.00%) were unpaired; of these:
    6111179 (99.69%) aligned 0 times
    7868 (0.13%) aligned exactly 1 time
    11315 (0.18%) aligned >1 times
0.31% overall alignment rate
 119354 2379212 54449019

real	2m24.219s
user	31m35.645s
sys	3m18.300s
==============
#./bowtie2-omp-no2 -p 1024 --no-exact-upfront --no-1mm-upfront -x /scratch/qp-woltka/WoLr1/WoLr1 -q /qmounts/qiita_data/per_sample_FASTQ/101636//Mousseau88_FIN_373_host_filtered.fastq.gz --seed 42 --very-sensitive -k 16 --np 1 --mp 1,1 --rdg 0,1 --rfg 0,1 --score-min  L,0,-0.05 --no-head --no-unal |wc
==== CPU 1 ==========
WARNING: No doExactUpFront not supported
WARNING: do1mmUpFront not supported
Timer: 0                      15.12156261 read
Timer: 1                       4.50926908 instantiateSeeds
Timer: 2                       0.23550787 searchAllSeedsPrepare
Timer: 3                      17.59835529 searchAllSeedsDo
Timer: 4                      13.12923900 finishReadOne
Timer: 5                       0.00000000 N/A
Timer: 6                       0.00000000 N/A
Timer: 7                       0.00000000 N/A
Timer: 8                       0.00000000 N/A
Timer: 9                       0.00000000 N/A
Timer: 10                       0.00000000 N/A
Timer: 11                       0.00000000 N/A
Timer: 12                       0.00000000 N/A
Timer: 13                       0.00000000 N/A
Timer: 14                       0.00000000 N/A
Timer: 15                       0.00000000 N/A
Timer: 16                       0.00000000 N/A
Timer: 17                       0.00000000 N/A
Timer: 18                       0.00000000 N/A
Timer: 19                       0.00000000 N/A
Timer: 20                       0.00000000 N/A
Timer: 21                       0.00000000 N/A
Timer: 22                       0.00000000 N/A
Timer: 23                       0.00000000 N/A
Timer: 24                       0.00000000 N/A
Timer: 25                       0.00000000 N/A
Timer: 26                       0.00000000 N/A
Timer: 27                       0.00000000 N/A
Timer: 28                       0.00000000 N/A
Timer: 29                       0.00000000 N/A
Timer: 30                       0.00000000 N/A
Timer: 31                       0.00000000 N/A
6130362 reads; of these:
  6130362 (100.00%) were unpaired; of these:
    6130362 (100.00%) aligned 0 times
    0 (0.00%) aligned exactly 1 time
    0 (0.00%) aligned >1 times
0.00% overall alignment rate
      0       0       0

real	1m1.056s
user	10m15.240s
sys	3m6.526s
==== CPU 2 ==========
WARNING: No doExactUpFront not supported
WARNING: do1mmUpFront not supported
Timer: 0                      15.26712325 read
Timer: 1                       4.62926016 instantiateSeeds
Timer: 2                       0.29572727 searchAllSeedsPrepare
Timer: 3                      17.19776292 searchAllSeedsDo
Timer: 4                      13.17509646 finishReadOne
Timer: 5                       0.00000000 N/A
Timer: 6                       0.00000000 N/A
Timer: 7                       0.00000000 N/A
Timer: 8                       0.00000000 N/A
Timer: 9                       0.00000000 N/A
Timer: 10                       0.00000000 N/A
Timer: 11                       0.00000000 N/A
Timer: 12                       0.00000000 N/A
Timer: 13                       0.00000000 N/A
Timer: 14                       0.00000000 N/A
Timer: 15                       0.00000000 N/A
Timer: 16                       0.00000000 N/A
Timer: 17                       0.00000000 N/A
Timer: 18                       0.00000000 N/A
Timer: 19                       0.00000000 N/A
Timer: 20                       0.00000000 N/A
Timer: 21                       0.00000000 N/A
Timer: 22                       0.00000000 N/A
Timer: 23                       0.00000000 N/A
Timer: 24                       0.00000000 N/A
Timer: 25                       0.00000000 N/A
Timer: 26                       0.00000000 N/A
Timer: 27                       0.00000000 N/A
Timer: 28                       0.00000000 N/A
Timer: 29                       0.00000000 N/A
Timer: 30                       0.00000000 N/A
Timer: 31                       0.00000000 N/A
6130362 reads; of these:
  6130362 (100.00%) were unpaired; of these:
    6130362 (100.00%) aligned 0 times
    0 (0.00%) aligned exactly 1 time
    0 (0.00%) aligned >1 times
0.00% overall alignment rate
      0       0       0

real	0m59.748s
user	10m13.431s
sys	3m7.300s
==============
#./bowtie2-omp-gpu-no2 -p 4094 --no-exact-upfront --no-1mm-upfront -x /scratch/qp-woltka/WoLr1/WoLr1 -q /qmounts/qiita_data/per_sample_FASTQ/101636//Mousseau88_FIN_373_host_filtered.fastq.gz --seed 42 --very-sensitive -k 16 --np 1 --mp 1,1 --rdg 0,1 --rfg 0,1 --score-min  L,0,-0.05 --no-head --no-unal |wc
==== CPU 1 GPU 1 ==========
WARNING: No doExactUpFront not supported
WARNING: do1mmUpFront not supported
Timer: 0                      12.69114379 read
Timer: 1                       4.04775987 instantiateSeeds
Timer: 2                       1.48932696 searchAllSeedsPrepare
Timer: 3                       5.37908790 searchAllSeedsDo
Timer: 4                       7.46924113 finishReadOne
Timer: 5                       0.00000000 N/A
Timer: 6                       0.00000000 N/A
Timer: 7                       0.00000000 N/A
Timer: 8                       0.00000000 N/A
Timer: 9                       0.00000000 N/A
Timer: 10                       0.00000000 N/A
Timer: 11                       0.00000000 N/A
Timer: 12                       0.00000000 N/A
Timer: 13                       0.00000000 N/A
Timer: 14                       0.00000000 N/A
Timer: 15                       0.00000000 N/A
Timer: 16                       0.00000000 N/A
Timer: 17                       0.00000000 N/A
Timer: 18                       0.00000000 N/A
Timer: 19                       0.00000000 N/A
Timer: 20                       0.00000000 N/A
Timer: 21                       0.00000000 N/A
Timer: 22                       0.00000000 N/A
Timer: 23                       0.00000000 N/A
Timer: 24                       0.00000000 N/A
Timer: 25                       0.00000000 N/A
Timer: 26                       0.00000000 N/A
Timer: 27                       0.00000000 N/A
Timer: 28                       0.00000000 N/A
Timer: 29                       0.00000000 N/A
Timer: 30                       0.00000000 N/A
Timer: 31                       0.00000000 N/A
6130362 reads; of these:
  6130362 (100.00%) were unpaired; of these:
    6130362 (100.00%) aligned 0 times
    0 (0.00%) aligned exactly 1 time
    0 (0.00%) aligned >1 times
0.00% overall alignment rate
      0       0       0

real	0m59.566s
user	5m28.146s
sys	2m27.930s
==== CPU 2 GPU 1 ==========
WARNING: No doExactUpFront not supported
WARNING: do1mmUpFront not supported
Timer: 0                      12.23227189 read
Timer: 1                       4.23205812 instantiateSeeds
Timer: 2                       1.58068429 searchAllSeedsPrepare
Timer: 3                       6.40440075 searchAllSeedsDo
Timer: 4                       7.51021783 finishReadOne
Timer: 5                       0.00000000 N/A
Timer: 6                       0.00000000 N/A
Timer: 7                       0.00000000 N/A
Timer: 8                       0.00000000 N/A
Timer: 9                       0.00000000 N/A
Timer: 10                       0.00000000 N/A
Timer: 11                       0.00000000 N/A
Timer: 12                       0.00000000 N/A
Timer: 13                       0.00000000 N/A
Timer: 14                       0.00000000 N/A
Timer: 15                       0.00000000 N/A
Timer: 16                       0.00000000 N/A
Timer: 17                       0.00000000 N/A
Timer: 18                       0.00000000 N/A
Timer: 19                       0.00000000 N/A
Timer: 20                       0.00000000 N/A
Timer: 21                       0.00000000 N/A
Timer: 22                       0.00000000 N/A
Timer: 23                       0.00000000 N/A
Timer: 24                       0.00000000 N/A
Timer: 25                       0.00000000 N/A
Timer: 26                       0.00000000 N/A
Timer: 27                       0.00000000 N/A
Timer: 28                       0.00000000 N/A
Timer: 29                       0.00000000 N/A
Timer: 30                       0.00000000 N/A
Timer: 31                       0.00000000 N/A
6130362 reads; of these:
  6130362 (100.00%) were unpaired; of these:
    6130362 (100.00%) aligned 0 times
    0 (0.00%) aligned exactly 1 time
    0 (0.00%) aligned >1 times
0.00% overall alignment rate
      0       0       0

real	1m0.318s
user	5m21.395s
sys	2m42.078s
==============
