b2-011
Architecture:          x86_64
CPU op-mode(s):        32-bit, 64-bit
Byte Order:            Little Endian
CPU(s):                64
On-line CPU(s) list:   0-63
Thread(s) per core:    2
Core(s) per socket:    16
Socket(s):             2
NUMA node(s):          2
Vendor ID:             AuthenticAMD
CPU family:            23
Model:                 49
Model name:            AMD EPYC 7302 16-Core Processor
Stepping:              0
CPU MHz:               1500.000
CPU max MHz:           3000.0000
CPU min MHz:           1500.0000
BogoMIPS:              6000.30
Virtualization:        AMD-V
L1d cache:             32K
L1i cache:             32K
L2 cache:              512K
L3 cache:              16384K
NUMA node0 CPU(s):     0-15,32-47
NUMA node1 CPU(s):     16-31,48-63
Flags:                 fpu vme de pse tsc msr pae mce cx8 apic sep mtrr pge mca cmov pat pse36 clflush mmx fxsr sse sse2 ht syscall nx mmxext fxsr_opt pdpe1gb rdtscp lm constant_tsc art rep_good nopl nonstop_tsc extd_apicid aperfmperf eagerfpu pni pclmulqdq monitor ssse3 fma cx16 sse4_1 sse4_2 movbe popcnt aes xsave avx f16c rdrand lahf_lm cmp_legacy svm extapic cr8_legacy abm sse4a misalignsse 3dnowprefetch osvw ibs skinit wdt tce topoext perfctr_core perfctr_nb bpext perfctr_l2 cpb cat_l3 cdp_l3 hw_pstate sme retpoline_amd ssbd ibrs ibpb stibp vmmcall fsgsbase bmi1 avx2 smep bmi2 cqm rdt_a rdseed adx smap clflushopt clwb sha_ni xsaveopt xsavec xgetbv1 cqm_llc cqm_occup_llc cqm_mbm_total cqm_mbm_local clzero irperf xsaveerptr arat npt lbrv svm_lock nrip_save tsc_scale vmcb_clean flushbyasid decodeassists pausefilter pfthreshold avic v_vmsave_vmload vgif umip overflow_recov succor smca
==============
commit 6e2536972f82eaf7e64dd367283f32d162d9f76f
Author: Rone Charles <rone_charles@fastmail.com>
Date:   Mon Sep 20 09:53:59 2021 -0400

    Skip aligned reads when processing BAM file

commit ed15e8e19d7486c87c55fc23e086f3e743a3c55f
Author: Rone Charles <rone_charles@fastmail.com>
Date:   Sun Aug 8 18:41:08 2021 -0400

commit 6e2536972f82eaf7e64dd367283f32d162d9f76f
Author: Rone Charles <rone_charles@fastmail.com>
Date:   Mon Sep 20 09:53:59 2021 -0400

    Skip aligned reads when processing BAM file

commit ed15e8e19d7486c87c55fc23e086f3e743a3c55f
Author: Rone Charles <rone_charles@fastmail.com>
Date:   Sun Aug 8 18:41:08 2021 -0400

==============
b7bb80b71ce16c6f25f8df7b9d826883  /qmounts/qiita_data/per_sample_FASTQ/101636//Girguis50_RightEG4_host_filtered.fastq.gz
#./bowtie2 -p 16 --no-exact-upfront --no-1mm-upfront -x /scratch/qp-woltka/WoLr1/WoLr1 -q /qmounts/qiita_data/per_sample_FASTQ/101636//Girguis50_RightEG4_host_filtered.fastq.gz --seed 42 --very-sensitive -k 16 --np 1 --mp 1,1 --rdg 0,1 --rfg 0,1 --score-min  L,0,-0.05 --no-head --no-unal |wc
==== CPU 1 ==========
Timer: 0                       2.62338889 read
Timer: 1                       2.85662151 mmSeeds+instantiateSeeds
Timer: 2                      48.95339930 searchAllSeeds
Timer: 3                      63.10984401 extendSeeds
Timer: 4                       0.03497999 searchAllSeeds
Timer: 5                       0.13744661 extendSeeds
Timer: 6                       1.74477030 searchAllSeeds
Timer: 7                       0.01757218 extendSeeds
Timer: 8                       1.98337014 finishReadOne
Timer: 9                       0.84590642 extendSeeds
Timer: 10                       0.00679101 finishReadOne
Timer: 11                       0.00000000 N/A
Timer: 12                       0.00000000 N/A
Timer: 13                       0.00000000 N/A
Timer: 14                       0.00000000 N/A
Timer: 15                       0.00000000 N/A
Timer: 16                       0.00000000 N/A
Timer: 17                       0.00000000 N/A
Timer: 18                       0.00000000 N/A
Timer: 19                       0.00000000 N/A
Timer: 20                       0.00000000 N/A
Timer: 21                       0.00000000 N/A
Timer: 22                       0.00000000 N/A
Timer: 23                       0.00000000 N/A
Timer: 24                       0.00000000 N/A
Timer: 25                       0.00000000 N/A
Timer: 26                       0.00000000 N/A
Timer: 27                       0.00000000 N/A
Timer: 28                       0.00000000 N/A
Timer: 29                       0.00000000 N/A
Timer: 30                       0.00000000 N/A
Timer: 31                       0.00000000 N/A
Timer: 0                       2.58097471 read
Timer: 1                       2.83418735 mmSeeds+instantiateSeeds
Timer: 2                      49.02631499 searchAllSeeds
Timer: 3                      63.11330393 extendSeeds
Timer: 4                       0.03528838 searchAllSeeds
Timer: 5                       0.13962981 extendSeeds
Timer: 6                       1.79034948 searchAllSeeds
Timer: 7                       0.01745199 extendSeeds
Timer: 8                       1.97044916 finishReadOne
Timer: 9                       0.83895667 extendSeeds
Timer: 10                       0.00667769 finishReadOne
Timer: 11                       0.00000000 N/A
Timer: 12                       0.00000000 N/A
Timer: 13                       0.00000000 N/A
Timer: 14                       0.00000000 N/A
Timer: 15                       0.00000000 N/A
Timer: 16                       0.00000000 N/A
Timer: 17                       0.00000000 N/A
Timer: 18                       0.00000000 N/A
Timer: 19                       0.00000000 N/A
Timer: 20                       0.00000000 N/A
Timer: 21                       0.00000000 N/A
Timer: 22                       0.00000000 N/A
Timer: 23                       0.00000000 N/A
Timer: 24                       0.00000000 N/A
Timer: 25                       0.00000000 N/A
Timer: 26                       0.00000000 N/A
Timer: 27                       0.00000000 N/A
Timer: 28                       0.00000000 N/A
Timer: 29                       0.00000000 N/A
Timer: 30                       0.00000000 N/A
Timer: 31                       0.00000000 N/A
Timer: 0                       2.63139534 read
Timer: 1                       2.83887524 mmSeeds+instantiateSeeds
Timer: 2                      49.17949078 searchAllSeeds
Timer: 3                      63.11239563 extendSeeds
Timer: 4                       0.03479895 searchAllSeeds
Timer: 5                       0.13332352 extendSeeds
Timer: 6                       1.67930465 searchAllSeeds
Timer: 7                       0.01717187 extendSeeds
Timer: 8                       1.95640854 finishReadOne
Timer: 9                       0.77423482 extendSeeds
Timer: 10                       0.00747184 finishReadOne
Timer: 11                       0.00000000 N/A
Timer: 12                       0.00000000 N/A
Timer: 13                       0.00000000 N/A
Timer: 14                       0.00000000 N/A
Timer: 15                       0.00000000 N/A
Timer: 16                       0.00000000 N/A
Timer: 17                       0.00000000 N/A
Timer: 18                       0.00000000 N/A
Timer: 19                       0.00000000 N/A
Timer: 20                       0.00000000 N/A
Timer: 21                       0.00000000 N/A
Timer: 22                       0.00000000 N/A
Timer: 23                       0.00000000 N/A
Timer: 24                       0.00000000 N/A
Timer: 25                       0.00000000 N/A
Timer: 26                       0.00000000 N/A
Timer: 27                       0.00000000 N/A
Timer: 28                       0.00000000 N/A
Timer: 29                       0.00000000 N/A
Timer: 30                       0.00000000 N/A
Timer: 31                       0.00000000 N/A
Timer: 0                       2.57738264 read
Timer: 1                       2.81767971 mmSeeds+instantiateSeeds
Timer: 2                      48.92537011 searchAllSeeds
Timer: 3                      63.07909831 extendSeeds
Timer: 4                       0.03679783 searchAllSeeds
Timer: 5                       0.14569356 extendSeeds
Timer: 6                       1.83825642 searchAllSeeds
Timer: 7                       0.01790450 extendSeeds
Timer: 8                       1.96875977 finishReadOne
Timer: 9                       0.86549380 extendSeeds
Timer: 10                       0.00672925 finishReadOne
Timer: 11                       0.00000000 N/A
Timer: 12                       0.00000000 N/A
Timer: 13                       0.00000000 N/A
Timer: 14                       0.00000000 N/A
Timer: 15                       0.00000000 N/A
Timer: 16                       0.00000000 N/A
Timer: 17                       0.00000000 N/A
Timer: 18                       0.00000000 N/A
Timer: 19                       0.00000000 N/A
Timer: 20                       0.00000000 N/A
Timer: 21                       0.00000000 N/A
Timer: 22                       0.00000000 N/A
Timer: 23                       0.00000000 N/A
Timer: 24                       0.00000000 N/A
Timer: 25                       0.00000000 N/A
Timer: 26                       0.00000000 N/A
Timer: 27                       0.00000000 N/A
Timer: 28                       0.00000000 N/A
Timer: 29                       0.00000000 N/A
Timer: 30                       0.00000000 N/A
Timer: 31                       0.00000000 N/A
Timer: 0                       2.60577313 read
Timer: 1                       2.83116486 mmSeeds+instantiateSeeds
Timer: 2                      49.01773858 searchAllSeeds
Timer: 3                      63.16661840 extendSeeds
Timer: 4                       0.03457940 searchAllSeeds
Timer: 5                       0.13714173 extendSeeds
Timer: 6                       1.74125590 searchAllSeeds
Timer: 7                       0.01741776 extendSeeds
Timer: 8                       1.98661094 finishReadOne
Timer: 9                       0.83952124 extendSeeds
Timer: 10                       0.00600273 finishReadOne
Timer: 11                       0.00000000 N/A
Timer: 12                       0.00000000 N/A
Timer: 13                       0.00000000 N/A
Timer: 14                       0.00000000 N/A
Timer: 15                       0.00000000 N/A
Timer: 16                       0.00000000 N/A
Timer: 17                       0.00000000 N/A
Timer: 18                       0.00000000 N/A
Timer: 19                       0.00000000 N/A
Timer: 20                       0.00000000 N/A
Timer: 21                       0.00000000 N/A
Timer: 22                       0.00000000 N/A
Timer: 23                       0.00000000 N/A
Timer: 24                       0.00000000 N/A
Timer: 25                       0.00000000 N/A
Timer: 26                       0.00000000 N/A
Timer: 27                       0.00000000 N/A
Timer: 28                       0.00000000 N/A
Timer: 29                       0.00000000 N/A
Timer: 30                       0.00000000 N/A
Timer: 31                       0.00000000 N/A
Timer: 0                       2.62592996 read
Timer: 1                       2.85632068 mmSeeds+instantiateSeeds
Timer: 2                      48.97016867 searchAllSeeds
Timer: 3                      62.92772820 extendSeeds
Timer: 4                       0.03570475 searchAllSeeds
Timer: 5                       0.14141041 extendSeeds
Timer: 6                       1.77827121 searchAllSeeds
Timer: 7                       0.01744529 extendSeeds
Timer: 8                       1.97796313 finishReadOne
Timer: 9                       0.83589992 finishReadOne
Timer: 10                       0.00611447 finishReadOne
Timer: 11                       0.00000000 N/A
Timer: 12                       0.00000000 N/A
Timer: 13                       0.00000000 N/A
Timer: 14                       0.00000000 N/A
Timer: 15                       0.00000000 N/A
Timer: 16                       0.00000000 N/A
Timer: 17                       0.00000000 N/A
Timer: 18                       0.00000000 N/A
Timer: 19                       0.00000000 N/A
Timer: 20                       0.00000000 N/A
Timer: 21                       0.00000000 N/A
Timer: 22                       0.00000000 N/A
Timer: 23                       0.00000000 N/A
Timer: 24                       0.00000000 N/A
Timer: 25                       0.00000000 N/A
Timer: 26                       0.00000000 N/A
Timer: 27                       0.00000000 N/A
Timer: 28                       0.00000000 N/A
Timer: 29                       0.00000000 N/A
Timer: 30                       0.00000000 N/A
Timer: 31                       0.00000000 N/A
Timer: 0                       2.59920787 read
Timer: 0                       2.67080342 read
Timer: 1                       2.85521812 mmSeeds+instantiateSeeds
Timer: 2                      48.89188000 searchAllSeeds
Timer: 3                      63.07660784 extendSeeds
Timer: 1                       2.83935667 mmSeeds+instantiateSeeds
Timer: 2                      48.95694480 searchAllSeeds
Timer: 3                      63.07469355 extendSeeds
Timer: 4                       0.03603390 searchAllSeeds
Timer: 5                       0.13676039 extendSeeds
Timer: 6                       1.73664689 searchAllSeeds
Timer: 7                       0.01735535 extendSeeds
Timer: 4                       0.03457773 searchAllSeeds
Timer: 5                       0.13910242 extendSeeds
Timer: 6                       1.77857670 searchAllSeeds
Timer: 8                       1.96878833 finishReadOne
Timer: 9                       0.78030144 extendSeeds
Timer: 10                       0.00642868 finishReadOne
Timer: 7                       0.01753318 extendSeeds
Timer: 8                       1.98022778 finishReadOne
Timer: 11                       0.00000000 N/A
Timer: 12                       0.00000000 N/A
Timer: 13                       0.00000000 N/A
Timer: 14                       0.00000000 N/A
Timer: 15                       0.00000000 N/A
Timer: 9                       0.84751983 extendSeeds
Timer: 10                       0.00680813 finishReadOne
Timer: 11                       0.00000000 N/A
Timer: 16                       0.00000000 N/A
Timer: 17                       0.00000000 N/A
Timer: 18                       0.00000000 N/A
Timer: 19                       0.00000000 N/A
Timer: 20                       0.00000000 N/A
Timer: 21                       0.00000000 N/A
Timer: 22                       0.00000000 N/A
Timer: 12                       0.00000000 N/A
Timer: 13                       0.00000000 N/A
Timer: 14                       0.00000000 N/A
Timer: 15                       0.00000000 N/A
Timer: 16                       0.00000000 N/A
Timer: 17                       0.00000000 N/A
Timer: 18                       0.00000000 N/A
Timer: 19                       0.00000000 N/A
Timer: 23                       0.00000000 N/A
Timer: 24                       0.00000000 N/A
Timer: 20                       0.00000000 N/A
Timer: 21                       0.00000000 N/A
Timer: 25                       0.00000000 N/A
Timer: 26                       0.00000000 N/A
Timer: 27                       0.00000000 N/A
Timer: 28                       0.00000000 N/A
Timer: 29                       0.00000000 N/A
Timer: 30                       0.00000000 N/A
Timer: 22                       0.00000000 N/A
Timer: 23                       0.00000000 N/A
Timer: 31                       0.00000000 N/A
Timer: 24                       0.00000000 N/A
Timer: 25                       0.00000000 N/A
Timer: 26                       0.00000000 N/A
Timer: 27                       0.00000000 N/A
Timer: 28                       0.00000000 N/A
Timer: 29                       0.00000000 N/A
Timer: 30                       0.00000000 N/A
Timer: 31                       0.00000000 N/A
Timer: 0                       2.59093610 read
Timer: 1                       2.85183556 mmSeeds+instantiateSeeds
Timer: 2                      48.85403258 searchAllSeeds
Timer: 3                      63.27010823 extendSeeds
Timer: 4                       0.03451105 searchAllSeeds
Timer: 5                       0.13913666 extendSeeds
Timer: 6                       1.75721493 searchAllSeeds
Timer: 7                       0.01733891 extendSeeds
Timer: 8                       1.96888328 finishReadOne
Timer: 9                       0.84689636 finishReadOne
Timer: 10                       0.00713495 finishReadOne
Timer: 11                       0.00000000 N/A
Timer: 12                       0.00000000 N/A
Timer: 13                       0.00000000 N/A
Timer: 14                       0.00000000 N/A
Timer: 15                       0.00000000 N/A
Timer: 16                       0.00000000 N/A
Timer: 17                       0.00000000 N/A
Timer: 18                       0.00000000 N/A
Timer: 19                       0.00000000 N/A
Timer: 20                       0.00000000 N/A
Timer: 21                       0.00000000 N/A
Timer: 22                       0.00000000 N/A
Timer: 23                       0.00000000 N/A
Timer: 24                       0.00000000 N/A
Timer: 25                       0.00000000 N/A
Timer: 26                       0.00000000 N/A
Timer: 27                       0.00000000 N/A
Timer: 28                       0.00000000 N/A
Timer: 29                       0.00000000 N/A
Timer: 0                       2.61064838 read
Timer: 1                       2.84364660 mmSeeds+instantiateSeeds
Timer: 2                      49.05048787 searchAllSeeds
Timer: 3                      63.04454564 extendSeeds
Timer: 4                       0.03587249 searchAllSeeds
Timer: 5                       0.14053847 extendSeeds
Timer: 6                       1.74621309 searchAllSeeds
Timer: 30                       0.00000000 N/A
Timer: 31                       0.00000000 N/A
Timer: 7                       0.01746773 extendSeeds
Timer: 8                       1.99638240 finishReadOne
Timer: 9                       0.78258613 extendSeeds
Timer: 10                       0.00731073 finishReadOne
Timer: 11                       0.00000000 N/A
Timer: 12                       0.00000000 N/A
Timer: 13                       0.00000000 N/A
Timer: 14                       0.00000000 N/A
Timer: 15                       0.00000000 N/A
Timer: 16                       0.00000000 N/A
Timer: 17                       0.00000000 N/A
Timer: 18                       0.00000000 N/A
Timer: 19                       0.00000000 N/A
Timer: 20                       0.00000000 N/A
Timer: 21                       0.00000000 N/A
Timer: 22                       0.00000000 N/A
Timer: 23                       0.00000000 N/A
Timer: 24                       0.00000000 N/A
Timer: 25                       0.00000000 N/A
Timer: 26                       0.00000000 N/A
Timer: 27                       0.00000000 N/A
Timer: 28                       0.00000000 N/A
Timer: 29                       0.00000000 N/A
Timer: 30                       0.00000000 N/A
Timer: 31                       0.00000000 N/A
Timer: 0                       2.56359361 read
Timer: 1                       2.81042990 mmSeeds+instantiateSeeds
Timer: 2                      49.24606447 searchAllSeeds
Timer: 3                      62.99738281 extendSeeds
Timer: 4                       0.03594075 searchAllSeeds
Timer: 5                       0.12725694 extendSeeds
Timer: 6                       1.64602695 searchAllSeeds
Timer: 7                       0.01712424 extendSeeds
Timer: 8                       1.95923267 finishReadOne
Timer: 9                       0.75604564 extendSeeds
Timer: 10                       0.00605255 finishReadOne
Timer: 11                       0.00000000 N/A
Timer: 12                       0.00000000 N/A
Timer: 13                       0.00000000 N/A
Timer: 14                       0.00000000 N/A
Timer: 15                       0.00000000 N/A
Timer: 16                       0.00000000 N/A
Timer: 17                       0.00000000 N/A
Timer: 18                       0.00000000 N/A
Timer: 19                       0.00000000 N/A
Timer: 20                       0.00000000 N/A
Timer: 21                       0.00000000 N/A
Timer: 22                       0.00000000 N/A
Timer: 23                       0.00000000 N/A
Timer: 24                       0.00000000 N/A
Timer: 25                       0.00000000 N/A
Timer: 26                       0.00000000 N/A
Timer: 27                       0.00000000 N/A
Timer: 28                       0.00000000 N/A
Timer: 29                       0.00000000 N/A
Timer: 30                       0.00000000 N/A
Timer: 31                       0.00000000 N/A
Timer: 0                       2.62885265 read
Timer: 1                       2.85684528 mmSeeds+instantiateSeeds
Timer: 2                      49.05900286 searchAllSeeds
Timer: 3                      63.05042374 extendSeeds
Timer: 4                       0.03546678 searchAllSeeds
Timer: 5                       0.13803065 extendSeeds
Timer: 6                       1.74473550 searchAllSeeds
Timer: 7                       0.01757526 extendSeeds
Timer: 8                       1.97175457 finishReadOne
Timer: 9                       0.81646501 finishReadOne
Timer: 10                       0.00696021 finishReadOne
Timer: 11                       0.00000000 N/A
Timer: 12                       0.00000000 N/A
Timer: 13                       0.00000000 N/A
Timer: 14                       0.00000000 N/A
Timer: 15                       0.00000000 N/A
Timer: 16                       0.00000000 N/A
Timer: 17                       0.00000000 N/A
Timer: 18                       0.00000000 N/A
Timer: 19                       0.00000000 N/A
Timer: 20                       0.00000000 N/A
Timer: 21                       0.00000000 N/A
Timer: 22                       0.00000000 N/A
Timer: 23                       0.00000000 N/A
Timer: 24                       0.00000000 N/A
Timer: 25                       0.00000000 N/A
Timer: 26                       0.00000000 N/A
Timer: 27                       0.00000000 N/A
Timer: 28                       0.00000000 N/A
Timer: 29                       0.00000000 N/A
Timer: 30                       0.00000000 N/A
Timer: 31                       0.00000000 N/A
Timer: 0                       2.62755475 read
Timer: 1                       2.82954073 mmSeeds+instantiateSeeds
Timer: 2                      48.82386200 searchAllSeeds
Timer: 3                      63.04117645 extendSeeds
Timer: 4                       0.03586633 searchAllSeeds
Timer: 5                       0.14099405 extendSeeds
Timer: 6                       1.80057074 searchAllSeeds
Timer: 7                       0.01751369 extendSeeds
Timer: 8                       1.97426465 finishReadOne
Timer: 9                       0.85308310 extendSeeds
Timer: 10                       0.00583891 finishReadOne
Timer: 11                       0.00000000 N/A
Timer: 12                       0.00000000 N/A
Timer: 13                       0.00000000 N/A
Timer: 14                       0.00000000 N/A
Timer: 15                       0.00000000 N/A
Timer: 16                       0.00000000 N/A
Timer: 17                       0.00000000 N/A
Timer: 18                       0.00000000 N/A
Timer: 19                       0.00000000 N/A
Timer: 20                       0.00000000 N/A
Timer: 21                       0.00000000 N/A
Timer: 22                       0.00000000 N/A
Timer: 23                       0.00000000 N/A
Timer: 24                       0.00000000 N/A
Timer: 25                       0.00000000 N/A
Timer: 26                       0.00000000 N/A
Timer: 27                       0.00000000 N/A
Timer: 28                       0.00000000 N/A
Timer: 29                       0.00000000 N/A
Timer: 30                       0.00000000 N/A
Timer: 31                       0.00000000 N/A
Timer: 0                       2.62813832 read
Timer: 1                       2.84790466 mmSeeds+instantiateSeeds
Timer: 2                      49.13815905 searchAllSeeds
Timer: 3                      63.13523448 extendSeeds
Timer: 4                       0.03524155 searchAllSeeds
Timer: 5                       0.13220936 extendSeeds
Timer: 6                       1.68533638 searchAllSeeds
Timer: 7                       0.01714855 extendSeeds
Timer: 8                       1.93051634 finishReadOne
Timer: 9                       0.78936656 extendSeeds
Timer: 10                       0.00717742 finishReadOne
Timer: 11                       0.00000000 N/A
Timer: 12                       0.00000000 N/A
Timer: 13                       0.00000000 N/A
Timer: 14                       0.00000000 N/A
Timer: 15                       0.00000000 N/A
Timer: 16                       0.00000000 N/A
Timer: 17                       0.00000000 N/A
Timer: 18                       0.00000000 N/A
Timer: 19                       0.00000000 N/A
Timer: 20                       0.00000000 N/A
Timer: 21                       0.00000000 N/A
Timer: 22                       0.00000000 N/A
Timer: 23                       0.00000000 N/A
Timer: 24                       0.00000000 N/A
Timer: 25                       0.00000000 N/A
Timer: 26                       0.00000000 N/A
Timer: 27                       0.00000000 N/A
Timer: 28                       0.00000000 N/A
Timer: 29                       0.00000000 N/A
Timer: 30                       0.00000000 N/A
Timer: 31                       0.00000000 N/A
Timer: 0                       2.60623272 read
Timer: 1                       2.84564829 mmSeeds+instantiateSeeds
Timer: 2                      49.11850627 searchAllSeeds
Timer: 3                      62.98774622 extendSeeds
Timer: 4                       0.03490930 searchAllSeeds
Timer: 5                       0.13702345 extendSeeds
Timer: 6                       1.75987542 searchAllSeeds
Timer: 7                       0.01735707 extendSeeds
Timer: 8                       1.96645796 finishReadOne
Timer: 9                       0.81627874 finishReadOne
Timer: 10                       0.00663387 finishReadOne
Timer: 11                       0.00000000 N/A
Timer: 12                       0.00000000 N/A
Timer: 13                       0.00000000 N/A
Timer: 14                       0.00000000 N/A
Timer: 15                       0.00000000 N/A
Timer: 16                       0.00000000 N/A
Timer: 17                       0.00000000 N/A
Timer: 18                       0.00000000 N/A
Timer: 19                       0.00000000 N/A
Timer: 20                       0.00000000 N/A
Timer: 21                       0.00000000 N/A
Timer: 22                       0.00000000 N/A
Timer: 23                       0.00000000 N/A
Timer: 24                       0.00000000 N/A
Timer: 25                       0.00000000 N/A
Timer: 26                       0.00000000 N/A
Timer: 27                       0.00000000 N/A
Timer: 28                       0.00000000 N/A
Timer: 29                       0.00000000 N/A
Timer: 30                       0.00000000 N/A
Timer: 31                       0.00000000 N/A
Timer: 0                       2.56691028 read
Timer: 1                       2.85112825 mmSeeds+instantiateSeeds
Timer: 2                      48.95435043 searchAllSeeds
Timer: 3                      63.30205722 extendSeeds
Timer: 4                       0.03520822 searchAllSeeds
Timer: 5                       0.13652503 extendSeeds
Timer: 6                       1.75708008 searchAllSeeds
Timer: 7                       0.01732212 extendSeeds
Timer: 8                       1.95484386 finishReadOne
Timer: 9                       0.79904074 extendSeeds
Timer: 10                       0.00780172 finishReadOne
Timer: 11                       0.00000000 N/A
Timer: 12                       0.00000000 N/A
Timer: 13                       0.00000000 N/A
Timer: 14                       0.00000000 N/A
Timer: 15                       0.00000000 N/A
Timer: 16                       0.00000000 N/A
Timer: 17                       0.00000000 N/A
Timer: 18                       0.00000000 N/A
Timer: 19                       0.00000000 N/A
Timer: 20                       0.00000000 N/A
Timer: 21                       0.00000000 N/A
Timer: 22                       0.00000000 N/A
Timer: 23                       0.00000000 N/A
Timer: 24                       0.00000000 N/A
Timer: 25                       0.00000000 N/A
Timer: 26                       0.00000000 N/A
Timer: 27                       0.00000000 N/A
Timer: 28                       0.00000000 N/A
Timer: 29                       0.00000000 N/A
Timer: 30                       0.00000000 N/A
Timer: 31                       0.00000000 N/A
5773776 reads; of these:
  5773776 (100.00%) were unpaired; of these:
    5758925 (99.74%) aligned 0 times
    2996 (0.05%) aligned exactly 1 time
    11855 (0.21%) aligned >1 times
0.26% overall alignment rate
 149811 2993224 68531290

real	2m11.945s
user	32m5.500s
sys	0m39.723s
==== CPU 2 ==========
Timer: 0                       2.25089217 read
Timer: 1                       2.82723445 mmSeeds+instantiateSeeds
Timer: 2                      49.16258452 searchAllSeeds
Timer: 3                      61.53497252 extendSeeds
Timer: 4                       0.03532436 searchAllSeeds
Timer: 5                       0.13943267 extendSeeds
Timer: 6                       1.74791644 searchAllSeeds
Timer: 7                       0.01740814 extendSeeds
Timer: 8                       1.88025136 finishReadOne
Timer: 9                       0.84420504 extendSeeds
Timer: 10                       0.00720293 finishReadOne
Timer: 11                       0.00000000 N/A
Timer: 12                       0.00000000 N/A
Timer: 13                       0.00000000 N/A
Timer: 14                       0.00000000 N/A
Timer: 15                       0.00000000 N/A
Timer: 16                       0.00000000 N/A
Timer: 17                       0.00000000 N/A
Timer: 18                       0.00000000 N/A
Timer: 19                       0.00000000 N/A
Timer: 20                       0.00000000 N/A
Timer: 21                       0.00000000 N/A
Timer: 22                       0.00000000 N/A
Timer: 23                       0.00000000 N/A
Timer: 24                       0.00000000 N/A
Timer: 25                       0.00000000 N/A
Timer: 26                       0.00000000 N/A
Timer: 27                       0.00000000 N/A
Timer: 28                       0.00000000 N/A
Timer: 29                       0.00000000 N/A
Timer: 30                       0.00000000 N/A
Timer: 31                       0.00000000 N/A
Timer: 0                       2.22010014 read
Timer: 1                       2.80960193 mmSeeds+instantiateSeeds
Timer: 2                      48.99863468 searchAllSeeds
Timer: 3                      61.82970563 extendSeeds
Timer: 4                       0.03513638 searchAllSeeds
Timer: 5                       0.13920580 extendSeeds
Timer: 6                       1.75989426 searchAllSeeds
Timer: 7                       0.01732119 extendSeeds
Timer: 8                       1.88996403 finishReadOne
Timer: 9                       0.79775168 extendSeeds
Timer: 10                       0.00783771 finishReadOne
Timer: 11                       0.00000000 N/A
Timer: 12                       0.00000000 N/A
Timer: 13                       0.00000000 N/A
Timer: 14                       0.00000000 N/A
Timer: 15                       0.00000000 N/A
Timer: 16                       0.00000000 N/A
Timer: 17                       0.00000000 N/A
Timer: 18                       0.00000000 N/A
Timer: 19                       0.00000000 N/A
Timer: 20                       0.00000000 N/A
Timer: 21                       0.00000000 N/A
Timer: 22                       0.00000000 N/A
Timer: 23                       0.00000000 N/A
Timer: 24                       0.00000000 N/A
Timer: 25                       0.00000000 N/A
Timer: 26                       0.00000000 N/A
Timer: 27                       0.00000000 N/A
Timer: 28                       0.00000000 N/A
Timer: 29                       0.00000000 N/A
Timer: 30                       0.00000000 N/A
Timer: 31                       0.00000000 N/A
Timer: 0                       2.27713595 read
Timer: 1                       2.84511321 mmSeeds+instantiateSeeds
Timer: 2                      49.04733761 searchAllSeeds
Timer: 3                      61.84568757 extendSeeds
Timer: 4                       0.03392999 searchAllSeeds
Timer: 5                       0.13245823 extendSeeds
Timer: 6                       1.67523748 searchAllSeeds
Timer: 7                       0.01709753 extendSeeds
Timer: 8                       1.89299423 finishReadOne
Timer: 9                       0.74186775 extendSeeds
Timer: 10                       0.00746647 finishReadOne
Timer: 11                       0.00000000 N/A
Timer: 12                       0.00000000 N/A
Timer: 13                       0.00000000 N/A
Timer: 14                       0.00000000 N/A
Timer: 15                       0.00000000 N/A
Timer: 16                       0.00000000 N/A
Timer: 17                       0.00000000 N/A
Timer: 18                       0.00000000 N/A
Timer: 0                       2.24604932 read
Timer: 1                       2.81377789 mmSeeds+instantiateSeeds
Timer: 2                      48.95971683 searchAllSeeds
Timer: 3                      61.88979520 extendSeeds
Timer: 4                       0.03362400 searchAllSeeds
Timer: 19                       0.00000000 N/A
Timer: 20                       0.00000000 N/A
Timer: 21                       0.00000000 N/A
Timer: 22                       0.00000000 N/A
Timer: 23                       0.00000000 N/A
Timer: 24                       0.00000000 N/A
Timer: 25                       0.00000000 N/A
Timer: 26                       0.00000000 N/A
Timer: 27                       0.00000000 N/A
Timer: 5                       0.13933084 extendSeeds
Timer: 6                       1.75323568 searchAllSeeds
Timer: 7                       0.01732770 extendSeeds
Timer: 8                       1.89118473 finishReadOne
Timer: 9                       0.81334779 extendSeeds
Timer: 28                       0.00000000 N/A
Timer: 29                       0.00000000 N/A
Timer: 30                       0.00000000 N/A
Timer: 31                       0.00000000 N/A
Timer: 10                       0.00716206 finishReadOne
Timer: 11                       0.00000000 N/A
Timer: 12                       0.00000000 N/A
Timer: 13                       0.00000000 N/A
Timer: 14                       0.00000000 N/A
Timer: 15                       0.00000000 N/A
Timer: 16                       0.00000000 N/A
Timer: 17                       0.00000000 N/A
Timer: 18                       0.00000000 N/A
Timer: 19                       0.00000000 N/A
Timer: 20                       0.00000000 N/A
Timer: 21                       0.00000000 N/A
Timer: 22                       0.00000000 N/A
Timer: 23                       0.00000000 N/A
Timer: 24                       0.00000000 N/A
Timer: 25                       0.00000000 N/A
Timer: 26                       0.00000000 N/A
Timer: 27                       0.00000000 N/A
Timer: 28                       0.00000000 N/A
Timer: 29                       0.00000000 N/A
Timer: 30                       0.00000000 N/A
Timer: 31                       0.00000000 N/A
Timer: 0                       2.26260046 read
Timer: 1                       2.82740086 mmSeeds+instantiateSeeds
Timer: 2                      48.98525947 searchAllSeeds
Timer: 3                      61.71669884 extendSeeds
Timer: 4                       0.03554034 searchAllSeeds
Timer: 5                       0.14027573 extendSeeds
Timer: 6                       1.80131420 searchAllSeeds
Timer: 7                       0.01746949 extendSeeds
Timer: 8                       1.87696812 finishReadOne
Timer: 9                       0.82547128 extendSeeds
Timer: 10                       0.00750648 finishReadOne
Timer: 11                       0.00000000 N/A
Timer: 12                       0.00000000 N/A
Timer: 13                       0.00000000 N/A
Timer: 14                       0.00000000 N/A
Timer: 15                       0.00000000 N/A
Timer: 16                       0.00000000 N/A
Timer: 17                       0.00000000 N/A
Timer: 18                       0.00000000 N/A
Timer: 19                       0.00000000 N/A
Timer: 20                       0.00000000 N/A
Timer: 21                       0.00000000 N/A
Timer: 22                       0.00000000 N/A
Timer: 23                       0.00000000 N/A
Timer: 24                       0.00000000 N/A
Timer: 25                       0.00000000 N/A
Timer: 26                       0.00000000 N/A
Timer: 27                       0.00000000 N/A
Timer: 28                       0.00000000 N/A
Timer: 29                       0.00000000 N/A
Timer: 30                       0.00000000 N/A
Timer: 31                       0.00000000 N/A
Timer: 0                       2.28048307 read
Timer: 1                       2.92269600 mmSeeds+instantiateSeeds
Timer: 2                      49.02347908 searchAllSeeds
Timer: 3                      61.64279705 extendSeeds
Timer: 4                       0.03390449 searchAllSeeds
Timer: 5                       0.13451507 extendSeeds
Timer: 6                       1.75871918 searchAllSeeds
Timer: 7                       0.01746764 extendSeeds
Timer: 8                       1.91507157 finishReadOne
Timer: 9                       0.80891894 extendSeeds
Timer: 10                       0.00733104 finishReadOne
Timer: 11                       0.00000000 N/A
Timer: 12                       0.00000000 N/A
Timer: 13                       0.00000000 N/A
Timer: 14                       0.00000000 N/A
Timer: 15                       0.00000000 N/A
Timer: 16                       0.00000000 N/A
Timer: 17                       0.00000000 N/A
Timer: 18                       0.00000000 N/A
Timer: 19                       0.00000000 N/A
Timer: 20                       0.00000000 N/A
Timer: 21                       0.00000000 N/A
Timer: 22                       0.00000000 N/A
Timer: 23                       0.00000000 N/A
Timer: 24                       0.00000000 N/A
Timer: 25                       0.00000000 N/A
Timer: 26                       0.00000000 N/A
Timer: 27                       0.00000000 N/A
Timer: 28                       0.00000000 N/A
Timer: 29                       0.00000000 N/A
Timer: 30                       0.00000000 N/A
Timer: 31                       0.00000000 N/A
Timer: 0                       2.25602981 read
Timer: 1                       2.80304988 mmSeeds+instantiateSeeds
Timer: 2                      49.03911731 searchAllSeeds
Timer: 3                      61.77433349 extendSeeds
Timer: 4                       0.03395223 searchAllSeeds
Timer: 5                       0.13502877 extendSeeds
Timer: 6                       1.73788652 searchAllSeeds
Timer: 7                       0.01732990 extendSeeds
Timer: 8                       1.90754205 finishReadOne
Timer: 9                       0.82492800 extendSeeds
Timer: 10                       0.00689452 finishReadOne
Timer: 11                       0.00000000 N/A
Timer: 12                       0.00000000 N/A
Timer: 13                       0.00000000 N/A
Timer: 14                       0.00000000 N/A
Timer: 15                       0.00000000 N/A
Timer: 16                       0.00000000 N/A
Timer: 17                       0.00000000 N/A
Timer: 18                       0.00000000 N/A
Timer: 19                       0.00000000 N/A
Timer: 20                       0.00000000 N/A
Timer: 21                       0.00000000 N/A
Timer: 22                       0.00000000 N/A
Timer: 23                       0.00000000 N/A
Timer: 24                       0.00000000 N/A
Timer: 25                       0.00000000 N/A
Timer: 26                       0.00000000 N/A
Timer: 27                       0.00000000 N/A
Timer: 28                       0.00000000 N/A
Timer: 29                       0.00000000 N/A
Timer: 30                       0.00000000 N/A
Timer: 31                       0.00000000 N/A
Timer: 0                       2.19064256 read
Timer: 1                       2.86774775 mmSeeds+instantiateSeeds
Timer: 2                      48.61766896 searchAllSeeds
Timer: 3                      62.23193836 extendSeeds
Timer: 4                       0.03890372 searchAllSeeds
Timer: 5                       0.13532454 extendSeeds
Timer: 6                       1.73143687 searchAllSeeds
Timer: 7                       0.01742830 extendSeeds
Timer: 8                       1.90165965 finishReadOne
Timer: 9                       0.78453950 finishReadOne
Timer: 10                       0.00719351 finishReadOne
Timer: 11                       0.00000000 N/A
Timer: 12                       0.00000000 N/A
Timer: 13                       0.00000000 N/A
Timer: 14                       0.00000000 N/A
Timer: 15                       0.00000000 N/A
Timer: 16                       0.00000000 N/A
Timer: 17                       0.00000000 N/A
Timer: 18                       0.00000000 N/A
Timer: 19                       0.00000000 N/A
Timer: 20                       0.00000000 N/A
Timer: 21                       0.00000000 N/A
Timer: 22                       0.00000000 N/A
Timer: 23                       0.00000000 N/A
Timer: 24                       0.00000000 N/A
Timer: 25                       0.00000000 N/A
Timer: 26                       0.00000000 N/A
Timer: 27                       0.00000000 N/A
Timer: 28                       0.00000000 N/A
Timer: 29                       0.00000000 N/A
Timer: 30                       0.00000000 N/A
Timer: 31                       0.00000000 N/A
Timer: 0                       2.20851707 read
Timer: 1                       2.82083852 mmSeeds+instantiateSeeds
Timer: 2                      48.92181675 searchAllSeeds
Timer: 3                      61.91762996 extendSeeds
Timer: 4                       0.03503501 searchAllSeeds
Timer: 5                       0.13254923 extendSeeds
Timer: 6                       1.67497676 searchAllSeeds
Timer: 7                       0.01744294 extendSeeds
Timer: 8                       1.89848220 finishReadOne
Timer: 9                       0.80279025 extendSeeds
Timer: 10                       0.00749903 finishReadOne
Timer: 11                       0.00000000 N/A
Timer: 12                       0.00000000 N/A
Timer: 13                       0.00000000 N/A
Timer: 14                       0.00000000 N/A
Timer: 15                       0.00000000 N/A
Timer: 16                       0.00000000 N/A
Timer: 17                       0.00000000 N/A
Timer: 18                       0.00000000 N/A
Timer: 19                       0.00000000 N/A
Timer: 20                       0.00000000 N/A
Timer: 21                       0.00000000 N/A
Timer: 22                       0.00000000 N/A
Timer: 23                       0.00000000 N/A
Timer: 24                       0.00000000 N/A
Timer: 25                       0.00000000 N/A
Timer: 26                       0.00000000 N/A
Timer: 27                       0.00000000 N/A
Timer: 28                       0.00000000 N/A
Timer: 29                       0.00000000 N/A
Timer: 30                       0.00000000 N/A
Timer: 31                       0.00000000 N/A
Timer: 0                       2.22868696 read
Timer: 1                       2.86593694 mmSeeds+instantiateSeeds
Timer: 2                      49.17389900 searchAllSeeds
Timer: 3                      61.76813574 extendSeeds
Timer: 4                       0.03477294 searchAllSeeds
Timer: 5                       0.13354230 extendSeeds
Timer: 6                       1.67079818 searchAllSeeds
Timer: 7                       0.01729814 extendSeeds
Timer: 8                       1.87945642 finishReadOne
Timer: 9                       0.78069660 extendSeeds
Timer: 10                       0.00674912 finishReadOne
Timer: 11                       0.00000000 N/A
Timer: 12                       0.00000000 N/A
Timer: 13                       0.00000000 N/A
Timer: 14                       0.00000000 N/A
Timer: 15                       0.00000000 N/A
Timer: 16                       0.00000000 N/A
Timer: 17                       0.00000000 N/A
Timer: 18                       0.00000000 N/A
Timer: 19                       0.00000000 N/A
Timer: 20                       0.00000000 N/A
Timer: 21                       0.00000000 N/A
Timer: 22                       0.00000000 N/A
Timer: 23                       0.00000000 N/A
Timer: 24                       0.00000000 N/A
Timer: 25                       0.00000000 N/A
Timer: 26                       0.00000000 N/A
Timer: 27                       0.00000000 N/A
Timer: 28                       0.00000000 N/A
Timer: 29                       0.00000000 N/A
Timer: 30                       0.00000000 N/A
Timer: 31                       0.00000000 N/A
Timer: 0                       2.26195427 read
Timer: 1                       2.83228633 mmSeeds+instantiateSeeds
Timer: 2                      49.19319874 searchAllSeeds
Timer: 3                      61.59440267 extendSeeds
Timer: 4                       0.03434329 searchAllSeeds
Timer: 5                       0.13386645 extendSeeds
Timer: 6                       1.67472365 searchAllSeeds
Timer: 7                       0.01722683 extendSeeds
Timer: 8                       1.89928904 finishReadOne
Timer: 9                       0.76961647 extendSeeds
Timer: 10                       0.00718725 finishReadOne
Timer: 11                       0.00000000 N/A
Timer: 12                       0.00000000 N/A
Timer: 13                       0.00000000 N/A
Timer: 14                       0.00000000 N/A
Timer: 15                       0.00000000 N/A
Timer: 16                       0.00000000 N/A
Timer: 17                       0.00000000 N/A
Timer: 18                       0.00000000 N/A
Timer: 19                       0.00000000 N/A
Timer: 20                       0.00000000 N/A
Timer: 21                       0.00000000 N/A
Timer: 22                       0.00000000 N/A
Timer: 23                       0.00000000 N/A
Timer: 24                       0.00000000 N/A
Timer: 25                       0.00000000 N/A
Timer: 26                       0.00000000 N/A
Timer: 27                       0.00000000 N/A
Timer: 28                       0.00000000 N/A
Timer: 29                       0.00000000 N/A
Timer: 30                       0.00000000 N/A
Timer: 31                       0.00000000 N/A
Timer: 0                       2.21756367 read
Timer: 1                       2.79728059 mmSeeds+instantiateSeeds
Timer: 2                      48.82093874 searchAllSeeds
Timer: 3                      61.82761385 extendSeeds
Timer: 4                       0.03724454 searchAllSeeds
Timer: 5                       0.14219106 extendSeeds
Timer: 6                       1.80088611 searchAllSeeds
Timer: 7                       0.01741053 extendSeeds
Timer: 8                       1.88353272 finishReadOne
Timer: 9                       0.87045782 extendSeeds
Timer: 10                       0.00800894 finishReadOne
Timer: 11                       0.00000000 N/A
Timer: 12                       0.00000000 N/A
Timer: 13                       0.00000000 N/A
Timer: 14                       0.00000000 N/A
Timer: 15                       0.00000000 N/A
Timer: 16                       0.00000000 N/A
Timer: 17                       0.00000000 N/A
Timer: 18                       0.00000000 N/A
Timer: 19                       0.00000000 N/A
Timer: 20                       0.00000000 N/A
Timer: 21                       0.00000000 N/A
Timer: 22                       0.00000000 N/A
Timer: 23                       0.00000000 N/A
Timer: 24                       0.00000000 N/A
Timer: 25                       0.00000000 N/A
Timer: 26                       0.00000000 N/A
Timer: 27                       0.00000000 N/A
Timer: 28                       0.00000000 N/A
Timer: 29                       0.00000000 N/A
Timer: 30                       0.00000000 N/A
Timer: 31                       0.00000000 N/A
Timer: 0                       2.23879124 read
Timer: 1                       2.81644217 mmSeeds+instantiateSeeds
Timer: 2                      49.00468500 searchAllSeeds
Timer: 3                      61.81502441 extendSeeds
Timer: 4                       0.03384312 searchAllSeeds
Timer: 5                       0.13886345 extendSeeds
Timer: 6                       1.71667217 searchAllSeeds
Timer: 7                       0.01739213 extendSeeds
Timer: 8                       1.86663640 finishReadOne
Timer: 9                       0.83227253 extendSeeds
Timer: 10                       0.00713071 finishReadOne
Timer: 11                       0.00000000 N/A
Timer: 12                       0.00000000 N/A
Timer: 13                       0.00000000 N/A
Timer: 14                       0.00000000 N/A
Timer: 15                       0.00000000 N/A
Timer: 16                       0.00000000 N/A
Timer: 17                       0.00000000 N/A
Timer: 18                       0.00000000 N/A
Timer: 19                       0.00000000 N/A
Timer: 20                       0.00000000 N/A
Timer: 21                       0.00000000 N/A
Timer: 22                       0.00000000 N/A
Timer: 23                       0.00000000 N/A
Timer: 24                       0.00000000 N/A
Timer: 25                       0.00000000 N/A
Timer: 26                       0.00000000 N/A
Timer: 27                       0.00000000 N/A
Timer: 28                       0.00000000 N/A
Timer: 29                       0.00000000 N/A
Timer: 30                       0.00000000 N/A
Timer: 31                       0.00000000 N/A
Timer: 0                       2.22602489 read
Timer: 1                       2.81148330 mmSeeds+instantiateSeeds
Timer: 2                      48.93394094 searchAllSeeds
Timer: 3                      61.72319004 extendSeeds
Timer: 4                       0.03501957 searchAllSeeds
Timer: 5                       0.14184471 extendSeeds
Timer: 6                       1.80068814 searchAllSeeds
Timer: 7                       0.01758709 extendSeeds
Timer: 8                       1.88037476 finishReadOne
Timer: 9                       0.90241575 extendSeeds
Timer: 10                       0.00671838 finishReadOne
Timer: 11                       0.00000000 N/A
Timer: 12                       0.00000000 N/A
Timer: 13                       0.00000000 N/A
Timer: 14                       0.00000000 N/A
Timer: 15                       0.00000000 N/A
Timer: 16                       0.00000000 N/A
Timer: 17                       0.00000000 N/A
Timer: 0                       2.19821232 read
Timer: 1                       2.80022993 mmSeeds+instantiateSeeds
Timer: 2                      49.14197311 searchAllSeeds
Timer: 3                      61.90175583 extendSeeds
Timer: 4                       0.03309546 searchAllSeeds
Timer: 5                       0.12739979 extendSeeds
Timer: 6                       1.61013209 searchAllSeeds
Timer: 7                       0.01686120 extendSeeds
Timer: 18                       0.00000000 N/A
Timer: 19                       0.00000000 N/A
Timer: 20                       0.00000000 N/A
Timer: 21                       0.00000000 N/A
Timer: 22                       0.00000000 N/A
Timer: 8                       1.87735603 finishReadOne
Timer: 9                       0.73083874 extendSeeds
Timer: 10                       0.00657140 finishReadOne
Timer: 11                       0.00000000 N/A
Timer: 12                       0.00000000 N/A
Timer: 23                       0.00000000 N/A
Timer: 24                       0.00000000 N/A
Timer: 25                       0.00000000 N/A
Timer: 26                       0.00000000 N/A
Timer: 27                       0.00000000 N/A
Timer: 13                       0.00000000 N/A
Timer: 14                       0.00000000 N/A
Timer: 15                       0.00000000 N/A
Timer: 16                       0.00000000 N/A
Timer: 17                       0.00000000 N/A
Timer: 28                       0.00000000 N/A
Timer: 29                       0.00000000 N/A
Timer: 30                       0.00000000 N/A
Timer: 31                       0.00000000 N/A
Timer: 18                       0.00000000 N/A
Timer: 19                       0.00000000 N/A
Timer: 20                       0.00000000 N/A
Timer: 21                       0.00000000 N/A
Timer: 22                       0.00000000 N/A
Timer: 23                       0.00000000 N/A
Timer: 24                       0.00000000 N/A
Timer: 25                       0.00000000 N/A
Timer: 26                       0.00000000 N/A
Timer: 27                       0.00000000 N/A
Timer: 28                       0.00000000 N/A
Timer: 29                       0.00000000 N/A
Timer: 30                       0.00000000 N/A
Timer: 31                       0.00000000 N/A
Timer: 0                       2.25826300 read
Timer: 1                       2.81181131 mmSeeds+instantiateSeeds
Timer: 2                      48.98630399 searchAllSeeds
Timer: 3                      61.70855192 extendSeeds
Timer: 4                       0.03496964 searchAllSeeds
Timer: 5                       0.13953592 extendSeeds
Timer: 6                       1.77896661 searchAllSeeds
Timer: 7                       0.01732185 extendSeeds
Timer: 8                       1.89200419 finishReadOne
Timer: 9                       0.82477312 extendSeeds
Timer: 10                       0.00761950 finishReadOne
Timer: 11                       0.00000000 N/A
Timer: 12                       0.00000000 N/A
Timer: 13                       0.00000000 N/A
Timer: 14                       0.00000000 N/A
Timer: 15                       0.00000000 N/A
Timer: 16                       0.00000000 N/A
Timer: 17                       0.00000000 N/A
Timer: 18                       0.00000000 N/A
Timer: 19                       0.00000000 N/A
Timer: 20                       0.00000000 N/A
Timer: 21                       0.00000000 N/A
Timer: 22                       0.00000000 N/A
Timer: 23                       0.00000000 N/A
Timer: 24                       0.00000000 N/A
Timer: 25                       0.00000000 N/A
Timer: 26                       0.00000000 N/A
Timer: 27                       0.00000000 N/A
Timer: 28                       0.00000000 N/A
Timer: 29                       0.00000000 N/A
Timer: 30                       0.00000000 N/A
Timer: 31                       0.00000000 N/A
5773776 reads; of these:
  5773776 (100.00%) were unpaired; of these:
    5758925 (99.74%) aligned 0 times
    2996 (0.05%) aligned exactly 1 time
    11855 (0.21%) aligned >1 times
0.26% overall alignment rate
 149811 2993224 68531290

real	2m9.593s
user	31m52.315s
sys	0m24.050s
==============
