b2-011
Architecture:          x86_64
CPU op-mode(s):        32-bit, 64-bit
Byte Order:            Little Endian
CPU(s):                64
On-line CPU(s) list:   0-63
Thread(s) per core:    2
Core(s) per socket:    16
Socket(s):             2
NUMA node(s):          2
Vendor ID:             AuthenticAMD
CPU family:            23
Model:                 49
Model name:            AMD EPYC 7302 16-Core Processor
Stepping:              0
CPU MHz:               1500.000
CPU max MHz:           3000.0000
CPU min MHz:           1500.0000
BogoMIPS:              6000.30
Virtualization:        AMD-V
L1d cache:             32K
L1i cache:             32K
L2 cache:              512K
L3 cache:              16384K
NUMA node0 CPU(s):     0-15,32-47
NUMA node1 CPU(s):     16-31,48-63
Flags:                 fpu vme de pse tsc msr pae mce cx8 apic sep mtrr pge mca cmov pat pse36 clflush mmx fxsr sse sse2 ht syscall nx mmxext fxsr_opt pdpe1gb rdtscp lm constant_tsc art rep_good nopl nonstop_tsc extd_apicid aperfmperf eagerfpu pni pclmulqdq monitor ssse3 fma cx16 sse4_1 sse4_2 movbe popcnt aes xsave avx f16c rdrand lahf_lm cmp_legacy svm extapic cr8_legacy abm sse4a misalignsse 3dnowprefetch osvw ibs skinit wdt tce topoext perfctr_core perfctr_nb bpext perfctr_l2 cpb cat_l3 cdp_l3 hw_pstate sme retpoline_amd ssbd ibrs ibpb stibp vmmcall fsgsbase bmi1 avx2 smep bmi2 cqm rdt_a rdseed adx smap clflushopt clwb sha_ni xsaveopt xsavec xgetbv1 cqm_llc cqm_occup_llc cqm_mbm_total cqm_mbm_local clzero irperf xsaveerptr arat npt lbrv svm_lock nrip_save tsc_scale vmcb_clean flushbyasid decodeassists pausefilter pfthreshold avic v_vmsave_vmload vgif umip overflow_recov succor smca
==============
commit 6e2536972f82eaf7e64dd367283f32d162d9f76f
Author: Rone Charles <rone_charles@fastmail.com>
Date:   Mon Sep 20 09:53:59 2021 -0400

    Skip aligned reads when processing BAM file

commit ed15e8e19d7486c87c55fc23e086f3e743a3c55f
Author: Rone Charles <rone_charles@fastmail.com>
Date:   Sun Aug 8 18:41:08 2021 -0400

commit 6e2536972f82eaf7e64dd367283f32d162d9f76f
Author: Rone Charles <rone_charles@fastmail.com>
Date:   Mon Sep 20 09:53:59 2021 -0400

    Skip aligned reads when processing BAM file

commit ed15e8e19d7486c87c55fc23e086f3e743a3c55f
Author: Rone Charles <rone_charles@fastmail.com>
Date:   Sun Aug 8 18:41:08 2021 -0400

==============
b806cfba7dee4891cc9ef85b379d0c4f  /qmounts/qiita_data/per_sample_FASTQ/101636//Song53_24613_host_filtered.fastq.gz
#./bowtie2 -p 16 --no-exact-upfront --no-1mm-upfront -x /scratch/qp-woltka/WoLr2/WoLr2 -q /qmounts/qiita_data/per_sample_FASTQ/101636//Song53_24613_host_filtered.fastq.gz --seed 42 --very-sensitive -k 16 --np 1 --mp 1,1 --rdg 0,1 --rfg 0,1 --score-min  L,0,-0.05 --no-head --no-unal |wc
==== CPU 1 ==========
Timer: 0                       2.66851393 read
Timer: 1                       3.42881800 mmSeeds+instantiateSeeds
Timer: 2                      60.70090272 searchAllSeeds
Timer: 3                     153.15857326 extendSeeds
Timer: 4                       0.05554292 searchAllSeeds
Timer: 5                       0.36128683 extendSeeds
Timer: 6                       4.48966492 searchAllSeeds
Timer: 7                       0.02673656 extendSeeds
Timer: 8                       5.20690055 finishReadOne
Timer: 9                       2.37353782 finishReadOne
Timer: 10                       0.02086335 finishReadOne
Timer: 11                       0.00000000 N/A
Timer: 12                       0.00000000 N/A
Timer: 13                       0.00000000 N/A
Timer: 14                       0.00000000 N/A
Timer: 15                       0.00000000 N/A
Timer: 16                       0.00000000 N/A
Timer: 17                       0.00000000 N/A
Timer: 18                       0.00000000 N/A
Timer: 19                       0.00000000 N/A
Timer: 20                       0.00000000 N/A
Timer: 21                       0.00000000 N/A
Timer: 22                       0.00000000 N/A
Timer: 23                       0.00000000 N/A
Timer: 24                       0.00000000 N/A
Timer: 25                       0.00000000 N/A
Timer: 26                       0.00000000 N/A
Timer: 27                       0.00000000 N/A
Timer: 28                       0.00000000 N/A
Timer: 29                       0.00000000 N/A
Timer: 30                       0.00000000 N/A
Timer: 31                       0.00000000 N/A
Timer: 0                       2.67807713 read
Timer: 1                       3.41433240 mmSeeds+instantiateSeeds
Timer: 2                      60.56798231 searchAllSeeds
Timer: 3                     152.92056688 extendSeeds
Timer: 4                       0.05600860 searchAllSeeds
Timer: 5                       0.37586852 extendSeeds
Timer: 6                       4.67166715 searchAllSeeds
Timer: 7                       0.02697887 extendSeeds
Timer: 8                       5.27649510 finishReadOne
Timer: 9                       2.42548799 extendSeeds
Timer: 10                       0.02454107 finishReadOne
Timer: 11                       0.00000000 N/A
Timer: 12                       0.00000000 N/A
Timer: 13                       0.00000000 N/A
Timer: 14                       0.00000000 N/A
Timer: 15                       0.00000000 N/A
Timer: 16                       0.00000000 N/A
Timer: 17                       0.00000000 N/A
Timer: 18                       0.00000000 N/A
Timer: 19                       0.00000000 N/A
Timer: 20                       0.00000000 N/A
Timer: 21                       0.00000000 N/A
Timer: 22                       0.00000000 N/A
Timer: 23                       0.00000000 N/A
Timer: 24                       0.00000000 N/A
Timer: 25                       0.00000000 N/A
Timer: 26                       0.00000000 N/A
Timer: 27                       0.00000000 N/A
Timer: 28                       0.00000000 N/A
Timer: 29                       0.00000000 N/A
Timer: 30                       0.00000000 N/A
Timer: 31                       0.00000000 N/A
Timer: 0                       2.69516370 read
Timer: 1                       3.43536638 mmSeeds+instantiateSeeds
Timer: 2                      60.65611357 searchAllSeeds
Timer: 3                     152.97719562 extendSeeds
Timer: 4                       0.05643989 searchAllSeeds
Timer: 5                       0.37153064 extendSeeds
Timer: 6                       4.67049706 searchAllSeeds
Timer: 7                       0.02789568 extendSeeds
Timer: 8                       5.26210746 finishReadOne
Timer: 9                       2.47328797 finishReadOne
Timer: 10                       0.02585795 finishReadOne
Timer: 11                       0.00000000 N/A
Timer: 12                       0.00000000 N/A
Timer: 13                       0.00000000 N/A
Timer: 14                       0.00000000 N/A
Timer: 15                       0.00000000 N/A
Timer: 16                       0.00000000 N/A
Timer: 17                       0.00000000 N/A
Timer: 18                       0.00000000 N/A
Timer: 19                       0.00000000 N/A
Timer: 20                       0.00000000 N/A
Timer: 21                       0.00000000 N/A
Timer: 22                       0.00000000 N/A
Timer: 23                       0.00000000 N/A
Timer: 24                       0.00000000 N/A
Timer: 25                       0.00000000 N/A
Timer: 26                       0.00000000 N/A
Timer: 27                       0.00000000 N/A
Timer: 28                       0.00000000 N/A
Timer: 29                       0.00000000 N/A
Timer: 30                       0.00000000 N/A
Timer: 31                       0.00000000 N/A
Timer: 0                       2.73764177 read
Timer: 1                       3.40394951 mmSeeds+instantiateSeeds
Timer: 2                      61.51044466 searchAllSeeds
Timer: 3                     152.29799233 extendSeeds
Timer: 4                       0.05515495 searchAllSeeds
Timer: 5                       0.36073889 extendSeeds
Timer: 6                       4.46036472 searchAllSeeds
Timer: 7                       0.02672446 extendSeeds
Timer: 8                       5.15314633 finishReadOne
Timer: 9                       2.42039115 extendSeeds
Timer: 10                       0.02419839 finishReadOne
Timer: 11                       0.00000000 N/A
Timer: 12                       0.00000000 N/A
Timer: 13                       0.00000000 N/A
Timer: 14                       0.00000000 N/A
Timer: 15                       0.00000000 N/A
Timer: 16                       0.00000000 N/A
Timer: 17                       0.00000000 N/A
Timer: 18                       0.00000000 N/A
Timer: 19                       0.00000000 N/A
Timer: 20                       0.00000000 N/A
Timer: 21                       0.00000000 N/A
Timer: 22                       0.00000000 N/A
Timer: 23                       0.00000000 N/A
Timer: 24                       0.00000000 N/A
Timer: 25                       0.00000000 N/A
Timer: 26                       0.00000000 N/A
Timer: 27                       0.00000000 N/A
Timer: 28                       0.00000000 N/A
Timer: 29                       0.00000000 N/A
Timer: 30                       0.00000000 N/A
Timer: 31                       0.00000000 N/A
Timer: 0                       2.65923350 read
Timer: 1                       3.50857555 mmSeeds+instantiateSeeds
Timer: 2                      60.60309299 searchAllSeeds
Timer: 3                     153.14251270 extendSeeds
Timer: 4                       0.05631356 searchAllSeeds
Timer: 5                       0.35605176 extendSeeds
Timer: 6                       4.47836972 searchAllSeeds
Timer: 7                       0.02758256 extendSeeds
Timer: 8                       5.26443646 finishReadOne
Timer: 9                       2.41180097 extendSeeds
Timer: 10                       0.02591723 finishReadOne
Timer: 11                       0.00000000 N/A
Timer: 12                       0.00000000 N/A
Timer: 13                       0.00000000 N/A
Timer: 14                       0.00000000 N/A
Timer: 15                       0.00000000 N/A
Timer: 16                       0.00000000 N/A
Timer: 17                       0.00000000 N/A
Timer: 18                       0.00000000 N/A
Timer: 19                       0.00000000 N/A
Timer: 20                       0.00000000 N/A
Timer: 21                       0.00000000 N/A
Timer: 22                       0.00000000 N/A
Timer: 23                       0.00000000 N/A
Timer: 24                       0.00000000 N/A
Timer: 25                       0.00000000 N/A
Timer: 26                       0.00000000 N/A
Timer: 27                       0.00000000 N/A
Timer: 28                       0.00000000 N/A
Timer: 29                       0.00000000 N/A
Timer: 30                       0.00000000 N/A
Timer: 31                       0.00000000 N/A
Timer: 0                       2.71637227 read
Timer: 1                       3.46905292 mmSeeds+instantiateSeeds
Timer: 2                      60.47697075 searchAllSeeds
Timer: 3                     153.04557825 extendSeeds
Timer: 4                       0.05572371 searchAllSeeds
Timer: 5                       0.37020168 extendSeeds
Timer: 6                       4.66741133 searchAllSeeds
Timer: 7                       0.02726337 extendSeeds
Timer: 8                       5.26855536 finishReadOne
Timer: 9                       2.50408885 finishReadOne
Timer: 10                       0.02628279 finishReadOne
Timer: 11                       0.00000000 N/A
Timer: 12                       0.00000000 N/A
Timer: 13                       0.00000000 N/A
Timer: 14                       0.00000000 N/A
Timer: 15                       0.00000000 N/A
Timer: 16                       0.00000000 N/A
Timer: 17                       0.00000000 N/A
Timer: 18                       0.00000000 N/A
Timer: 19                       0.00000000 N/A
Timer: 20                       0.00000000 N/A
Timer: 21                       0.00000000 N/A
Timer: 22                       0.00000000 N/A
Timer: 23                       0.00000000 N/A
Timer: 24                       0.00000000 N/A
Timer: 25                       0.00000000 N/A
Timer: 26                       0.00000000 N/A
Timer: 27                       0.00000000 N/A
Timer: 28                       0.00000000 N/A
Timer: 29                       0.00000000 N/A
Timer: 30                       0.00000000 N/A
Timer: 31                       0.00000000 N/A
Timer: 0                       2.70228476 read
Timer: 1                       3.45439616 mmSeeds+instantiateSeeds
Timer: 2                      60.87995695 searchAllSeeds
Timer: 3                     152.97393639 extendSeeds
Timer: 4                       0.05512901 searchAllSeeds
Timer: 5                       0.35504329 extendSeeds
Timer: 6                       4.49590413 searchAllSeeds
Timer: 7                       0.02652225 extendSeeds
Timer: 8                       5.23381379 finishReadOne
Timer: 9                       2.36667751 extendSeeds
Timer: 10                       0.02421629 finishReadOne
Timer: 11                       0.00000000 N/A
Timer: 12                       0.00000000 N/A
Timer: 13                       0.00000000 N/A
Timer: 14                       0.00000000 N/A
Timer: 15                       0.00000000 N/A
Timer: 16                       0.00000000 N/A
Timer: 17                       0.00000000 N/A
Timer: 18                       0.00000000 N/A
Timer: 19                       0.00000000 N/A
Timer: 20                       0.00000000 N/A
Timer: 21                       0.00000000 N/A
Timer: 22                       0.00000000 N/A
Timer: 23                       0.00000000 N/A
Timer: 24                       0.00000000 N/A
Timer: 25                       0.00000000 N/A
Timer: 26                       0.00000000 N/A
Timer: 27                       0.00000000 N/A
Timer: 28                       0.00000000 N/A
Timer: 29                       0.00000000 N/A
Timer: 30                       0.00000000 N/A
Timer: 31                       0.00000000 N/A
Timer: 0                       2.71719364 read
Timer: 1                       3.48637602 mmSeeds+instantiateSeeds
Timer: 2                      60.60609546 searchAllSeeds
Timer: 3                     152.98659195 extendSeeds
Timer: 4                       0.05718825 searchAllSeeds
Timer: 5                       0.36596382 extendSeeds
Timer: 6                       4.59572595 searchAllSeeds
Timer: 7                       0.02822171 extendSeeds
Timer: 8                       5.27112665 finishReadOne
Timer: 9                       2.45605406 extendSeeds
Timer: 10                       0.02248212 finishReadOne
Timer: 11                       0.00000000 N/A
Timer: 12                       0.00000000 N/A
Timer: 13                       0.00000000 N/A
Timer: 14                       0.00000000 N/A
Timer: 15                       0.00000000 N/A
Timer: 16                       0.00000000 N/A
Timer: 17                       0.00000000 N/A
Timer: 18                       0.00000000 N/A
Timer: 19                       0.00000000 N/A
Timer: 20                       0.00000000 N/A
Timer: 21                       0.00000000 N/A
Timer: 22                       0.00000000 N/A
Timer: 23                       0.00000000 N/A
Timer: 24                       0.00000000 N/A
Timer: 25                       0.00000000 N/A
Timer: 26                       0.00000000 N/A
Timer: 27                       0.00000000 N/A
Timer: 28                       0.00000000 N/A
Timer: 29                       0.00000000 N/A
Timer: 30                       0.00000000 N/A
Timer: 31                       0.00000000 N/A
Timer: 0                       2.73893347 read
Timer: 1                       3.44017164 mmSeeds+instantiateSeeds
Timer: 2                      60.69991178 searchAllSeeds
Timer: 3                     152.78188823 extendSeeds
Timer: 4                       0.05604854 searchAllSeeds
Timer: 5                       0.36546775 extendSeeds
Timer: 6                       4.60788695 searchAllSeeds
Timer: 7                       0.02692462 extendSeeds
Timer: 8                       5.26183673 finishReadOne
Timer: 9                       2.43734271 extendSeeds
Timer: 10                       0.02446009 finishReadOne
Timer: 11                       0.00000000 N/A
Timer: 12                       0.00000000 N/A
Timer: 13                       0.00000000 N/A
Timer: 14                       0.00000000 N/A
Timer: 15                       0.00000000 N/A
Timer: 16                       0.00000000 N/A
Timer: 17                       0.00000000 N/A
Timer: 18                       0.00000000 N/A
Timer: 19                       0.00000000 N/A
Timer: 20                       0.00000000 N/A
Timer: 21                       0.00000000 N/A
Timer: 22                       0.00000000 N/A
Timer: 23                       0.00000000 N/A
Timer: 24                       0.00000000 N/A
Timer: 25                       0.00000000 N/A
Timer: 26                       0.00000000 N/A
Timer: 27                       0.00000000 N/A
Timer: 28                       0.00000000 N/A
Timer: 29                       0.00000000 N/A
Timer: 30                       0.00000000 N/A
Timer: 31                       0.00000000 N/A
Timer: 0                       2.67686878 read
Timer: 1                       3.49313287 mmSeeds+instantiateSeeds
Timer: 2                      60.58598431 searchAllSeeds
Timer: 3                     153.27618407 extendSeeds
Timer: 4                       0.05636726 searchAllSeeds
Timer: 5                       0.35818907 extendSeeds
Timer: 6                       4.50718761 searchAllSeeds
Timer: 7                       0.02714093 extendSeeds
Timer: 8                       5.18430546 finishReadOne
Timer: 9                       2.38720233 extendSeeds
Timer: 10                       0.02392733 finishReadOne
Timer: 11                       0.00000000 N/A
Timer: 12                       0.00000000 N/A
Timer: 13                       0.00000000 N/A
Timer: 14                       0.00000000 N/A
Timer: 15                       0.00000000 N/A
Timer: 16                       0.00000000 N/A
Timer: 17                       0.00000000 N/A
Timer: 18                       0.00000000 N/A
Timer: 19                       0.00000000 N/A
Timer: 20                       0.00000000 N/A
Timer: 21                       0.00000000 N/A
Timer: 22                       0.00000000 N/A
Timer: 23                       0.00000000 N/A
Timer: 24                       0.00000000 N/A
Timer: 25                       0.00000000 N/A
Timer: 26                       0.00000000 N/A
Timer: 27                       0.00000000 N/A
Timer: 28                       0.00000000 N/A
Timer: 29                       0.00000000 N/A
Timer: 30                       0.00000000 N/A
Timer: 31                       0.00000000 N/A
Timer: 0                       2.75565687 read
Timer: 1                       3.51348623 mmSeeds+instantiateSeeds
Timer: 2                      60.69829772 searchAllSeeds
Timer: 3                     153.09263934 extendSeeds
Timer: 4                       0.05733929 searchAllSeeds
Timer: 5                       0.36184880 extendSeeds
Timer: 6                       4.53616123 searchAllSeeds
Timer: 7                       0.02828847 extendSeeds
Timer: 8                       5.23543306 finishReadOne
Timer: 9                       2.35386195 finishReadOne
Timer: 10                       0.02418429 finishReadOne
Timer: 11                       0.00000000 N/A
Timer: 12                       0.00000000 N/A
Timer: 13                       0.00000000 N/A
Timer: 14                       0.00000000 N/A
Timer: 15                       0.00000000 N/A
Timer: 16                       0.00000000 N/A
Timer: 17                       0.00000000 N/A
Timer: 18                       0.00000000 N/A
Timer: 19                       0.00000000 N/A
Timer: 20                       0.00000000 N/A
Timer: 21                       0.00000000 N/A
Timer: 22                       0.00000000 N/A
Timer: 23                       0.00000000 N/A
Timer: 24                       0.00000000 N/A
Timer: 25                       0.00000000 N/A
Timer: 26                       0.00000000 N/A
Timer: 27                       0.00000000 N/A
Timer: 28                       0.00000000 N/A
Timer: 29                       0.00000000 N/A
Timer: 30                       0.00000000 N/A
Timer: 31                       0.00000000 N/A
Timer: 0                       2.72565669 read
Timer: 1                       3.47109727 mmSeeds+instantiateSeeds
Timer: 2                      60.57923705 searchAllSeeds
Timer: 3                     152.73235428 extendSeeds
Timer: 4                       0.05561969 searchAllSeeds
Timer: 5                       0.37309301 extendSeeds
Timer: 6                       4.70429677 searchAllSeeds
Timer: 7                       0.02842837 extendSeeds
Timer: 8                       5.27651039 finishReadOne
Timer: 9                       2.57244086 extendSeeds
Timer: 10                       0.02691062 finishReadOne
Timer: 11                       0.00000000 N/A
Timer: 12                       0.00000000 N/A
Timer: 13                       0.00000000 N/A
Timer: 14                       0.00000000 N/A
Timer: 15                       0.00000000 N/A
Timer: 16                       0.00000000 N/A
Timer: 17                       0.00000000 N/A
Timer: 18                       0.00000000 N/A
Timer: 19                       0.00000000 N/A
Timer: 20                       0.00000000 N/A
Timer: 21                       0.00000000 N/A
Timer: 22                       0.00000000 N/A
Timer: 23                       0.00000000 N/A
Timer: 24                       0.00000000 N/A
Timer: 25                       0.00000000 N/A
Timer: 26                       0.00000000 N/A
Timer: 27                       0.00000000 N/A
Timer: 28                       0.00000000 N/A
Timer: 29                       0.00000000 N/A
Timer: 30                       0.00000000 N/A
Timer: 31                       0.00000000 N/A
Timer: 0                       2.74755471 read
Timer: 1                       3.47046062 mmSeeds+instantiateSeeds
Timer: 2                      60.47321283 searchAllSeeds
Timer: 3                     153.14430892 extendSeeds
Timer: 0                       2.70160335 read
Timer: 1                       3.52307563 mmSeeds+instantiateSeeds
Timer: 2                      60.33868737 searchAllSeeds
Timer: 3                     153.13974117 extendSeeds
Timer: 4                       0.05885368 searchAllSeeds
Timer: 4                       0.05747146 searchAllSeeds
Timer: 5                       0.36337465 extendSeeds
Timer: 5                       0.37469504 extendSeeds
Timer: 6                       4.57983629 searchAllSeeds
Timer: 7                       0.02824375 extendSeeds
Timer: 6                       4.64139845 searchAllSeeds
Timer: 7                       0.02886977 extendSeeds
Timer: 8                       5.24380166 finishReadOne
Timer: 9                       2.46146740 extendSeeds
Timer: 8                       5.19662048 finishReadOne
Timer: 9                       2.53752340 extendSeeds
Timer: 10                       0.02252557 finishReadOne
Timer: 11                       0.00000000 N/A
Timer: 10                       0.02654616 finishReadOne
Timer: 11                       0.00000000 N/A
Timer: 12                       0.00000000 N/A
Timer: 13                       0.00000000 N/A
Timer: 12                       0.00000000 N/A
Timer: 13                       0.00000000 N/A
Timer: 14                       0.00000000 N/A
Timer: 15                       0.00000000 N/A
Timer: 16                       0.00000000 N/A
Timer: 17                       0.00000000 N/A
Timer: 14                       0.00000000 N/A
Timer: 15                       0.00000000 N/A
Timer: 18                       0.00000000 N/A
Timer: 19                       0.00000000 N/A
Timer: 16                       0.00000000 N/A
Timer: 17                       0.00000000 N/A
Timer: 20                       0.00000000 N/A
Timer: 21                       0.00000000 N/A
Timer: 18                       0.00000000 N/A
Timer: 19                       0.00000000 N/A
Timer: 22                       0.00000000 N/A
Timer: 23                       0.00000000 N/A
Timer: 20                       0.00000000 N/A
Timer: 21                       0.00000000 N/A
Timer: 24                       0.00000000 N/A
Timer: 25                       0.00000000 N/A
Timer: 22                       0.00000000 N/A
Timer: 23                       0.00000000 N/A
Timer: 24                       0.00000000 N/A
Timer: 25                       0.00000000 N/A
Timer: 26                       0.00000000 N/A
Timer: 27                       0.00000000 N/A
Timer: 26                       0.00000000 N/A
Timer: 27                       0.00000000 N/A
Timer: 28                       0.00000000 N/A
Timer: 29                       0.00000000 N/A
Timer: 28                       0.00000000 N/A
Timer: 29                       0.00000000 N/A
Timer: 30                       0.00000000 N/A
Timer: 31                       0.00000000 N/A
Timer: 30                       0.00000000 N/A
Timer: 31                       0.00000000 N/A
Timer: 0                       2.68077207 read
Timer: 1                       3.41619436 mmSeeds+instantiateSeeds
Timer: 2                      60.65509567 searchAllSeeds
Timer: 3                     153.30625744 extendSeeds
Timer: 4                       0.05516768 searchAllSeeds
Timer: 5                       0.35405619 extendSeeds
Timer: 6                       4.50551956 searchAllSeeds
Timer: 7                       0.02715619 extendSeeds
Timer: 8                       5.23733060 finishReadOne
Timer: 9                       2.39291889 extendSeeds
Timer: 10                       0.02475032 finishReadOne
Timer: 11                       0.00000000 N/A
Timer: 12                       0.00000000 N/A
Timer: 13                       0.00000000 N/A
Timer: 14                       0.00000000 N/A
Timer: 15                       0.00000000 N/A
Timer: 16                       0.00000000 N/A
Timer: 17                       0.00000000 N/A
Timer: 18                       0.00000000 N/A
Timer: 19                       0.00000000 N/A
Timer: 20                       0.00000000 N/A
Timer: 21                       0.00000000 N/A
Timer: 22                       0.00000000 N/A
Timer: 23                       0.00000000 N/A
Timer: 24                       0.00000000 N/A
Timer: 25                       0.00000000 N/A
Timer: 26                       0.00000000 N/A
Timer: 27                       0.00000000 N/A
Timer: 28                       0.00000000 N/A
Timer: 29                       0.00000000 N/A
Timer: 30                       0.00000000 N/A
Timer: 31                       0.00000000 N/A
Timer: 0                       2.76006775 read
Timer: 1                       3.50651385 mmSeeds+instantiateSeeds
Timer: 2                      60.57606873 searchAllSeeds
Timer: 3                     153.11543723 extendSeeds
Timer: 4                       0.05616961 searchAllSeeds
Timer: 5                       0.36062941 extendSeeds
Timer: 6                       4.49587081 searchAllSeeds
Timer: 7                       0.02814521 extendSeeds
Timer: 8                       5.32912897 finishReadOne
Timer: 9                       2.37420757 finishReadOne
Timer: 10                       0.02687467 finishReadOne
Timer: 11                       0.00000000 N/A
Timer: 12                       0.00000000 N/A
Timer: 13                       0.00000000 N/A
Timer: 14                       0.00000000 N/A
Timer: 15                       0.00000000 N/A
Timer: 16                       0.00000000 N/A
Timer: 17                       0.00000000 N/A
Timer: 18                       0.00000000 N/A
Timer: 19                       0.00000000 N/A
Timer: 20                       0.00000000 N/A
Timer: 21                       0.00000000 N/A
Timer: 22                       0.00000000 N/A
Timer: 23                       0.00000000 N/A
Timer: 24                       0.00000000 N/A
Timer: 25                       0.00000000 N/A
Timer: 26                       0.00000000 N/A
Timer: 27                       0.00000000 N/A
Timer: 28                       0.00000000 N/A
Timer: 29                       0.00000000 N/A
Timer: 30                       0.00000000 N/A
Timer: 31                       0.00000000 N/A
6548484 reads; of these:
  6548484 (100.00%) were unpaired; of these:
    2516943 (38.44%) aligned 0 times
    3557306 (54.32%) aligned exactly 1 time
    474235 (7.24%) aligned >1 times
61.56% overall alignment rate
8277263 161987954 3715991588

real	4m12.780s
user	61m37.782s
sys	1m41.127s
==== CPU 2 ==========
Timer: 0                       2.47243160 read
Timer: 1                       3.43077038 mmSeeds+instantiateSeeds
Timer: 2                      59.25496955 searchAllSeeds
Timer: 3                     147.15229126 extendSeeds
Timer: 4                       0.06320622 searchAllSeeds
Timer: 5                       0.36933340 extendSeeds
Timer: 6                       4.65841567 searchAllSeeds
Timer: 7                       0.03207894 extendSeeds
Timer: 8                       5.29410482 finishReadOne
Timer: 9                       2.45241162 extendSeeds
Timer: 10                       0.02722457 finishReadOne
Timer: 11                       0.00000000 N/A
Timer: 12                       0.00000000 N/A
Timer: 13                       0.00000000 N/A
Timer: 14                       0.00000000 N/A
Timer: 15                       0.00000000 N/A
Timer: 16                       0.00000000 N/A
Timer: 17                       0.00000000 N/A
Timer: 18                       0.00000000 N/A
Timer: 19                       0.00000000 N/A
Timer: 20                       0.00000000 N/A
Timer: 21                       0.00000000 N/A
Timer: 22                       0.00000000 N/A
Timer: 23                       0.00000000 N/A
Timer: 24                       0.00000000 N/A
Timer: 25                       0.00000000 N/A
Timer: 26                       0.00000000 N/A
Timer: 27                       0.00000000 N/A
Timer: 28                       0.00000000 N/A
Timer: 29                       0.00000000 N/A
Timer: 30                       0.00000000 N/A
Timer: 31                       0.00000000 N/A
Timer: 0                       2.44231938 read
Timer: 1                       3.28781044 mmSeeds+instantiateSeeds
Timer: 2                      59.78511157 searchAllSeeds
Timer: 3                     147.31709193 extendSeeds
Timer: 4                       0.05278897 searchAllSeeds
Timer: 5                       0.34784127 extendSeeds
Timer: 6                       4.42712929 searchAllSeeds
Timer: 7                       0.02629757 extendSeeds
Timer: 8                       5.10669617 finishReadOne
Timer: 9                       2.35030952 finishReadOne
Timer: 10                       0.02429724 finishReadOne
Timer: 11                       0.00000000 N/A
Timer: 12                       0.00000000 N/A
Timer: 13                       0.00000000 N/A
Timer: 14                       0.00000000 N/A
Timer: 15                       0.00000000 N/A
Timer: 16                       0.00000000 N/A
Timer: 17                       0.00000000 N/A
Timer: 18                       0.00000000 N/A
Timer: 19                       0.00000000 N/A
Timer: 20                       0.00000000 N/A
Timer: 21                       0.00000000 N/A
Timer: 22                       0.00000000 N/A
Timer: 23                       0.00000000 N/A
Timer: 24                       0.00000000 N/A
Timer: 25                       0.00000000 N/A
Timer: 26                       0.00000000 N/A
Timer: 27                       0.00000000 N/A
Timer: 28                       0.00000000 N/A
Timer: 29                       0.00000000 N/A
Timer: 30                       0.00000000 N/A
Timer: 31                       0.00000000 N/A
Timer: 0                       2.45077384 read
Timer: 1                       3.31492794 mmSeeds+instantiateSeeds
Timer: 2                      60.68305933 searchAllSeeds
Timer: 3                     145.90778741 extendSeeds
Timer: 4                       0.05323883 searchAllSeeds
Timer: 5                       0.37168544 extendSeeds
Timer: 6                       4.59909792 searchAllSeeds
Timer: 7                       0.02714004 extendSeeds
Timer: 8                       5.21149669 finishReadOne
Timer: 9                       2.45266027 extendSeeds
Timer: 10                       0.02454252 finishReadOne
Timer: 11                       0.00000000 N/A
Timer: 12                       0.00000000 N/A
Timer: 13                       0.00000000 N/A
Timer: 14                       0.00000000 N/A
Timer: 15                       0.00000000 N/A
Timer: 16                       0.00000000 N/A
Timer: 17                       0.00000000 N/A
Timer: 18                       0.00000000 N/A
Timer: 19                       0.00000000 N/A
Timer: 20                       0.00000000 N/A
Timer: 21                       0.00000000 N/A
Timer: 22                       0.00000000 N/A
Timer: 23                       0.00000000 N/A
Timer: 24                       0.00000000 N/A
Timer: 25                       0.00000000 N/A
Timer: 26                       0.00000000 N/A
Timer: 27                       0.00000000 N/A
Timer: 28                       0.00000000 N/A
Timer: 29                       0.00000000 N/A
Timer: 30                       0.00000000 N/A
Timer: 31                       0.00000000 N/A
Timer: 0                       2.46746574 read
Timer: 1                       3.44218969 mmSeeds+instantiateSeeds
Timer: 2                      60.11538860 searchAllSeeds
Timer: 3                     146.65464075 extendSeeds
Timer: 4                       0.05574440 searchAllSeeds
Timer: 5                       0.35450982 extendSeeds
Timer: 6                       4.44956024 searchAllSeeds
Timer: 7                       0.02721024 extendSeeds
Timer: 8                       5.16781463 finishReadOne
Timer: 9                       2.40202149 finishReadOne
Timer: 10                       0.02536781 finishReadOne
Timer: 11                       0.00000000 N/A
Timer: 12                       0.00000000 N/A
Timer: 13                       0.00000000 N/A
Timer: 14                       0.00000000 N/A
Timer: 15                       0.00000000 N/A
Timer: 16                       0.00000000 N/A
Timer: 17                       0.00000000 N/A
Timer: 18                       0.00000000 N/A
Timer: 19                       0.00000000 N/A
Timer: 20                       0.00000000 N/A
Timer: 21                       0.00000000 N/A
Timer: 22                       0.00000000 N/A
Timer: 23                       0.00000000 N/A
Timer: 24                       0.00000000 N/A
Timer: 25                       0.00000000 N/A
Timer: 26                       0.00000000 N/A
Timer: 27                       0.00000000 N/A
Timer: 28                       0.00000000 N/A
Timer: 29                       0.00000000 N/A
Timer: 30                       0.00000000 N/A
Timer: 31                       0.00000000 N/A
Timer: 0                       2.36867256 read
Timer: 1                       3.35548798 mmSeeds+instantiateSeeds
Timer: 2                      59.54450135 searchAllSeeds
Timer: 3                     147.39695413 extendSeeds
Timer: 4                       0.05315518 searchAllSeeds
Timer: 5                       0.35344795 extendSeeds
Timer: 6                       4.51179527 searchAllSeeds
Timer: 7                       0.02661038 extendSeeds
Timer: 8                       5.18101443 finishReadOne
Timer: 9                       2.36602493 extendSeeds
Timer: 10                       0.02712577 finishReadOne
Timer: 11                       0.00000000 N/A
Timer: 12                       0.00000000 N/A
Timer: 13                       0.00000000 N/A
Timer: 14                       0.00000000 N/A
Timer: 15                       0.00000000 N/A
Timer: 16                       0.00000000 N/A
Timer: 17                       0.00000000 N/A
Timer: 18                       0.00000000 N/A
Timer: 19                       0.00000000 N/A
Timer: 20                       0.00000000 N/A
Timer: 21                       0.00000000 N/A
Timer: 22                       0.00000000 N/A
Timer: 23                       0.00000000 N/A
Timer: 24                       0.00000000 N/A
Timer: 25                       0.00000000 N/A
Timer: 26                       0.00000000 N/A
Timer: 27                       0.00000000 N/A
Timer: 28                       0.00000000 N/A
Timer: 29                       0.00000000 N/A
Timer: 30                       0.00000000 N/A
Timer: 31                       0.00000000 N/A
Timer: 0                       2.44415370 read
Timer: 1                       3.36201855 mmSeeds+instantiateSeeds
Timer: 2                      60.49866089 searchAllSeeds
Timer: 3                     146.19183136 extendSeeds
Timer: 4                       0.05490914 searchAllSeeds
Timer: 5                       0.36175491 extendSeeds
Timer: 6                       4.45292328 searchAllSeeds
Timer: 7                       0.02834636 extendSeeds
Timer: 8                       5.23768261 finishReadOne
Timer: 9                       2.41037395 finishReadOne
Timer: 10                       0.02648593 finishReadOne
Timer: 11                       0.00000000 N/A
Timer: 12                       0.00000000 N/A
Timer: 13                       0.00000000 N/A
Timer: 14                       0.00000000 N/A
Timer: 15                       0.00000000 N/A
Timer: 16                       0.00000000 N/A
Timer: 17                       0.00000000 N/A
Timer: 18                       0.00000000 N/A
Timer: 19                       0.00000000 N/A
Timer: 20                       0.00000000 N/A
Timer: 21                       0.00000000 N/A
Timer: 22                       0.00000000 N/A
Timer: 23                       0.00000000 N/A
Timer: 24                       0.00000000 N/A
Timer: 25                       0.00000000 N/A
Timer: 26                       0.00000000 N/A
Timer: 27                       0.00000000 N/A
Timer: 28                       0.00000000 N/A
Timer: 29                       0.00000000 N/A
Timer: 30                       0.00000000 N/A
Timer: 31                       0.00000000 N/A
Timer: 0                       2.47876196 read
Timer: 1                       3.40591687 mmSeeds+instantiateSeeds
Timer: 2                      60.69579135 searchAllSeeds
Timer: 3                     146.21520850 extendSeeds
Timer: 4                       0.05354912 searchAllSeeds
Timer: 5                       0.35214467 extendSeeds
Timer: 6                       4.35959174 searchAllSeeds
Timer: 7                       0.02655366 extendSeeds
Timer: 8                       5.22619774 finishReadOne
Timer: 9                       2.27401098 extendSeeds
Timer: 10                       0.02560818 finishReadOne
Timer: 11                       0.00000000 N/A
Timer: 12                       0.00000000 N/A
Timer: 13                       0.00000000 N/A
Timer: 14                       0.00000000 N/A
Timer: 15                       0.00000000 N/A
Timer: 16                       0.00000000 N/A
Timer: 17                       0.00000000 N/A
Timer: 18                       0.00000000 N/A
Timer: 19                       0.00000000 N/A
Timer: 20                       0.00000000 N/A
Timer: 21                       0.00000000 N/A
Timer: 22                       0.00000000 N/A
Timer: 23                       0.00000000 N/A
Timer: 24                       0.00000000 N/A
Timer: 25                       0.00000000 N/A
Timer: 26                       0.00000000 N/A
Timer: 27                       0.00000000 N/A
Timer: 28                       0.00000000 N/A
Timer: 29                       0.00000000 N/A
Timer: 30                       0.00000000 N/A
Timer: 31                       0.00000000 N/A
Timer: 0                       2.48182983 read
Timer: 1                       3.39828757 mmSeeds+instantiateSeeds
Timer: 2                      59.38060996 searchAllSeeds
Timer: 3                     147.26359362 extendSeeds
Timer: 4                       0.06298369 searchAllSeeds
Timer: 5                       0.35800222 extendSeeds
Timer: 6                       4.54857157 searchAllSeeds
Timer: 7                       0.03222257 extendSeeds
Timer: 8                       5.26242595 finishReadOne
Timer: 9                       2.40263540 extendSeeds
Timer: 10                       0.02653624 finishReadOne
Timer: 11                       0.00000000 N/A
Timer: 12                       0.00000000 N/A
Timer: 13                       0.00000000 N/A
Timer: 14                       0.00000000 N/A
Timer: 15                       0.00000000 N/A
Timer: 16                       0.00000000 N/A
Timer: 17                       0.00000000 N/A
Timer: 18                       0.00000000 N/A
Timer: 19                       0.00000000 N/A
Timer: 20                       0.00000000 N/A
Timer: 21                       0.00000000 N/A
Timer: 22                       0.00000000 N/A
Timer: 23                       0.00000000 N/A
Timer: 24                       0.00000000 N/A
Timer: 25                       0.00000000 N/A
Timer: 26                       0.00000000 N/A
Timer: 27                       0.00000000 N/A
Timer: 28                       0.00000000 N/A
Timer: 29                       0.00000000 N/A
Timer: 30                       0.00000000 N/A
Timer: 31                       0.00000000 N/A
Timer: 0                       2.46631895 read
Timer: 1                       3.39022470 mmSeeds+instantiateSeeds
Timer: 2                      60.47198541 searchAllSeeds
Timer: 3                     146.02816921 extendSeeds
Timer: 4                       0.05328669 searchAllSeeds
Timer: 5                       0.36389276 extendSeeds
Timer: 6                       4.52587320 searchAllSeeds
Timer: 7                       0.02708017 extendSeeds
Timer: 8                       5.31442124 finishReadOne
Timer: 9                       2.39274044 extendSeeds
Timer: 10                       0.02639792 finishReadOne
Timer: 11                       0.00000000 N/A
Timer: 12                       0.00000000 N/A
Timer: 13                       0.00000000 N/A
Timer: 14                       0.00000000 N/A
Timer: 15                       0.00000000 N/A
Timer: 16                       0.00000000 N/A
Timer: 17                       0.00000000 N/A
Timer: 18                       0.00000000 N/A
Timer: 19                       0.00000000 N/A
Timer: 20                       0.00000000 N/A
Timer: 21                       0.00000000 N/A
Timer: 22                       0.00000000 N/A
Timer: 23                       0.00000000 N/A
Timer: 24                       0.00000000 N/A
Timer: 25                       0.00000000 N/A
Timer: 26                       0.00000000 N/A
Timer: 27                       0.00000000 N/A
Timer: 28                       0.00000000 N/A
Timer: 29                       0.00000000 N/A
Timer: 30                       0.00000000 N/A
Timer: 31                       0.00000000 N/A
Timer: 0                       2.42041887 read
Timer: 1                       3.33224337 mmSeeds+instantiateSeeds
Timer: 2                      59.70250898 searchAllSeeds
Timer: 3                     147.25036971 extendSeeds
Timer: 4                       0.05577226 searchAllSeeds
Timer: 5                       0.35887623 extendSeeds
Timer: 6                       4.45621713 searchAllSeeds
Timer: 7                       0.02828088 extendSeeds
Timer: 8                       5.19242673 finishReadOne
Timer: 9                       2.38750384 extendSeeds
Timer: 10                       0.02432402 finishReadOne
Timer: 11                       0.00000000 N/A
Timer: 12                       0.00000000 N/A
Timer: 13                       0.00000000 N/A
Timer: 14                       0.00000000 N/A
Timer: 15                       0.00000000 N/A
Timer: 16                       0.00000000 N/A
Timer: 17                       0.00000000 N/A
Timer: 18                       0.00000000 N/A
Timer: 19                       0.00000000 N/A
Timer: 20                       0.00000000 N/A
Timer: 21                       0.00000000 N/A
Timer: 22                       0.00000000 N/A
Timer: 23                       0.00000000 N/A
Timer: 24                       0.00000000 N/A
Timer: 25                       0.00000000 N/A
Timer: 26                       0.00000000 N/A
Timer: 27                       0.00000000 N/A
Timer: 28                       0.00000000 N/A
Timer: 29                       0.00000000 N/A
Timer: 30                       0.00000000 N/A
Timer: 31                       0.00000000 N/A
Timer: 0                       2.44915260 read
Timer: 1                       3.34528766 mmSeeds+instantiateSeeds
Timer: 2                      60.42348482 searchAllSeeds
Timer: 3                     146.22570247 extendSeeds
Timer: 4                       0.05360613 searchAllSeeds
Timer: 5                       0.36545649 extendSeeds
Timer: 6                       4.57181821 searchAllSeeds
Timer: 7                       0.02706240 extendSeeds
Timer: 8                       5.20775993 finishReadOne
Timer: 9                       2.41223153 finishReadOne
Timer: 10                       0.02591354 finishReadOne
Timer: 11                       0.00000000 N/A
Timer: 12                       0.00000000 N/A
Timer: 13                       0.00000000 N/A
Timer: 14                       0.00000000 N/A
Timer: 15                       0.00000000 N/A
Timer: 16                       0.00000000 N/A
Timer: 17                       0.00000000 N/A
Timer: 18                       0.00000000 N/A
Timer: 19                       0.00000000 N/A
Timer: 20                       0.00000000 N/A
Timer: 21                       0.00000000 N/A
Timer: 22                       0.00000000 N/A
Timer: 23                       0.00000000 N/A
Timer: 24                       0.00000000 N/A
Timer: 25                       0.00000000 N/A
Timer: 26                       0.00000000 N/A
Timer: 27                       0.00000000 N/A
Timer: 28                       0.00000000 N/A
Timer: 29                       0.00000000 N/A
Timer: 30                       0.00000000 N/A
Timer: 31                       0.00000000 N/A
Timer: 0                       2.43132989 read
Timer: 1                       3.42185534 mmSeeds+instantiateSeeds
Timer: 2                      60.67814871 searchAllSeeds
Timer: 3                     146.33669111 extendSeeds
Timer: 4                       0.05610665 searchAllSeeds
Timer: 5                       0.35242726 extendSeeds
Timer: 6                       4.29426249 searchAllSeeds
Timer: 7                       0.02679482 extendSeeds
Timer: 8                       5.12470630 finishReadOne
Timer: 9                       2.34526719 extendSeeds
Timer: 10                       0.02276841 finishReadOne
Timer: 11                       0.00000000 N/A
Timer: 12                       0.00000000 N/A
Timer: 13                       0.00000000 N/A
Timer: 14                       0.00000000 N/A
Timer: 15                       0.00000000 N/A
Timer: 16                       0.00000000 N/A
Timer: 17                       0.00000000 N/A
Timer: 18                       0.00000000 N/A
Timer: 19                       0.00000000 N/A
Timer: 20                       0.00000000 N/A
Timer: 21                       0.00000000 N/A
Timer: 22                       0.00000000 N/A
Timer: 23                       0.00000000 N/A
Timer: 24                       0.00000000 N/A
Timer: 25                       0.00000000 N/A
Timer: 26                       0.00000000 N/A
Timer: 27                       0.00000000 N/A
Timer: 28                       0.00000000 N/A
Timer: 29                       0.00000000 N/A
Timer: 30                       0.00000000 N/A
Timer: 31                       0.00000000 N/A
Timer: 0                       2.45982963 read
Timer: 1                       3.37230253 mmSeeds+instantiateSeeds
Timer: 2                      60.38672038 searchAllSeeds
Timer: 3                     146.17259357 extendSeeds
Timer: 4                       0.05722601 searchAllSeeds
Timer: 5                       0.36017202 extendSeeds
Timer: 6                       4.55002569 searchAllSeeds
Timer: 7                       0.02726459 extendSeeds
Timer: 8                       5.29254744 finishReadOne
Timer: 9                       2.44169483 extendSeeds
Timer: 10                       0.02645583 finishReadOne
Timer: 11                       0.00000000 N/A
Timer: 12                       0.00000000 N/A
Timer: 13                       0.00000000 N/A
Timer: 14                       0.00000000 N/A
Timer: 15                       0.00000000 N/A
Timer: 16                       0.00000000 N/A
Timer: 17                       0.00000000 N/A
Timer: 18                       0.00000000 N/A
Timer: 19                       0.00000000 N/A
Timer: 20                       0.00000000 N/A
Timer: 21                       0.00000000 N/A
Timer: 22                       0.00000000 N/A
Timer: 23                       0.00000000 N/A
Timer: 24                       0.00000000 N/A
Timer: 25                       0.00000000 N/A
Timer: 26                       0.00000000 N/A
Timer: 27                       0.00000000 N/A
Timer: 28                       0.00000000 N/A
Timer: 29                       0.00000000 N/A
Timer: 30                       0.00000000 N/A
Timer: 31                       0.00000000 N/A
Timer: 0                       2.46030814 read
Timer: 1                       3.31875359 mmSeeds+instantiateSeeds
Timer: 2                      59.56750372 searchAllSeeds
Timer: 3                     147.39095718 extendSeeds
Timer: 4                       0.05706932 searchAllSeeds
Timer: 5                       0.35050101 extendSeeds
Timer: 6                       4.45047713 searchAllSeeds
Timer: 7                       0.02794236 extendSeeds
Timer: 8                       5.09923348 finishReadOne
Timer: 9                       2.42927967 extendSeeds
Timer: 10                       0.02431900 finishReadOne
Timer: 11                       0.00000000 N/A
Timer: 12                       0.00000000 N/A
Timer: 13                       0.00000000 N/A
Timer: 14                       0.00000000 N/A
Timer: 15                       0.00000000 N/A
Timer: 16                       0.00000000 N/A
Timer: 17                       0.00000000 N/A
Timer: 18                       0.00000000 N/A
Timer: 19                       0.00000000 N/A
Timer: 20                       0.00000000 N/A
Timer: 21                       0.00000000 N/A
Timer: 22                       0.00000000 N/A
Timer: 23                       0.00000000 N/A
Timer: 24                       0.00000000 N/A
Timer: 25                       0.00000000 N/A
Timer: 26                       0.00000000 N/A
Timer: 27                       0.00000000 N/A
Timer: 28                       0.00000000 N/A
Timer: 29                       0.00000000 N/A
Timer: 30                       0.00000000 N/A
Timer: 31                       0.00000000 N/A
Timer: 0                       2.45186844 read
Timer: 1                       3.42874313 mmSeeds+instantiateSeeds
Timer: 2                      60.49971578 searchAllSeeds
Timer: 3                     146.13773273 extendSeeds
Timer: 4                       0.05835667 searchAllSeeds
Timer: 5                       0.35996480 extendSeeds
Timer: 6                       4.49022982 searchAllSeeds
Timer: 7                       0.02790116 extendSeeds
Timer: 8                       5.27827810 finishReadOne
Timer: 9                       2.37806010 extendSeeds
Timer: 10                       0.02518659 finishReadOne
Timer: 11                       0.00000000 N/A
Timer: 12                       0.00000000 N/A
Timer: 13                       0.00000000 N/A
Timer: 14                       0.00000000 N/A
Timer: 15                       0.00000000 N/A
Timer: 16                       0.00000000 N/A
Timer: 17                       0.00000000 N/A
Timer: 18                       0.00000000 N/A
Timer: 19                       0.00000000 N/A
Timer: 20                       0.00000000 N/A
Timer: 21                       0.00000000 N/A
Timer: 22                       0.00000000 N/A
Timer: 23                       0.00000000 N/A
Timer: 24                       0.00000000 N/A
Timer: 25                       0.00000000 N/A
Timer: 26                       0.00000000 N/A
Timer: 27                       0.00000000 N/A
Timer: 28                       0.00000000 N/A
Timer: 29                       0.00000000 N/A
Timer: 30                       0.00000000 N/A
Timer: 31                       0.00000000 N/A
Timer: 0                       2.44275112 read
Timer: 1                       3.33438454 mmSeeds+instantiateSeeds
Timer: 2                      60.72864669 searchAllSeeds
Timer: 3                     146.03181616 extendSeeds
Timer: 4                       0.05485968 searchAllSeeds
Timer: 5                       0.36454622 extendSeeds
Timer: 6                       4.48544740 searchAllSeeds
Timer: 7                       0.02646030 extendSeeds
Timer: 8                       5.26102898 finishReadOne
Timer: 9                       2.37937158 finishReadOne
Timer: 10                       0.02524109 finishReadOne
Timer: 11                       0.00000000 N/A
Timer: 12                       0.00000000 N/A
Timer: 13                       0.00000000 N/A
Timer: 14                       0.00000000 N/A
Timer: 15                       0.00000000 N/A
Timer: 16                       0.00000000 N/A
Timer: 17                       0.00000000 N/A
Timer: 18                       0.00000000 N/A
Timer: 19                       0.00000000 N/A
Timer: 20                       0.00000000 N/A
Timer: 21                       0.00000000 N/A
Timer: 22                       0.00000000 N/A
Timer: 23                       0.00000000 N/A
Timer: 24                       0.00000000 N/A
Timer: 25                       0.00000000 N/A
Timer: 26                       0.00000000 N/A
Timer: 27                       0.00000000 N/A
Timer: 28                       0.00000000 N/A
Timer: 29                       0.00000000 N/A
Timer: 30                       0.00000000 N/A
Timer: 31                       0.00000000 N/A
6548484 reads; of these:
  6548484 (100.00%) were unpaired; of these:
    2516943 (38.44%) aligned 0 times
    3557306 (54.32%) aligned exactly 1 time
    474235 (7.24%) aligned >1 times
61.56% overall alignment rate
8277263 161987954 3715991588

real	4m0.087s
user	60m42.045s
sys	0m41.211s
==============
