b2-011
Architecture:          x86_64
CPU op-mode(s):        32-bit, 64-bit
Byte Order:            Little Endian
CPU(s):                64
On-line CPU(s) list:   0-63
Thread(s) per core:    2
Core(s) per socket:    16
Socket(s):             2
NUMA node(s):          2
Vendor ID:             AuthenticAMD
CPU family:            23
Model:                 49
Model name:            AMD EPYC 7302 16-Core Processor
Stepping:              0
CPU MHz:               1500.000
CPU max MHz:           3000.0000
CPU min MHz:           1500.0000
BogoMIPS:              6000.30
Virtualization:        AMD-V
L1d cache:             32K
L1i cache:             32K
L2 cache:              512K
L3 cache:              16384K
NUMA node0 CPU(s):     0-15,32-47
NUMA node1 CPU(s):     16-31,48-63
Flags:                 fpu vme de pse tsc msr pae mce cx8 apic sep mtrr pge mca cmov pat pse36 clflush mmx fxsr sse sse2 ht syscall nx mmxext fxsr_opt pdpe1gb rdtscp lm constant_tsc art rep_good nopl nonstop_tsc extd_apicid aperfmperf eagerfpu pni pclmulqdq monitor ssse3 fma cx16 sse4_1 sse4_2 movbe popcnt aes xsave avx f16c rdrand lahf_lm cmp_legacy svm extapic cr8_legacy abm sse4a misalignsse 3dnowprefetch osvw ibs skinit wdt tce topoext perfctr_core perfctr_nb bpext perfctr_l2 cpb cat_l3 cdp_l3 hw_pstate sme retpoline_amd ssbd ibrs ibpb stibp vmmcall fsgsbase bmi1 avx2 smep bmi2 cqm rdt_a rdseed adx smap clflushopt clwb sha_ni xsaveopt xsavec xgetbv1 cqm_llc cqm_occup_llc cqm_mbm_total cqm_mbm_local clzero irperf xsaveerptr arat npt lbrv svm_lock nrip_save tsc_scale vmcb_clean flushbyasid decodeassists pausefilter pfthreshold avic v_vmsave_vmload vgif umip overflow_recov succor smca
==============
commit 6e2536972f82eaf7e64dd367283f32d162d9f76f
Author: Rone Charles <rone_charles@fastmail.com>
Date:   Mon Sep 20 09:53:59 2021 -0400

    Skip aligned reads when processing BAM file

commit ed15e8e19d7486c87c55fc23e086f3e743a3c55f
Author: Rone Charles <rone_charles@fastmail.com>
Date:   Sun Aug 8 18:41:08 2021 -0400

commit 6e2536972f82eaf7e64dd367283f32d162d9f76f
Author: Rone Charles <rone_charles@fastmail.com>
Date:   Mon Sep 20 09:53:59 2021 -0400

    Skip aligned reads when processing BAM file

commit ed15e8e19d7486c87c55fc23e086f3e743a3c55f
Author: Rone Charles <rone_charles@fastmail.com>
Date:   Sun Aug 8 18:41:08 2021 -0400

==============
b806cfba7dee4891cc9ef85b379d0c4f  /qmounts/qiita_data/per_sample_FASTQ/101636//Song53_24613_host_filtered.fastq.gz
#./bowtie2 -p 16 --no-exact-upfront --no-1mm-upfront -x /scratch/qp-woltka/WoLr1/WoLr1 -q /qmounts/qiita_data/per_sample_FASTQ/101636//Song53_24613_host_filtered.fastq.gz --seed 42 --very-sensitive -k 16 --np 1 --mp 1,1 --rdg 0,1 --rfg 0,1 --score-min  L,0,-0.05 --no-head --no-unal |wc
==== CPU 1 ==========
Timer: 0                       2.65113969 read
Timer: 1                       3.35928594 mmSeeds+instantiateSeeds
Timer: 2                      58.11806452 searchAllSeeds
Timer: 3                     116.25072482 extendSeeds
Timer: 4                       0.05193071 searchAllSeeds
Timer: 5                       0.29567631 extendSeeds
Timer: 6                       3.83487453 searchAllSeeds
Timer: 7                       0.02574494 extendSeeds
Timer: 8                       4.64197162 finishReadOne
Timer: 9                       2.11417679 finishReadOne
Timer: 10                       0.02070390 finishReadOne
Timer: 11                       0.00000000 N/A
Timer: 12                       0.00000000 N/A
Timer: 13                       0.00000000 N/A
Timer: 14                       0.00000000 N/A
Timer: 15                       0.00000000 N/A
Timer: 16                       0.00000000 N/A
Timer: 17                       0.00000000 N/A
Timer: 18                       0.00000000 N/A
Timer: 19                       0.00000000 N/A
Timer: 20                       0.00000000 N/A
Timer: 21                       0.00000000 N/A
Timer: 22                       0.00000000 N/A
Timer: 23                       0.00000000 N/A
Timer: 24                       0.00000000 N/A
Timer: 25                       0.00000000 N/A
Timer: 26                       0.00000000 N/A
Timer: 27                       0.00000000 N/A
Timer: 28                       0.00000000 N/A
Timer: 29                       0.00000000 N/A
Timer: 30                       0.00000000 N/A
Timer: 31                       0.00000000 N/A
Timer: 0                       2.77325062 read
Timer: 1                       3.41335902 mmSeeds+instantiateSeeds
Timer: 2                      58.27609885 searchAllSeeds
Timer: 3                     116.01917299 extendSeeds
Timer: 4                       0.05141013 searchAllSeeds
Timer: 5                       0.29078438 extendSeeds
Timer: 6                       3.80800329 searchAllSeeds
Timer: 7                       0.02689944 extendSeeds
Timer: 8                       4.61472777 finishReadOne
Timer: 9                       2.01473906 extendSeeds
Timer: 10                       0.01845565 finishReadOne
Timer: 11                       0.00000000 N/A
Timer: 12                       0.00000000 N/A
Timer: 13                       0.00000000 N/A
Timer: 14                       0.00000000 N/A
Timer: 15                       0.00000000 N/A
Timer: 16                       0.00000000 N/A
Timer: 17                       0.00000000 N/A
Timer: 18                       0.00000000 N/A
Timer: 19                       0.00000000 N/A
Timer: 20                       0.00000000 N/A
Timer: 21                       0.00000000 N/A
Timer: 22                       0.00000000 N/A
Timer: 23                       0.00000000 N/A
Timer: 24                       0.00000000 N/A
Timer: 25                       0.00000000 N/A
Timer: 26                       0.00000000 N/A
Timer: 27                       0.00000000 N/A
Timer: 28                       0.00000000 N/A
Timer: 29                       0.00000000 N/A
Timer: 30                       0.00000000 N/A
Timer: 31                       0.00000000 N/A
Timer: 0                       2.71924186 read
Timer: 1                       3.34174182 mmSeeds+instantiateSeeds
Timer: 2                      58.23696773 searchAllSeeds
Timer: 3                     116.23862426 extendSeeds
Timer: 4                       0.04879935 searchAllSeeds
Timer: 5                       0.29192038 extendSeeds
Timer: 6                       3.80593624 searchAllSeeds
Timer: 7                       0.02501422 extendSeeds
Timer: 8                       4.57234864 finishReadOne
Timer: 9                       1.97699674 finishReadOne
Timer: 10                       0.01965333 finishReadOne
Timer: 11                       0.00000000 N/A
Timer: 12                       0.00000000 N/A
Timer: 13                       0.00000000 N/A
Timer: 14                       0.00000000 N/A
Timer: 15                       0.00000000 N/A
Timer: 16                       0.00000000 N/A
Timer: 17                       0.00000000 N/A
Timer: 18                       0.00000000 N/A
Timer: 19                       0.00000000 N/A
Timer: 20                       0.00000000 N/A
Timer: 21                       0.00000000 N/A
Timer: 22                       0.00000000 N/A
Timer: 23                       0.00000000 N/A
Timer: 24                       0.00000000 N/A
Timer: 25                       0.00000000 N/A
Timer: 26                       0.00000000 N/A
Timer: 27                       0.00000000 N/A
Timer: 28                       0.00000000 N/A
Timer: 29                       0.00000000 N/A
Timer: 30                       0.00000000 N/A
Timer: 31                       0.00000000 N/A
Timer: 0                       2.72913699 read
Timer: 1                       3.35240541 mmSeeds+instantiateSeeds
Timer: 2                      57.91981344 searchAllSeeds
Timer: 3                     116.18216373 extendSeeds
Timer: 4                       0.04937859 searchAllSeeds
Timer: 5                       0.29901547 extendSeeds
Timer: 6                       3.88762369 searchAllSeeds
Timer: 7                       0.02542556 extendSeeds
Timer: 8                       4.58108296 finishReadOne
Timer: 9                       2.10502189 extendSeeds
Timer: 10                       0.02267282 finishReadOne
Timer: 11                       0.00000000 N/A
Timer: 12                       0.00000000 N/A
Timer: 13                       0.00000000 N/A
Timer: 14                       0.00000000 N/A
Timer: 15                       0.00000000 N/A
Timer: 16                       0.00000000 N/A
Timer: 17                       0.00000000 N/A
Timer: 18                       0.00000000 N/A
Timer: 19                       0.00000000 N/A
Timer: 20                       0.00000000 N/A
Timer: 21                       0.00000000 N/A
Timer: 22                       0.00000000 N/A
Timer: 23                       0.00000000 N/A
Timer: 24                       0.00000000 N/A
Timer: 25                       0.00000000 N/A
Timer: 26                       0.00000000 N/A
Timer: 27                       0.00000000 N/A
Timer: 28                       0.00000000 N/A
Timer: 29                       0.00000000 N/A
Timer: 30                       0.00000000 N/A
Timer: 31                       0.00000000 N/A
Timer: 0                       2.73846761 read
Timer: 1                       3.34377280 mmSeeds+instantiateSeeds
Timer: 2                      58.18496727 searchAllSeeds
Timer: 3                     116.08777172 extendSeeds
Timer: 4                       0.05136593 searchAllSeeds
Timer: 5                       0.30132437 extendSeeds
Timer: 6                       3.91061117 searchAllSeeds
Timer: 7                       0.02620924 extendSeeds
Timer: 8                       4.51354040 finishReadOne
Timer: 9                       2.11226559 extendSeeds
Timer: 10                       0.02030534 finishReadOne
Timer: 11                       0.00000000 N/A
Timer: 12                       0.00000000 N/A
Timer: 13                       0.00000000 N/A
Timer: 14                       0.00000000 N/A
Timer: 15                       0.00000000 N/A
Timer: 16                       0.00000000 N/A
Timer: 17                       0.00000000 N/A
Timer: 18                       0.00000000 N/A
Timer: 19                       0.00000000 N/A
Timer: 20                       0.00000000 N/A
Timer: 21                       0.00000000 N/A
Timer: 22                       0.00000000 N/A
Timer: 23                       0.00000000 N/A
Timer: 24                       0.00000000 N/A
Timer: 25                       0.00000000 N/A
Timer: 26                       0.00000000 N/A
Timer: 27                       0.00000000 N/A
Timer: 28                       0.00000000 N/A
Timer: 29                       0.00000000 N/A
Timer: 30                       0.00000000 N/A
Timer: 31                       0.00000000 N/A
Timer: 0                       2.76844387 read
Timer: 1                       3.35741105 mmSeeds+instantiateSeeds
Timer: 2                      58.04343703 searchAllSeeds
Timer: 3                     116.24142100 extendSeeds
Timer: 4                       0.05406088 searchAllSeeds
Timer: 5                       0.29839025 extendSeeds
Timer: 6                       3.87387648 searchAllSeeds
Timer: 7                       0.02561226 extendSeeds
Timer: 8                       4.61801944 finishReadOne
Timer: 9                       2.07248552 extendSeeds
Timer: 10                       0.02023816 finishReadOne
Timer: 11                       0.00000000 N/A
Timer: 12                       0.00000000 N/A
Timer: 13                       0.00000000 N/A
Timer: 14                       0.00000000 N/A
Timer: 15                       0.00000000 N/A
Timer: 16                       0.00000000 N/A
Timer: 17                       0.00000000 N/A
Timer: 18                       0.00000000 N/A
Timer: 19                       0.00000000 N/A
Timer: 20                       0.00000000 N/A
Timer: 21                       0.00000000 N/A
Timer: 22                       0.00000000 N/A
Timer: 23                       0.00000000 N/A
Timer: 24                       0.00000000 N/A
Timer: 25                       0.00000000 N/A
Timer: 26                       0.00000000 N/A
Timer: 27                       0.00000000 N/A
Timer: 28                       0.00000000 N/A
Timer: 29                       0.00000000 N/A
Timer: 30                       0.00000000 N/A
Timer: 31                       0.00000000 N/A
Timer: 0                       2.74221092 read
Timer: 1                       3.41451672 mmSeeds+instantiateSeeds
Timer: 2                      58.13549734 searchAllSeeds
Timer: 3                     116.04913482 extendSeeds
Timer: 4                       0.04996592 searchAllSeeds
Timer: 5                       0.29506446 extendSeeds
Timer: 6                       3.79525879 searchAllSeeds
Timer: 7                       0.02518754 extendSeeds
Timer: 8                       4.68318724 finishReadOne
Timer: 9                       2.01990833 extendSeeds
Timer: 10                       0.02014894 finishReadOne
Timer: 11                       0.00000000 N/A
Timer: 12                       0.00000000 N/A
Timer: 13                       0.00000000 N/A
Timer: 14                       0.00000000 N/A
Timer: 15                       0.00000000 N/A
Timer: 16                       0.00000000 N/A
Timer: 17                       0.00000000 N/A
Timer: 18                       0.00000000 N/A
Timer: 19                       0.00000000 N/A
Timer: 20                       0.00000000 N/A
Timer: 21                       0.00000000 N/A
Timer: 22                       0.00000000 N/A
Timer: 23                       0.00000000 N/A
Timer: 24                       0.00000000 N/A
Timer: 25                       0.00000000 N/A
Timer: 26                       0.00000000 N/A
Timer: 27                       0.00000000 N/A
Timer: 28                       0.00000000 N/A
Timer: 29                       0.00000000 N/A
Timer: 30                       0.00000000 N/A
Timer: 31                       0.00000000 N/A
Timer: 0                       2.75908434 read
Timer: 1                       3.33767054 mmSeeds+instantiateSeeds
Timer: 2                      58.17453160 searchAllSeeds
Timer: 3                     116.26780883 extendSeeds
Timer: 4                       0.04916928 searchAllSeeds
Timer: 5                       0.28464134 extendSeeds
Timer: 6                       3.75382985 searchAllSeeds
Timer: 7                       0.02468570 extendSeeds
Timer: 8                       4.56809488 finishReadOne
Timer: 9                       1.96278113 extendSeeds
Timer: 10                       0.01873633 finishReadOne
Timer: 11                       0.00000000 N/A
Timer: 12                       0.00000000 N/A
Timer: 13                       0.00000000 N/A
Timer: 14                       0.00000000 N/A
Timer: 15                       0.00000000 N/A
Timer: 16                       0.00000000 N/A
Timer: 17                       0.00000000 N/A
Timer: 18                       0.00000000 N/A
Timer: 19                       0.00000000 N/A
Timer: 20                       0.00000000 N/A
Timer: 21                       0.00000000 N/A
Timer: 22                       0.00000000 N/A
Timer: 23                       0.00000000 N/A
Timer: 24                       0.00000000 N/A
Timer: 25                       0.00000000 N/A
Timer: 26                       0.00000000 N/A
Timer: 27                       0.00000000 N/A
Timer: 28                       0.00000000 N/A
Timer: 29                       0.00000000 N/A
Timer: 30                       0.00000000 N/A
Timer: 31                       0.00000000 N/A
Timer: 0                       2.68491648 read
Timer: 1                       3.39534672 mmSeeds+instantiateSeeds
Timer: 2                      58.02658925 searchAllSeeds
Timer: 3                     116.01353432 extendSeeds
Timer: 4                       0.05033636 searchAllSeeds
Timer: 5                       0.30317171 extendSeeds
Timer: 6                       3.93595384 searchAllSeeds
Timer: 7                       0.02584393 extendSeeds
Timer: 8                       4.61413853 finishReadOne
Timer: 9                       2.13156138 extendSeeds
Timer: 10                       0.02192383 finishReadOne
Timer: 11                       0.00000000 N/A
Timer: 12                       0.00000000 N/A
Timer: 13                       0.00000000 N/A
Timer: 14                       0.00000000 N/A
Timer: 15                       0.00000000 N/A
Timer: 16                       0.00000000 N/A
Timer: 17                       0.00000000 N/A
Timer: 18                       0.00000000 N/A
Timer: 19                       0.00000000 N/A
Timer: 20                       0.00000000 N/A
Timer: 21                       0.00000000 N/A
Timer: 22                       0.00000000 N/A
Timer: 23                       0.00000000 N/A
Timer: 24                       0.00000000 N/A
Timer: 25                       0.00000000 N/A
Timer: 26                       0.00000000 N/A
Timer: 27                       0.00000000 N/A
Timer: 28                       0.00000000 N/A
Timer: 29                       0.00000000 N/A
Timer: 30                       0.00000000 N/A
Timer: 31                       0.00000000 N/A
Timer: 0                       2.75536499 read
Timer: 1                       3.35011079 mmSeeds+instantiateSeeds
Timer: 2                      58.08768390 searchAllSeeds
Timer: 3                     116.25819881 extendSeeds
Timer: 4                       0.04936094 searchAllSeeds
Timer: 5                       0.30121280 extendSeeds
Timer: 6                       3.84919626 searchAllSeeds
Timer: 7                       0.02599580 extendSeeds
Timer: 8                       4.56426286 finishReadOne
Timer: 9                       2.03051445 extendSeeds
Timer: 10                       0.01873492 finishReadOne
Timer: 11                       0.00000000 N/A
Timer: 12                       0.00000000 N/A
Timer: 13                       0.00000000 N/A
Timer: 14                       0.00000000 N/A
Timer: 15                       0.00000000 N/A
Timer: 16                       0.00000000 N/A
Timer: 17                       0.00000000 N/A
Timer: 18                       0.00000000 N/A
Timer: 19                       0.00000000 N/A
Timer: 20                       0.00000000 N/A
Timer: 21                       0.00000000 N/A
Timer: 22                       0.00000000 N/A
Timer: 23                       0.00000000 N/A
Timer: 24                       0.00000000 N/A
Timer: 25                       0.00000000 N/A
Timer: 26                       0.00000000 N/A
Timer: 27                       0.00000000 N/A
Timer: 28                       0.00000000 N/A
Timer: 29                       0.00000000 N/A
Timer: 30                       0.00000000 N/A
Timer: 31                       0.00000000 N/A
Timer: 0                       2.75697915 read
Timer: 1                       3.33570664 mmSeeds+instantiateSeeds
Timer: 2                      58.12379659 searchAllSeeds
Timer: 3                     116.33819043 extendSeeds
Timer: 4                       0.04905170 searchAllSeeds
Timer: 5                       0.29486337 extendSeeds
Timer: 6                       3.77739008 searchAllSeeds
Timer: 7                       0.02517720 extendSeeds
Timer: 8                       4.59952107 finishReadOne
Timer: 9                       2.05935928 finishReadOne
Timer: 10                       0.01878518 finishReadOne
Timer: 11                       0.00000000 N/A
Timer: 12                       0.00000000 N/A
Timer: 13                       0.00000000 N/A
Timer: 14                       0.00000000 N/A
Timer: 15                       0.00000000 N/A
Timer: 16                       0.00000000 N/A
Timer: 17                       0.00000000 N/A
Timer: 18                       0.00000000 N/A
Timer: 19                       0.00000000 N/A
Timer: 20                       0.00000000 N/A
Timer: 21                       0.00000000 N/A
Timer: 22                       0.00000000 N/A
Timer: 23                       0.00000000 N/A
Timer: 24                       0.00000000 N/A
Timer: 25                       0.00000000 N/A
Timer: 26                       0.00000000 N/A
Timer: 27                       0.00000000 N/A
Timer: 28                       0.00000000 N/A
Timer: 29                       0.00000000 N/A
Timer: 30                       0.00000000 N/A
Timer: 31                       0.00000000 N/A
Timer: 0                       2.66379387 read
Timer: 1                       3.33774831 mmSeeds+instantiateSeeds
Timer: 2                      58.21601239 searchAllSeeds
Timer: 3                     116.06300202 extendSeeds
Timer: 4                       0.04876007 searchAllSeeds
Timer: 5                       0.30235798 extendSeeds
Timer: 6                       3.92960098 searchAllSeeds
Timer: 7                       0.02538594 extendSeeds
Timer: 8                       4.59084257 finishReadOne
Timer: 9                       2.11667767 extendSeeds
Timer: 10                       0.02022570 finishReadOne
Timer: 11                       0.00000000 N/A
Timer: 12                       0.00000000 N/A
Timer: 13                       0.00000000 N/A
Timer: 14                       0.00000000 N/A
Timer: 15                       0.00000000 N/A
Timer: 16                       0.00000000 N/A
Timer: 17                       0.00000000 N/A
Timer: 18                       0.00000000 N/A
Timer: 19                       0.00000000 N/A
Timer: 20                       0.00000000 N/A
Timer: 21                       0.00000000 N/A
Timer: 22                       0.00000000 N/A
Timer: 23                       0.00000000 N/A
Timer: 24                       0.00000000 N/A
Timer: 25                       0.00000000 N/A
Timer: 26                       0.00000000 N/A
Timer: 27                       0.00000000 N/A
Timer: 28                       0.00000000 N/A
Timer: 29                       0.00000000 N/A
Timer: 30                       0.00000000 N/A
Timer: 31                       0.00000000 N/A
Timer: 0                       2.66271829 read
Timer: 1                       3.44017139 mmSeeds+instantiateSeeds
Timer: 2                      57.81391049 searchAllSeeds
Timer: 3                     116.25430242 extendSeeds
Timer: 4                       0.05049595 searchAllSeeds
Timer: 5                       0.30300867 extendSeeds
Timer: 6                       3.94286504 searchAllSeeds
Timer: 7                       0.02598443 extendSeeds
Timer: 8                       4.68265526 finishReadOne
Timer: 9                       2.15737672 extendSeeds
Timer: 10                       0.01992353 finishReadOne
Timer: 11                       0.00000000 N/A
Timer: 12                       0.00000000 N/A
Timer: 13                       0.00000000 N/A
Timer: 14                       0.00000000 N/A
Timer: 15                       0.00000000 N/A
Timer: 16                       0.00000000 N/A
Timer: 17                       0.00000000 N/A
Timer: 18                       0.00000000 N/A
Timer: 19                       0.00000000 N/A
Timer: 20                       0.00000000 N/A
Timer: 21                       0.00000000 N/A
Timer: 22                       0.00000000 N/A
Timer: 23                       0.00000000 N/A
Timer: 24                       0.00000000 N/A
Timer: 25                       0.00000000 N/A
Timer: 26                       0.00000000 N/A
Timer: 27                       0.00000000 N/A
Timer: 28                       0.00000000 N/A
Timer: 29                       0.00000000 N/A
Timer: 30                       0.00000000 N/A
Timer: 31                       0.00000000 N/A
Timer: 0                       2.72540215 read
Timer: 1                       3.33811629 mmSeeds+instantiateSeeds
Timer: 2                      58.27253555 searchAllSeeds
Timer: 3                     116.14239172 extendSeeds
Timer: 4                       0.04950010 searchAllSeeds
Timer: 5                       0.30390502 extendSeeds
Timer: 6                       3.85549136 searchAllSeeds
Timer: 7                       0.02505534 extendSeeds
Timer: 8                       4.57981338 finishReadOne
Timer: 9                       2.03101793 finishReadOne
Timer: 10                       0.01864005 finishReadOne
Timer: 11                       0.00000000 N/A
Timer: 12                       0.00000000 N/A
Timer: 13                       0.00000000 N/A
Timer: 14                       0.00000000 N/A
Timer: 15                       0.00000000 N/A
Timer: 16                       0.00000000 N/A
Timer: 17                       0.00000000 N/A
Timer: 18                       0.00000000 N/A
Timer: 19                       0.00000000 N/A
Timer: 20                       0.00000000 N/A
Timer: 21                       0.00000000 N/A
Timer: 22                       0.00000000 N/A
Timer: 23                       0.00000000 N/A
Timer: 24                       0.00000000 N/A
Timer: 25                       0.00000000 N/A
Timer: 26                       0.00000000 N/A
Timer: 27                       0.00000000 N/A
Timer: 28                       0.00000000 N/A
Timer: 29                       0.00000000 N/A
Timer: 30                       0.00000000 N/A
Timer: 31                       0.00000000 N/A
Timer: 0                       2.71190638 read
Timer: 1                       3.38642839 mmSeeds+instantiateSeeds
Timer: 2                      57.93953536 searchAllSeeds
Timer: 3                     116.21629241 extendSeeds
Timer: 4                       0.05184704 searchAllSeeds
Timer: 5                       0.29344886 extendSeeds
Timer: 6                       3.87491549 searchAllSeeds
Timer: 7                       0.02536342 extendSeeds
Timer: 8                       4.61775004 finishReadOne
Timer: 9                       2.05033873 extendSeeds
Timer: 10                       0.02001325 finishReadOne
Timer: 11                       0.00000000 N/A
Timer: 12                       0.00000000 N/A
Timer: 13                       0.00000000 N/A
Timer: 14                       0.00000000 N/A
Timer: 15                       0.00000000 N/A
Timer: 16                       0.00000000 N/A
Timer: 17                       0.00000000 N/A
Timer: 18                       0.00000000 N/A
Timer: 19                       0.00000000 N/A
Timer: 20                       0.00000000 N/A
Timer: 21                       0.00000000 N/A
Timer: 22                       0.00000000 N/A
Timer: 23                       0.00000000 N/A
Timer: 24                       0.00000000 N/A
Timer: 25                       0.00000000 N/A
Timer: 26                       0.00000000 N/A
Timer: 27                       0.00000000 N/A
Timer: 28                       0.00000000 N/A
Timer: 29                       0.00000000 N/A
Timer: 30                       0.00000000 N/A
Timer: 31                       0.00000000 N/A
Timer: 0                       2.69559438 read
Timer: 1                       3.34635832 mmSeeds+instantiateSeeds
Timer: 2                      57.83858450 searchAllSeeds
Timer: 3                     116.04843232 extendSeeds
Timer: 4                       0.05264998 searchAllSeeds
Timer: 5                       0.31221357 extendSeeds
Timer: 6                       4.05425339 searchAllSeeds
Timer: 7                       0.02787868 extendSeeds
Timer: 8                       4.60650829 finishReadOne
Timer: 9                       2.16041585 extendSeeds
Timer: 10                       0.02174803 finishReadOne
Timer: 11                       0.00000000 N/A
Timer: 12                       0.00000000 N/A
Timer: 13                       0.00000000 N/A
Timer: 14                       0.00000000 N/A
Timer: 15                       0.00000000 N/A
Timer: 16                       0.00000000 N/A
Timer: 17                       0.00000000 N/A
Timer: 18                       0.00000000 N/A
Timer: 19                       0.00000000 N/A
Timer: 20                       0.00000000 N/A
Timer: 21                       0.00000000 N/A
Timer: 22                       0.00000000 N/A
Timer: 23                       0.00000000 N/A
Timer: 24                       0.00000000 N/A
Timer: 25                       0.00000000 N/A
Timer: 26                       0.00000000 N/A
Timer: 27                       0.00000000 N/A
Timer: 28                       0.00000000 N/A
Timer: 29                       0.00000000 N/A
Timer: 30                       0.00000000 N/A
Timer: 31                       0.00000000 N/A
6548484 reads; of these:
  6548484 (100.00%) were unpaired; of these:
    2529436 (38.63%) aligned 0 times
    3566500 (54.46%) aligned exactly 1 time
    452548 (6.91%) aligned >1 times
61.37% overall alignment rate
6902980 134493100 3092621263

real	3m21.210s
user	51m15.525s
sys	0m53.450s
==== CPU 2 ==========
Timer: 0                       2.47182958 read
Timer: 1                       3.31681370 mmSeeds+instantiateSeeds
Timer: 2                      58.01212682 searchAllSeeds
Timer: 3                     115.95813637 extendSeeds
Timer: 4                       0.05318772 searchAllSeeds
Timer: 5                       0.29548764 extendSeeds
Timer: 6                       3.92722257 searchAllSeeds
Timer: 7                       0.02581512 extendSeeds
Timer: 8                       4.51676966 finishReadOne
Timer: 9                       2.10268128 extendSeeds
Timer: 10                       0.02067096 finishReadOne
Timer: 11                       0.00000000 N/A
Timer: 12                       0.00000000 N/A
Timer: 13                       0.00000000 N/A
Timer: 14                       0.00000000 N/A
Timer: 15                       0.00000000 N/A
Timer: 16                       0.00000000 N/A
Timer: 17                       0.00000000 N/A
Timer: 18                       0.00000000 N/A
Timer: 19                       0.00000000 N/A
Timer: 20                       0.00000000 N/A
Timer: 21                       0.00000000 N/A
Timer: 22                       0.00000000 N/A
Timer: 23                       0.00000000 N/A
Timer: 24                       0.00000000 N/A
Timer: 25                       0.00000000 N/A
Timer: 26                       0.00000000 N/A
Timer: 27                       0.00000000 N/A
Timer: 28                       0.00000000 N/A
Timer: 29                       0.00000000 N/A
Timer: 30                       0.00000000 N/A
Timer: 31                       0.00000000 N/A
Timer: 0                       2.48510852 read
Timer: 1                       3.40441425 mmSeeds+instantiateSeeds
Timer: 2                      57.61350606 searchAllSeeds
Timer: 3                     116.05581980 extendSeeds
Timer: 4                       0.06164658 searchAllSeeds
Timer: 5                       0.30364702 extendSeeds
Timer: 6                       3.99223867 searchAllSeeds
Timer: 7                       0.02986158 extendSeeds
Timer: 8                       4.65673391 finishReadOne
Timer: 9                       2.13992487 extendSeeds
Timer: 10                       0.02185039 finishReadOne
Timer: 11                       0.00000000 N/A
Timer: 12                       0.00000000 N/A
Timer: 13                       0.00000000 N/A
Timer: 14                       0.00000000 N/A
Timer: 15                       0.00000000 N/A
Timer: 16                       0.00000000 N/A
Timer: 17                       0.00000000 N/A
Timer: 18                       0.00000000 N/A
Timer: 19                       0.00000000 N/A
Timer: 20                       0.00000000 N/A
Timer: 21                       0.00000000 N/A
Timer: 22                       0.00000000 N/A
Timer: 23                       0.00000000 N/A
Timer: 24                       0.00000000 N/A
Timer: 25                       0.00000000 N/A
Timer: 26                       0.00000000 N/A
Timer: 27                       0.00000000 N/A
Timer: 28                       0.00000000 N/A
Timer: 29                       0.00000000 N/A
Timer: 30                       0.00000000 N/A
Timer: 31                       0.00000000 N/A
Timer: 0                       2.50038252 read
Timer: 1                       3.35122434 mmSeeds+instantiateSeeds
Timer: 2                      58.31702269 searchAllSeeds
Timer: 3                     115.93604827 extendSeeds
Timer: 4                       0.05417923 searchAllSeeds
Timer: 5                       0.29185159 extendSeeds
Timer: 6                       3.81827762 searchAllSeeds
Timer: 7                       0.02736658 extendSeeds
Timer: 8                       4.48990911 finishReadOne
Timer: 9                       2.01876054 extendSeeds
Timer: 10                       0.02066015 finishReadOne
Timer: 11                       0.00000000 N/A
Timer: 12                       0.00000000 N/A
Timer: 13                       0.00000000 N/A
Timer: 14                       0.00000000 N/A
Timer: 15                       0.00000000 N/A
Timer: 0                       2.48221070 read
Timer: 1                       3.42798723 mmSeeds+instantiateSeeds
Timer: 2                      58.90161976 searchAllSeeds
Timer: 3                     115.06030358 extendSeeds
Timer: 16                       0.00000000 N/A
Timer: 17                       0.00000000 N/A
Timer: 18                       0.00000000 N/A
Timer: 19                       0.00000000 N/A
Timer: 20                       0.00000000 N/A
Timer: 21                       0.00000000 N/A
Timer: 22                       0.00000000 N/A
Timer: 23                       0.00000000 N/A
Timer: 24                       0.00000000 N/A
Timer: 25                       0.00000000 N/A
Timer: 26                       0.00000000 N/A
Timer: 4                       0.05522591 searchAllSeeds
Timer: 5                       0.30358149 extendSeeds
Timer: 6                       3.88737638 searchAllSeeds
Timer: 7                       0.02620159 extendSeeds
Timer: 8                       4.52547276 finishReadOne
Timer: 9                       2.07605763 extendSeeds
Timer: 10                       0.02009255 finishReadOne
Timer: 11                       0.00000000 N/A
Timer: 12                       0.00000000 N/A
Timer: 13                       0.00000000 N/A
Timer: 14                       0.00000000 N/A
Timer: 15                       0.00000000 N/A
Timer: 16                       0.00000000 N/A
Timer: 27                       0.00000000 N/A
Timer: 28                       0.00000000 N/A
Timer: 29                       0.00000000 N/A
Timer: 30                       0.00000000 N/A
Timer: 31                       0.00000000 N/A
Timer: 17                       0.00000000 N/A
Timer: 18                       0.00000000 N/A
Timer: 19                       0.00000000 N/A
Timer: 20                       0.00000000 N/A
Timer: 21                       0.00000000 N/A
Timer: 22                       0.00000000 N/A
Timer: 23                       0.00000000 N/A
Timer: 24                       0.00000000 N/A
Timer: 25                       0.00000000 N/A
Timer: 26                       0.00000000 N/A
Timer: 27                       0.00000000 N/A
Timer: 28                       0.00000000 N/A
Timer: 29                       0.00000000 N/A
Timer: 30                       0.00000000 N/A
Timer: 31                       0.00000000 N/A
Timer: 0                       2.44962178 read
Timer: 1                       3.36821503 mmSeeds+instantiateSeeds
Timer: 2                      58.75778061 searchAllSeeds
Timer: 3                     115.14127103 extendSeeds
Timer: 4                       0.05248910 searchAllSeeds
Timer: 5                       0.30560883 extendSeeds
Timer: 6                       3.95262675 searchAllSeeds
Timer: 7                       0.02580213 extendSeeds
Timer: 8                       4.52165879 finishReadOne
Timer: 9                       2.08300147 extendSeeds
Timer: 10                       0.02078762 finishReadOne
Timer: 11                       0.00000000 N/A
Timer: 12                       0.00000000 N/A
Timer: 13                       0.00000000 N/A
Timer: 14                       0.00000000 N/A
Timer: 15                       0.00000000 N/A
Timer: 16                       0.00000000 N/A
Timer: 17                       0.00000000 N/A
Timer: 18                       0.00000000 N/A
Timer: 19                       0.00000000 N/A
Timer: 20                       0.00000000 N/A
Timer: 21                       0.00000000 N/A
Timer: 22                       0.00000000 N/A
Timer: 23                       0.00000000 N/A
Timer: 24                       0.00000000 N/A
Timer: 25                       0.00000000 N/A
Timer: 26                       0.00000000 N/A
Timer: 27                       0.00000000 N/A
Timer: 28                       0.00000000 N/A
Timer: 29                       0.00000000 N/A
Timer: 30                       0.00000000 N/A
Timer: 31                       0.00000000 N/A
Timer: 0                       2.53543628 read
Timer: 1                       3.35586580 mmSeeds+instantiateSeeds
Timer: 2                      57.81632336 searchAllSeeds
Timer: 3                     115.98215394 extendSeeds
Timer: 4                       0.05782602 searchAllSeeds
Timer: 5                       0.30503575 extendSeeds
Timer: 6                       4.05780723 searchAllSeeds
Timer: 7                       0.02801681 extendSeeds
Timer: 8                       4.44040564 finishReadOne
Timer: 9                       2.20934835 extendSeeds
Timer: 10                       0.02204107 finishReadOne
Timer: 11                       0.00000000 N/A
Timer: 12                       0.00000000 N/A
Timer: 13                       0.00000000 N/A
Timer: 14                       0.00000000 N/A
Timer: 15                       0.00000000 N/A
Timer: 16                       0.00000000 N/A
Timer: 17                       0.00000000 N/A
Timer: 18                       0.00000000 N/A
Timer: 19                       0.00000000 N/A
Timer: 20                       0.00000000 N/A
Timer: 21                       0.00000000 N/A
Timer: 22                       0.00000000 N/A
Timer: 23                       0.00000000 N/A
Timer: 24                       0.00000000 N/A
Timer: 25                       0.00000000 N/A
Timer: 26                       0.00000000 N/A
Timer: 27                       0.00000000 N/A
Timer: 28                       0.00000000 N/A
Timer: 29                       0.00000000 N/A
Timer: 30                       0.00000000 N/A
Timer: 31                       0.00000000 N/A
Timer: 0                       2.42094853 read
Timer: 1                       3.40702176 mmSeeds+instantiateSeeds
Timer: 2                      58.07444916 searchAllSeeds
Timer: 3                     115.88245399 extendSeeds
Timer: 4                       0.05280704 searchAllSeeds
Timer: 5                       0.29478533 extendSeeds
Timer: 6                       3.89183567 searchAllSeeds
Timer: 7                       0.02608058 extendSeeds
Timer: 8                       4.46930467 finishReadOne
Timer: 9                       2.12320286 extendSeeds
Timer: 10                       0.02067497 finishReadOne
Timer: 11                       0.00000000 N/A
Timer: 12                       0.00000000 N/A
Timer: 13                       0.00000000 N/A
Timer: 14                       0.00000000 N/A
Timer: 15                       0.00000000 N/A
Timer: 16                       0.00000000 N/A
Timer: 17                       0.00000000 N/A
Timer: 18                       0.00000000 N/A
Timer: 19                       0.00000000 N/A
Timer: 20                       0.00000000 N/A
Timer: 21                       0.00000000 N/A
Timer: 22                       0.00000000 N/A
Timer: 23                       0.00000000 N/A
Timer: 24                       0.00000000 N/A
Timer: 25                       0.00000000 N/A
Timer: 26                       0.00000000 N/A
Timer: 27                       0.00000000 N/A
Timer: 28                       0.00000000 N/A
Timer: 29                       0.00000000 N/A
Timer: 30                       0.00000000 N/A
Timer: 31                       0.00000000 N/A
Timer: 0                       2.46884895 read
Timer: 1                       3.33725182 mmSeeds+instantiateSeeds
Timer: 2                      58.87710732 searchAllSeeds
Timer: 3                     115.40802272 extendSeeds
Timer: 4                       0.05247530 searchAllSeeds
Timer: 5                       0.29153948 extendSeeds
Timer: 6                       3.77985019 searchAllSeeds
Timer: 7                       0.02533669 extendSeeds
Timer: 8                       4.45912950 finishReadOne
Timer: 9                       2.04008324 finishReadOne
Timer: 10                       0.01790204 finishReadOne
Timer: 11                       0.00000000 N/A
Timer: 12                       0.00000000 N/A
Timer: 13                       0.00000000 N/A
Timer: 14                       0.00000000 N/A
Timer: 15                       0.00000000 N/A
Timer: 16                       0.00000000 N/A
Timer: 17                       0.00000000 N/A
Timer: 18                       0.00000000 N/A
Timer: 19                       0.00000000 N/A
Timer: 20                       0.00000000 N/A
Timer: 21                       0.00000000 N/A
Timer: 22                       0.00000000 N/A
Timer: 23                       0.00000000 N/A
Timer: 24                       0.00000000 N/A
Timer: 25                       0.00000000 N/A
Timer: 26                       0.00000000 N/A
Timer: 27                       0.00000000 N/A
Timer: 28                       0.00000000 N/A
Timer: 29                       0.00000000 N/A
Timer: 30                       0.00000000 N/A
Timer: 31                       0.00000000 N/A
Timer: 0                       2.42929689 read
Timer: 1                       3.37862964 mmSeeds+instantiateSeeds
Timer: 2                      57.95636412 searchAllSeeds
Timer: 3                     115.99900259 extendSeeds
Timer: 4                       0.05605956 searchAllSeeds
Timer: 5                       0.30671951 extendSeeds
Timer: 6                       4.03505250 searchAllSeeds
Timer: 7                       0.02693608 extendSeeds
Timer: 8                       4.50334766 finishReadOne
Timer: 9                       2.08543275 extendSeeds
Timer: 10                       0.02098236 finishReadOne
Timer: 11                       0.00000000 N/A
Timer: 12                       0.00000000 N/A
Timer: 13                       0.00000000 N/A
Timer: 14                       0.00000000 N/A
Timer: 15                       0.00000000 N/A
Timer: 16                       0.00000000 N/A
Timer: 17                       0.00000000 N/A
Timer: 18                       0.00000000 N/A
Timer: 19                       0.00000000 N/A
Timer: 20                       0.00000000 N/A
Timer: 21                       0.00000000 N/A
Timer: 22                       0.00000000 N/A
Timer: 23                       0.00000000 N/A
Timer: 24                       0.00000000 N/A
Timer: 25                       0.00000000 N/A
Timer: 26                       0.00000000 N/A
Timer: 27                       0.00000000 N/A
Timer: 28                       0.00000000 N/A
Timer: 29                       0.00000000 N/A
Timer: 30                       0.00000000 N/A
Timer: 31                       0.00000000 N/A
Timer: 0                       2.41655981 read
Timer: 1                       3.33720005 mmSeeds+instantiateSeeds
Timer: 2                      58.88131607 searchAllSeeds
Timer: 3                     115.31696005 extendSeeds
Timer: 4                       0.05266907 searchAllSeeds
Timer: 5                       0.29560923 extendSeeds
Timer: 6                       3.83032093 searchAllSeeds
Timer: 7                       0.02523703 extendSeeds
Timer: 8                       4.47518948 finishReadOne
Timer: 9                       2.04624819 extendSeeds
Timer: 10                       0.01848995 finishReadOne
Timer: 11                       0.00000000 N/A
Timer: 12                       0.00000000 N/A
Timer: 13                       0.00000000 N/A
Timer: 14                       0.00000000 N/A
Timer: 15                       0.00000000 N/A
Timer: 16                       0.00000000 N/A
Timer: 17                       0.00000000 N/A
Timer: 18                       0.00000000 N/A
Timer: 19                       0.00000000 N/A
Timer: 20                       0.00000000 N/A
Timer: 21                       0.00000000 N/A
Timer: 22                       0.00000000 N/A
Timer: 23                       0.00000000 N/A
Timer: 24                       0.00000000 N/A
Timer: 25                       0.00000000 N/A
Timer: 26                       0.00000000 N/A
Timer: 27                       0.00000000 N/A
Timer: 28                       0.00000000 N/A
Timer: 29                       0.00000000 N/A
Timer: 30                       0.00000000 N/A
Timer: 31                       0.00000000 N/A
Timer: 0                       2.45026829 read
Timer: 1                       3.33261905 mmSeeds+instantiateSeeds
Timer: 2                      58.43998336 searchAllSeeds
Timer: 3                     115.53384553 extendSeeds
Timer: 4                       0.05355681 searchAllSeeds
Timer: 5                       0.30303216 extendSeeds
Timer: 6                       3.97644382 searchAllSeeds
Timer: 7                       0.02638036 extendSeeds
Timer: 8                       4.53268541 finishReadOne
Timer: 9                       2.05627910 finishReadOne
Timer: 10                       0.02114293 finishReadOne
Timer: 11                       0.00000000 N/A
Timer: 12                       0.00000000 N/A
Timer: 13                       0.00000000 N/A
Timer: 14                       0.00000000 N/A
Timer: 15                       0.00000000 N/A
Timer: 16                       0.00000000 N/A
Timer: 17                       0.00000000 N/A
Timer: 18                       0.00000000 N/A
Timer: 19                       0.00000000 N/A
Timer: 20                       0.00000000 N/A
Timer: 21                       0.00000000 N/A
Timer: 22                       0.00000000 N/A
Timer: 23                       0.00000000 N/A
Timer: 24                       0.00000000 N/A
Timer: 25                       0.00000000 N/A
Timer: 26                       0.00000000 N/A
Timer: 27                       0.00000000 N/A
Timer: 28                       0.00000000 N/A
Timer: 29                       0.00000000 N/A
Timer: 30                       0.00000000 N/A
Timer: 31                       0.00000000 N/A
Timer: 0                       2.46181530 read
Timer: 1                       3.38429172 mmSeeds+instantiateSeeds
Timer: 2                      58.62545271 searchAllSeeds
Timer: 3                     115.64886734 extendSeeds
Timer: 4                       0.05324062 searchAllSeeds
Timer: 5                       0.28687001 extendSeeds
Timer: 6                       3.71323683 searchAllSeeds
Timer: 7                       0.02545025 extendSeeds
Timer: 8                       4.53428119 finishReadOne
Timer: 9                       1.98621039 extendSeeds
Timer: 10                       0.01849094 finishReadOne
Timer: 11                       0.00000000 N/A
Timer: 12                       0.00000000 N/A
Timer: 13                       0.00000000 N/A
Timer: 14                       0.00000000 N/A
Timer: 15                       0.00000000 N/A
Timer: 16                       0.00000000 N/A
Timer: 17                       0.00000000 N/A
Timer: 18                       0.00000000 N/A
Timer: 19                       0.00000000 N/A
Timer: 20                       0.00000000 N/A
Timer: 21                       0.00000000 N/A
Timer: 22                       0.00000000 N/A
Timer: 23                       0.00000000 N/A
Timer: 24                       0.00000000 N/A
Timer: 25                       0.00000000 N/A
Timer: 26                       0.00000000 N/A
Timer: 27                       0.00000000 N/A
Timer: 28                       0.00000000 N/A
Timer: 29                       0.00000000 N/A
Timer: 30                       0.00000000 N/A
Timer: 31                       0.00000000 N/A
Timer: 0                       2.46474662 read
Timer: 1                       3.36060598 mmSeeds+instantiateSeeds
Timer: 2                      58.09601878 searchAllSeeds
Timer: 3                     115.92711321 extendSeeds
Timer: 4                       0.05422004 searchAllSeeds
Timer: 5                       0.29868312 extendSeeds
Timer: 6                       3.94030622 searchAllSeeds
Timer: 7                       0.02558787 extendSeeds
Timer: 8                       4.45973624 finishReadOne
Timer: 9                       2.09898920 extendSeeds
Timer: 10                       0.02034207 finishReadOne
Timer: 11                       0.00000000 N/A
Timer: 12                       0.00000000 N/A
Timer: 13                       0.00000000 N/A
Timer: 14                       0.00000000 N/A
Timer: 15                       0.00000000 N/A
Timer: 16                       0.00000000 N/A
Timer: 17                       0.00000000 N/A
Timer: 18                       0.00000000 N/A
Timer: 19                       0.00000000 N/A
Timer: 20                       0.00000000 N/A
Timer: 21                       0.00000000 N/A
Timer: 22                       0.00000000 N/A
Timer: 23                       0.00000000 N/A
Timer: 24                       0.00000000 N/A
Timer: 25                       0.00000000 N/A
Timer: 26                       0.00000000 N/A
Timer: 27                       0.00000000 N/A
Timer: 28                       0.00000000 N/A
Timer: 29                       0.00000000 N/A
Timer: 30                       0.00000000 N/A
Timer: 31                       0.00000000 N/A
Timer: 0                       2.49949746 read
Timer: 1                       3.34652117 mmSeeds+instantiateSeeds
Timer: 2                      58.39094448 searchAllSeeds
Timer: 3                     115.50448378 extendSeeds
Timer: 4                       0.05438044 searchAllSeeds
Timer: 5                       0.30378768 extendSeeds
Timer: 6                       3.90542231 searchAllSeeds
Timer: 7                       0.02603739 extendSeeds
Timer: 8                       4.48641610 finishReadOne
Timer: 9                       2.17261629 finishReadOne
Timer: 10                       0.01993870 finishReadOne
Timer: 11                       0.00000000 N/A
Timer: 12                       0.00000000 N/A
Timer: 13                       0.00000000 N/A
Timer: 14                       0.00000000 N/A
Timer: 15                       0.00000000 N/A
Timer: 16                       0.00000000 N/A
Timer: 17                       0.00000000 N/A
Timer: 18                       0.00000000 N/A
Timer: 19                       0.00000000 N/A
Timer: 20                       0.00000000 N/A
Timer: 21                       0.00000000 N/A
Timer: 22                       0.00000000 N/A
Timer: 23                       0.00000000 N/A
Timer: 24                       0.00000000 N/A
Timer: 25                       0.00000000 N/A
Timer: 26                       0.00000000 N/A
Timer: 27                       0.00000000 N/A
Timer: 28                       0.00000000 N/A
Timer: 29                       0.00000000 N/A
Timer: 30                       0.00000000 N/A
Timer: 31                       0.00000000 N/A
Timer: 0                       2.50978792 read
Timer: 1                       3.43691968 mmSeeds+instantiateSeeds
Timer: 2                      58.07847609 searchAllSeeds
Timer: 3                     115.84952718 extendSeeds
Timer: 4                       0.05813885 searchAllSeeds
Timer: 5                       0.29713272 extendSeeds
Timer: 6                       3.87185291 searchAllSeeds
Timer: 7                       0.02934047 extendSeeds
Timer: 8                       4.57848344 finishReadOne
Timer: 9                       2.08866477 extendSeeds
Timer: 10                       0.02154337 finishReadOne
Timer: 11                       0.00000000 N/A
Timer: 12                       0.00000000 N/A
Timer: 13                       0.00000000 N/A
Timer: 14                       0.00000000 N/A
Timer: 15                       0.00000000 N/A
Timer: 16                       0.00000000 N/A
Timer: 17                       0.00000000 N/A
Timer: 18                       0.00000000 N/A
Timer: 19                       0.00000000 N/A
Timer: 20                       0.00000000 N/A
Timer: 21                       0.00000000 N/A
Timer: 22                       0.00000000 N/A
Timer: 23                       0.00000000 N/A
Timer: 24                       0.00000000 N/A
Timer: 25                       0.00000000 N/A
Timer: 26                       0.00000000 N/A
Timer: 27                       0.00000000 N/A
Timer: 28                       0.00000000 N/A
Timer: 29                       0.00000000 N/A
Timer: 30                       0.00000000 N/A
Timer: 31                       0.00000000 N/A
Timer: 0                       2.45365722 read
Timer: 1                       3.41258934 mmSeeds+instantiateSeeds
Timer: 2                      58.08838095 searchAllSeeds
Timer: 3                     115.73695881 extendSeeds
Timer: 4                       0.05561180 searchAllSeeds
Timer: 5                       0.29930737 extendSeeds
Timer: 6                       3.97363057 searchAllSeeds
Timer: 7                       0.02615626 extendSeeds
Timer: 8                       4.54338718 finishReadOne
Timer: 9                       2.15968141 extendSeeds
Timer: 10                       0.02025298 finishReadOne
Timer: 11                       0.00000000 N/A
Timer: 12                       0.00000000 N/A
Timer: 13                       0.00000000 N/A
Timer: 14                       0.00000000 N/A
Timer: 15                       0.00000000 N/A
Timer: 16                       0.00000000 N/A
Timer: 17                       0.00000000 N/A
Timer: 18                       0.00000000 N/A
Timer: 19                       0.00000000 N/A
Timer: 20                       0.00000000 N/A
Timer: 21                       0.00000000 N/A
Timer: 22                       0.00000000 N/A
Timer: 23                       0.00000000 N/A
Timer: 24                       0.00000000 N/A
Timer: 25                       0.00000000 N/A
Timer: 26                       0.00000000 N/A
Timer: 27                       0.00000000 N/A
Timer: 28                       0.00000000 N/A
Timer: 29                       0.00000000 N/A
Timer: 30                       0.00000000 N/A
Timer: 31                       0.00000000 N/A
6548484 reads; of these:
  6548484 (100.00%) were unpaired; of these:
    2529436 (38.63%) aligned 0 times
    3566500 (54.46%) aligned exactly 1 time
    452548 (6.91%) aligned >1 times
61.37% overall alignment rate
6902980 134493100 3092621263

real	3m19.734s
user	51m17.536s
sys	0m32.435s
==============
