b2-011
Architecture:          x86_64
CPU op-mode(s):        32-bit, 64-bit
Byte Order:            Little Endian
CPU(s):                64
On-line CPU(s) list:   0-63
Thread(s) per core:    2
Core(s) per socket:    16
Socket(s):             2
NUMA node(s):          2
Vendor ID:             AuthenticAMD
CPU family:            23
Model:                 49
Model name:            AMD EPYC 7302 16-Core Processor
Stepping:              0
CPU MHz:               1500.000
CPU max MHz:           3000.0000
CPU min MHz:           1500.0000
BogoMIPS:              6000.30
Virtualization:        AMD-V
L1d cache:             32K
L1i cache:             32K
L2 cache:              512K
L3 cache:              16384K
NUMA node0 CPU(s):     0-15,32-47
NUMA node1 CPU(s):     16-31,48-63
Flags:                 fpu vme de pse tsc msr pae mce cx8 apic sep mtrr pge mca cmov pat pse36 clflush mmx fxsr sse sse2 ht syscall nx mmxext fxsr_opt pdpe1gb rdtscp lm constant_tsc art rep_good nopl nonstop_tsc extd_apicid aperfmperf eagerfpu pni pclmulqdq monitor ssse3 fma cx16 sse4_1 sse4_2 movbe popcnt aes xsave avx f16c rdrand lahf_lm cmp_legacy svm extapic cr8_legacy abm sse4a misalignsse 3dnowprefetch osvw ibs skinit wdt tce topoext perfctr_core perfctr_nb bpext perfctr_l2 cpb cat_l3 cdp_l3 hw_pstate sme retpoline_amd ssbd ibrs ibpb stibp vmmcall fsgsbase bmi1 avx2 smep bmi2 cqm rdt_a rdseed adx smap clflushopt clwb sha_ni xsaveopt xsavec xgetbv1 cqm_llc cqm_occup_llc cqm_mbm_total cqm_mbm_local clzero irperf xsaveerptr arat npt lbrv svm_lock nrip_save tsc_scale vmcb_clean flushbyasid decodeassists pausefilter pfthreshold avic v_vmsave_vmload vgif umip overflow_recov succor smca
==============
commit 6e2536972f82eaf7e64dd367283f32d162d9f76f
Author: Rone Charles <rone_charles@fastmail.com>
Date:   Mon Sep 20 09:53:59 2021 -0400

    Skip aligned reads when processing BAM file

commit ed15e8e19d7486c87c55fc23e086f3e743a3c55f
Author: Rone Charles <rone_charles@fastmail.com>
Date:   Sun Aug 8 18:41:08 2021 -0400

commit 6e2536972f82eaf7e64dd367283f32d162d9f76f
Author: Rone Charles <rone_charles@fastmail.com>
Date:   Mon Sep 20 09:53:59 2021 -0400

    Skip aligned reads when processing BAM file

commit ed15e8e19d7486c87c55fc23e086f3e743a3c55f
Author: Rone Charles <rone_charles@fastmail.com>
Date:   Sun Aug 8 18:41:08 2021 -0400

==============
b7bb80b71ce16c6f25f8df7b9d826883  /qmounts/qiita_data/per_sample_FASTQ/101636//Girguis50_RightEG4_host_filtered.fastq.gz
#./bowtie2 -p 16 --no-exact-upfront --no-1mm-upfront -x /scratch/qp-woltka/WoLr2/WoLr2 -q /qmounts/qiita_data/per_sample_FASTQ/101636//Girguis50_RightEG4_host_filtered.fastq.gz --seed 42 --very-sensitive -k 16 --np 1 --mp 1,1 --rdg 0,1 --rfg 0,1 --score-min  L,0,-0.05 --no-head --no-unal |wc
==== CPU 1 ==========
Timer: 0                       2.44777172 read
Timer: 1                       2.87333889 mmSeeds+instantiateSeeds
Timer: 2                      51.28869797 searchAllSeeds
Timer: 3                      94.31229526 extendSeeds
Timer: 4                       0.03640047 searchAllSeeds
Timer: 5                       0.16176775 extendSeeds
Timer: 6                       2.03227554 searchAllSeeds
Timer: 7                       0.01775281 extendSeeds
Timer: 8                       2.05103065 finishReadOne
Timer: 9                       0.86893695 extendSeeds
Timer: 10                       0.00733156 finishReadOne
Timer: 11                       0.00000000 N/A
Timer: 12                       0.00000000 N/A
Timer: 13                       0.00000000 N/A
Timer: 14                       0.00000000 N/A
Timer: 15                       0.00000000 N/A
Timer: 16                       0.00000000 N/A
Timer: 17                       0.00000000 N/A
Timer: 18                       0.00000000 N/A
Timer: 19                       0.00000000 N/A
Timer: 20                       0.00000000 N/A
Timer: 21                       0.00000000 N/A
Timer: 22                       0.00000000 N/A
Timer: 23                       0.00000000 N/A
Timer: 24                       0.00000000 N/A
Timer: 25                       0.00000000 N/A
Timer: 26                       0.00000000 N/A
Timer: 27                       0.00000000 N/A
Timer: 28                       0.00000000 N/A
Timer: 29                       0.00000000 N/A
Timer: 30                       0.00000000 N/A
Timer: 31                       0.00000000 N/A
Timer: 0                       2.44544938 read
Timer: 1                       2.89827904 mmSeeds+instantiateSeeds
Timer: 2                      51.21254682 searchAllSeeds
Timer: 3                      94.39506487 extendSeeds
Timer: 4                       0.03752357 searchAllSeeds
Timer: 5                       0.15447655 extendSeeds
Timer: 6                       1.95108276 searchAllSeeds
Timer: 7                       0.01750206 extendSeeds
Timer: 8                       2.05091583 finishReadOne
Timer: 9                       0.81889144 extendSeeds
Timer: 10                       0.00858587 finishReadOne
Timer: 11                       0.00000000 N/A
Timer: 12                       0.00000000 N/A
Timer: 13                       0.00000000 N/A
Timer: 14                       0.00000000 N/A
Timer: 15                       0.00000000 N/A
Timer: 16                       0.00000000 N/A
Timer: 17                       0.00000000 N/A
Timer: 18                       0.00000000 N/A
Timer: 19                       0.00000000 N/A
Timer: 20                       0.00000000 N/A
Timer: 21                       0.00000000 N/A
Timer: 22                       0.00000000 N/A
Timer: 23                       0.00000000 N/A
Timer: 24                       0.00000000 N/A
Timer: 25                       0.00000000 N/A
Timer: 26                       0.00000000 N/A
Timer: 27                       0.00000000 N/A
Timer: 28                       0.00000000 N/A
Timer: 29                       0.00000000 N/A
Timer: 30                       0.00000000 N/A
Timer: 31                       0.00000000 N/A
Timer: 0                       2.48659632 read
Timer: 1                       2.87225390 mmSeeds+instantiateSeeds
Timer: 2                      51.32448051 searchAllSeeds
Timer: 3                      94.04432062 extendSeeds
Timer: 4                       0.03648715 searchAllSeeds
Timer: 5                       0.15863345 extendSeeds
Timer: 6                       2.00780350 searchAllSeeds
Timer: 7                       0.01762800 extendSeeds
Timer: 8                       2.06900549 finishReadOne
Timer: 9                       0.85805746 finishReadOne
Timer: 10                       0.00814025 finishReadOne
Timer: 11                       0.00000000 N/A
Timer: 12                       0.00000000 N/A
Timer: 13                       0.00000000 N/A
Timer: 14                       0.00000000 N/A
Timer: 15                       0.00000000 N/A
Timer: 16                       0.00000000 N/A
Timer: 17                       0.00000000 N/A
Timer: 18                       0.00000000 N/A
Timer: 19                       0.00000000 N/A
Timer: 20                       0.00000000 N/A
Timer: 21                       0.00000000 N/A
Timer: 22                       0.00000000 N/A
Timer: 23                       0.00000000 N/A
Timer: 24                       0.00000000 N/A
Timer: 25                       0.00000000 N/A
Timer: 26                       0.00000000 N/A
Timer: 27                       0.00000000 N/A
Timer: 28                       0.00000000 N/A
Timer: 29                       0.00000000 N/A
Timer: 30                       0.00000000 N/A
Timer: 31                       0.00000000 N/A
Timer: 0                       2.40317344 read
Timer: 1                       2.94041269 mmSeeds+instantiateSeeds
Timer: 2                      51.31577264 searchAllSeeds
Timer: 3                      94.26152111 extendSeeds
Timer: 4                       0.03813847 searchAllSeeds
Timer: 5                       0.15211579 extendSeeds
Timer: 6                       1.94661701 searchAllSeeds
Timer: 7                       0.01759667 extendSeeds
Timer: 8                       2.05114082 finishReadOne
Timer: 9                       0.87379393 finishReadOne
Timer: 10                       0.00807576 finishReadOne
Timer: 11                       0.00000000 N/A
Timer: 12                       0.00000000 N/A
Timer: 13                       0.00000000 N/A
Timer: 14                       0.00000000 N/A
Timer: 15                       0.00000000 N/A
Timer: 16                       0.00000000 N/A
Timer: 17                       0.00000000 N/A
Timer: 18                       0.00000000 N/A
Timer: 19                       0.00000000 N/A
Timer: 20                       0.00000000 N/A
Timer: 21                       0.00000000 N/A
Timer: 22                       0.00000000 N/A
Timer: 23                       0.00000000 N/A
Timer: 24                       0.00000000 N/A
Timer: 25                       0.00000000 N/A
Timer: 26                       0.00000000 N/A
Timer: 27                       0.00000000 N/A
Timer: 28                       0.00000000 N/A
Timer: 29                       0.00000000 N/A
Timer: 30                       0.00000000 N/A
Timer: 31                       0.00000000 N/A
Timer: 0                       2.45424472 read
Timer: 1                       2.85514785 mmSeeds+instantiateSeeds
Timer: 2                      51.07901022 searchAllSeeds
Timer: 3                      94.47318777 extendSeeds
Timer: 4                       0.03780347 searchAllSeeds
Timer: 5                       0.15652262 extendSeeds
Timer: 6                       1.95654986 searchAllSeeds
Timer: 7                       0.01732687 extendSeeds
Timer: 8                       2.05777724 finishReadOne
Timer: 9                       0.80549873 extendSeeds
Timer: 10                       0.00778472 finishReadOne
Timer: 11                       0.00000000 N/A
Timer: 12                       0.00000000 N/A
Timer: 13                       0.00000000 N/A
Timer: 14                       0.00000000 N/A
Timer: 15                       0.00000000 N/A
Timer: 16                       0.00000000 N/A
Timer: 17                       0.00000000 N/A
Timer: 18                       0.00000000 N/A
Timer: 19                       0.00000000 N/A
Timer: 20                       0.00000000 N/A
Timer: 21                       0.00000000 N/A
Timer: 22                       0.00000000 N/A
Timer: 0                       2.41899675 read
Timer: 1                       2.85186199 mmSeeds+instantiateSeeds
Timer: 2                      51.23532826 searchAllSeeds
Timer: 3                      94.52697437 extendSeeds
Timer: 4                       0.03673100 searchAllSeeds
Timer: 5                       0.15733005 extendSeeds
Timer: 23                       0.00000000 N/A
Timer: 24                       0.00000000 N/A
Timer: 25                       0.00000000 N/A
Timer: 26                       0.00000000 N/A
Timer: 27                       0.00000000 N/A
Timer: 28                       0.00000000 N/A
Timer: 29                       0.00000000 N/A
Timer: 30                       0.00000000 N/A
Timer: 31                       0.00000000 N/A
Timer: 6                       1.94876476 searchAllSeeds
Timer: 7                       0.01743616 extendSeeds
Timer: 8                       2.02642327 finishReadOne
Timer: 9                       0.81265522 finishReadOne
Timer: 10                       0.00804947 finishReadOne
Timer: 11                       0.00000000 N/A
Timer: 12                       0.00000000 N/A
Timer: 13                       0.00000000 N/A
Timer: 14                       0.00000000 N/A
Timer: 15                       0.00000000 N/A
Timer: 16                       0.00000000 N/A
Timer: 17                       0.00000000 N/A
Timer: 18                       0.00000000 N/A
Timer: 19                       0.00000000 N/A
Timer: 20                       0.00000000 N/A
Timer: 21                       0.00000000 N/A
Timer: 22                       0.00000000 N/A
Timer: 23                       0.00000000 N/A
Timer: 24                       0.00000000 N/A
Timer: 25                       0.00000000 N/A
Timer: 26                       0.00000000 N/A
Timer: 27                       0.00000000 N/A
Timer: 28                       0.00000000 N/A
Timer: 29                       0.00000000 N/A
Timer: 30                       0.00000000 N/A
Timer: 31                       0.00000000 N/A
Timer: 0                       2.49205186 read
Timer: 1                       2.88257001 mmSeeds+instantiateSeeds
Timer: 2                      51.12851738 searchAllSeeds
Timer: 3                      94.49495988 extendSeeds
Timer: 4                       0.03832950 searchAllSeeds
Timer: 5                       0.15222908 extendSeeds
Timer: 6                       1.91550528 searchAllSeeds
Timer: 7                       0.01748073 extendSeeds
Timer: 8                       2.03904594 finishReadOne
Timer: 9                       0.80878725 extendSeeds
Timer: 10                       0.00678840 finishReadOne
Timer: 11                       0.00000000 N/A
Timer: 12                       0.00000000 N/A
Timer: 13                       0.00000000 N/A
Timer: 14                       0.00000000 N/A
Timer: 15                       0.00000000 N/A
Timer: 16                       0.00000000 N/A
Timer: 17                       0.00000000 N/A
Timer: 18                       0.00000000 N/A
Timer: 19                       0.00000000 N/A
Timer: 20                       0.00000000 N/A
Timer: 21                       0.00000000 N/A
Timer: 22                       0.00000000 N/A
Timer: 23                       0.00000000 N/A
Timer: 24                       0.00000000 N/A
Timer: 25                       0.00000000 N/A
Timer: 26                       0.00000000 N/A
Timer: 27                       0.00000000 N/A
Timer: 28                       0.00000000 N/A
Timer: 29                       0.00000000 N/A
Timer: 30                       0.00000000 N/A
Timer: 31                       0.00000000 N/A
Timer: 0                       2.50245862 read
Timer: 1                       2.86950589 mmSeeds+instantiateSeeds
Timer: 2                      51.16062123 searchAllSeeds
Timer: 3                      94.46316510 extendSeeds
Timer: 4                       0.03795414 searchAllSeeds
Timer: 5                       0.15389455 extendSeeds
Timer: 6                       1.95557759 searchAllSeeds
Timer: 7                       0.01751481 extendSeeds
Timer: 8                       2.04895447 finishReadOne
Timer: 9                       0.84885307 extendSeeds
Timer: 10                       0.00799518 finishReadOne
Timer: 11                       0.00000000 N/A
Timer: 12                       0.00000000 N/A
Timer: 13                       0.00000000 N/A
Timer: 14                       0.00000000 N/A
Timer: 15                       0.00000000 N/A
Timer: 16                       0.00000000 N/A
Timer: 17                       0.00000000 N/A
Timer: 18                       0.00000000 N/A
Timer: 19                       0.00000000 N/A
Timer: 20                       0.00000000 N/A
Timer: 21                       0.00000000 N/A
Timer: 22                       0.00000000 N/A
Timer: 23                       0.00000000 N/A
Timer: 24                       0.00000000 N/A
Timer: 25                       0.00000000 N/A
Timer: 26                       0.00000000 N/A
Timer: 27                       0.00000000 N/A
Timer: 28                       0.00000000 N/A
Timer: 29                       0.00000000 N/A
Timer: 30                       0.00000000 N/A
Timer: 31                       0.00000000 N/A
Timer: 0                       2.38332342 read
Timer: 1                       2.88303218 mmSeeds+instantiateSeeds
Timer: 2                      51.19081543 searchAllSeeds
Timer: 3                      94.44585545 extendSeeds
Timer: 4                       0.03664777 searchAllSeeds
Timer: 5                       0.15579216 extendSeeds
Timer: 6                       1.97908467 searchAllSeeds
Timer: 7                       0.01775914 extendSeeds
Timer: 8                       2.04141062 finishReadOne
Timer: 9                       0.86848259 finishReadOne
Timer: 10                       0.00790192 finishReadOne
Timer: 11                       0.00000000 N/A
Timer: 12                       0.00000000 N/A
Timer: 13                       0.00000000 N/A
Timer: 14                       0.00000000 N/A
Timer: 15                       0.00000000 N/A
Timer: 16                       0.00000000 N/A
Timer: 17                       0.00000000 N/A
Timer: 18                       0.00000000 N/A
Timer: 19                       0.00000000 N/A
Timer: 20                       0.00000000 N/A
Timer: 21                       0.00000000 N/A
Timer: 22                       0.00000000 N/A
Timer: 23                       0.00000000 N/A
Timer: 24                       0.00000000 N/A
Timer: 25                       0.00000000 N/A
Timer: 26                       0.00000000 N/A
Timer: 27                       0.00000000 N/A
Timer: 28                       0.00000000 N/A
Timer: 29                       0.00000000 N/A
Timer: 30                       0.00000000 N/A
Timer: 31                       0.00000000 N/A
Timer: 0                       2.50895745 read
Timer: 1                       2.88541177 mmSeeds+instantiateSeeds
Timer: 2                      51.06852443 searchAllSeeds
Timer: 3                      94.37722331 extendSeeds
Timer: 4                       0.03770124 searchAllSeeds
Timer: 5                       0.16633064 extendSeeds
Timer: 6                       2.08220632 searchAllSeeds
Timer: 7                       0.01774060 extendSeeds
Timer: 8                       2.04378274 finishReadOne
Timer: 9                       0.89946525 extendSeeds
Timer: 10                       0.00827952 finishReadOne
Timer: 11                       0.00000000 N/A
Timer: 12                       0.00000000 N/A
Timer: 13                       0.00000000 N/A
Timer: 14                       0.00000000 N/A
Timer: 15                       0.00000000 N/A
Timer: 16                       0.00000000 N/A
Timer: 17                       0.00000000 N/A
Timer: 18                       0.00000000 N/A
Timer: 19                       0.00000000 N/A
Timer: 20                       0.00000000 N/A
Timer: 21                       0.00000000 N/A
Timer: 22                       0.00000000 N/A
Timer: 23                       0.00000000 N/A
Timer: 24                       0.00000000 N/A
Timer: 25                       0.00000000 N/A
Timer: 26                       0.00000000 N/A
Timer: 27                       0.00000000 N/A
Timer: 28                       0.00000000 N/A
Timer: 29                       0.00000000 N/A
Timer: 30                       0.00000000 N/A
Timer: 31                       0.00000000 N/A
Timer: 0                       2.41843229 read
Timer: 1                       2.86339335 mmSeeds+instantiateSeeds
Timer: 2                      51.07368086 searchAllSeeds
Timer: 3                      94.58011325 extendSeeds
Timer: 4                       0.03607667 searchAllSeeds
Timer: 5                       0.15537416 extendSeeds
Timer: 6                       1.95640357 searchAllSeeds
Timer: 7                       0.01748146 extendSeeds
Timer: 8                       2.03540419 finishReadOne
Timer: 9                       0.89940923 extendSeeds
Timer: 10                       0.00704643 finishReadOne
Timer: 11                       0.00000000 N/A
Timer: 12                       0.00000000 N/A
Timer: 13                       0.00000000 N/A
Timer: 14                       0.00000000 N/A
Timer: 15                       0.00000000 N/A
Timer: 16                       0.00000000 N/A
Timer: 17                       0.00000000 N/A
Timer: 18                       0.00000000 N/A
Timer: 19                       0.00000000 N/A
Timer: 20                       0.00000000 N/A
Timer: 21                       0.00000000 N/A
Timer: 22                       0.00000000 N/A
Timer: 23                       0.00000000 N/A
Timer: 24                       0.00000000 N/A
Timer: 25                       0.00000000 N/A
Timer: 26                       0.00000000 N/A
Timer: 27                       0.00000000 N/A
Timer: 28                       0.00000000 N/A
Timer: 29                       0.00000000 N/A
Timer: 30                       0.00000000 N/A
Timer: 31                       0.00000000 N/A
Timer: 0                       2.42729097 read
Timer: 1                       2.89328823 mmSeeds+instantiateSeeds
Timer: 2                      51.17632713 searchAllSeeds
Timer: 3                      94.37696497 extendSeeds
Timer: 4                       0.03633006 searchAllSeeds
Timer: 5                       0.15637970 extendSeeds
Timer: 6                       1.93464945 searchAllSeeds
Timer: 7                       0.01739126 extendSeeds
Timer: 8                       2.05719003 finishReadOne
Timer: 9                       0.82407656 extendSeeds
Timer: 10                       0.00820123 finishReadOne
Timer: 11                       0.00000000 N/A
Timer: 12                       0.00000000 N/A
Timer: 13                       0.00000000 N/A
Timer: 14                       0.00000000 N/A
Timer: 15                       0.00000000 N/A
Timer: 16                       0.00000000 N/A
Timer: 17                       0.00000000 N/A
Timer: 18                       0.00000000 N/A
Timer: 19                       0.00000000 N/A
Timer: 20                       0.00000000 N/A
Timer: 21                       0.00000000 N/A
Timer: 22                       0.00000000 N/A
Timer: 23                       0.00000000 N/A
Timer: 24                       0.00000000 N/A
Timer: 25                       0.00000000 N/A
Timer: 26                       0.00000000 N/A
Timer: 27                       0.00000000 N/A
Timer: 28                       0.00000000 N/A
Timer: 29                       0.00000000 N/A
Timer: 30                       0.00000000 N/A
Timer: 31                       0.00000000 N/A
Timer: 0                       2.45185992 read
Timer: 1                       2.86756530 mmSeeds+instantiateSeeds
Timer: 2                      51.08010766 searchAllSeeds
Timer: 3                      94.62012463 extendSeeds
Timer: 4                       0.04038324 searchAllSeeds
Timer: 5                       0.15559349 extendSeeds
Timer: 6                       1.97279168 searchAllSeeds
Timer: 7                       0.01753940 extendSeeds
Timer: 8                       2.04647615 finishReadOne
Timer: 9                       0.81840574 extendSeeds
Timer: 10                       0.00737871 finishReadOne
Timer: 11                       0.00000000 N/A
Timer: 12                       0.00000000 N/A
Timer: 13                       0.00000000 N/A
Timer: 14                       0.00000000 N/A
Timer: 15                       0.00000000 N/A
Timer: 16                       0.00000000 N/A
Timer: 17                       0.00000000 N/A
Timer: 18                       0.00000000 N/A
Timer: 19                       0.00000000 N/A
Timer: 20                       0.00000000 N/A
Timer: 21                       0.00000000 N/A
Timer: 22                       0.00000000 N/A
Timer: 23                       0.00000000 N/A
Timer: 24                       0.00000000 N/A
Timer: 25                       0.00000000 N/A
Timer: 26                       0.00000000 N/A
Timer: 27                       0.00000000 N/A
Timer: 28                       0.00000000 N/A
Timer: 29                       0.00000000 N/A
Timer: 30                       0.00000000 N/A
Timer: 31                       0.00000000 N/A
Timer: 0                       2.48996964 read
Timer: 1                       2.88099147 mmSeeds+instantiateSeeds
Timer: 2                      51.28141764 searchAllSeeds
Timer: 3                      94.10129426 extendSeeds
Timer: 4                       0.03684078 searchAllSeeds
Timer: 5                       0.16777264 extendSeeds
Timer: 6                       2.10636248 searchAllSeeds
Timer: 7                       0.01790026 extendSeeds
Timer: 8                       2.04235422 finishReadOne
Timer: 9                       0.93408409 extendSeeds
Timer: 10                       0.00815725 finishReadOne
Timer: 11                       0.00000000 N/A
Timer: 12                       0.00000000 N/A
Timer: 13                       0.00000000 N/A
Timer: 14                       0.00000000 N/A
Timer: 15                       0.00000000 N/A
Timer: 16                       0.00000000 N/A
Timer: 17                       0.00000000 N/A
Timer: 18                       0.00000000 N/A
Timer: 19                       0.00000000 N/A
Timer: 20                       0.00000000 N/A
Timer: 21                       0.00000000 N/A
Timer: 22                       0.00000000 N/A
Timer: 23                       0.00000000 N/A
Timer: 24                       0.00000000 N/A
Timer: 25                       0.00000000 N/A
Timer: 26                       0.00000000 N/A
Timer: 27                       0.00000000 N/A
Timer: 28                       0.00000000 N/A
Timer: 29                       0.00000000 N/A
Timer: 30                       0.00000000 N/A
Timer: 31                       0.00000000 N/A
Timer: 0                       2.45512416 read
Timer: 1                       2.87610518 mmSeeds+instantiateSeeds
Timer: 2                      50.77173875 searchAllSeeds
Timer: 3                      94.77031824 extendSeeds
Timer: 4                       0.03630575 searchAllSeeds
Timer: 5                       0.15631168 extendSeeds
Timer: 6                       2.02481913 searchAllSeeds
Timer: 7                       0.01734716 extendSeeds
Timer: 8                       2.01470235 finishReadOne
Timer: 9                       0.86595494 extendSeeds
Timer: 10                       0.00760551 finishReadOne
Timer: 11                       0.00000000 N/A
Timer: 12                       0.00000000 N/A
Timer: 13                       0.00000000 N/A
Timer: 14                       0.00000000 N/A
Timer: 15                       0.00000000 N/A
Timer: 16                       0.00000000 N/A
Timer: 17                       0.00000000 N/A
Timer: 18                       0.00000000 N/A
Timer: 19                       0.00000000 N/A
Timer: 20                       0.00000000 N/A
Timer: 21                       0.00000000 N/A
Timer: 22                       0.00000000 N/A
Timer: 23                       0.00000000 N/A
Timer: 24                       0.00000000 N/A
Timer: 25                       0.00000000 N/A
Timer: 26                       0.00000000 N/A
Timer: 27                       0.00000000 N/A
Timer: 28                       0.00000000 N/A
Timer: 29                       0.00000000 N/A
Timer: 30                       0.00000000 N/A
Timer: 31                       0.00000000 N/A
Timer: 0                       2.49277864 read
Timer: 1                       2.86896111 mmSeeds+instantiateSeeds
Timer: 2                      51.16186712 searchAllSeeds
Timer: 3                      94.33956907 extendSeeds
Timer: 4                       0.03628403 searchAllSeeds
Timer: 5                       0.15706413 extendSeeds
Timer: 6                       2.01529055 searchAllSeeds
Timer: 7                       0.01771550 extendSeeds
Timer: 8                       2.05181333 finishReadOne
Timer: 9                       0.88528970 extendSeeds
Timer: 10                       0.00819279 finishReadOne
Timer: 11                       0.00000000 N/A
Timer: 12                       0.00000000 N/A
Timer: 13                       0.00000000 N/A
Timer: 14                       0.00000000 N/A
Timer: 15                       0.00000000 N/A
Timer: 16                       0.00000000 N/A
Timer: 17                       0.00000000 N/A
Timer: 18                       0.00000000 N/A
Timer: 19                       0.00000000 N/A
Timer: 20                       0.00000000 N/A
Timer: 21                       0.00000000 N/A
Timer: 22                       0.00000000 N/A
Timer: 23                       0.00000000 N/A
Timer: 24                       0.00000000 N/A
Timer: 25                       0.00000000 N/A
Timer: 26                       0.00000000 N/A
Timer: 27                       0.00000000 N/A
Timer: 28                       0.00000000 N/A
Timer: 29                       0.00000000 N/A
Timer: 30                       0.00000000 N/A
Timer: 31                       0.00000000 N/A
5773776 reads; of these:
  5773776 (100.00%) were unpaired; of these:
    5754815 (99.67%) aligned 0 times
    4316 (0.07%) aligned exactly 1 time
    14645 (0.25%) aligned >1 times
0.33% overall alignment rate
 175400 3503684 80220799

real	2m56.322s
user	40m26.242s
sys	1m28.845s
==== CPU 2 ==========
Timer: 0                       2.12721115 read
Timer: 1                       2.82789317 mmSeeds+instantiateSeeds
Timer: 2                      50.74403409 searchAllSeeds
Timer: 3                      90.93872158 extendSeeds
Timer: 4                       0.03908519 searchAllSeeds
Timer: 5                       0.15600128 extendSeeds
Timer: 6                       1.99001707 searchAllSeeds
Timer: 7                       0.01764265 extendSeeds
Timer: 8                       1.92841867 finishReadOne
Timer: 9                       0.86991354 extendSeeds
Timer: 10                       0.00873553 finishReadOne
Timer: 11                       0.00000000 N/A
Timer: 12                       0.00000000 N/A
Timer: 13                       0.00000000 N/A
Timer: 14                       0.00000000 N/A
Timer: 15                       0.00000000 N/A
Timer: 16                       0.00000000 N/A
Timer: 17                       0.00000000 N/A
Timer: 18                       0.00000000 N/A
Timer: 19                       0.00000000 N/A
Timer: 20                       0.00000000 N/A
Timer: 21                       0.00000000 N/A
Timer: 22                       0.00000000 N/A
Timer: 23                       0.00000000 N/A
Timer: 24                       0.00000000 N/A
Timer: 25                       0.00000000 N/A
Timer: 26                       0.00000000 N/A
Timer: 27                       0.00000000 N/A
Timer: 28                       0.00000000 N/A
Timer: 29                       0.00000000 N/A
Timer: 30                       0.00000000 N/A
Timer: 31                       0.00000000 N/A
Timer: 0                       2.18181174 read
Timer: 1                       2.85827032 mmSeeds+instantiateSeeds
Timer: 2                      51.40076482 searchAllSeeds
Timer: 3                      90.14819658 extendSeeds
Timer: 4                       0.03891239 searchAllSeeds
Timer: 5                       0.15644944 extendSeeds
Timer: 6                       1.92857192 searchAllSeeds
Timer: 7                       0.01752145 extendSeeds
Timer: 8                       1.98429297 finishReadOne
Timer: 9                       0.84089066 extendSeeds
Timer: 10                       0.00829538 finishReadOne
Timer: 11                       0.00000000 N/A
Timer: 12                       0.00000000 N/A
Timer: 13                       0.00000000 N/A
Timer: 14                       0.00000000 N/A
Timer: 15                       0.00000000 N/A
Timer: 16                       0.00000000 N/A
Timer: 17                       0.00000000 N/A
Timer: 18                       0.00000000 N/A
Timer: 19                       0.00000000 N/A
Timer: 20                       0.00000000 N/A
Timer: 21                       0.00000000 N/A
Timer: 22                       0.00000000 N/A
Timer: 23                       0.00000000 N/A
Timer: 24                       0.00000000 N/A
Timer: 25                       0.00000000 N/A
Timer: 26                       0.00000000 N/A
Timer: 27                       0.00000000 N/A
Timer: 28                       0.00000000 N/A
Timer: 29                       0.00000000 N/A
Timer: 30                       0.00000000 N/A
Timer: 31                       0.00000000 N/A
Timer: 0                       2.16040859 read
Timer: 1                       2.87840304 mmSeeds+instantiateSeeds
Timer: 2                      51.66388359 searchAllSeeds
Timer: 3                      89.84124121 extendSeeds
Timer: 4                       0.03880133 searchAllSeeds
Timer: 5                       0.16486408 extendSeeds
Timer: 6                       1.98916599 searchAllSeeds
Timer: 7                       0.01778710 extendSeeds
Timer: 8                       1.96438078 finishReadOne
Timer: 9                       0.85275516 extendSeeds
Timer: 10                       0.00951265 finishReadOne
Timer: 11                       0.00000000 N/A
Timer: 12                       0.00000000 N/A
Timer: 13                       0.00000000 N/A
Timer: 14                       0.00000000 N/A
Timer: 15                       0.00000000 N/A
Timer: 16                       0.00000000 N/A
Timer: 17                       0.00000000 N/A
Timer: 18                       0.00000000 N/A
Timer: 19                       0.00000000 N/A
Timer: 20                       0.00000000 N/A
Timer: 21                       0.00000000 N/A
Timer: 22                       0.00000000 N/A
Timer: 23                       0.00000000 N/A
Timer: 24                       0.00000000 N/A
Timer: 25                       0.00000000 N/A
Timer: 26                       0.00000000 N/A
Timer: 27                       0.00000000 N/A
Timer: 28                       0.00000000 N/A
Timer: 29                       0.00000000 N/A
Timer: 30                       0.00000000 N/A
Timer: 31                       0.00000000 N/A
Timer: 0                       2.15999736 read
Timer: 1                       2.82680196 mmSeeds+instantiateSeeds
Timer: 2                      51.00657018 searchAllSeeds
Timer: 3                      90.68617505 extendSeeds
Timer: 4                       0.03813567 searchAllSeeds
Timer: 5                       0.15351234 extendSeeds
Timer: 6                       1.93240052 searchAllSeeds
Timer: 7                       0.01789280 extendSeeds
Timer: 8                       1.97283349 finishReadOne
Timer: 9                       0.80471365 extendSeeds
Timer: 10                       0.00903362 finishReadOne
Timer: 11                       0.00000000 N/A
Timer: 12                       0.00000000 N/A
Timer: 13                       0.00000000 N/A
Timer: 14                       0.00000000 N/A
Timer: 15                       0.00000000 N/A
Timer: 16                       0.00000000 N/A
Timer: 17                       0.00000000 N/A
Timer: 18                       0.00000000 N/A
Timer: 19                       0.00000000 N/A
Timer: 20                       0.00000000 N/A
Timer: 21                       0.00000000 N/A
Timer: 22                       0.00000000 N/A
Timer: 23                       0.00000000 N/A
Timer: 24                       0.00000000 N/A
Timer: 25                       0.00000000 N/A
Timer: 26                       0.00000000 N/A
Timer: 27                       0.00000000 N/A
Timer: 28                       0.00000000 N/A
Timer: 29                       0.00000000 N/A
Timer: 30                       0.00000000 N/A
Timer: 31                       0.00000000 N/A
Timer: 0                       2.17317635 read
Timer: 1                       2.83090722 mmSeeds+instantiateSeeds
Timer: 2                      51.31316892 searchAllSeeds
Timer: 3                      90.45087964 extendSeeds
Timer: 4                       0.03735707 searchAllSeeds
Timer: 5                       0.14975987 extendSeeds
Timer: 6                       1.87650212 searchAllSeeds
Timer: 7                       0.01739466 extendSeeds
Timer: 8                       1.96927472 finishReadOne
Timer: 9                       0.81051312 extendSeeds
Timer: 10                       0.00838616 finishReadOne
Timer: 11                       0.00000000 N/A
Timer: 12                       0.00000000 N/A
Timer: 13                       0.00000000 N/A
Timer: 14                       0.00000000 N/A
Timer: 15                       0.00000000 N/A
Timer: 16                       0.00000000 N/A
Timer: 17                       0.00000000 N/A
Timer: 18                       0.00000000 N/A
Timer: 19                       0.00000000 N/A
Timer: 20                       0.00000000 N/A
Timer: 21                       0.00000000 N/A
Timer: 22                       0.00000000 N/A
Timer: 23                       0.00000000 N/A
Timer: 24                       0.00000000 N/A
Timer: 25                       0.00000000 N/A
Timer: 26                       0.00000000 N/A
Timer: 27                       0.00000000 N/A
Timer: 28                       0.00000000 N/A
Timer: 29                       0.00000000 N/A
Timer: 30                       0.00000000 N/A
Timer: 31                       0.00000000 N/A
Timer: 0                       2.19662226 read
Timer: 1                       2.87978612 mmSeeds+instantiateSeeds
Timer: 2                      51.19492300 searchAllSeeds
Timer: 3                      90.21853608 extendSeeds
Timer: 4                       0.03932657 searchAllSeeds
Timer: 5                       0.16269913 extendSeeds
Timer: 6                       2.02854532 searchAllSeeds
Timer: 7                       0.01857549 extendSeeds
Timer: 8                       1.98062446 finishReadOne
Timer: 9                       0.86280685 extendSeeds
Timer: 10                       0.00887168 finishReadOne
Timer: 11                       0.00000000 N/A
Timer: 12                       0.00000000 N/A
Timer: 13                       0.00000000 N/A
Timer: 14                       0.00000000 N/A
Timer: 15                       0.00000000 N/A
Timer: 16                       0.00000000 N/A
Timer: 17                       0.00000000 N/A
Timer: 18                       0.00000000 N/A
Timer: 19                       0.00000000 N/A
Timer: 20                       0.00000000 N/A
Timer: 21                       0.00000000 N/A
Timer: 22                       0.00000000 N/A
Timer: 23                       0.00000000 N/A
Timer: 24                       0.00000000 N/A
Timer: 25                       0.00000000 N/A
Timer: 26                       0.00000000 N/A
Timer: 27                       0.00000000 N/A
Timer: 28                       0.00000000 N/A
Timer: 29                       0.00000000 N/A
Timer: 30                       0.00000000 N/A
Timer: 31                       0.00000000 N/A
Timer: 0                       2.18115646 read
Timer: 1                       2.85683914 mmSeeds+instantiateSeeds
Timer: 2                      51.55466876 searchAllSeeds
Timer: 3                      89.74981551 extendSeeds
Timer: 4                       0.03808237 searchAllSeeds
Timer: 5                       0.15969344 extendSeeds
Timer: 6                       1.99117241 searchAllSeeds
Timer: 7                       0.01795772 extendSeeds
Timer: 8                       2.00026375 finishReadOne
Timer: 9                       0.90992605 extendSeeds
Timer: 10                       0.00988349 finishReadOne
Timer: 11                       0.00000000 N/A
Timer: 12                       0.00000000 N/A
Timer: 13                       0.00000000 N/A
Timer: 14                       0.00000000 N/A
Timer: 15                       0.00000000 N/A
Timer: 16                       0.00000000 N/A
Timer: 17                       0.00000000 N/A
Timer: 18                       0.00000000 N/A
Timer: 19                       0.00000000 N/A
Timer: 20                       0.00000000 N/A
Timer: 21                       0.00000000 N/A
Timer: 22                       0.00000000 N/A
Timer: 23                       0.00000000 N/A
Timer: 24                       0.00000000 N/A
Timer: 25                       0.00000000 N/A
Timer: 26                       0.00000000 N/A
Timer: 27                       0.00000000 N/A
Timer: 28                       0.00000000 N/A
Timer: 29                       0.00000000 N/A
Timer: 30                       0.00000000 N/A
Timer: 31                       0.00000000 N/A
Timer: 0                       2.18885960 read
Timer: 1                       2.85845794 mmSeeds+instantiateSeeds
Timer: 2                      50.95155402 searchAllSeeds
Timer: 3                      90.68046396 extendSeeds
Timer: 4                       0.03850979 searchAllSeeds
Timer: 5                       0.15347664 extendSeeds
Timer: 6                       1.91878799 searchAllSeeds
Timer: 7                       0.01810263 extendSeeds
Timer: 8                       1.96529218 finishReadOne
Timer: 9                       0.81600404 extendSeeds
Timer: 10                       0.01021601 finishReadOne
Timer: 11                       0.00000000 N/A
Timer: 12                       0.00000000 N/A
Timer: 13                       0.00000000 N/A
Timer: 14                       0.00000000 N/A
Timer: 15                       0.00000000 N/A
Timer: 16                       0.00000000 N/A
Timer: 17                       0.00000000 N/A
Timer: 18                       0.00000000 N/A
Timer: 19                       0.00000000 N/A
Timer: 20                       0.00000000 N/A
Timer: 21                       0.00000000 N/A
Timer: 22                       0.00000000 N/A
Timer: 23                       0.00000000 N/A
Timer: 24                       0.00000000 N/A
Timer: 25                       0.00000000 N/A
Timer: 26                       0.00000000 N/A
Timer: 27                       0.00000000 N/A
Timer: 28                       0.00000000 N/A
Timer: 29                       0.00000000 N/A
Timer: 30                       0.00000000 N/A
Timer: 31                       0.00000000 N/A
Timer: 0                       2.21809076 read
Timer: 1                       2.86446587 mmSeeds+instantiateSeeds
Timer: 2                      51.07549858 searchAllSeeds
Timer: 3                      90.49979387 extendSeeds
Timer: 4                       0.04219168 searchAllSeeds
Timer: 5                       0.15602551 extendSeeds
Timer: 6                       1.92007115 searchAllSeeds
Timer: 7                       0.01860428 extendSeeds
Timer: 8                       1.97614799 finishReadOne
Timer: 9                       0.90520976 finishReadOne
Timer: 10                       0.00941099 finishReadOne
Timer: 11                       0.00000000 N/A
Timer: 12                       0.00000000 N/A
Timer: 13                       0.00000000 N/A
Timer: 14                       0.00000000 N/A
Timer: 15                       0.00000000 N/A
Timer: 16                       0.00000000 N/A
Timer: 17                       0.00000000 N/A
Timer: 18                       0.00000000 N/A
Timer: 19                       0.00000000 N/A
Timer: 20                       0.00000000 N/A
Timer: 21                       0.00000000 N/A
Timer: 22                       0.00000000 N/A
Timer: 23                       0.00000000 N/A
Timer: 24                       0.00000000 N/A
Timer: 25                       0.00000000 N/A
Timer: 26                       0.00000000 N/A
Timer: 27                       0.00000000 N/A
Timer: 28                       0.00000000 N/A
Timer: 29                       0.00000000 N/A
Timer: 30                       0.00000000 N/A
Timer: 31                       0.00000000 N/A
Timer: 0                       2.17968642 read
Timer: 1                       2.87950571 mmSeeds+instantiateSeeds
Timer: 2                      51.48959325 searchAllSeeds
Timer: 3                      90.03494334 extendSeeds
Timer: 4                       0.03909865 searchAllSeeds
Timer: 5                       0.15396870 extendSeeds
Timer: 6                       1.84303974 searchAllSeeds
Timer: 7                       0.01762085 extendSeeds
Timer: 8                       1.99985138 finishReadOne
Timer: 9                       0.78916863 extendSeeds
Timer: 10                       0.00858699 finishReadOne
Timer: 11                       0.00000000 N/A
Timer: 12                       0.00000000 N/A
Timer: 13                       0.00000000 N/A
Timer: 14                       0.00000000 N/A
Timer: 15                       0.00000000 N/A
Timer: 16                       0.00000000 N/A
Timer: 17                       0.00000000 N/A
Timer: 18                       0.00000000 N/A
Timer: 19                       0.00000000 N/A
Timer: 20                       0.00000000 N/A
Timer: 21                       0.00000000 N/A
Timer: 22                       0.00000000 N/A
Timer: 23                       0.00000000 N/A
Timer: 24                       0.00000000 N/A
Timer: 25                       0.00000000 N/A
Timer: 26                       0.00000000 N/A
Timer: 27                       0.00000000 N/A
Timer: 28                       0.00000000 N/A
Timer: 29                       0.00000000 N/A
Timer: 30                       0.00000000 N/A
Timer: 31                       0.00000000 N/A
Timer: 0                       2.17749524 read
Timer: 1                       2.86061496 mmSeeds+instantiateSeeds
Timer: 2                      51.04220268 searchAllSeeds
Timer: 3                      90.56113761 extendSeeds
Timer: 4                       0.04106368 searchAllSeeds
Timer: 5                       0.15614721 extendSeeds
Timer: 6                       1.99844853 searchAllSeeds
Timer: 7                       0.01824544 extendSeeds
Timer: 8                       1.97318010 finishReadOne
Timer: 9                       0.84091931 finishReadOne
Timer: 10                       0.00848672 finishReadOne
Timer: 11                       0.00000000 N/A
Timer: 12                       0.00000000 N/A
Timer: 13                       0.00000000 N/A
Timer: 14                       0.00000000 N/A
Timer: 15                       0.00000000 N/A
Timer: 16                       0.00000000 N/A
Timer: 17                       0.00000000 N/A
Timer: 18                       0.00000000 N/A
Timer: 19                       0.00000000 N/A
Timer: 20                       0.00000000 N/A
Timer: 21                       0.00000000 N/A
Timer: 22                       0.00000000 N/A
Timer: 23                       0.00000000 N/A
Timer: 24                       0.00000000 N/A
Timer: 25                       0.00000000 N/A
Timer: 26                       0.00000000 N/A
Timer: 27                       0.00000000 N/A
Timer: 28                       0.00000000 N/A
Timer: 29                       0.00000000 N/A
Timer: 30                       0.00000000 N/A
Timer: 31                       0.00000000 N/A
Timer: 0                       2.17799878 read
Timer: 1                       2.88203331 mmSeeds+instantiateSeeds
Timer: 2                      50.94132356 searchAllSeeds
Timer: 3                      90.68480327 extendSeeds
Timer: 4                       0.04012851 searchAllSeeds
Timer: 5                       0.15155709 extendSeeds
Timer: 6                       1.94787105 searchAllSeeds
Timer: 7                       0.01811250 extendSeeds
Timer: 8                       1.94124984 finishReadOne
Timer: 9                       0.83827413 finishReadOne
Timer: 10                       0.00924896 finishReadOne
Timer: 11                       0.00000000 N/A
Timer: 12                       0.00000000 N/A
Timer: 13                       0.00000000 N/A
Timer: 14                       0.00000000 N/A
Timer: 15                       0.00000000 N/A
Timer: 16                       0.00000000 N/A
Timer: 17                       0.00000000 N/A
Timer: 18                       0.00000000 N/A
Timer: 19                       0.00000000 N/A
Timer: 20                       0.00000000 N/A
Timer: 21                       0.00000000 N/A
Timer: 22                       0.00000000 N/A
Timer: 23                       0.00000000 N/A
Timer: 24                       0.00000000 N/A
Timer: 25                       0.00000000 N/A
Timer: 26                       0.00000000 N/A
Timer: 27                       0.00000000 N/A
Timer: 28                       0.00000000 N/A
Timer: 29                       0.00000000 N/A
Timer: 30                       0.00000000 N/A
Timer: 31                       0.00000000 N/A
Timer: 0                       2.16983410 read
Timer: 1                       2.85452327 mmSeeds+instantiateSeeds
Timer: 2                      50.87000557 searchAllSeeds
Timer: 3                      90.61600414 extendSeeds
Timer: 4                       0.04010591 searchAllSeeds
Timer: 5                       0.15865788 extendSeeds
Timer: 6                       2.01949768 searchAllSeeds
Timer: 7                       0.01818234 extendSeeds
Timer: 8                       1.97924321 finishReadOne
Timer: 9                       0.88754526 extendSeeds
Timer: 10                       0.00985860 finishReadOne
Timer: 11                       0.00000000 N/A
Timer: 12                       0.00000000 N/A
Timer: 13                       0.00000000 N/A
Timer: 14                       0.00000000 N/A
Timer: 15                       0.00000000 N/A
Timer: 16                       0.00000000 N/A
Timer: 17                       0.00000000 N/A
Timer: 18                       0.00000000 N/A
Timer: 19                       0.00000000 N/A
Timer: 20                       0.00000000 N/A
Timer: 21                       0.00000000 N/A
Timer: 22                       0.00000000 N/A
Timer: 23                       0.00000000 N/A
Timer: 24                       0.00000000 N/A
Timer: 25                       0.00000000 N/A
Timer: 26                       0.00000000 N/A
Timer: 27                       0.00000000 N/A
Timer: 28                       0.00000000 N/A
Timer: 29                       0.00000000 N/A
Timer: 30                       0.00000000 N/A
Timer: 31                       0.00000000 N/A
Timer: 0                       2.17796389 read
Timer: 1                       2.85354962 mmSeeds+instantiateSeeds
Timer: 2                      50.90795135 searchAllSeeds
Timer: 3                      90.71314250 extendSeeds
Timer: 4                       0.04154186 searchAllSeeds
Timer: 5                       0.15665944 extendSeeds
Timer: 6                       2.00765896 searchAllSeeds
Timer: 7                       0.01826366 extendSeeds
Timer: 8                       1.98389581 finishReadOne
Timer: 9                       0.82570832 extendSeeds
Timer: 10                       0.00867459 finishReadOne
Timer: 11                       0.00000000 N/A
Timer: 12                       0.00000000 N/A
Timer: 13                       0.00000000 N/A
Timer: 14                       0.00000000 N/A
Timer: 15                       0.00000000 N/A
Timer: 16                       0.00000000 N/A
Timer: 17                       0.00000000 N/A
Timer: 18                       0.00000000 N/A
Timer: 19                       0.00000000 N/A
Timer: 20                       0.00000000 N/A
Timer: 21                       0.00000000 N/A
Timer: 22                       0.00000000 N/A
Timer: 23                       0.00000000 N/A
Timer: 24                       0.00000000 N/A
Timer: 25                       0.00000000 N/A
Timer: 26                       0.00000000 N/A
Timer: 27                       0.00000000 N/A
Timer: 28                       0.00000000 N/A
Timer: 29                       0.00000000 N/A
Timer: 30                       0.00000000 N/A
Timer: 31                       0.00000000 N/A
Timer: 0                       2.18132544 read
Timer: 1                       2.84342415 mmSeeds+instantiateSeeds
Timer: 2                      50.87390168 searchAllSeeds
Timer: 3                      90.81186465 extendSeeds
Timer: 4                       0.03705320 searchAllSeeds
Timer: 5                       0.15558607 extendSeeds
Timer: 6                       1.97828501 searchAllSeeds
Timer: 7                       0.01760282 extendSeeds
Timer: 8                       1.94756904 finishReadOne
Timer: 9                       0.80935057 extendSeeds
Timer: 10                       0.00947609 finishReadOne
Timer: 11                       0.00000000 N/A
Timer: 12                       0.00000000 N/A
Timer: 13                       0.00000000 N/A
Timer: 14                       0.00000000 N/A
Timer: 15                       0.00000000 N/A
Timer: 16                       0.00000000 N/A
Timer: 17                       0.00000000 N/A
Timer: 18                       0.00000000 N/A
Timer: 19                       0.00000000 N/A
Timer: 20                       0.00000000 N/A
Timer: 21                       0.00000000 N/A
Timer: 22                       0.00000000 N/A
Timer: 23                       0.00000000 N/A
Timer: 24                       0.00000000 N/A
Timer: 25                       0.00000000 N/A
Timer: 26                       0.00000000 N/A
Timer: 27                       0.00000000 N/A
Timer: 28                       0.00000000 N/A
Timer: 29                       0.00000000 N/A
Timer: 30                       0.00000000 N/A
Timer: 31                       0.00000000 N/A
Timer: 0                       2.17907174 read
Timer: 1                       2.87748090 mmSeeds+instantiateSeeds
Timer: 2                      51.51918552 searchAllSeeds
Timer: 3                      89.86643542 extendSeeds
Timer: 4                       0.03896084 searchAllSeeds
Timer: 5                       0.15820837 extendSeeds
Timer: 6                       1.99076205 searchAllSeeds
Timer: 7                       0.01777458 extendSeeds
Timer: 8                       1.98066845 finishReadOne
Timer: 9                       0.86183892 extendSeeds
Timer: 10                       0.00998723 finishReadOne
Timer: 11                       0.00000000 N/A
Timer: 12                       0.00000000 N/A
Timer: 13                       0.00000000 N/A
Timer: 14                       0.00000000 N/A
Timer: 15                       0.00000000 N/A
Timer: 16                       0.00000000 N/A
Timer: 17                       0.00000000 N/A
Timer: 18                       0.00000000 N/A
Timer: 19                       0.00000000 N/A
Timer: 20                       0.00000000 N/A
Timer: 21                       0.00000000 N/A
Timer: 22                       0.00000000 N/A
Timer: 23                       0.00000000 N/A
Timer: 24                       0.00000000 N/A
Timer: 25                       0.00000000 N/A
Timer: 26                       0.00000000 N/A
Timer: 27                       0.00000000 N/A
Timer: 28                       0.00000000 N/A
Timer: 29                       0.00000000 N/A
Timer: 30                       0.00000000 N/A
Timer: 31                       0.00000000 N/A
5773776 reads; of these:
  5773776 (100.00%) were unpaired; of these:
    5754815 (99.67%) aligned 0 times
    4316 (0.07%) aligned exactly 1 time
    14645 (0.25%) aligned >1 times
0.33% overall alignment rate
 175400 3503684 80220799

real	2m46.618s
user	40m10.956s
sys	0m28.566s
==============
