b2-011
Architecture:          x86_64
CPU op-mode(s):        32-bit, 64-bit
Byte Order:            Little Endian
CPU(s):                64
On-line CPU(s) list:   0-63
Thread(s) per core:    2
Core(s) per socket:    16
Socket(s):             2
NUMA node(s):          2
Vendor ID:             AuthenticAMD
CPU family:            23
Model:                 49
Model name:            AMD EPYC 7302 16-Core Processor
Stepping:              0
CPU MHz:               1500.000
CPU max MHz:           3000.0000
CPU min MHz:           1500.0000
BogoMIPS:              6000.30
Virtualization:        AMD-V
L1d cache:             32K
L1i cache:             32K
L2 cache:              512K
L3 cache:              16384K
NUMA node0 CPU(s):     0-15,32-47
NUMA node1 CPU(s):     16-31,48-63
Flags:                 fpu vme de pse tsc msr pae mce cx8 apic sep mtrr pge mca cmov pat pse36 clflush mmx fxsr sse sse2 ht syscall nx mmxext fxsr_opt pdpe1gb rdtscp lm constant_tsc art rep_good nopl nonstop_tsc extd_apicid aperfmperf eagerfpu pni pclmulqdq monitor ssse3 fma cx16 sse4_1 sse4_2 movbe popcnt aes xsave avx f16c rdrand lahf_lm cmp_legacy svm extapic cr8_legacy abm sse4a misalignsse 3dnowprefetch osvw ibs skinit wdt tce topoext perfctr_core perfctr_nb bpext perfctr_l2 cpb cat_l3 cdp_l3 hw_pstate sme retpoline_amd ssbd ibrs ibpb stibp vmmcall fsgsbase bmi1 avx2 smep bmi2 cqm rdt_a rdseed adx smap clflushopt clwb sha_ni xsaveopt xsavec xgetbv1 cqm_llc cqm_occup_llc cqm_mbm_total cqm_mbm_local clzero irperf xsaveerptr arat npt lbrv svm_lock nrip_save tsc_scale vmcb_clean flushbyasid decodeassists pausefilter pfthreshold avic v_vmsave_vmload vgif umip overflow_recov succor smca
==============
commit 6e2536972f82eaf7e64dd367283f32d162d9f76f
Author: Rone Charles <rone_charles@fastmail.com>
Date:   Mon Sep 20 09:53:59 2021 -0400

    Skip aligned reads when processing BAM file

commit ed15e8e19d7486c87c55fc23e086f3e743a3c55f
Author: Rone Charles <rone_charles@fastmail.com>
Date:   Sun Aug 8 18:41:08 2021 -0400

commit 6e2536972f82eaf7e64dd367283f32d162d9f76f
Author: Rone Charles <rone_charles@fastmail.com>
Date:   Mon Sep 20 09:53:59 2021 -0400

    Skip aligned reads when processing BAM file

commit ed15e8e19d7486c87c55fc23e086f3e743a3c55f
Author: Rone Charles <rone_charles@fastmail.com>
Date:   Sun Aug 8 18:41:08 2021 -0400

==============
93bec2316b6ccd8f3dff56d3234105e5  /qmounts/qiita_data/per_sample_FASTQ/101636//Mousseau88_FIN_373_host_filtered.fastq.gz
#./bowtie2 -p 16 --no-exact-upfront --no-1mm-upfront -x /scratch/qp-woltka/RS210/RS210 -q /qmounts/qiita_data/per_sample_FASTQ/101636//Mousseau88_FIN_373_host_filtered.fastq.gz --seed 42 --very-sensitive -k 16 --np 1 --mp 1,1 --rdg 0,1 --rfg 0,1 --score-min  L,0,-0.05 --no-head --no-unal |wc
==== CPU 1 ==========
Timer: 0                       2.38290250 read
Timer: 1                       3.15107411 mmSeeds+instantiateSeeds
Timer: 2                     108.10289244 searchAllSeeds
Timer: 3                     189.50582786 extendSeeds
Timer: 4                       0.04514136 searchAllSeeds
Timer: 5                       0.33849193 extendSeeds
Timer: 6                       3.22164262 searchAllSeeds
Timer: 7                       0.02157869 extendSeeds
Timer: 8                       2.43005132 finishReadOne
Timer: 9                       1.74764476 extendSeeds
Timer: 10                       0.01174442 finishReadOne
Timer: 11                       0.00000000 N/A
Timer: 12                       0.00000000 N/A
Timer: 13                       0.00000000 N/A
Timer: 14                       0.00000000 N/A
Timer: 15                       0.00000000 N/A
Timer: 16                       0.00000000 N/A
Timer: 17                       0.00000000 N/A
Timer: 18                       0.00000000 N/A
Timer: 19                       0.00000000 N/A
Timer: 20                       0.00000000 N/A
Timer: 21                       0.00000000 N/A
Timer: 22                       0.00000000 N/A
Timer: 23                       0.00000000 N/A
Timer: 24                       0.00000000 N/A
Timer: 25                       0.00000000 N/A
Timer: 26                       0.00000000 N/A
Timer: 27                       0.00000000 N/A
Timer: 28                       0.00000000 N/A
Timer: 29                       0.00000000 N/A
Timer: 30                       0.00000000 N/A
Timer: 31                       0.00000000 N/A
Timer: 0                       2.36194941 read
Timer: 1                       3.14595504 mmSeeds+instantiateSeeds
Timer: 2                     108.04140709 searchAllSeeds
Timer: 3                     189.29982879 extendSeeds
Timer: 4                       0.04337817 searchAllSeeds
Timer: 5                       0.36100556 extendSeeds
Timer: 6                       3.32066299 searchAllSeeds
Timer: 7                       0.02126574 extendSeeds
Timer: 8                       2.45724016 finishReadOne
Timer: 9                       1.78345141 finishReadOne
Timer: 0                       2.33743695 read
Timer: 1                       3.13517203 mmSeeds+instantiateSeeds
Timer: 2                     108.36120383 searchAllSeeds
Timer: 3                     188.75397378 extendSeeds
Timer: 4                       0.04350584 searchAllSeeds
Timer: 10                       0.01116513 finishReadOne
Timer: 11                       0.00000000 N/A
Timer: 12                       0.00000000 N/A
Timer: 13                       0.00000000 N/A
Timer: 14                       0.00000000 N/A
Timer: 15                       0.00000000 N/A
Timer: 16                       0.00000000 N/A
Timer: 17                       0.00000000 N/A
Timer: 5                       0.37843367 extendSeeds
Timer: 6                       3.51005908 searchAllSeeds
Timer: 7                       0.02168925 extendSeeds
Timer: 8                       2.47197854 finishReadOne
Timer: 9                       1.88478385 extendSeeds
Timer: 10                       0.01124781 finishReadOne
Timer: 11                       0.00000000 N/A
Timer: 12                       0.00000000 N/A
Timer: 13                       0.00000000 N/A
Timer: 14                       0.00000000 N/A
Timer: 18                       0.00000000 N/A
Timer: 19                       0.00000000 N/A
Timer: 20                       0.00000000 N/A
Timer: 21                       0.00000000 N/A
Timer: 22                       0.00000000 N/A
Timer: 23                       0.00000000 N/A
Timer: 24                       0.00000000 N/A
Timer: 25                       0.00000000 N/A
Timer: 26                       0.00000000 N/A
Timer: 27                       0.00000000 N/A
Timer: 28                       0.00000000 N/A
Timer: 29                       0.00000000 N/A
Timer: 30                       0.00000000 N/A
Timer: 31                       0.00000000 N/A
Timer: 15                       0.00000000 N/A
Timer: 16                       0.00000000 N/A
Timer: 17                       0.00000000 N/A
Timer: 18                       0.00000000 N/A
Timer: 19                       0.00000000 N/A
Timer: 20                       0.00000000 N/A
Timer: 21                       0.00000000 N/A
Timer: 22                       0.00000000 N/A
Timer: 23                       0.00000000 N/A
Timer: 24                       0.00000000 N/A
Timer: 25                       0.00000000 N/A
Timer: 26                       0.00000000 N/A
Timer: 27                       0.00000000 N/A
Timer: 28                       0.00000000 N/A
Timer: 29                       0.00000000 N/A
Timer: 30                       0.00000000 N/A
Timer: 31                       0.00000000 N/A
Timer: 0                       2.36233842 read
Timer: 1                       3.10826211 mmSeeds+instantiateSeeds
Timer: 2                     108.20671144 searchAllSeeds
Timer: 3                     188.94990312 extendSeeds
Timer: 4                       0.04420664 searchAllSeeds
Timer: 5                       0.38740980 extendSeeds
Timer: 6                       3.55374621 searchAllSeeds
Timer: 7                       0.02176712 extendSeeds
Timer: 8                       2.46486700 finishReadOne
Timer: 9                       1.84222927 extendSeeds
Timer: 10                       0.01047737 finishReadOne
Timer: 11                       0.00000000 N/A
Timer: 12                       0.00000000 N/A
Timer: 13                       0.00000000 N/A
Timer: 14                       0.00000000 N/A
Timer: 15                       0.00000000 N/A
Timer: 16                       0.00000000 N/A
Timer: 17                       0.00000000 N/A
Timer: 18                       0.00000000 N/A
Timer: 19                       0.00000000 N/A
Timer: 20                       0.00000000 N/A
Timer: 21                       0.00000000 N/A
Timer: 22                       0.00000000 N/A
Timer: 23                       0.00000000 N/A
Timer: 24                       0.00000000 N/A
Timer: 25                       0.00000000 N/A
Timer: 26                       0.00000000 N/A
Timer: 27                       0.00000000 N/A
Timer: 28                       0.00000000 N/A
Timer: 29                       0.00000000 N/A
Timer: 30                       0.00000000 N/A
Timer: 31                       0.00000000 N/A
Timer: 0                       2.35421911 read
Timer: 1                       3.12515333 mmSeeds+instantiateSeeds
Timer: 2                     108.52934776 searchAllSeeds
Timer: 3                     189.00901731 extendSeeds
Timer: 4                       0.04404161 searchAllSeeds
Timer: 5                       0.35456893 extendSeeds
Timer: 6                       3.36808375 searchAllSeeds
Timer: 7                       0.02139487 extendSeeds
Timer: 8                       2.40917469 finishReadOne
Timer: 9                       1.74293031 extendSeeds
Timer: 10                       0.00985318 finishReadOne
Timer: 11                       0.00000000 N/A
Timer: 12                       0.00000000 N/A
Timer: 13                       0.00000000 N/A
Timer: 14                       0.00000000 N/A
Timer: 15                       0.00000000 N/A
Timer: 16                       0.00000000 N/A
Timer: 17                       0.00000000 N/A
Timer: 18                       0.00000000 N/A
Timer: 19                       0.00000000 N/A
Timer: 20                       0.00000000 N/A
Timer: 21                       0.00000000 N/A
Timer: 22                       0.00000000 N/A
Timer: 23                       0.00000000 N/A
Timer: 24                       0.00000000 N/A
Timer: 25                       0.00000000 N/A
Timer: 26                       0.00000000 N/A
Timer: 27                       0.00000000 N/A
Timer: 28                       0.00000000 N/A
Timer: 29                       0.00000000 N/A
Timer: 30                       0.00000000 N/A
Timer: 31                       0.00000000 N/A
Timer: 0                       2.42258474 read
Timer: 1                       3.12316112 mmSeeds+instantiateSeeds
Timer: 2                     108.11003488 searchAllSeeds
Timer: 3                     189.25565916 extendSeeds
Timer: 4                       0.04386754 searchAllSeeds
Timer: 5                       0.38182024 extendSeeds
Timer: 6                       3.34219229 searchAllSeeds
Timer: 7                       0.02124557 extendSeeds
Timer: 8                       2.46050682 finishReadOne
Timer: 9                       1.74803262 finishReadOne
Timer: 10                       0.01114888 finishReadOne
Timer: 11                       0.00000000 N/A
Timer: 12                       0.00000000 N/A
Timer: 13                       0.00000000 N/A
Timer: 14                       0.00000000 N/A
Timer: 15                       0.00000000 N/A
Timer: 16                       0.00000000 N/A
Timer: 17                       0.00000000 N/A
Timer: 18                       0.00000000 N/A
Timer: 19                       0.00000000 N/A
Timer: 20                       0.00000000 N/A
Timer: 21                       0.00000000 N/A
Timer: 22                       0.00000000 N/A
Timer: 23                       0.00000000 N/A
Timer: 24                       0.00000000 N/A
Timer: 25                       0.00000000 N/A
Timer: 26                       0.00000000 N/A
Timer: 27                       0.00000000 N/A
Timer: 28                       0.00000000 N/A
Timer: 29                       0.00000000 N/A
Timer: 30                       0.00000000 N/A
Timer: 31                       0.00000000 N/A
Timer: 0                       2.37871699 read
Timer: 1                       3.19772522 mmSeeds+instantiateSeeds
Timer: 2                     108.06289950 searchAllSeeds
Timer: 3                     189.26565435 extendSeeds
Timer: 4                       0.04505972 searchAllSeeds
Timer: 5                       0.36354257 extendSeeds
Timer: 6                       3.36049542 searchAllSeeds
Timer: 7                       0.02170470 extendSeeds
Timer: 8                       2.47833605 finishReadOne
Timer: 9                       1.79576372 finishReadOne
Timer: 10                       0.01128549 finishReadOne
Timer: 11                       0.00000000 N/A
Timer: 12                       0.00000000 N/A
Timer: 13                       0.00000000 N/A
Timer: 14                       0.00000000 N/A
Timer: 15                       0.00000000 N/A
Timer: 16                       0.00000000 N/A
Timer: 17                       0.00000000 N/A
Timer: 18                       0.00000000 N/A
Timer: 19                       0.00000000 N/A
Timer: 20                       0.00000000 N/A
Timer: 21                       0.00000000 N/A
Timer: 22                       0.00000000 N/A
Timer: 23                       0.00000000 N/A
Timer: 24                       0.00000000 N/A
Timer: 25                       0.00000000 N/A
Timer: 26                       0.00000000 N/A
Timer: 27                       0.00000000 N/A
Timer: 28                       0.00000000 N/A
Timer: 29                       0.00000000 N/A
Timer: 30                       0.00000000 N/A
Timer: 31                       0.00000000 N/A
Timer: 0                       2.35738790 read
Timer: 1                       3.13476191 mmSeeds+instantiateSeeds
Timer: 2                     108.30141238 searchAllSeeds
Timer: 3                     188.84306755 extendSeeds
Timer: 4                       0.04367476 searchAllSeeds
Timer: 5                       0.36357093 extendSeeds
Timer: 6                       3.42993298 searchAllSeeds
Timer: 7                       0.02178759 extendSeeds
Timer: 8                       2.44526715 finishReadOne
Timer: 9                       1.92440972 finishReadOne
Timer: 10                       0.01092298 finishReadOne
Timer: 11                       0.00000000 N/A
Timer: 12                       0.00000000 N/A
Timer: 13                       0.00000000 N/A
Timer: 14                       0.00000000 N/A
Timer: 15                       0.00000000 N/A
Timer: 16                       0.00000000 N/A
Timer: 17                       0.00000000 N/A
Timer: 18                       0.00000000 N/A
Timer: 19                       0.00000000 N/A
Timer: 20                       0.00000000 N/A
Timer: 21                       0.00000000 N/A
Timer: 22                       0.00000000 N/A
Timer: 23                       0.00000000 N/A
Timer: 24                       0.00000000 N/A
Timer: 25                       0.00000000 N/A
Timer: 26                       0.00000000 N/A
Timer: 27                       0.00000000 N/A
Timer: 28                       0.00000000 N/A
Timer: 29                       0.00000000 N/A
Timer: 30                       0.00000000 N/A
Timer: 31                       0.00000000 N/A
Timer: 0                       2.33809171 read
Timer: 1                       3.16720949 mmSeeds+instantiateSeeds
Timer: 2                     107.78715025 searchAllSeeds
Timer: 3                     189.68570423 extendSeeds
Timer: 4                       0.04378487 searchAllSeeds
Timer: 5                       0.35770567 extendSeeds
Timer: 6                       3.28581734 searchAllSeeds
Timer: 7                       0.02143815 extendSeeds
Timer: 8                       2.45085950 finishReadOne
Timer: 9                       1.74373078 extendSeeds
Timer: 10                       0.01035769 finishReadOne
Timer: 11                       0.00000000 N/A
Timer: 12                       0.00000000 N/A
Timer: 13                       0.00000000 N/A
Timer: 14                       0.00000000 N/A
Timer: 15                       0.00000000 N/A
Timer: 16                       0.00000000 N/A
Timer: 17                       0.00000000 N/A
Timer: 18                       0.00000000 N/A
Timer: 19                       0.00000000 N/A
Timer: 20                       0.00000000 N/A
Timer: 21                       0.00000000 N/A
Timer: 22                       0.00000000 N/A
Timer: 23                       0.00000000 N/A
Timer: 24                       0.00000000 N/A
Timer: 25                       0.00000000 N/A
Timer: 26                       0.00000000 N/A
Timer: 27                       0.00000000 N/A
Timer: 28                       0.00000000 N/A
Timer: 29                       0.00000000 N/A
Timer: 30                       0.00000000 N/A
Timer: 31                       0.00000000 N/A
Timer: 0                       2.42720821 read
Timer: 1                       3.15806861 mmSeeds+instantiateSeeds
Timer: 2                     108.04431765 searchAllSeeds
Timer: 3                     189.36609721 extendSeeds
Timer: 4                       0.04476850 searchAllSeeds
Timer: 5                       0.34653159 extendSeeds
Timer: 6                       3.25404550 searchAllSeeds
Timer: 7                       0.02130353 extendSeeds
Timer: 8                       2.44993374 finishReadOne
Timer: 9                       1.75848319 extendSeeds
Timer: 10                       0.00997788 finishReadOne
Timer: 11                       0.00000000 N/A
Timer: 12                       0.00000000 N/A
Timer: 13                       0.00000000 N/A
Timer: 14                       0.00000000 N/A
Timer: 15                       0.00000000 N/A
Timer: 16                       0.00000000 N/A
Timer: 17                       0.00000000 N/A
Timer: 18                       0.00000000 N/A
Timer: 19                       0.00000000 N/A
Timer: 20                       0.00000000 N/A
Timer: 21                       0.00000000 N/A
Timer: 22                       0.00000000 N/A
Timer: 23                       0.00000000 N/A
Timer: 24                       0.00000000 N/A
Timer: 25                       0.00000000 N/A
Timer: 26                       0.00000000 N/A
Timer: 27                       0.00000000 N/A
Timer: 28                       0.00000000 N/A
Timer: 29                       0.00000000 N/A
Timer: 30                       0.00000000 N/A
Timer: 31                       0.00000000 N/A
Timer: 0                       2.36684214 read
Timer: 1                       3.10945271 mmSeeds+instantiateSeeds
Timer: 2                     108.27818109 searchAllSeeds
Timer: 3                     189.17049519 extendSeeds
Timer: 4                       0.04386083 searchAllSeeds
Timer: 5                       0.37975801 extendSeeds
Timer: 6                       3.34662468 searchAllSeeds
Timer: 7                       0.02127482 extendSeeds
Timer: 8                       2.44791328 finishReadOne
Timer: 9                       1.75840937 finishReadOne
Timer: 10                       0.01053067 finishReadOne
Timer: 11                       0.00000000 N/A
Timer: 12                       0.00000000 N/A
Timer: 13                       0.00000000 N/A
Timer: 14                       0.00000000 N/A
Timer: 15                       0.00000000 N/A
Timer: 16                       0.00000000 N/A
Timer: 17                       0.00000000 N/A
Timer: 18                       0.00000000 N/A
Timer: 19                       0.00000000 N/A
Timer: 20                       0.00000000 N/A
Timer: 21                       0.00000000 N/A
Timer: 22                       0.00000000 N/A
Timer: 23                       0.00000000 N/A
Timer: 24                       0.00000000 N/A
Timer: 25                       0.00000000 N/A
Timer: 26                       0.00000000 N/A
Timer: 27                       0.00000000 N/A
Timer: 28                       0.00000000 N/A
Timer: 29                       0.00000000 N/A
Timer: 30                       0.00000000 N/A
Timer: 31                       0.00000000 N/A
Timer: 0                       2.40759964 read
Timer: 1                       3.15568941 mmSeeds+instantiateSeeds
Timer: 2                     108.23580205 searchAllSeeds
Timer: 3                     189.03998986 extendSeeds
Timer: 4                       0.04336865 searchAllSeeds
Timer: 5                       0.36572854 extendSeeds
Timer: 6                       3.32195737 searchAllSeeds
Timer: 7                       0.02154462 extendSeeds
Timer: 8                       2.45396208 finishReadOne
Timer: 9                       1.80144967 finishReadOne
Timer: 10                       0.01099050 finishReadOne
Timer: 11                       0.00000000 N/A
Timer: 12                       0.00000000 N/A
Timer: 13                       0.00000000 N/A
Timer: 14                       0.00000000 N/A
Timer: 15                       0.00000000 N/A
Timer: 16                       0.00000000 N/A
Timer: 17                       0.00000000 N/A
Timer: 18                       0.00000000 N/A
Timer: 19                       0.00000000 N/A
Timer: 20                       0.00000000 N/A
Timer: 21                       0.00000000 N/A
Timer: 22                       0.00000000 N/A
Timer: 23                       0.00000000 N/A
Timer: 24                       0.00000000 N/A
Timer: 25                       0.00000000 N/A
Timer: 26                       0.00000000 N/A
Timer: 27                       0.00000000 N/A
Timer: 28                       0.00000000 N/A
Timer: 29                       0.00000000 N/A
Timer: 30                       0.00000000 N/A
Timer: 31                       0.00000000 N/A
Timer: 0                       2.34281956 read
Timer: 1                       3.11939037 mmSeeds+instantiateSeeds
Timer: 2                     108.44411651 searchAllSeeds
Timer: 3                     188.93882098 extendSeeds
Timer: 4                       0.04398346 searchAllSeeds
Timer: 5                       0.35908293 extendSeeds
Timer: 6                       3.34400362 searchAllSeeds
Timer: 7                       0.02110767 extendSeeds
Timer: 8                       2.43218835 finishReadOne
Timer: 9                       1.75657409 finishReadOne
Timer: 10                       0.01007089 finishReadOne
Timer: 11                       0.00000000 N/A
Timer: 12                       0.00000000 N/A
Timer: 13                       0.00000000 N/A
Timer: 14                       0.00000000 N/A
Timer: 15                       0.00000000 N/A
Timer: 16                       0.00000000 N/A
Timer: 17                       0.00000000 N/A
Timer: 18                       0.00000000 N/A
Timer: 19                       0.00000000 N/A
Timer: 20                       0.00000000 N/A
Timer: 21                       0.00000000 N/A
Timer: 22                       0.00000000 N/A
Timer: 23                       0.00000000 N/A
Timer: 24                       0.00000000 N/A
Timer: 25                       0.00000000 N/A
Timer: 26                       0.00000000 N/A
Timer: 27                       0.00000000 N/A
Timer: 28                       0.00000000 N/A
Timer: 29                       0.00000000 N/A
Timer: 30                       0.00000000 N/A
Timer: 31                       0.00000000 N/A
Timer: 0                       2.34988384 read
Timer: 1                       3.14098704 mmSeeds+instantiateSeeds
Timer: 2                     107.36826693 searchAllSeeds
Timer: 3                     189.84645776 extendSeeds
Timer: 4                       0.04441372 searchAllSeeds
Timer: 5                       0.38512231 extendSeeds
Timer: 6                       3.39708528 searchAllSeeds
Timer: 7                       0.02152927 extendSeeds
Timer: 8                       2.40860841 finishReadOne
Timer: 9                       1.87544001 extendSeeds
Timer: 10                       0.01080504 finishReadOne
Timer: 11                       0.00000000 N/A
Timer: 12                       0.00000000 N/A
Timer: 13                       0.00000000 N/A
Timer: 14                       0.00000000 N/A
Timer: 15                       0.00000000 N/A
Timer: 16                       0.00000000 N/A
Timer: 17                       0.00000000 N/A
Timer: 18                       0.00000000 N/A
Timer: 19                       0.00000000 N/A
Timer: 20                       0.00000000 N/A
Timer: 21                       0.00000000 N/A
Timer: 22                       0.00000000 N/A
Timer: 23                       0.00000000 N/A
Timer: 24                       0.00000000 N/A
Timer: 25                       0.00000000 N/A
Timer: 26                       0.00000000 N/A
Timer: 27                       0.00000000 N/A
Timer: 28                       0.00000000 N/A
Timer: 29                       0.00000000 N/A
Timer: 30                       0.00000000 N/A
Timer: 31                       0.00000000 N/A
Timer: 0                       2.36577460 read
Timer: 1                       3.13682832 mmSeeds+instantiateSeeds
Timer: 2                     107.97998457 searchAllSeeds
Timer: 3                     189.35163075 extendSeeds
Timer: 4                       0.04615546 searchAllSeeds
Timer: 5                       0.37698061 extendSeeds
Timer: 6                       3.39517774 searchAllSeeds
Timer: 7                       0.02178139 extendSeeds
Timer: 8                       2.46041156 finishReadOne
Timer: 9                       1.80806975 finishReadOne
Timer: 10                       0.01105122 finishReadOne
Timer: 11                       0.00000000 N/A
Timer: 12                       0.00000000 N/A
Timer: 13                       0.00000000 N/A
Timer: 14                       0.00000000 N/A
Timer: 15                       0.00000000 N/A
Timer: 16                       0.00000000 N/A
Timer: 17                       0.00000000 N/A
Timer: 18                       0.00000000 N/A
Timer: 19                       0.00000000 N/A
Timer: 20                       0.00000000 N/A
Timer: 21                       0.00000000 N/A
Timer: 22                       0.00000000 N/A
Timer: 23                       0.00000000 N/A
Timer: 24                       0.00000000 N/A
Timer: 25                       0.00000000 N/A
Timer: 26                       0.00000000 N/A
Timer: 27                       0.00000000 N/A
Timer: 28                       0.00000000 N/A
Timer: 29                       0.00000000 N/A
Timer: 30                       0.00000000 N/A
Timer: 31                       0.00000000 N/A
Timer: 0                       2.41420508 read
Timer: 1                       3.16736657 mmSeeds+instantiateSeeds
Timer: 2                     107.82107058 searchAllSeeds
Timer: 3                     189.23201522 extendSeeds
Timer: 4                       0.04642865 searchAllSeeds
Timer: 5                       0.38056778 extendSeeds
Timer: 6                       3.48931124 searchAllSeeds
Timer: 7                       0.02203613 extendSeeds
Timer: 8                       2.44764025 finishReadOne
Timer: 9                       1.87200369 extendSeeds
Timer: 10                       0.01104397 finishReadOne
Timer: 11                       0.00000000 N/A
Timer: 12                       0.00000000 N/A
Timer: 13                       0.00000000 N/A
Timer: 14                       0.00000000 N/A
Timer: 15                       0.00000000 N/A
Timer: 16                       0.00000000 N/A
Timer: 17                       0.00000000 N/A
Timer: 18                       0.00000000 N/A
Timer: 19                       0.00000000 N/A
Timer: 20                       0.00000000 N/A
Timer: 21                       0.00000000 N/A
Timer: 22                       0.00000000 N/A
Timer: 23                       0.00000000 N/A
Timer: 24                       0.00000000 N/A
Timer: 25                       0.00000000 N/A
Timer: 26                       0.00000000 N/A
Timer: 27                       0.00000000 N/A
Timer: 28                       0.00000000 N/A
Timer: 29                       0.00000000 N/A
Timer: 30                       0.00000000 N/A
Timer: 31                       0.00000000 N/A
6130362 reads; of these:
  6130362 (100.00%) were unpaired; of these:
    6077298 (99.13%) aligned 0 times
    19533 (0.32%) aligned exactly 1 time
    33531 (0.55%) aligned >1 times
0.87% overall alignment rate
 234945 4679367 106709091

real	6m9.761s
user	77m51.482s
sys	5m59.051s
==== CPU 2 ==========
Timer: 0                       2.18326197 read
Timer: 1                       3.06446420 mmSeeds+instantiateSeeds
Timer: 2                      57.37361420 searchAllSeeds
Timer: 3                     136.32032054 extendSeeds
Timer: 4                       0.04403246 searchAllSeeds
Timer: 5                       0.30408887 extendSeeds
Timer: 6                       2.98958203 searchAllSeeds
Timer: 7                       0.02139511 extendSeeds
Timer: 8                       2.38215259 finishReadOne
Timer: 9                       1.56333654 extendSeeds
Timer: 10                       0.01158143 finishReadOne
Timer: 11                       0.00000000 N/A
Timer: 12                       0.00000000 N/A
Timer: 13                       0.00000000 N/A
Timer: 14                       0.00000000 N/A
Timer: 15                       0.00000000 N/A
Timer: 16                       0.00000000 N/A
Timer: 17                       0.00000000 N/A
Timer: 18                       0.00000000 N/A
Timer: 19                       0.00000000 N/A
Timer: 20                       0.00000000 N/A
Timer: 21                       0.00000000 N/A
Timer: 22                       0.00000000 N/A
Timer: 23                       0.00000000 N/A
Timer: 24                       0.00000000 N/A
Timer: 25                       0.00000000 N/A
Timer: 26                       0.00000000 N/A
Timer: 27                       0.00000000 N/A
Timer: 28                       0.00000000 N/A
Timer: 29                       0.00000000 N/A
Timer: 30                       0.00000000 N/A
Timer: 31                       0.00000000 N/A
Timer: 0                       2.18733379 read
Timer: 1                       3.08760757 mmSeeds+instantiateSeeds
Timer: 2                      57.53321977 searchAllSeeds
Timer: 3                     136.21627857 extendSeeds
Timer: 4                       0.04325128 searchAllSeeds
Timer: 5                       0.28968090 extendSeeds
Timer: 6                       2.84225499 searchAllSeeds
Timer: 7                       0.02113409 extendSeeds
Timer: 8                       2.38065343 finishReadOne
Timer: 9                       1.57774520 finishReadOne
Timer: 10                       0.01169582 finishReadOne
Timer: 11                       0.00000000 N/A
Timer: 12                       0.00000000 N/A
Timer: 13                       0.00000000 N/A
Timer: 14                       0.00000000 N/A
Timer: 15                       0.00000000 N/A
Timer: 16                       0.00000000 N/A
Timer: 17                       0.00000000 N/A
Timer: 18                       0.00000000 N/A
Timer: 19                       0.00000000 N/A
Timer: 20                       0.00000000 N/A
Timer: 21                       0.00000000 N/A
Timer: 22                       0.00000000 N/A
Timer: 23                       0.00000000 N/A
Timer: 24                       0.00000000 N/A
Timer: 25                       0.00000000 N/A
Timer: 26                       0.00000000 N/A
Timer: 27                       0.00000000 N/A
Timer: 28                       0.00000000 N/A
Timer: 29                       0.00000000 N/A
Timer: 30                       0.00000000 N/A
Timer: 31                       0.00000000 N/A
Timer: 0                       2.19275227 read
Timer: 1                       3.07362136 mmSeeds+instantiateSeeds
Timer: 2                      57.53020150 searchAllSeeds
Timer: 3                     136.32580662 extendSeeds
Timer: 4                       0.04299122 searchAllSeeds
Timer: 5                       0.27916448 extendSeeds
Timer: 6                       2.80216743 searchAllSeeds
Timer: 7                       0.02094733 extendSeeds
Timer: 8                       2.36395516 finishReadOne
Timer: 9                       1.52516874 extendSeeds
Timer: 10                       0.01038428 finishReadOne
Timer: 11                       0.00000000 N/A
Timer: 12                       0.00000000 N/A
Timer: 13                       0.00000000 N/A
Timer: 14                       0.00000000 N/A
Timer: 15                       0.00000000 N/A
Timer: 16                       0.00000000 N/A
Timer: 17                       0.00000000 N/A
Timer: 18                       0.00000000 N/A
Timer: 19                       0.00000000 N/A
Timer: 20                       0.00000000 N/A
Timer: 21                       0.00000000 N/A
Timer: 22                       0.00000000 N/A
Timer: 23                       0.00000000 N/A
Timer: 24                       0.00000000 N/A
Timer: 25                       0.00000000 N/A
Timer: 26                       0.00000000 N/A
Timer: 27                       0.00000000 N/A
Timer: 28                       0.00000000 N/A
Timer: 29                       0.00000000 N/A
Timer: 30                       0.00000000 N/A
Timer: 31                       0.00000000 N/A
Timer: 0                       2.14453618 read
Timer: 1                       3.08182018 mmSeeds+instantiateSeeds
Timer: 2                      57.57338388 searchAllSeeds
Timer: 3                     136.13120190 extendSeeds
Timer: 4                       0.04318875 searchAllSeeds
Timer: 5                       0.29994820 extendSeeds
Timer: 6                       2.90340323 searchAllSeeds
Timer: 7                       0.02129072 extendSeeds
Timer: 8                       2.38616336 finishReadOne
Timer: 9                       1.56380586 finishReadOne
Timer: 10                       0.01271877 finishReadOne
Timer: 11                       0.00000000 N/A
Timer: 12                       0.00000000 N/A
Timer: 13                       0.00000000 N/A
Timer: 14                       0.00000000 N/A
Timer: 15                       0.00000000 N/A
Timer: 16                       0.00000000 N/A
Timer: 17                       0.00000000 N/A
Timer: 18                       0.00000000 N/A
Timer: 19                       0.00000000 N/A
Timer: 20                       0.00000000 N/A
Timer: 21                       0.00000000 N/A
Timer: 22                       0.00000000 N/A
Timer: 23                       0.00000000 N/A
Timer: 24                       0.00000000 N/A
Timer: 25                       0.00000000 N/A
Timer: 26                       0.00000000 N/A
Timer: 27                       0.00000000 N/A
Timer: 28                       0.00000000 N/A
Timer: 29                       0.00000000 N/A
Timer: 30                       0.00000000 N/A
Timer: 31                       0.00000000 N/A
Timer: 0                       2.12909827 read
Timer: 1                       3.06753555 mmSeeds+instantiateSeeds
Timer: 2                      57.49965798 searchAllSeeds
Timer: 3                     136.41254654 extendSeeds
Timer: 4                       0.04268198 searchAllSeeds
Timer: 5                       0.28912135 extendSeeds
Timer: 6                       2.84969424 searchAllSeeds
Timer: 7                       0.02117621 extendSeeds
Timer: 8                       2.36846842 finishReadOne
Timer: 9                       1.48716163 extendSeeds
Timer: 10                       0.01200009 finishReadOne
Timer: 11                       0.00000000 N/A
Timer: 12                       0.00000000 N/A
Timer: 13                       0.00000000 N/A
Timer: 14                       0.00000000 N/A
Timer: 15                       0.00000000 N/A
Timer: 16                       0.00000000 N/A
Timer: 17                       0.00000000 N/A
Timer: 18                       0.00000000 N/A
Timer: 19                       0.00000000 N/A
Timer: 20                       0.00000000 N/A
Timer: 21                       0.00000000 N/A
Timer: 22                       0.00000000 N/A
Timer: 23                       0.00000000 N/A
Timer: 24                       0.00000000 N/A
Timer: 25                       0.00000000 N/A
Timer: 26                       0.00000000 N/A
Timer: 27                       0.00000000 N/A
Timer: 28                       0.00000000 N/A
Timer: 29                       0.00000000 N/A
Timer: 30                       0.00000000 N/A
Timer: 31                       0.00000000 N/A
Timer: 0                       2.15302140 read
Timer: 1                       3.07854447 mmSeeds+instantiateSeeds
Timer: 2                      57.57034532 searchAllSeeds
Timer: 3                     136.16898608 extendSeeds
Timer: 4                       0.04345555 searchAllSeeds
Timer: 5                       0.30251500 extendSeeds
Timer: 6                       2.92079785 searchAllSeeds
Timer: 7                       0.02151428 extendSeeds
Timer: 8                       2.38007484 finishReadOne
Timer: 9                       1.62130761 extendSeeds
Timer: 10                       0.01340515 finishReadOne
Timer: 11                       0.00000000 N/A
Timer: 12                       0.00000000 N/A
Timer: 13                       0.00000000 N/A
Timer: 14                       0.00000000 N/A
Timer: 15                       0.00000000 N/A
Timer: 16                       0.00000000 N/A
Timer: 17                       0.00000000 N/A
Timer: 18                       0.00000000 N/A
Timer: 19                       0.00000000 N/A
Timer: 20                       0.00000000 N/A
Timer: 21                       0.00000000 N/A
Timer: 22                       0.00000000 N/A
Timer: 23                       0.00000000 N/A
Timer: 24                       0.00000000 N/A
Timer: 25                       0.00000000 N/A
Timer: 26                       0.00000000 N/A
Timer: 27                       0.00000000 N/A
Timer: 28                       0.00000000 N/A
Timer: 29                       0.00000000 N/A
Timer: 30                       0.00000000 N/A
Timer: 31                       0.00000000 N/A
Timer: 0                       2.16874864 read
Timer: 1                       3.06183287 mmSeeds+instantiateSeeds
Timer: 2                      57.40785247 searchAllSeeds
Timer: 3                     136.37533220 extendSeeds
Timer: 4                       0.04332954 searchAllSeeds
Timer: 5                       0.29068069 extendSeeds
Timer: 6                       2.93957790 searchAllSeeds
Timer: 7                       0.02139603 extendSeeds
Timer: 8                       2.35533759 finishReadOne
Timer: 9                       1.60564386 extendSeeds
Timer: 10                       0.01193719 finishReadOne
Timer: 11                       0.00000000 N/A
Timer: 12                       0.00000000 N/A
Timer: 13                       0.00000000 N/A
Timer: 14                       0.00000000 N/A
Timer: 15                       0.00000000 N/A
Timer: 16                       0.00000000 N/A
Timer: 17                       0.00000000 N/A
Timer: 18                       0.00000000 N/A
Timer: 19                       0.00000000 N/A
Timer: 20                       0.00000000 N/A
Timer: 21                       0.00000000 N/A
Timer: 22                       0.00000000 N/A
Timer: 23                       0.00000000 N/A
Timer: 24                       0.00000000 N/A
Timer: 25                       0.00000000 N/A
Timer: 26                       0.00000000 N/A
Timer: 27                       0.00000000 N/A
Timer: 28                       0.00000000 N/A
Timer: 29                       0.00000000 N/A
Timer: 30                       0.00000000 N/A
Timer: 31                       0.00000000 N/A
Timer: 0                       2.17585296 read
Timer: 1                       3.04557322 mmSeeds+instantiateSeeds
Timer: 2                      57.27780292 searchAllSeeds
Timer: 3                     136.28037311 extendSeeds
Timer: 4                       0.04381269 searchAllSeeds
Timer: 5                       0.30323795 extendSeeds
Timer: 6                       3.00922848 searchAllSeeds
Timer: 7                       0.02188327 extendSeeds
Timer: 8                       2.38600837 finishReadOne
Timer: 9                       1.69737472 extendSeeds
Timer: 10                       0.01303666 finishReadOne
Timer: 11                       0.00000000 N/A
Timer: 12                       0.00000000 N/A
Timer: 13                       0.00000000 N/A
Timer: 14                       0.00000000 N/A
Timer: 15                       0.00000000 N/A
Timer: 16                       0.00000000 N/A
Timer: 17                       0.00000000 N/A
Timer: 18                       0.00000000 N/A
Timer: 19                       0.00000000 N/A
Timer: 20                       0.00000000 N/A
Timer: 21                       0.00000000 N/A
Timer: 22                       0.00000000 N/A
Timer: 23                       0.00000000 N/A
Timer: 24                       0.00000000 N/A
Timer: 25                       0.00000000 N/A
Timer: 26                       0.00000000 N/A
Timer: 27                       0.00000000 N/A
Timer: 28                       0.00000000 N/A
Timer: 29                       0.00000000 N/A
Timer: 30                       0.00000000 N/A
Timer: 31                       0.00000000 N/A
Timer: 0                       2.16091604 read
Timer: 1                       3.06422290 mmSeeds+instantiateSeeds
Timer: 2                      57.31315202 searchAllSeeds
Timer: 3                     136.28526395 extendSeeds
Timer: 4                       0.04314466 searchAllSeeds
Timer: 5                       0.29534195 extendSeeds
Timer: 6                       3.04404869 searchAllSeeds
Timer: 7                       0.02143364 extendSeeds
Timer: 8                       2.37570913 finishReadOne
Timer: 9                       1.60582151 extendSeeds
Timer: 10                       0.01283149 finishReadOne
Timer: 11                       0.00000000 N/A
Timer: 12                       0.00000000 N/A
Timer: 13                       0.00000000 N/A
Timer: 14                       0.00000000 N/A
Timer: 15                       0.00000000 N/A
Timer: 16                       0.00000000 N/A
Timer: 17                       0.00000000 N/A
Timer: 18                       0.00000000 N/A
Timer: 19                       0.00000000 N/A
Timer: 20                       0.00000000 N/A
Timer: 21                       0.00000000 N/A
Timer: 22                       0.00000000 N/A
Timer: 23                       0.00000000 N/A
Timer: 24                       0.00000000 N/A
Timer: 25                       0.00000000 N/A
Timer: 26                       0.00000000 N/A
Timer: 27                       0.00000000 N/A
Timer: 28                       0.00000000 N/A
Timer: 29                       0.00000000 N/A
Timer: 30                       0.00000000 N/A
Timer: 31                       0.00000000 N/A
Timer: 0                       2.13880262 read
Timer: 1                       3.07623898 mmSeeds+instantiateSeeds
Timer: 2                      57.59339564 searchAllSeeds
Timer: 3                     136.30496831 extendSeeds
Timer: 4                       0.04329542 searchAllSeeds
Timer: 5                       0.30899212 extendSeeds
Timer: 6                       2.84452054 searchAllSeeds
Timer: 7                       0.02115514 extendSeeds
Timer: 8                       2.38372067 finishReadOne
Timer: 9                       1.52038833 finishReadOne
Timer: 10                       0.00996597 finishReadOne
Timer: 11                       0.00000000 N/A
Timer: 12                       0.00000000 N/A
Timer: 13                       0.00000000 N/A
Timer: 14                       0.00000000 N/A
Timer: 15                       0.00000000 N/A
Timer: 16                       0.00000000 N/A
Timer: 17                       0.00000000 N/A
Timer: 18                       0.00000000 N/A
Timer: 19                       0.00000000 N/A
Timer: 20                       0.00000000 N/A
Timer: 21                       0.00000000 N/A
Timer: 22                       0.00000000 N/A
Timer: 23                       0.00000000 N/A
Timer: 24                       0.00000000 N/A
Timer: 25                       0.00000000 N/A
Timer: 26                       0.00000000 N/A
Timer: 27                       0.00000000 N/A
Timer: 28                       0.00000000 N/A
Timer: 29                       0.00000000 N/A
Timer: 30                       0.00000000 N/A
Timer: 31                       0.00000000 N/A
Timer: 0                       2.20187531 read
Timer: 1                       3.07865275 mmSeeds+instantiateSeeds
Timer: 2                      57.67133451 searchAllSeeds
Timer: 3                     136.40106892 extendSeeds
Timer: 4                       0.04363316 searchAllSeeds
Timer: 5                       0.26882405 extendSeeds
Timer: 6                       2.77680517 searchAllSeeds
Timer: 7                       0.02085885 extendSeeds
Timer: 8                       2.36483043 finishReadOne
Timer: 9                       1.45382219 finishReadOne
Timer: 10                       0.01152781 finishReadOne
Timer: 11                       0.00000000 N/A
Timer: 12                       0.00000000 N/A
Timer: 13                       0.00000000 N/A
Timer: 14                       0.00000000 N/A
Timer: 15                       0.00000000 N/A
Timer: 16                       0.00000000 N/A
Timer: 17                       0.00000000 N/A
Timer: 18                       0.00000000 N/A
Timer: 19                       0.00000000 N/A
Timer: 20                       0.00000000 N/A
Timer: 21                       0.00000000 N/A
Timer: 22                       0.00000000 N/A
Timer: 23                       0.00000000 N/A
Timer: 24                       0.00000000 N/A
Timer: 25                       0.00000000 N/A
Timer: 26                       0.00000000 N/A
Timer: 27                       0.00000000 N/A
Timer: 28                       0.00000000 N/A
Timer: 29                       0.00000000 N/A
Timer: 30                       0.00000000 N/A
Timer: 31                       0.00000000 N/A
Timer: 0                       2.23448516 read
Timer: 1                       3.05943927 mmSeeds+instantiateSeeds
Timer: 2                      57.42754568 searchAllSeeds
Timer: 3                     136.28201645 extendSeeds
Timer: 4                       0.04290565 searchAllSeeds
Timer: 5                       0.28550868 extendSeeds
Timer: 6                       2.84727715 searchAllSeeds
Timer: 7                       0.02129175 extendSeeds
Timer: 8                       2.36585037 finishReadOne
Timer: 9                       1.53063147 finishReadOne
Timer: 10                       0.01117561 finishReadOne
Timer: 11                       0.00000000 N/A
Timer: 12                       0.00000000 N/A
Timer: 13                       0.00000000 N/A
Timer: 14                       0.00000000 N/A
Timer: 15                       0.00000000 N/A
Timer: 16                       0.00000000 N/A
Timer: 17                       0.00000000 N/A
Timer: 18                       0.00000000 N/A
Timer: 19                       0.00000000 N/A
Timer: 20                       0.00000000 N/A
Timer: 21                       0.00000000 N/A
Timer: 22                       0.00000000 N/A
Timer: 23                       0.00000000 N/A
Timer: 24                       0.00000000 N/A
Timer: 25                       0.00000000 N/A
Timer: 26                       0.00000000 N/A
Timer: 27                       0.00000000 N/A
Timer: 28                       0.00000000 N/A
Timer: 29                       0.00000000 N/A
Timer: 30                       0.00000000 N/A
Timer: 31                       0.00000000 N/A
Timer: 0                       2.11713065 read
Timer: 1                       3.07622926 mmSeeds+instantiateSeeds
Timer: 2                      57.41854279 searchAllSeeds
Timer: 3                     136.38331948 extendSeeds
Timer: 4                       0.04349240 searchAllSeeds
Timer: 5                       0.29396251 extendSeeds
Timer: 6                       2.90199084 searchAllSeeds
Timer: 7                       0.02134609 extendSeeds
Timer: 8                       2.38894499 finishReadOne
Timer: 9                       1.55596509 extendSeeds
Timer: 10                       0.01259604 finishReadOne
Timer: 11                       0.00000000 N/A
Timer: 12                       0.00000000 N/A
Timer: 13                       0.00000000 N/A
Timer: 14                       0.00000000 N/A
Timer: 15                       0.00000000 N/A
Timer: 16                       0.00000000 N/A
Timer: 17                       0.00000000 N/A
Timer: 18                       0.00000000 N/A
Timer: 19                       0.00000000 N/A
Timer: 20                       0.00000000 N/A
Timer: 21                       0.00000000 N/A
Timer: 22                       0.00000000 N/A
Timer: 23                       0.00000000 N/A
Timer: 24                       0.00000000 N/A
Timer: 25                       0.00000000 N/A
Timer: 26                       0.00000000 N/A
Timer: 27                       0.00000000 N/A
Timer: 28                       0.00000000 N/A
Timer: 29                       0.00000000 N/A
Timer: 30                       0.00000000 N/A
Timer: 31                       0.00000000 N/A
Timer: 0                       2.14966379 read
Timer: 1                       3.06171822 mmSeeds+instantiateSeeds
Timer: 2                      57.72073840 searchAllSeeds
Timer: 3                     136.23735928 extendSeeds
Timer: 4                       0.04316451 searchAllSeeds
Timer: 5                       0.29676581 extendSeeds
Timer: 6                       2.83224922 searchAllSeeds
Timer: 7                       0.02112121 extendSeeds
Timer: 8                       2.35232534 finishReadOne
Timer: 9                       1.50934774 finishReadOne
Timer: 10                       0.01152150 finishReadOne
Timer: 11                       0.00000000 N/A
Timer: 12                       0.00000000 N/A
Timer: 13                       0.00000000 N/A
Timer: 14                       0.00000000 N/A
Timer: 15                       0.00000000 N/A
Timer: 16                       0.00000000 N/A
Timer: 17                       0.00000000 N/A
Timer: 18                       0.00000000 N/A
Timer: 19                       0.00000000 N/A
Timer: 20                       0.00000000 N/A
Timer: 21                       0.00000000 N/A
Timer: 22                       0.00000000 N/A
Timer: 23                       0.00000000 N/A
Timer: 24                       0.00000000 N/A
Timer: 25                       0.00000000 N/A
Timer: 26                       0.00000000 N/A
Timer: 27                       0.00000000 N/A
Timer: 28                       0.00000000 N/A
Timer: 29                       0.00000000 N/A
Timer: 30                       0.00000000 N/A
Timer: 31                       0.00000000 N/A
Timer: 0                       2.19133738 read
Timer: 1                       3.08055929 mmSeeds+instantiateSeeds
Timer: 2                      57.58880197 searchAllSeeds
Timer: 3                     136.40812725 extendSeeds
Timer: 4                       0.04378544 searchAllSeeds
Timer: 5                       0.26611110 extendSeeds
Timer: 6                       2.77495346 searchAllSeeds
Timer: 7                       0.02091161 extendSeeds
Timer: 8                       2.37300776 finishReadOne
Timer: 9                       1.45118363 finishReadOne
Timer: 10                       0.01178964 finishReadOne
Timer: 11                       0.00000000 N/A
Timer: 12                       0.00000000 N/A
Timer: 13                       0.00000000 N/A
Timer: 14                       0.00000000 N/A
Timer: 15                       0.00000000 N/A
Timer: 16                       0.00000000 N/A
Timer: 17                       0.00000000 N/A
Timer: 18                       0.00000000 N/A
Timer: 19                       0.00000000 N/A
Timer: 20                       0.00000000 N/A
Timer: 21                       0.00000000 N/A
Timer: 22                       0.00000000 N/A
Timer: 23                       0.00000000 N/A
Timer: 24                       0.00000000 N/A
Timer: 25                       0.00000000 N/A
Timer: 26                       0.00000000 N/A
Timer: 27                       0.00000000 N/A
Timer: 28                       0.00000000 N/A
Timer: 29                       0.00000000 N/A
Timer: 30                       0.00000000 N/A
Timer: 31                       0.00000000 N/A
Timer: 0                       2.17913056 read
Timer: 1                       3.05901129 mmSeeds+instantiateSeeds
Timer: 2                      57.43391928 searchAllSeeds
Timer: 3                     136.47208023 extendSeeds
Timer: 4                       0.04503905 searchAllSeeds
Timer: 5                       0.29383029 extendSeeds
Timer: 6                       2.88830041 searchAllSeeds
Timer: 7                       0.02111658 extendSeeds
Timer: 8                       2.36792637 finishReadOne
Timer: 9                       1.54334762 extendSeeds
Timer: 10                       0.01203160 finishReadOne
Timer: 11                       0.00000000 N/A
Timer: 12                       0.00000000 N/A
Timer: 13                       0.00000000 N/A
Timer: 14                       0.00000000 N/A
Timer: 15                       0.00000000 N/A
Timer: 16                       0.00000000 N/A
Timer: 17                       0.00000000 N/A
Timer: 18                       0.00000000 N/A
Timer: 19                       0.00000000 N/A
Timer: 20                       0.00000000 N/A
Timer: 21                       0.00000000 N/A
Timer: 22                       0.00000000 N/A
Timer: 23                       0.00000000 N/A
Timer: 24                       0.00000000 N/A
Timer: 25                       0.00000000 N/A
Timer: 26                       0.00000000 N/A
Timer: 27                       0.00000000 N/A
Timer: 28                       0.00000000 N/A
Timer: 29                       0.00000000 N/A
Timer: 30                       0.00000000 N/A
Timer: 31                       0.00000000 N/A
6130362 reads; of these:
  6130362 (100.00%) were unpaired; of these:
    6077298 (99.13%) aligned 0 times
    19533 (0.32%) aligned exactly 1 time
    33531 (0.55%) aligned >1 times
0.87% overall alignment rate
 234945 4679367 106709091

real	4m4.803s
user	54m20.244s
sys	1m17.009s
==============
