b2-011
Architecture:          x86_64
CPU op-mode(s):        32-bit, 64-bit
Byte Order:            Little Endian
CPU(s):                64
On-line CPU(s) list:   0-63
Thread(s) per core:    2
Core(s) per socket:    16
Socket(s):             2
NUMA node(s):          2
Vendor ID:             AuthenticAMD
CPU family:            23
Model:                 49
Model name:            AMD EPYC 7302 16-Core Processor
Stepping:              0
CPU MHz:               1500.000
CPU max MHz:           3000.0000
CPU min MHz:           1500.0000
BogoMIPS:              6000.30
Virtualization:        AMD-V
L1d cache:             32K
L1i cache:             32K
L2 cache:              512K
L3 cache:              16384K
NUMA node0 CPU(s):     0-15,32-47
NUMA node1 CPU(s):     16-31,48-63
Flags:                 fpu vme de pse tsc msr pae mce cx8 apic sep mtrr pge mca cmov pat pse36 clflush mmx fxsr sse sse2 ht syscall nx mmxext fxsr_opt pdpe1gb rdtscp lm constant_tsc art rep_good nopl nonstop_tsc extd_apicid aperfmperf eagerfpu pni pclmulqdq monitor ssse3 fma cx16 sse4_1 sse4_2 movbe popcnt aes xsave avx f16c rdrand lahf_lm cmp_legacy svm extapic cr8_legacy abm sse4a misalignsse 3dnowprefetch osvw ibs skinit wdt tce topoext perfctr_core perfctr_nb bpext perfctr_l2 cpb cat_l3 cdp_l3 hw_pstate sme retpoline_amd ssbd ibrs ibpb stibp vmmcall fsgsbase bmi1 avx2 smep bmi2 cqm rdt_a rdseed adx smap clflushopt clwb sha_ni xsaveopt xsavec xgetbv1 cqm_llc cqm_occup_llc cqm_mbm_total cqm_mbm_local clzero irperf xsaveerptr arat npt lbrv svm_lock nrip_save tsc_scale vmcb_clean flushbyasid decodeassists pausefilter pfthreshold avic v_vmsave_vmload vgif umip overflow_recov succor smca
==============
commit 6e2536972f82eaf7e64dd367283f32d162d9f76f
Author: Rone Charles <rone_charles@fastmail.com>
Date:   Mon Sep 20 09:53:59 2021 -0400

    Skip aligned reads when processing BAM file

commit ed15e8e19d7486c87c55fc23e086f3e743a3c55f
Author: Rone Charles <rone_charles@fastmail.com>
Date:   Sun Aug 8 18:41:08 2021 -0400

commit 6e2536972f82eaf7e64dd367283f32d162d9f76f
Author: Rone Charles <rone_charles@fastmail.com>
Date:   Mon Sep 20 09:53:59 2021 -0400

    Skip aligned reads when processing BAM file

commit ed15e8e19d7486c87c55fc23e086f3e743a3c55f
Author: Rone Charles <rone_charles@fastmail.com>
Date:   Sun Aug 8 18:41:08 2021 -0400

==============
93bec2316b6ccd8f3dff56d3234105e5  /qmounts/qiita_data/per_sample_FASTQ/101636//Mousseau88_FIN_373_host_filtered.fastq.gz
#./bowtie2 -p 16 --no-exact-upfront --no-1mm-upfront -x /scratch/qp-woltka/WoLr1/WoLr1 -q /qmounts/qiita_data/per_sample_FASTQ/101636//Mousseau88_FIN_373_host_filtered.fastq.gz --seed 42 --very-sensitive -k 16 --np 1 --mp 1,1 --rdg 0,1 --rfg 0,1 --score-min  L,0,-0.05 --no-head --no-unal |wc
==== CPU 1 ==========
Timer: 0                       2.85507471 read
Timer: 1                       2.97640721 mmSeeds+instantiateSeeds
Timer: 2                      51.25769450 searchAllSeeds
Timer: 3                      55.92273640 extendSeeds
Timer: 4                       0.03708234 searchAllSeeds
Timer: 5                       0.13532824 extendSeeds
Timer: 6                       1.74963752 searchAllSeeds
Timer: 7                       0.01854452 extendSeeds
Timer: 8                       2.03666818 finishReadOne
Timer: 9                       0.68939521 extendSeeds
Timer: 10                       0.00570142 finishReadOne
Timer: 11                       0.00000000 N/A
Timer: 12                       0.00000000 N/A
Timer: 13                       0.00000000 N/A
Timer: 14                       0.00000000 N/A
Timer: 15                       0.00000000 N/A
Timer: 16                       0.00000000 N/A
Timer: 17                       0.00000000 N/A
Timer: 18                       0.00000000 N/A
Timer: 19                       0.00000000 N/A
Timer: 20                       0.00000000 N/A
Timer: 21                       0.00000000 N/A
Timer: 22                       0.00000000 N/A
Timer: 23                       0.00000000 N/A
Timer: 24                       0.00000000 N/A
Timer: 25                       0.00000000 N/A
Timer: 26                       0.00000000 N/A
Timer: 27                       0.00000000 N/A
Timer: 28                       0.00000000 N/A
Timer: 29                       0.00000000 N/A
Timer: 30                       0.00000000 N/A
Timer: 31                       0.00000000 N/A
Timer: 0                       2.86066659 read
Timer: 1                       2.95037350 mmSeeds+instantiateSeeds
Timer: 2                      51.19559941 searchAllSeeds
Timer: 3                      56.00779338 extendSeeds
Timer: 4                       0.03702320 searchAllSeeds
Timer: 5                       0.14062105 extendSeeds
Timer: 6                       1.78120032 searchAllSeeds
Timer: 7                       0.01817835 extendSeeds
Timer: 8                       2.04337904 finishReadOne
Timer: 9                       0.68336245 finishReadOne
Timer: 10                       0.00566761 finishReadOne
Timer: 11                       0.00000000 N/A
Timer: 12                       0.00000000 N/A
Timer: 13                       0.00000000 N/A
Timer: 14                       0.00000000 N/A
Timer: 15                       0.00000000 N/A
Timer: 16                       0.00000000 N/A
Timer: 17                       0.00000000 N/A
Timer: 18                       0.00000000 N/A
Timer: 19                       0.00000000 N/A
Timer: 20                       0.00000000 N/A
Timer: 21                       0.00000000 N/A
Timer: 22                       0.00000000 N/A
Timer: 23                       0.00000000 N/A
Timer: 24                       0.00000000 N/A
Timer: 25                       0.00000000 N/A
Timer: 26                       0.00000000 N/A
Timer: 27                       0.00000000 N/A
Timer: 28                       0.00000000 N/A
Timer: 29                       0.00000000 N/A
Timer: 30                       0.00000000 N/A
Timer: 31                       0.00000000 N/A
Timer: 0                       2.84588052 read
Timer: 1                       2.94896449 mmSeeds+instantiateSeeds
Timer: 2                      51.20865292 searchAllSeeds
Timer: 3                      55.93555443 extendSeeds
Timer: 4                       0.03783080 searchAllSeeds
Timer: 5                       0.13804438 extendSeeds
Timer: 6                       1.76383525 searchAllSeeds
Timer: 7                       0.01809566 extendSeeds
Timer: 8                       2.03337873 finishReadOne
Timer: 9                       0.70415909 extendSeeds
Timer: 0                       2.83375398 read
Timer: 1                       2.94830437 mmSeeds+instantiateSeeds
Timer: 2                      50.95525571 searchAllSeeds
Timer: 3                      56.01752441 extendSeeds
Timer: 4                       0.03703706 searchAllSeeds
Timer: 5                       0.14065492 extendSeeds
Timer: 6                       1.80956743 searchAllSeeds
Timer: 7                       0.01816908 extendSeeds
Timer: 8                       2.03652163 finishReadOne
Timer: 9                       0.74338919 finishReadOne
Timer: 10                       0.00639027 finishReadOne
Timer: 10                       0.00610898 finishReadOne
Timer: 11                       0.00000000 N/A
Timer: 12                       0.00000000 N/A
Timer: 13                       0.00000000 N/A
Timer: 14                       0.00000000 N/A
Timer: 15                       0.00000000 N/A
Timer: 16                       0.00000000 N/A
Timer: 11                       0.00000000 N/A
Timer: 12                       0.00000000 N/A
Timer: 13                       0.00000000 N/A
Timer: 14                       0.00000000 N/A
Timer: 15                       0.00000000 N/A
Timer: 17                       0.00000000 N/A
Timer: 18                       0.00000000 N/A
Timer: 19                       0.00000000 N/A
Timer: 20                       0.00000000 N/A
Timer: 21                       0.00000000 N/A
Timer: 22                       0.00000000 N/A
Timer: 23                       0.00000000 N/A
Timer: 24                       0.00000000 N/A
Timer: 25                       0.00000000 N/A
Timer: 26                       0.00000000 N/A
Timer: 27                       0.00000000 N/A
Timer: 28                       0.00000000 N/A
Timer: 29                       0.00000000 N/A
Timer: 16                       0.00000000 N/A
Timer: 17                       0.00000000 N/A
Timer: 18                       0.00000000 N/A
Timer: 19                       0.00000000 N/A
Timer: 20                       0.00000000 N/A
Timer: 30                       0.00000000 N/A
Timer: 31                       0.00000000 N/A
Timer: 21                       0.00000000 N/A
Timer: 22                       0.00000000 N/A
Timer: 23                       0.00000000 N/A
Timer: 24                       0.00000000 N/A
Timer: 25                       0.00000000 N/A
Timer: 26                       0.00000000 N/A
Timer: 27                       0.00000000 N/A
Timer: 28                       0.00000000 N/A
Timer: 29                       0.00000000 N/A
Timer: 30                       0.00000000 N/A
Timer: 31                       0.00000000 N/A
Timer: 0                       2.84726606 read
Timer: 1                       2.95127329 mmSeeds+instantiateSeeds
Timer: 2                      51.06187932 searchAllSeeds
Timer: 3                      56.21626733 extendSeeds
Timer: 4                       0.03702622 searchAllSeeds
Timer: 5                       0.12919718 extendSeeds
Timer: 6                       1.64863271 searchAllSeeds
Timer: 7                       0.01792276 extendSeeds
Timer: 8                       2.05209941 finishReadOne
Timer: 9                       0.64722681 finishReadOne
Timer: 10                       0.00558214 finishReadOne
Timer: 11                       0.00000000 N/A
Timer: 12                       0.00000000 N/A
Timer: 13                       0.00000000 N/A
Timer: 14                       0.00000000 N/A
Timer: 15                       0.00000000 N/A
Timer: 16                       0.00000000 N/A
Timer: 17                       0.00000000 N/A
Timer: 18                       0.00000000 N/A
Timer: 19                       0.00000000 N/A
Timer: 20                       0.00000000 N/A
Timer: 21                       0.00000000 N/A
Timer: 22                       0.00000000 N/A
Timer: 23                       0.00000000 N/A
Timer: 24                       0.00000000 N/A
Timer: 25                       0.00000000 N/A
Timer: 26                       0.00000000 N/A
Timer: 27                       0.00000000 N/A
Timer: 28                       0.00000000 N/A
Timer: 29                       0.00000000 N/A
Timer: 30                       0.00000000 N/A
Timer: 31                       0.00000000 N/A
Timer: 0                       2.87873006 read
Timer: 1                       2.93974110 mmSeeds+instantiateSeeds
Timer: 2                      51.17102034 searchAllSeeds
Timer: 3                      56.05638279 extendSeeds
Timer: 4                       0.03685345 searchAllSeeds
Timer: 5                       0.13088242 extendSeeds
Timer: 6                       1.67546906 searchAllSeeds
Timer: 7                       0.01776791 extendSeeds
Timer: 8                       2.03707503 finishReadOne
Timer: 9                       0.64517231 finishReadOne
Timer: 10                       0.00534691 finishReadOne
Timer: 11                       0.00000000 N/A
Timer: 12                       0.00000000 N/A
Timer: 13                       0.00000000 N/A
Timer: 14                       0.00000000 N/A
Timer: 15                       0.00000000 N/A
Timer: 16                       0.00000000 N/A
Timer: 17                       0.00000000 N/A
Timer: 18                       0.00000000 N/A
Timer: 19                       0.00000000 N/A
Timer: 20                       0.00000000 N/A
Timer: 21                       0.00000000 N/A
Timer: 22                       0.00000000 N/A
Timer: 23                       0.00000000 N/A
Timer: 24                       0.00000000 N/A
Timer: 25                       0.00000000 N/A
Timer: 26                       0.00000000 N/A
Timer: 27                       0.00000000 N/A
Timer: 28                       0.00000000 N/A
Timer: 29                       0.00000000 N/A
Timer: 30                       0.00000000 N/A
Timer: 31                       0.00000000 N/A
Timer: 0                       2.84840544 read
Timer: 1                       2.95797140 mmSeeds+instantiateSeeds
Timer: 2                      51.00090688 searchAllSeeds
Timer: 3                      56.19345159 extendSeeds
Timer: 4                       0.03730480 searchAllSeeds
Timer: 5                       0.13455284 extendSeeds
Timer: 6                       1.70401447 searchAllSeeds
Timer: 7                       0.01814357 extendSeeds
Timer: 8                       2.05955366 finishReadOne
Timer: 9                       0.70166617 extendSeeds
Timer: 10                       0.00581268 finishReadOne
Timer: 11                       0.00000000 N/A
Timer: 12                       0.00000000 N/A
Timer: 13                       0.00000000 N/A
Timer: 14                       0.00000000 N/A
Timer: 15                       0.00000000 N/A
Timer: 16                       0.00000000 N/A
Timer: 17                       0.00000000 N/A
Timer: 18                       0.00000000 N/A
Timer: 19                       0.00000000 N/A
Timer: 20                       0.00000000 N/A
Timer: 21                       0.00000000 N/A
Timer: 22                       0.00000000 N/A
Timer: 23                       0.00000000 N/A
Timer: 24                       0.00000000 N/A
Timer: 25                       0.00000000 N/A
Timer: 26                       0.00000000 N/A
Timer: 27                       0.00000000 N/A
Timer: 28                       0.00000000 N/A
Timer: 29                       0.00000000 N/A
Timer: 30                       0.00000000 N/A
Timer: 31                       0.00000000 N/A
Timer: 0                       2.87272728 read
Timer: 1                       2.94953107 mmSeeds+instantiateSeeds
Timer: 2                      51.13924712 searchAllSeeds
Timer: 3                      55.96896757 extendSeeds
Timer: 4                       0.03758765 searchAllSeeds
Timer: 5                       0.13686361 extendSeeds
Timer: 6                       1.71727147 searchAllSeeds
Timer: 7                       0.01801966 extendSeeds
Timer: 8                       2.02766169 finishReadOne
Timer: 9                       0.68403976 extendSeeds
Timer: 0                       2.86002742 read
Timer: 1                       2.94303597 mmSeeds+instantiateSeeds
Timer: 2                      51.02174559 searchAllSeeds
Timer: 3                      56.12836582 extendSeeds
Timer: 4                       0.03688333 searchAllSeeds
Timer: 5                       0.13725087 extendSeeds
Timer: 6                       1.75876792 searchAllSeeds
Timer: 10                       0.00576512 finishReadOne
Timer: 11                       0.00000000 N/A
Timer: 12                       0.00000000 N/A
Timer: 13                       0.00000000 N/A
Timer: 14                       0.00000000 N/A
Timer: 15                       0.00000000 N/A
Timer: 16                       0.00000000 N/A
Timer: 17                       0.00000000 N/A
Timer: 18                       0.00000000 N/A
Timer: 19                       0.00000000 N/A
Timer: 20                       0.00000000 N/A
Timer: 21                       0.00000000 N/A
Timer: 7                       0.01808388 extendSeeds
Timer: 8                       2.03467949 finishReadOne
Timer: 9                       0.71370294 extendSeeds
Timer: 10                       0.00510660 finishReadOne
Timer: 11                       0.00000000 N/A
Timer: 12                       0.00000000 N/A
Timer: 13                       0.00000000 N/A
Timer: 14                       0.00000000 N/A
Timer: 15                       0.00000000 N/A
Timer: 16                       0.00000000 N/A
Timer: 17                       0.00000000 N/A
Timer: 18                       0.00000000 N/A
Timer: 22                       0.00000000 N/A
Timer: 23                       0.00000000 N/A
Timer: 24                       0.00000000 N/A
Timer: 25                       0.00000000 N/A
Timer: 26                       0.00000000 N/A
Timer: 27                       0.00000000 N/A
Timer: 28                       0.00000000 N/A
Timer: 29                       0.00000000 N/A
Timer: 30                       0.00000000 N/A
Timer: 31                       0.00000000 N/A
Timer: 19                       0.00000000 N/A
Timer: 20                       0.00000000 N/A
Timer: 21                       0.00000000 N/A
Timer: 22                       0.00000000 N/A
Timer: 23                       0.00000000 N/A
Timer: 24                       0.00000000 N/A
Timer: 25                       0.00000000 N/A
Timer: 26                       0.00000000 N/A
Timer: 27                       0.00000000 N/A
Timer: 28                       0.00000000 N/A
Timer: 29                       0.00000000 N/A
Timer: 30                       0.00000000 N/A
Timer: 31                       0.00000000 N/A
Timer: 0                       2.82885714 read
Timer: 1                       2.94623136 mmSeeds+instantiateSeeds
Timer: 2                      51.22209459 searchAllSeeds
Timer: 3                      55.95519626 extendSeeds
Timer: 4                       0.03775203 searchAllSeeds
Timer: 5                       0.13870150 extendSeeds
Timer: 6                       1.71474717 searchAllSeeds
Timer: 7                       0.01830791 extendSeeds
Timer: 8                       2.09854126 finishReadOne
Timer: 9                       0.67023536 extendSeeds
Timer: 10                       0.00567354 finishReadOne
Timer: 11                       0.00000000 N/A
Timer: 12                       0.00000000 N/A
Timer: 13                       0.00000000 N/A
Timer: 14                       0.00000000 N/A
Timer: 15                       0.00000000 N/A
Timer: 16                       0.00000000 N/A
Timer: 17                       0.00000000 N/A
Timer: 18                       0.00000000 N/A
Timer: 19                       0.00000000 N/A
Timer: 20                       0.00000000 N/A
Timer: 21                       0.00000000 N/A
Timer: 22                       0.00000000 N/A
Timer: 23                       0.00000000 N/A
Timer: 24                       0.00000000 N/A
Timer: 25                       0.00000000 N/A
Timer: 26                       0.00000000 N/A
Timer: 27                       0.00000000 N/A
Timer: 28                       0.00000000 N/A
Timer: 29                       0.00000000 N/A
Timer: 30                       0.00000000 N/A
Timer: 31                       0.00000000 N/A
Timer: 0                       2.84212155 read
Timer: 1                       2.94691595 mmSeeds+instantiateSeeds
Timer: 2                      51.11674240 searchAllSeeds
Timer: 3                      56.06401601 extendSeeds
Timer: 4                       0.03755416 searchAllSeeds
Timer: 5                       0.13362805 extendSeeds
Timer: 6                       1.67621768 searchAllSeeds
Timer: 7                       0.01785983 extendSeeds
Timer: 8                       2.04064342 finishReadOne
Timer: 9                       0.65456652 extendSeeds
Timer: 10                       0.00514151 finishReadOne
Timer: 11                       0.00000000 N/A
Timer: 12                       0.00000000 N/A
Timer: 13                       0.00000000 N/A
Timer: 14                       0.00000000 N/A
Timer: 15                       0.00000000 N/A
Timer: 16                       0.00000000 N/A
Timer: 17                       0.00000000 N/A
Timer: 18                       0.00000000 N/A
Timer: 19                       0.00000000 N/A
Timer: 20                       0.00000000 N/A
Timer: 21                       0.00000000 N/A
Timer: 22                       0.00000000 N/A
Timer: 23                       0.00000000 N/A
Timer: 24                       0.00000000 N/A
Timer: 25                       0.00000000 N/A
Timer: 26                       0.00000000 N/A
Timer: 27                       0.00000000 N/A
Timer: 28                       0.00000000 N/A
Timer: 29                       0.00000000 N/A
Timer: 30                       0.00000000 N/A
Timer: 31                       0.00000000 N/A
Timer: 0                       2.83509637 read
Timer: 1                       2.95534909 mmSeeds+instantiateSeeds
Timer: 2                      51.33129439 searchAllSeeds
Timer: 3                      56.21173657 extendSeeds
Timer: 4                       0.03677499 searchAllSeeds
Timer: 5                       0.12363533 extendSeeds
Timer: 6                       1.56029195 searchAllSeeds
Timer: 7                       0.01793804 extendSeeds
Timer: 8                       2.03665519 finishReadOne
Timer: 9                       0.60164229 extendSeeds
Timer: 10                       0.00503165 finishReadOne
Timer: 11                       0.00000000 N/A
Timer: 12                       0.00000000 N/A
Timer: 13                       0.00000000 N/A
Timer: 14                       0.00000000 N/A
Timer: 15                       0.00000000 N/A
Timer: 16                       0.00000000 N/A
Timer: 17                       0.00000000 N/A
Timer: 18                       0.00000000 N/A
Timer: 19                       0.00000000 N/A
Timer: 20                       0.00000000 N/A
Timer: 21                       0.00000000 N/A
Timer: 22                       0.00000000 N/A
Timer: 23                       0.00000000 N/A
Timer: 24                       0.00000000 N/A
Timer: 25                       0.00000000 N/A
Timer: 26                       0.00000000 N/A
Timer: 27                       0.00000000 N/A
Timer: 28                       0.00000000 N/A
Timer: 29                       0.00000000 N/A
Timer: 30                       0.00000000 N/A
Timer: 31                       0.00000000 N/A
Timer: 0                       2.82130776 read
Timer: 1                       2.94816500 mmSeeds+instantiateSeeds
Timer: 2                      51.21940255 searchAllSeeds
Timer: 3                      55.91631631 extendSeeds
Timer: 4                       0.03721320 searchAllSeeds
Timer: 5                       0.14298955 extendSeeds
Timer: 6                       1.83007394 searchAllSeeds
Timer: 7                       0.01844089 extendSeeds
Timer: 8                       2.05642941 finishReadOne
Timer: 9                       0.70045292 finishReadOne
Timer: 10                       0.00562869 finishReadOne
Timer: 11                       0.00000000 N/A
Timer: 12                       0.00000000 N/A
Timer: 13                       0.00000000 N/A
Timer: 14                       0.00000000 N/A
Timer: 15                       0.00000000 N/A
Timer: 16                       0.00000000 N/A
Timer: 17                       0.00000000 N/A
Timer: 18                       0.00000000 N/A
Timer: 19                       0.00000000 N/A
Timer: 20                       0.00000000 N/A
Timer: 21                       0.00000000 N/A
Timer: 22                       0.00000000 N/A
Timer: 23                       0.00000000 N/A
Timer: 24                       0.00000000 N/A
Timer: 25                       0.00000000 N/A
Timer: 26                       0.00000000 N/A
Timer: 27                       0.00000000 N/A
Timer: 28                       0.00000000 N/A
Timer: 29                       0.00000000 N/A
Timer: 30                       0.00000000 N/A
Timer: 31                       0.00000000 N/A
Timer: 0                       2.85458986 read
Timer: 1                       2.96353065 mmSeeds+instantiateSeeds
Timer: 2                      51.30534655 searchAllSeeds
Timer: 3                      55.88141651 extendSeeds
Timer: 4                       0.03837493 searchAllSeeds
Timer: 5                       0.13201582 extendSeeds
Timer: 6                       1.66952704 searchAllSeeds
Timer: 7                       0.01786659 extendSeeds
Timer: 8                       2.01137798 finishReadOne
Timer: 9                       0.68048863 extendSeeds
Timer: 10                       0.00486215 finishReadOne
Timer: 11                       0.00000000 N/A
Timer: 12                       0.00000000 N/A
Timer: 13                       0.00000000 N/A
Timer: 14                       0.00000000 N/A
Timer: 15                       0.00000000 N/A
Timer: 16                       0.00000000 N/A
Timer: 17                       0.00000000 N/A
Timer: 18                       0.00000000 N/A
Timer: 19                       0.00000000 N/A
Timer: 20                       0.00000000 N/A
Timer: 21                       0.00000000 N/A
Timer: 22                       0.00000000 N/A
Timer: 23                       0.00000000 N/A
Timer: 24                       0.00000000 N/A
Timer: 25                       0.00000000 N/A
Timer: 26                       0.00000000 N/A
Timer: 27                       0.00000000 N/A
Timer: 28                       0.00000000 N/A
Timer: 29                       0.00000000 N/A
Timer: 30                       0.00000000 N/A
Timer: 31                       0.00000000 N/A
Timer: 0                       2.82726658 read
Timer: 1                       2.93694824 mmSeeds+instantiateSeeds
Timer: 2                      51.13573690 searchAllSeeds
Timer: 3                      56.19634119 extendSeeds
Timer: 4                       0.03762000 searchAllSeeds
Timer: 5                       0.13494183 extendSeeds
Timer: 6                       1.68028018 searchAllSeeds
Timer: 7                       0.01782159 extendSeeds
Timer: 8                       2.04286954 finishReadOne
Timer: 9                       0.66276713 finishReadOne
Timer: 10                       0.00509519 finishReadOne
Timer: 11                       0.00000000 N/A
Timer: 12                       0.00000000 N/A
Timer: 13                       0.00000000 N/A
Timer: 14                       0.00000000 N/A
Timer: 15                       0.00000000 N/A
Timer: 16                       0.00000000 N/A
Timer: 17                       0.00000000 N/A
Timer: 18                       0.00000000 N/A
Timer: 19                       0.00000000 N/A
Timer: 20                       0.00000000 N/A
Timer: 21                       0.00000000 N/A
Timer: 22                       0.00000000 N/A
Timer: 23                       0.00000000 N/A
Timer: 24                       0.00000000 N/A
Timer: 25                       0.00000000 N/A
Timer: 26                       0.00000000 N/A
Timer: 27                       0.00000000 N/A
Timer: 28                       0.00000000 N/A
Timer: 29                       0.00000000 N/A
Timer: 30                       0.00000000 N/A
Timer: 31                       0.00000000 N/A
Timer: 0                       2.81095266 read
Timer: 1                       2.93495866 mmSeeds+instantiateSeeds
Timer: 2                      51.17942760 searchAllSeeds
Timer: 3                      56.03727292 extendSeeds
Timer: 4                       0.03719998 searchAllSeeds
Timer: 5                       0.13911911 extendSeeds
Timer: 6                       1.77295699 searchAllSeeds
Timer: 7                       0.01826481 extendSeeds
Timer: 8                       2.03943665 finishReadOne
Timer: 9                       0.73346748 extendSeeds
Timer: 10                       0.00629841 finishReadOne
Timer: 11                       0.00000000 N/A
Timer: 12                       0.00000000 N/A
Timer: 13                       0.00000000 N/A
Timer: 14                       0.00000000 N/A
Timer: 15                       0.00000000 N/A
Timer: 16                       0.00000000 N/A
Timer: 17                       0.00000000 N/A
Timer: 18                       0.00000000 N/A
Timer: 19                       0.00000000 N/A
Timer: 20                       0.00000000 N/A
Timer: 21                       0.00000000 N/A
Timer: 22                       0.00000000 N/A
Timer: 23                       0.00000000 N/A
Timer: 24                       0.00000000 N/A
Timer: 25                       0.00000000 N/A
Timer: 26                       0.00000000 N/A
Timer: 27                       0.00000000 N/A
Timer: 28                       0.00000000 N/A
Timer: 29                       0.00000000 N/A
Timer: 30                       0.00000000 N/A
Timer: 31                       0.00000000 N/A
6130362 reads; of these:
  6130362 (100.00%) were unpaired; of these:
    6111179 (99.69%) aligned 0 times
    7868 (0.13%) aligned exactly 1 time
    11315 (0.18%) aligned >1 times
0.31% overall alignment rate
 119354 2379212 54449019

real	2m7.564s
user	30m45.004s
sys	0m46.080s
==== CPU 2 ==========
Timer: 0                       2.40477322 read
Timer: 1                       2.98617095 mmSeeds+instantiateSeeds
Timer: 2                      51.54724234 searchAllSeeds
Timer: 3                      55.02225859 extendSeeds
Timer: 0                       2.37649738 read
Timer: 1                       2.98619300 mmSeeds+instantiateSeeds
Timer: 2                      51.48458322 searchAllSeeds
Timer: 3                      55.14753525 extendSeeds
Timer: 4                       0.03675768 searchAllSeeds
Timer: 5                       0.13033990 extendSeeds
Timer: 6                       1.64509375 searchAllSeeds
Timer: 7                       0.01799794 extendSeeds
Timer: 4                       0.03681080 searchAllSeeds
Timer: 5                       0.13646385 extendSeeds
Timer: 6                       1.70368692 searchAllSeeds
Timer: 7                       0.01795612 extendSeeds
Timer: 8                       2.00082199 finishReadOne
Timer: 9                       0.67731742 finishReadOne
Timer: 10                       0.00668512 finishReadOne
Timer: 11                       0.00000000 N/A
Timer: 12                       0.00000000 N/A
Timer: 13                       0.00000000 N/A
Timer: 14                       0.00000000 N/A
Timer: 15                       0.00000000 N/A
Timer: 8                       1.98413381 finishReadOne
Timer: 9                       0.63425626 extendSeeds
Timer: 10                       0.00635745 finishReadOne
Timer: 11                       0.00000000 N/A
Timer: 16                       0.00000000 N/A
Timer: 17                       0.00000000 N/A
Timer: 18                       0.00000000 N/A
Timer: 19                       0.00000000 N/A
Timer: 20                       0.00000000 N/A
Timer: 12                       0.00000000 N/A
Timer: 13                       0.00000000 N/A
Timer: 14                       0.00000000 N/A
Timer: 15                       0.00000000 N/A
Timer: 21                       0.00000000 N/A
Timer: 22                       0.00000000 N/A
Timer: 23                       0.00000000 N/A
Timer: 24                       0.00000000 N/A
Timer: 16                       0.00000000 N/A
Timer: 17                       0.00000000 N/A
Timer: 18                       0.00000000 N/A
Timer: 19                       0.00000000 N/A
Timer: 20                       0.00000000 N/A
Timer: 21                       0.00000000 N/A
Timer: 22                       0.00000000 N/A
Timer: 23                       0.00000000 N/A
Timer: 24                       0.00000000 N/A
Timer: 25                       0.00000000 N/A
Timer: 26                       0.00000000 N/A
Timer: 27                       0.00000000 N/A
Timer: 28                       0.00000000 N/A
Timer: 29                       0.00000000 N/A
Timer: 25                       0.00000000 N/A
Timer: 26                       0.00000000 N/A
Timer: 27                       0.00000000 N/A
Timer: 28                       0.00000000 N/A
Timer: 29                       0.00000000 N/A
Timer: 30                       0.00000000 N/A
Timer: 31                       0.00000000 N/A
Timer: 30                       0.00000000 N/A
Timer: 31                       0.00000000 N/A
Timer: 0                       2.36199484 read
Timer: 1                       2.97565355 mmSeeds+instantiateSeeds
Timer: 2                      51.46734506 searchAllSeeds
Timer: 3                      55.19698633 extendSeeds
Timer: 4                       0.03755129 searchAllSeeds
Timer: 5                       0.13007796 extendSeeds
Timer: 6                       1.66562564 searchAllSeeds
Timer: 7                       0.01793398 extendSeeds
Timer: 8                       1.93847932 finishReadOne
Timer: 9                       0.68516309 extendSeeds
Timer: 10                       0.00636354 finishReadOne
Timer: 11                       0.00000000 N/A
Timer: 12                       0.00000000 N/A
Timer: 13                       0.00000000 N/A
Timer: 14                       0.00000000 N/A
Timer: 15                       0.00000000 N/A
Timer: 16                       0.00000000 N/A
Timer: 17                       0.00000000 N/A
Timer: 18                       0.00000000 N/A
Timer: 19                       0.00000000 N/A
Timer: 20                       0.00000000 N/A
Timer: 21                       0.00000000 N/A
Timer: 22                       0.00000000 N/A
Timer: 23                       0.00000000 N/A
Timer: 24                       0.00000000 N/A
Timer: 25                       0.00000000 N/A
Timer: 26                       0.00000000 N/A
Timer: 27                       0.00000000 N/A
Timer: 28                       0.00000000 N/A
Timer: 29                       0.00000000 N/A
Timer: 30                       0.00000000 N/A
Timer: 31                       0.00000000 N/A
Timer: 0                       2.38381979 read
Timer: 1                       2.99070006 mmSeeds+instantiateSeeds
Timer: 2                      51.64341370 searchAllSeeds
Timer: 3                      54.94712506 extendSeeds
Timer: 4                       0.03831487 searchAllSeeds
Timer: 5                       0.13164625 extendSeeds
Timer: 6                       1.67389032 searchAllSeeds
Timer: 7                       0.01806926 extendSeeds
Timer: 8                       1.99628140 finishReadOne
Timer: 9                       0.63644905 finishReadOne
Timer: 10                       0.00622561 finishReadOne
Timer: 11                       0.00000000 N/A
Timer: 12                       0.00000000 N/A
Timer: 13                       0.00000000 N/A
Timer: 14                       0.00000000 N/A
Timer: 15                       0.00000000 N/A
Timer: 16                       0.00000000 N/A
Timer: 17                       0.00000000 N/A
Timer: 18                       0.00000000 N/A
Timer: 19                       0.00000000 N/A
Timer: 20                       0.00000000 N/A
Timer: 21                       0.00000000 N/A
Timer: 22                       0.00000000 N/A
Timer: 23                       0.00000000 N/A
Timer: 24                       0.00000000 N/A
Timer: 25                       0.00000000 N/A
Timer: 26                       0.00000000 N/A
Timer: 27                       0.00000000 N/A
Timer: 28                       0.00000000 N/A
Timer: 29                       0.00000000 N/A
Timer: 30                       0.00000000 N/A
Timer: 31                       0.00000000 N/A
Timer: 0                       2.38534361 read
Timer: 1                       2.98454570 mmSeeds+instantiateSeeds
Timer: 2                      51.62476834 searchAllSeeds
Timer: 3                      54.90254672 extendSeeds
Timer: 4                       0.03752446 searchAllSeeds
Timer: 5                       0.13615714 extendSeeds
Timer: 6                       1.66919373 searchAllSeeds
Timer: 7                       0.01786028 extendSeeds
Timer: 8                       1.98689862 finishReadOne
Timer: 9                       0.66074418 extendSeeds
Timer: 10                       0.00606904 finishReadOne
Timer: 11                       0.00000000 N/A
Timer: 12                       0.00000000 N/A
Timer: 13                       0.00000000 N/A
Timer: 14                       0.00000000 N/A
Timer: 15                       0.00000000 N/A
Timer: 16                       0.00000000 N/A
Timer: 17                       0.00000000 N/A
Timer: 18                       0.00000000 N/A
Timer: 19                       0.00000000 N/A
Timer: 20                       0.00000000 N/A
Timer: 21                       0.00000000 N/A
Timer: 22                       0.00000000 N/A
Timer: 23                       0.00000000 N/A
Timer: 24                       0.00000000 N/A
Timer: 25                       0.00000000 N/A
Timer: 26                       0.00000000 N/A
Timer: 27                       0.00000000 N/A
Timer: 28                       0.00000000 N/A
Timer: 29                       0.00000000 N/A
Timer: 30                       0.00000000 N/A
Timer: 0                       2.40982320 read
Timer: 1                       2.97266901 mmSeeds+instantiateSeeds
Timer: 2                      51.38392257 searchAllSeeds
Timer: 3                      55.10078745 extendSeeds
Timer: 4                       0.03903233 searchAllSeeds
Timer: 5                       0.13505788 extendSeeds
Timer: 6                       1.75560378 searchAllSeeds
Timer: 31                       0.00000000 N/A
Timer: 7                       0.01813749 extendSeeds
Timer: 8                       1.97921701 finishReadOne
Timer: 9                       0.65847790 extendSeeds
Timer: 10                       0.00542453 finishReadOne
Timer: 11                       0.00000000 N/A
Timer: 12                       0.00000000 N/A
Timer: 13                       0.00000000 N/A
Timer: 14                       0.00000000 N/A
Timer: 15                       0.00000000 N/A
Timer: 16                       0.00000000 N/A
Timer: 17                       0.00000000 N/A
Timer: 18                       0.00000000 N/A
Timer: 19                       0.00000000 N/A
Timer: 20                       0.00000000 N/A
Timer: 21                       0.00000000 N/A
Timer: 22                       0.00000000 N/A
Timer: 23                       0.00000000 N/A
Timer: 24                       0.00000000 N/A
Timer: 25                       0.00000000 N/A
Timer: 26                       0.00000000 N/A
Timer: 27                       0.00000000 N/A
Timer: 28                       0.00000000 N/A
Timer: 29                       0.00000000 N/A
Timer: 30                       0.00000000 N/A
Timer: 31                       0.00000000 N/A
Timer: 0                       2.37787704 read
Timer: 1                       2.97530605 mmSeeds+instantiateSeeds
Timer: 2                      51.36919317 searchAllSeeds
Timer: 3                      55.23404168 extendSeeds
Timer: 4                       0.03793648 searchAllSeeds
Timer: 5                       0.13532156 extendSeeds
Timer: 6                       1.68897389 searchAllSeeds
Timer: 7                       0.01814360 extendSeeds
Timer: 8                       1.97525171 finishReadOne
Timer: 9                       0.68566683 extendSeeds
Timer: 10                       0.00675726 finishReadOne
Timer: 11                       0.00000000 N/A
Timer: 12                       0.00000000 N/A
Timer: 13                       0.00000000 N/A
Timer: 14                       0.00000000 N/A
Timer: 15                       0.00000000 N/A
Timer: 16                       0.00000000 N/A
Timer: 17                       0.00000000 N/A
Timer: 18                       0.00000000 N/A
Timer: 19                       0.00000000 N/A
Timer: 20                       0.00000000 N/A
Timer: 21                       0.00000000 N/A
Timer: 22                       0.00000000 N/A
Timer: 23                       0.00000000 N/A
Timer: 24                       0.00000000 N/A
Timer: 25                       0.00000000 N/A
Timer: 26                       0.00000000 N/A
Timer: 27                       0.00000000 N/A
Timer: 28                       0.00000000 N/A
Timer: 29                       0.00000000 N/A
Timer: 30                       0.00000000 N/A
Timer: 31                       0.00000000 N/A
Timer: 0                       2.36862357 read
Timer: 1                       2.94681530 mmSeeds+instantiateSeeds
Timer: 2                      50.84278248 searchAllSeeds
Timer: 3                      55.60097054 extendSeeds
Timer: 0                       2.40194654 read
Timer: 1                       2.97119999 mmSeeds+instantiateSeeds
Timer: 2                      50.92914679 searchAllSeeds
Timer: 3                      55.58148784 extendSeeds
Timer: 4                       0.03868677 searchAllSeeds
Timer: 5                       0.13601338 extendSeeds
Timer: 6                       1.76093699 searchAllSeeds
Timer: 7                       0.01822916 extendSeeds
Timer: 8                       1.97628283 finishReadOne
Timer: 9                       0.70806066 extendSeeds
Timer: 10                       0.00632683 finishReadOne
Timer: 11                       0.00000000 N/A
Timer: 12                       0.00000000 N/A
Timer: 4                       0.03866935 searchAllSeeds
Timer: 5                       0.14257753 extendSeeds
Timer: 6                       1.86221878 searchAllSeeds
Timer: 7                       0.01830391 extendSeeds
Timer: 8                       1.96576004 finishReadOne
Timer: 9                       0.73844127 extendSeeds
Timer: 10                       0.00745409 finishReadOne
Timer: 13                       0.00000000 N/A
Timer: 14                       0.00000000 N/A
Timer: 15                       0.00000000 N/A
Timer: 16                       0.00000000 N/A
Timer: 17                       0.00000000 N/A
Timer: 18                       0.00000000 N/A
Timer: 11                       0.00000000 N/A
Timer: 12                       0.00000000 N/A
Timer: 13                       0.00000000 N/A
Timer: 14                       0.00000000 N/A
Timer: 15                       0.00000000 N/A
Timer: 19                       0.00000000 N/A
Timer: 20                       0.00000000 N/A
Timer: 21                       0.00000000 N/A
Timer: 22                       0.00000000 N/A
Timer: 23                       0.00000000 N/A
Timer: 16                       0.00000000 N/A
Timer: 17                       0.00000000 N/A
Timer: 18                       0.00000000 N/A
Timer: 19                       0.00000000 N/A
Timer: 20                       0.00000000 N/A
Timer: 24                       0.00000000 N/A
Timer: 25                       0.00000000 N/A
Timer: 26                       0.00000000 N/A
Timer: 27                       0.00000000 N/A
Timer: 28                       0.00000000 N/A
Timer: 21                       0.00000000 N/A
Timer: 22                       0.00000000 N/A
Timer: 23                       0.00000000 N/A
Timer: 24                       0.00000000 N/A
Timer: 25                       0.00000000 N/A
Timer: 29                       0.00000000 N/A
Timer: 30                       0.00000000 N/A
Timer: 31                       0.00000000 N/A
Timer: 26                       0.00000000 N/A
Timer: 27                       0.00000000 N/A
Timer: 28                       0.00000000 N/A
Timer: 29                       0.00000000 N/A
Timer: 30                       0.00000000 N/A
Timer: 31                       0.00000000 N/A
Timer: 0                       2.38622185 read
Timer: 1                       2.98035307 mmSeeds+instantiateSeeds
Timer: 2                      51.05322258 searchAllSeeds
Timer: 3                      55.52503481 extendSeeds
Timer: 4                       0.03842926 searchAllSeeds
Timer: 5                       0.13587250 extendSeeds
Timer: 6                       1.74648720 searchAllSeeds
Timer: 7                       0.01889764 extendSeeds
Timer: 8                       1.97792979 finishReadOne
Timer: 9                       0.72799577 finishReadOne
Timer: 10                       0.00637611 finishReadOne
Timer: 11                       0.00000000 N/A
Timer: 12                       0.00000000 N/A
Timer: 13                       0.00000000 N/A
Timer: 14                       0.00000000 N/A
Timer: 15                       0.00000000 N/A
Timer: 16                       0.00000000 N/A
Timer: 17                       0.00000000 N/A
Timer: 18                       0.00000000 N/A
Timer: 19                       0.00000000 N/A
Timer: 20                       0.00000000 N/A
Timer: 21                       0.00000000 N/A
Timer: 22                       0.00000000 N/A
Timer: 23                       0.00000000 N/A
Timer: 24                       0.00000000 N/A
Timer: 25                       0.00000000 N/A
Timer: 26                       0.00000000 N/A
Timer: 27                       0.00000000 N/A
Timer: 28                       0.00000000 N/A
Timer: 29                       0.00000000 N/A
Timer: 30                       0.00000000 N/A
Timer: 31                       0.00000000 N/A
Timer: 0                       2.38769948 read
Timer: 1                       2.92741142 mmSeeds+instantiateSeeds
Timer: 2                      51.09850207 searchAllSeeds
Timer: 3                      55.57081765 extendSeeds
Timer: 4                       0.03685972 searchAllSeeds
Timer: 5                       0.13535797 extendSeeds
Timer: 6                       1.73832320 searchAllSeeds
Timer: 7                       0.01831527 extendSeeds
Timer: 8                       1.96919707 finishReadOne
Timer: 9                       0.68926232 extendSeeds
Timer: 10                       0.00598101 finishReadOne
Timer: 11                       0.00000000 N/A
Timer: 12                       0.00000000 N/A
Timer: 13                       0.00000000 N/A
Timer: 14                       0.00000000 N/A
Timer: 15                       0.00000000 N/A
Timer: 16                       0.00000000 N/A
Timer: 17                       0.00000000 N/A
Timer: 18                       0.00000000 N/A
Timer: 19                       0.00000000 N/A
Timer: 20                       0.00000000 N/A
Timer: 21                       0.00000000 N/A
Timer: 22                       0.00000000 N/A
Timer: 23                       0.00000000 N/A
Timer: 24                       0.00000000 N/A
Timer: 25                       0.00000000 N/A
Timer: 26                       0.00000000 N/A
Timer: 27                       0.00000000 N/A
Timer: 28                       0.00000000 N/A
Timer: 29                       0.00000000 N/A
Timer: 30                       0.00000000 N/A
Timer: 31                       0.00000000 N/A
Timer: 0                       2.35284093 read
Timer: 1                       2.97046284 mmSeeds+instantiateSeeds
Timer: 2                      50.83649577 searchAllSeeds
Timer: 3                      55.80163028 extendSeeds
Timer: 4                       0.03680576 searchAllSeeds
Timer: 5                       0.13722541 extendSeeds
Timer: 6                       1.78576371 searchAllSeeds
Timer: 7                       0.01816162 extendSeeds
Timer: 8                       1.96683986 finishReadOne
Timer: 9                       0.67684550 finishReadOne
Timer: 10                       0.00637895 finishReadOne
Timer: 11                       0.00000000 N/A
Timer: 12                       0.00000000 N/A
Timer: 13                       0.00000000 N/A
Timer: 14                       0.00000000 N/A
Timer: 15                       0.00000000 N/A
Timer: 16                       0.00000000 N/A
Timer: 17                       0.00000000 N/A
Timer: 18                       0.00000000 N/A
Timer: 19                       0.00000000 N/A
Timer: 20                       0.00000000 N/A
Timer: 21                       0.00000000 N/A
Timer: 22                       0.00000000 N/A
Timer: 23                       0.00000000 N/A
Timer: 24                       0.00000000 N/A
Timer: 25                       0.00000000 N/A
Timer: 26                       0.00000000 N/A
Timer: 27                       0.00000000 N/A
Timer: 28                       0.00000000 N/A
Timer: 29                       0.00000000 N/A
Timer: 30                       0.00000000 N/A
Timer: 31                       0.00000000 N/A
Timer: 0                       2.37496652 read
Timer: 1                       2.96005820 mmSeeds+instantiateSeeds
Timer: 2                      50.99182452 searchAllSeeds
Timer: 3                      55.63669829 extendSeeds
Timer: 4                       0.03774472 searchAllSeeds
Timer: 5                       0.13475512 extendSeeds
Timer: 6                       1.75566690 searchAllSeeds
Timer: 7                       0.01828821 extendSeeds
Timer: 8                       1.94759108 finishReadOne
Timer: 9                       0.69440391 finishReadOne
Timer: 10                       0.00590882 finishReadOne
Timer: 11                       0.00000000 N/A
Timer: 12                       0.00000000 N/A
Timer: 13                       0.00000000 N/A
Timer: 14                       0.00000000 N/A
Timer: 15                       0.00000000 N/A
Timer: 16                       0.00000000 N/A
Timer: 17                       0.00000000 N/A
Timer: 18                       0.00000000 N/A
Timer: 19                       0.00000000 N/A
Timer: 20                       0.00000000 N/A
Timer: 21                       0.00000000 N/A
Timer: 22                       0.00000000 N/A
Timer: 23                       0.00000000 N/A
Timer: 24                       0.00000000 N/A
Timer: 25                       0.00000000 N/A
Timer: 26                       0.00000000 N/A
Timer: 27                       0.00000000 N/A
Timer: 28                       0.00000000 N/A
Timer: 29                       0.00000000 N/A
Timer: 30                       0.00000000 N/A
Timer: 31                       0.00000000 N/A
Timer: 0                       2.35596400 read
Timer: 1                       2.96206764 mmSeeds+instantiateSeeds
Timer: 2                      51.29929834 searchAllSeeds
Timer: 3                      55.29450217 extendSeeds
Timer: 4                       0.03710712 searchAllSeeds
Timer: 5                       0.13633597 extendSeeds
Timer: 6                       1.71037538 searchAllSeeds
Timer: 7                       0.01797439 extendSeeds
Timer: 8                       1.97651114 finishReadOne
Timer: 9                       0.69567787 finishReadOne
Timer: 10                       0.00575968 finishReadOne
Timer: 11                       0.00000000 N/A
Timer: 12                       0.00000000 N/A
Timer: 13                       0.00000000 N/A
Timer: 14                       0.00000000 N/A
Timer: 15                       0.00000000 N/A
Timer: 16                       0.00000000 N/A
Timer: 17                       0.00000000 N/A
Timer: 18                       0.00000000 N/A
Timer: 19                       0.00000000 N/A
Timer: 20                       0.00000000 N/A
Timer: 21                       0.00000000 N/A
Timer: 22                       0.00000000 N/A
Timer: 23                       0.00000000 N/A
Timer: 24                       0.00000000 N/A
Timer: 25                       0.00000000 N/A
Timer: 26                       0.00000000 N/A
Timer: 27                       0.00000000 N/A
Timer: 28                       0.00000000 N/A
Timer: 29                       0.00000000 N/A
Timer: 30                       0.00000000 N/A
Timer: 31                       0.00000000 N/A
Timer: 0                       2.39971694 read
Timer: 1                       3.00588638 mmSeeds+instantiateSeeds
Timer: 2                      51.00796527 searchAllSeeds
Timer: 3                      55.53600924 extendSeeds
Timer: 4                       0.04020373 searchAllSeeds
Timer: 5                       0.13442925 extendSeeds
Timer: 6                       1.74447953 searchAllSeeds
Timer: 7                       0.01925725 extendSeeds
Timer: 8                       1.96136897 finishReadOne
Timer: 9                       0.71371119 extendSeeds
Timer: 10                       0.00639959 finishReadOne
Timer: 11                       0.00000000 N/A
Timer: 12                       0.00000000 N/A
Timer: 13                       0.00000000 N/A
Timer: 14                       0.00000000 N/A
Timer: 15                       0.00000000 N/A
Timer: 16                       0.00000000 N/A
Timer: 17                       0.00000000 N/A
Timer: 18                       0.00000000 N/A
Timer: 19                       0.00000000 N/A
Timer: 20                       0.00000000 N/A
Timer: 21                       0.00000000 N/A
Timer: 22                       0.00000000 N/A
Timer: 23                       0.00000000 N/A
Timer: 24                       0.00000000 N/A
Timer: 25                       0.00000000 N/A
Timer: 26                       0.00000000 N/A
Timer: 27                       0.00000000 N/A
Timer: 28                       0.00000000 N/A
Timer: 29                       0.00000000 N/A
Timer: 30                       0.00000000 N/A
Timer: 31                       0.00000000 N/A
Timer: 0                       2.35016471 read
Timer: 1                       2.98083798 mmSeeds+instantiateSeeds
Timer: 2                      51.10299175 searchAllSeeds
Timer: 3                      55.59039424 extendSeeds
Timer: 4                       0.03796693 searchAllSeeds
Timer: 5                       0.13229649 extendSeeds
Timer: 6                       1.71235297 searchAllSeeds
Timer: 7                       0.01792605 extendSeeds
Timer: 8                       1.94818648 finishReadOne
Timer: 9                       0.66990247 extendSeeds
Timer: 10                       0.00629328 finishReadOne
Timer: 11                       0.00000000 N/A
Timer: 12                       0.00000000 N/A
Timer: 13                       0.00000000 N/A
Timer: 14                       0.00000000 N/A
Timer: 15                       0.00000000 N/A
Timer: 16                       0.00000000 N/A
Timer: 17                       0.00000000 N/A
Timer: 18                       0.00000000 N/A
Timer: 19                       0.00000000 N/A
Timer: 20                       0.00000000 N/A
Timer: 21                       0.00000000 N/A
Timer: 22                       0.00000000 N/A
Timer: 23                       0.00000000 N/A
Timer: 24                       0.00000000 N/A
Timer: 25                       0.00000000 N/A
Timer: 26                       0.00000000 N/A
Timer: 27                       0.00000000 N/A
Timer: 28                       0.00000000 N/A
Timer: 29                       0.00000000 N/A
Timer: 30                       0.00000000 N/A
Timer: 31                       0.00000000 N/A
6130362 reads; of these:
  6130362 (100.00%) were unpaired; of these:
    6111179 (99.69%) aligned 0 times
    7868 (0.13%) aligned exactly 1 time
    11315 (0.18%) aligned >1 times
0.31% overall alignment rate
 119354 2379212 54449019

real	2m5.490s
user	30m47.775s
sys	0m25.124s
==============
