b2-011
Architecture:          x86_64
CPU op-mode(s):        32-bit, 64-bit
Byte Order:            Little Endian
CPU(s):                64
On-line CPU(s) list:   0-63
Thread(s) per core:    2
Core(s) per socket:    16
Socket(s):             2
NUMA node(s):          2
Vendor ID:             AuthenticAMD
CPU family:            23
Model:                 49
Model name:            AMD EPYC 7302 16-Core Processor
Stepping:              0
CPU MHz:               1500.000
CPU max MHz:           3000.0000
CPU min MHz:           1500.0000
BogoMIPS:              6000.30
Virtualization:        AMD-V
L1d cache:             32K
L1i cache:             32K
L2 cache:              512K
L3 cache:              16384K
NUMA node0 CPU(s):     0-15,32-47
NUMA node1 CPU(s):     16-31,48-63
Flags:                 fpu vme de pse tsc msr pae mce cx8 apic sep mtrr pge mca cmov pat pse36 clflush mmx fxsr sse sse2 ht syscall nx mmxext fxsr_opt pdpe1gb rdtscp lm constant_tsc art rep_good nopl nonstop_tsc extd_apicid aperfmperf eagerfpu pni pclmulqdq monitor ssse3 fma cx16 sse4_1 sse4_2 movbe popcnt aes xsave avx f16c rdrand lahf_lm cmp_legacy svm extapic cr8_legacy abm sse4a misalignsse 3dnowprefetch osvw ibs skinit wdt tce topoext perfctr_core perfctr_nb bpext perfctr_l2 cpb cat_l3 cdp_l3 hw_pstate sme retpoline_amd ssbd ibrs ibpb stibp vmmcall fsgsbase bmi1 avx2 smep bmi2 cqm rdt_a rdseed adx smap clflushopt clwb sha_ni xsaveopt xsavec xgetbv1 cqm_llc cqm_occup_llc cqm_mbm_total cqm_mbm_local clzero irperf xsaveerptr arat npt lbrv svm_lock nrip_save tsc_scale vmcb_clean flushbyasid decodeassists pausefilter pfthreshold avic v_vmsave_vmload vgif umip overflow_recov succor smca
==============
commit a43fa6f43f54989468a294967898f85b9fe4cefa
Author: Rone Charles <rone_charles@fastmail.com>
Date:   Tue Jan 16 19:01:39 2024 -0500

    Remove whitespace character preventing the removal -lrt from LDLIBS

commit 5da112226f57d68108e9c8d8d155bd0bd7f6c7f7
Author: Rone Charles <rone_charles@fastmail.com>
Date:   Tue Jan 16 11:41:09 2024 -0500

commit a43fa6f43f54989468a294967898f85b9fe4cefa
Author: Rone Charles <rone_charles@fastmail.com>
Date:   Tue Jan 16 19:01:39 2024 -0500

    Remove whitespace character preventing the removal -lrt from LDLIBS

commit 5da112226f57d68108e9c8d8d155bd0bd7f6c7f7
Author: Rone Charles <rone_charles@fastmail.com>
Date:   Tue Jan 16 11:41:09 2024 -0500

==============
b7bb80b71ce16c6f25f8df7b9d826883  /qmounts/qiita_data/per_sample_FASTQ/101636//Girguis50_RightEG4_host_filtered.fastq.gz
#./bowtie2 -p 16 --no-exact-upfront --no-1mm-upfront -x /scratch/qp-woltka/RS210/RS210 -q /qmounts/qiita_data/per_sample_FASTQ/101636//Girguis50_RightEG4_host_filtered.fastq.gz --seed 42 --very-sensitive -k 16 --np 1 --mp 1,1 --rdg 0,1 --rfg 0,1 --score-min  L,0,-0.05 --no-head --no-unal |wc
==== CPU 1 ==========
Timer: 0                       1.52375860 read
Timer: 1                       3.26871200 mmSeeds+instantiateSeeds
Timer: 2                      61.73932052 searchAllSeeds
Timer: 0                       1.55132746 read
Timer: 1                       3.27222302 mmSeeds+instantiateSeeds
Timer: 2                      61.42221919 searchAllSeeds
Timer: 3                     214.32370417 extendSeeds
Timer: 4                       0.05084958 searchAllSeeds
Timer: 5                       0.41715617 extendSeeds
Timer: 6                       3.71202866 searchAllSeeds
Timer: 7                       0.02247710 extendSeeds
Timer: 8                       1.81898756 finishReadOne
Timer: 9                       2.02284914 extendSeeds
Timer: 10                       0.01723383 finishReadOne
Timer: 3                     214.65234630 extendSeeds
Timer: 4                       0.05228337 searchAllSeeds
Timer: 5                       0.40672431 extendSeeds
Timer: 6                       3.40240545 searchAllSeeds
Timer: 7                       0.02240398 extendSeeds
Timer: 8                       1.68705754 finishReadOne
Timer: 9                       1.86821314 extendSeeds
Timer: 10                       0.01335363 finishReadOne
Timer: 11                       0.00000000 N/A
Timer: 12                       0.00000000 N/A
Timer: 13                       0.00000000 N/A
Timer: 14                       0.00000000 N/A
Timer: 11                       0.00000000 N/A
Timer: 12                       0.00000000 N/A
Timer: 13                       0.00000000 N/A
Timer: 14                       0.00000000 N/A
Timer: 15                       0.00000000 N/A
Timer: 16                       0.00000000 N/A
Timer: 17                       0.00000000 N/A
Timer: 18                       0.00000000 N/A
Timer: 19                       0.00000000 N/A
Timer: 20                       0.00000000 N/A
Timer: 15                       0.00000000 N/A
Timer: 16                       0.00000000 N/A
Timer: 17                       0.00000000 N/A
Timer: 18                       0.00000000 N/A
Timer: 19                       0.00000000 N/A
Timer: 21                       0.00000000 N/A
Timer: 22                       0.00000000 N/A
Timer: 23                       0.00000000 N/A
Timer: 24                       0.00000000 N/A
Timer: 25                       0.00000000 N/A
Timer: 20                       0.00000000 N/A
Timer: 21                       0.00000000 N/A
Timer: 22                       0.00000000 N/A
Timer: 23                       0.00000000 N/A
Timer: 24                       0.00000000 N/A
Timer: 26                       0.00000000 N/A
Timer: 27                       0.00000000 N/A
Timer: 28                       0.00000000 N/A
Timer: 29                       0.00000000 N/A
Timer: 30                       0.00000000 N/A
Timer: 25                       0.00000000 N/A
Timer: 26                       0.00000000 N/A
Timer: 27                       0.00000000 N/A
Timer: 28                       0.00000000 N/A
Timer: 29                       0.00000000 N/A
Timer: 31                       0.00000000 N/A
Timer: 30                       0.00000000 N/A
Timer: 31                       0.00000000 N/A
Timer: 0                       1.51961054 read
Timer: 1                       3.27011545 mmSeeds+instantiateSeeds
Timer: 2                      61.52692353 searchAllSeeds
Timer: 3                     214.68138043 extendSeeds
Timer: 4                       0.05321471 searchAllSeeds
Timer: 5                       0.36506434 extendSeeds
Timer: 6                       3.46644653 searchAllSeeds
Timer: 7                       0.02138402 extendSeeds
Timer: 8                       1.72921593 finishReadOne
Timer: 9                       1.85272571 extendSeeds
Timer: 10                       0.00609028 finishReadOne
Timer: 11                       0.00000000 N/A
Timer: 12                       0.00000000 N/A
Timer: 13                       0.00000000 N/A
Timer: 14                       0.00000000 N/A
Timer: 15                       0.00000000 N/A
Timer: 16                       0.00000000 N/A
Timer: 17                       0.00000000 N/A
Timer: 18                       0.00000000 N/A
Timer: 19                       0.00000000 N/A
Timer: 20                       0.00000000 N/A
Timer: 21                       0.00000000 N/A
Timer: 22                       0.00000000 N/A
Timer: 23                       0.00000000 N/A
Timer: 24                       0.00000000 N/A
Timer: 25                       0.00000000 N/A
Timer: 26                       0.00000000 N/A
Timer: 27                       0.00000000 N/A
Timer: 28                       0.00000000 N/A
Timer: 29                       0.00000000 N/A
Timer: 30                       0.00000000 N/A
Timer: 31                       0.00000000 N/A
Timer: 0                       1.56696059 read
Timer: 1                       3.23173616 mmSeeds+instantiateSeeds
Timer: 2                      61.40433555 searchAllSeeds
Timer: 3                     214.22618288 extendSeeds
Timer: 4                       0.04940382 searchAllSeeds
Timer: 5                       0.41020518 extendSeeds
Timer: 6                       3.65622763 searchAllSeeds
Timer: 7                       0.02405331 extendSeeds
Timer: 8                       1.82324119 finishReadOne
Timer: 9                       2.06461239 extendSeeds
Timer: 10                       0.01790818 finishReadOne
Timer: 11                       0.00000000 N/A
Timer: 12                       0.00000000 N/A
Timer: 13                       0.00000000 N/A
Timer: 14                       0.00000000 N/A
Timer: 15                       0.00000000 N/A
Timer: 16                       0.00000000 N/A
Timer: 17                       0.00000000 N/A
Timer: 18                       0.00000000 N/A
Timer: 19                       0.00000000 N/A
Timer: 20                       0.00000000 N/A
Timer: 21                       0.00000000 N/A
Timer: 22                       0.00000000 N/A
Timer: 23                       0.00000000 N/A
Timer: 24                       0.00000000 N/A
Timer: 25                       0.00000000 N/A
Timer: 26                       0.00000000 N/A
Timer: 27                       0.00000000 N/A
Timer: 28                       0.00000000 N/A
Timer: 29                       0.00000000 N/A
Timer: 30                       0.00000000 N/A
Timer: 31                       0.00000000 N/A
Timer: 0                       1.51486083 read
Timer: 1                       3.22046163 mmSeeds+instantiateSeeds
Timer: 2                      61.13228939 searchAllSeeds
Timer: 3                     214.60285605 extendSeeds
Timer: 4                       0.04814397 searchAllSeeds
Timer: 5                       0.39956587 extendSeeds
Timer: 6                       3.64357786 searchAllSeeds
Timer: 7                       0.02297286 extendSeeds
Timer: 8                       1.80453876 finishReadOne
Timer: 9                       2.06764254 extendSeeds
Timer: 10                       0.00776378 finishReadOne
Timer: 11                       0.00000000 N/A
Timer: 12                       0.00000000 N/A
Timer: 13                       0.00000000 N/A
Timer: 14                       0.00000000 N/A
Timer: 15                       0.00000000 N/A
Timer: 16                       0.00000000 N/A
Timer: 17                       0.00000000 N/A
Timer: 18                       0.00000000 N/A
Timer: 19                       0.00000000 N/A
Timer: 20                       0.00000000 N/A
Timer: 21                       0.00000000 N/A
Timer: 22                       0.00000000 N/A
Timer: 23                       0.00000000 N/A
Timer: 24                       0.00000000 N/A
Timer: 25                       0.00000000 N/A
Timer: 26                       0.00000000 N/A
Timer: 27                       0.00000000 N/A
Timer: 28                       0.00000000 N/A
Timer: 29                       0.00000000 N/A
Timer: 30                       0.00000000 N/A
Timer: 31                       0.00000000 N/A
Timer: 0                       1.52765517 read
Timer: 1                       3.24081073 mmSeeds+instantiateSeeds
Timer: 2                      61.36807462 searchAllSeeds
Timer: 3                     214.63346306 extendSeeds
Timer: 4                       0.04975843 searchAllSeeds
Timer: 5                       0.36810501 extendSeeds
Timer: 6                       3.59804190 searchAllSeeds
Timer: 7                       0.02181221 extendSeeds
Timer: 8                       1.76737901 finishReadOne
Timer: 9                       1.95157511 extendSeeds
Timer: 10                       0.00659383 finishReadOne
Timer: 11                       0.00000000 N/A
Timer: 12                       0.00000000 N/A
Timer: 13                       0.00000000 N/A
Timer: 14                       0.00000000 N/A
Timer: 15                       0.00000000 N/A
Timer: 16                       0.00000000 N/A
Timer: 17                       0.00000000 N/A
Timer: 18                       0.00000000 N/A
Timer: 19                       0.00000000 N/A
Timer: 20                       0.00000000 N/A
Timer: 21                       0.00000000 N/A
Timer: 22                       0.00000000 N/A
Timer: 23                       0.00000000 N/A
Timer: 24                       0.00000000 N/A
Timer: 25                       0.00000000 N/A
Timer: 26                       0.00000000 N/A
Timer: 27                       0.00000000 N/A
Timer: 28                       0.00000000 N/A
Timer: 29                       0.00000000 N/A
Timer: 30                       0.00000000 N/A
Timer: 31                       0.00000000 N/A
Timer: 0                       1.54053017 read
Timer: 1                       3.30813554 mmSeeds+instantiateSeeds
Timer: 2                      61.62310016 searchAllSeeds
Timer: 3                     214.31526068 extendSeeds
Timer: 4                       0.04767674 searchAllSeeds
Timer: 5                       0.37265370 extendSeeds
Timer: 6                       3.59947833 searchAllSeeds
Timer: 7                       0.02151144 extendSeeds
Timer: 8                       1.76191885 finishReadOne
Timer: 9                       1.86624124 extendSeeds
Timer: 10                       0.00739477 finishReadOne
Timer: 11                       0.00000000 N/A
Timer: 12                       0.00000000 N/A
Timer: 13                       0.00000000 N/A
Timer: 14                       0.00000000 N/A
Timer: 15                       0.00000000 N/A
Timer: 16                       0.00000000 N/A
Timer: 17                       0.00000000 N/A
Timer: 18                       0.00000000 N/A
Timer: 19                       0.00000000 N/A
Timer: 20                       0.00000000 N/A
Timer: 21                       0.00000000 N/A
Timer: 22                       0.00000000 N/A
Timer: 23                       0.00000000 N/A
Timer: 24                       0.00000000 N/A
Timer: 25                       0.00000000 N/A
Timer: 26                       0.00000000 N/A
Timer: 27                       0.00000000 N/A
Timer: 28                       0.00000000 N/A
Timer: 29                       0.00000000 N/A
Timer: 30                       0.00000000 N/A
Timer: 31                       0.00000000 N/A
Timer: 0                       1.53204002 read
Timer: 1                       3.35195469 mmSeeds+instantiateSeeds
Timer: 2                      61.25544646 searchAllSeeds
Timer: 3                     214.45020222 extendSeeds
Timer: 4                       0.05213847 searchAllSeeds
Timer: 5                       0.36729094 extendSeeds
Timer: 6                       3.65985311 searchAllSeeds
Timer: 7                       0.02177074 extendSeeds
Timer: 8                       1.80959119 finishReadOne
Timer: 9                       1.97428887 extendSeeds
Timer: 10                       0.00731569 finishReadOne
Timer: 11                       0.00000000 N/A
Timer: 12                       0.00000000 N/A
Timer: 13                       0.00000000 N/A
Timer: 14                       0.00000000 N/A
Timer: 15                       0.00000000 N/A
Timer: 16                       0.00000000 N/A
Timer: 17                       0.00000000 N/A
Timer: 18                       0.00000000 N/A
Timer: 19                       0.00000000 N/A
Timer: 20                       0.00000000 N/A
Timer: 21                       0.00000000 N/A
Timer: 22                       0.00000000 N/A
Timer: 23                       0.00000000 N/A
Timer: 24                       0.00000000 N/A
Timer: 25                       0.00000000 N/A
Timer: 26                       0.00000000 N/A
Timer: 27                       0.00000000 N/A
Timer: 28                       0.00000000 N/A
Timer: 29                       0.00000000 N/A
Timer: 30                       0.00000000 N/A
Timer: 31                       0.00000000 N/A
Timer: 0                       1.54344071 read
Timer: 1                       3.30642653 mmSeeds+instantiateSeeds
Timer: 2                      61.05262182 searchAllSeeds
Timer: 3                     214.57053519 extendSeeds
Timer: 4                       0.04756662 searchAllSeeds
Timer: 5                       0.37705127 extendSeeds
Timer: 6                       3.75718327 searchAllSeeds
Timer: 7                       0.02197604 extendSeeds
Timer: 8                       1.81004635 finishReadOne
Timer: 9                       2.00041875 extendSeeds
Timer: 10                       0.00837606 finishReadOne
Timer: 11                       0.00000000 N/A
Timer: 12                       0.00000000 N/A
Timer: 13                       0.00000000 N/A
Timer: 14                       0.00000000 N/A
Timer: 15                       0.00000000 N/A
Timer: 16                       0.00000000 N/A
Timer: 17                       0.00000000 N/A
Timer: 18                       0.00000000 N/A
Timer: 19                       0.00000000 N/A
Timer: 20                       0.00000000 N/A
Timer: 21                       0.00000000 N/A
Timer: 22                       0.00000000 N/A
Timer: 23                       0.00000000 N/A
Timer: 24                       0.00000000 N/A
Timer: 25                       0.00000000 N/A
Timer: 26                       0.00000000 N/A
Timer: 27                       0.00000000 N/A
Timer: 28                       0.00000000 N/A
Timer: 29                       0.00000000 N/A
Timer: 30                       0.00000000 N/A
Timer: 31                       0.00000000 N/A
Timer: 0                       1.54397441 read
Timer: 1                       3.26011558 mmSeeds+instantiateSeeds
Timer: 2                      61.59801194 searchAllSeeds
Timer: 3                     214.45155255 extendSeeds
Timer: 4                       0.04702706 searchAllSeeds
Timer: 5                       0.40252125 extendSeeds
Timer: 6                       3.58353983 searchAllSeeds
Timer: 7                       0.02764266 extendSeeds
Timer: 8                       1.76976124 finishReadOne
Timer: 9                       1.92543284 extendSeeds
Timer: 10                       0.01013109 finishReadOne
Timer: 11                       0.00000000 N/A
Timer: 12                       0.00000000 N/A
Timer: 13                       0.00000000 N/A
Timer: 14                       0.00000000 N/A
Timer: 15                       0.00000000 N/A
Timer: 16                       0.00000000 N/A
Timer: 17                       0.00000000 N/A
Timer: 18                       0.00000000 N/A
Timer: 19                       0.00000000 N/A
Timer: 20                       0.00000000 N/A
Timer: 21                       0.00000000 N/A
Timer: 22                       0.00000000 N/A
Timer: 23                       0.00000000 N/A
Timer: 24                       0.00000000 N/A
Timer: 25                       0.00000000 N/A
Timer: 26                       0.00000000 N/A
Timer: 27                       0.00000000 N/A
Timer: 28                       0.00000000 N/A
Timer: 29                       0.00000000 N/A
Timer: 30                       0.00000000 N/A
Timer: 31                       0.00000000 N/A
Timer: 0                       1.56106589 read
Timer: 1                       3.30254594 mmSeeds+instantiateSeeds
Timer: 2                      61.62692529 searchAllSeeds
Timer: 3                     214.30602099 extendSeeds
Timer: 4                       0.05564462 searchAllSeeds
Timer: 5                       0.39827904 extendSeeds
Timer: 6                       3.57861607 searchAllSeeds
Timer: 7                       0.02371871 extendSeeds
Timer: 8                       1.77993452 finishReadOne
Timer: 9                       1.88168647 extendSeeds
Timer: 10                       0.00663946 finishReadOne
Timer: 11                       0.00000000 N/A
Timer: 12                       0.00000000 N/A
Timer: 13                       0.00000000 N/A
Timer: 14                       0.00000000 N/A
Timer: 15                       0.00000000 N/A
Timer: 16                       0.00000000 N/A
Timer: 17                       0.00000000 N/A
Timer: 18                       0.00000000 N/A
Timer: 19                       0.00000000 N/A
Timer: 20                       0.00000000 N/A
Timer: 21                       0.00000000 N/A
Timer: 22                       0.00000000 N/A
Timer: 23                       0.00000000 N/A
Timer: 24                       0.00000000 N/A
Timer: 25                       0.00000000 N/A
Timer: 26                       0.00000000 N/A
Timer: 27                       0.00000000 N/A
Timer: 28                       0.00000000 N/A
Timer: 29                       0.00000000 N/A
Timer: 30                       0.00000000 N/A
Timer: 31                       0.00000000 N/A
Timer: 0                       1.52706854 read
Timer: 1                       3.31206583 mmSeeds+instantiateSeeds
Timer: 2                      61.45899630 searchAllSeeds
Timer: 3                     214.65698690 extendSeeds
Timer: 4                       0.05062369 searchAllSeeds
Timer: 5                       0.42563521 extendSeeds
Timer: 6                       3.52875299 searchAllSeeds
Timer: 7                       0.02142754 extendSeeds
Timer: 8                       1.79198051 finishReadOne
Timer: 9                       1.91436996 extendSeeds
Timer: 10                       0.00873909 finishReadOne
Timer: 11                       0.00000000 N/A
Timer: 12                       0.00000000 N/A
Timer: 13                       0.00000000 N/A
Timer: 14                       0.00000000 N/A
Timer: 15                       0.00000000 N/A
Timer: 16                       0.00000000 N/A
Timer: 17                       0.00000000 N/A
Timer: 18                       0.00000000 N/A
Timer: 19                       0.00000000 N/A
Timer: 20                       0.00000000 N/A
Timer: 21                       0.00000000 N/A
Timer: 22                       0.00000000 N/A
Timer: 23                       0.00000000 N/A
Timer: 24                       0.00000000 N/A
Timer: 25                       0.00000000 N/A
Timer: 26                       0.00000000 N/A
Timer: 27                       0.00000000 N/A
Timer: 28                       0.00000000 N/A
Timer: 29                       0.00000000 N/A
Timer: 30                       0.00000000 N/A
Timer: 31                       0.00000000 N/A
Timer: 0                       1.55517866 read
Timer: 1                       3.22755897 mmSeeds+instantiateSeeds
Timer: 2                      62.84584901 searchAllSeeds
Timer: 3                     213.41494148 extendSeeds
Timer: 4                       0.05029328 searchAllSeeds
Timer: 5                       0.36301804 extendSeeds
Timer: 6                       3.43471102 searchAllSeeds
Timer: 7                       0.02145636 extendSeeds
Timer: 8                       1.74437818 finishReadOne
Timer: 9                       1.89721442 extendSeeds
Timer: 10                       0.00653976 finishReadOne
Timer: 11                       0.00000000 N/A
Timer: 12                       0.00000000 N/A
Timer: 13                       0.00000000 N/A
Timer: 14                       0.00000000 N/A
Timer: 15                       0.00000000 N/A
Timer: 16                       0.00000000 N/A
Timer: 17                       0.00000000 N/A
Timer: 18                       0.00000000 N/A
Timer: 19                       0.00000000 N/A
Timer: 20                       0.00000000 N/A
Timer: 21                       0.00000000 N/A
Timer: 22                       0.00000000 N/A
Timer: 23                       0.00000000 N/A
Timer: 24                       0.00000000 N/A
Timer: 25                       0.00000000 N/A
Timer: 26                       0.00000000 N/A
Timer: 27                       0.00000000 N/A
Timer: 28                       0.00000000 N/A
Timer: 29                       0.00000000 N/A
Timer: 30                       0.00000000 N/A
Timer: 31                       0.00000000 N/A
Timer: 0                       1.57871275 read
Timer: 1                       3.24409430 mmSeeds+instantiateSeeds
Timer: 2                      61.26126261 searchAllSeeds
Timer: 3                     214.11408272 extendSeeds
Timer: 4                       0.04952400 searchAllSeeds
Timer: 5                       0.45210055 extendSeeds
Timer: 6                       3.80080239 searchAllSeeds
Timer: 7                       0.02270910 extendSeeds
Timer: 8                       1.80879149 finishReadOne
Timer: 9                       2.15158882 extendSeeds
Timer: 10                       0.00725943 finishReadOne
Timer: 11                       0.00000000 N/A
Timer: 12                       0.00000000 N/A
Timer: 13                       0.00000000 N/A
Timer: 14                       0.00000000 N/A
Timer: 15                       0.00000000 N/A
Timer: 16                       0.00000000 N/A
Timer: 17                       0.00000000 N/A
Timer: 18                       0.00000000 N/A
Timer: 19                       0.00000000 N/A
Timer: 20                       0.00000000 N/A
Timer: 21                       0.00000000 N/A
Timer: 22                       0.00000000 N/A
Timer: 23                       0.00000000 N/A
Timer: 24                       0.00000000 N/A
Timer: 25                       0.00000000 N/A
Timer: 26                       0.00000000 N/A
Timer: 27                       0.00000000 N/A
Timer: 28                       0.00000000 N/A
Timer: 29                       0.00000000 N/A
Timer: 30                       0.00000000 N/A
Timer: 31                       0.00000000 N/A
Timer: 0                       1.54190747 read
Timer: 1                       3.28515294 mmSeeds+instantiateSeeds
Timer: 2                      61.28364481 searchAllSeeds
Timer: 3                     214.04025710 extendSeeds
Timer: 4                       0.04809243 searchAllSeeds
Timer: 5                       0.44832058 extendSeeds
Timer: 6                       3.86819923 searchAllSeeds
Timer: 7                       0.02286597 extendSeeds
Timer: 8                       1.78517739 finishReadOne
Timer: 9                       2.15764965 extendSeeds
Timer: 10                       0.01310562 finishReadOne
Timer: 11                       0.00000000 N/A
Timer: 12                       0.00000000 N/A
Timer: 13                       0.00000000 N/A
Timer: 14                       0.00000000 N/A
Timer: 15                       0.00000000 N/A
Timer: 16                       0.00000000 N/A
Timer: 17                       0.00000000 N/A
Timer: 18                       0.00000000 N/A
Timer: 19                       0.00000000 N/A
Timer: 20                       0.00000000 N/A
Timer: 21                       0.00000000 N/A
Timer: 22                       0.00000000 N/A
Timer: 23                       0.00000000 N/A
Timer: 24                       0.00000000 N/A
Timer: 25                       0.00000000 N/A
Timer: 26                       0.00000000 N/A
Timer: 27                       0.00000000 N/A
Timer: 28                       0.00000000 N/A
Timer: 29                       0.00000000 N/A
Timer: 30                       0.00000000 N/A
Timer: 31                       0.00000000 N/A
Timer: 0                       1.57661129 read
Timer: 1                       3.20577870 mmSeeds+instantiateSeeds
Timer: 2                      61.18783386 searchAllSeeds
Timer: 3                     214.44003185 extendSeeds
Timer: 4                       0.04887538 searchAllSeeds
Timer: 5                       0.40430164 extendSeeds
Timer: 6                       3.77422236 searchAllSeeds
Timer: 7                       0.02213243 extendSeeds
Timer: 8                       1.74666133 finishReadOne
Timer: 9                       2.05403848 extendSeeds
Timer: 10                       0.01163300 finishReadOne
Timer: 11                       0.00000000 N/A
Timer: 12                       0.00000000 N/A
Timer: 13                       0.00000000 N/A
Timer: 14                       0.00000000 N/A
Timer: 15                       0.00000000 N/A
Timer: 16                       0.00000000 N/A
Timer: 17                       0.00000000 N/A
Timer: 18                       0.00000000 N/A
Timer: 19                       0.00000000 N/A
Timer: 20                       0.00000000 N/A
Timer: 21                       0.00000000 N/A
Timer: 22                       0.00000000 N/A
Timer: 23                       0.00000000 N/A
Timer: 24                       0.00000000 N/A
Timer: 25                       0.00000000 N/A
Timer: 26                       0.00000000 N/A
Timer: 27                       0.00000000 N/A
Timer: 28                       0.00000000 N/A
Timer: 29                       0.00000000 N/A
Timer: 30                       0.00000000 N/A
Timer: 31                       0.00000000 N/A
5773776 reads; of these:
  5773776 (100.00%) were unpaired; of these:
    5754793 (99.67%) aligned 0 times
    2699 (0.05%) aligned exactly 1 time
    16284 (0.28%) aligned >1 times
0.33% overall alignment rate
 202904 4055381 92535950

real	5m47.923s
user	73m13.017s
sys	5m17.498s
==== CPU 2 ==========
Timer: 0                       1.20564370 read
Timer: 1                       3.17973302 mmSeeds+instantiateSeeds
Timer: 2                      35.83885279 searchAllSeeds
Timer: 3                     159.72163067 extendSeeds
Timer: 4                       0.05063248 searchAllSeeds
Timer: 5                       0.36909441 extendSeeds
Timer: 6                       3.14330648 searchAllSeeds
Timer: 7                       0.02936738 extendSeeds
Timer: 8                       1.93302996 finishReadOne
Timer: 9                       1.63989075 extendSeeds
Timer: 10                       0.01236767 finishReadOne
Timer: 11                       0.00000000 N/A
Timer: 12                       0.00000000 N/A
Timer: 13                       0.00000000 N/A
Timer: 14                       0.00000000 N/A
Timer: 15                       0.00000000 N/A
Timer: 16                       0.00000000 N/A
Timer: 17                       0.00000000 N/A
Timer: 18                       0.00000000 N/A
Timer: 19                       0.00000000 N/A
Timer: 20                       0.00000000 N/A
Timer: 21                       0.00000000 N/A
Timer: 22                       0.00000000 N/A
Timer: 23                       0.00000000 N/A
Timer: 24                       0.00000000 N/A
Timer: 25                       0.00000000 N/A
Timer: 26                       0.00000000 N/A
Timer: 27                       0.00000000 N/A
Timer: 28                       0.00000000 N/A
Timer: 29                       0.00000000 N/A
Timer: 30                       0.00000000 N/A
Timer: 31                       0.00000000 N/A
Timer: 0                       1.21051995 read
Timer: 1                       3.21344901 mmSeeds+instantiateSeeds
Timer: 2                      35.86584531 searchAllSeeds
Timer: 3                     159.96775854 extendSeeds
Timer: 4                       0.05362743 searchAllSeeds
Timer: 5                       0.36749894 extendSeeds
Timer: 6                       2.93847864 searchAllSeeds
Timer: 7                       0.02108034 extendSeeds
Timer: 8                       1.86107888 finishReadOne
Timer: 9                       1.59762387 extendSeeds
Timer: 10                       0.00754373 finishReadOne
Timer: 11                       0.00000000 N/A
Timer: 12                       0.00000000 N/A
Timer: 13                       0.00000000 N/A
Timer: 14                       0.00000000 N/A
Timer: 15                       0.00000000 N/A
Timer: 16                       0.00000000 N/A
Timer: 17                       0.00000000 N/A
Timer: 18                       0.00000000 N/A
Timer: 19                       0.00000000 N/A
Timer: 20                       0.00000000 N/A
Timer: 21                       0.00000000 N/A
Timer: 22                       0.00000000 N/A
Timer: 23                       0.00000000 N/A
Timer: 24                       0.00000000 N/A
Timer: 25                       0.00000000 N/A
Timer: 26                       0.00000000 N/A
Timer: 27                       0.00000000 N/A
Timer: 28                       0.00000000 N/A
Timer: 29                       0.00000000 N/A
Timer: 30                       0.00000000 N/A
Timer: 31                       0.00000000 N/A
Timer: 0                       1.20707500 read
Timer: 1                       3.17254972 mmSeeds+instantiateSeeds
Timer: 2                      35.91505676 searchAllSeeds
Timer: 3                     159.81162201 extendSeeds
Timer: 4                       0.04837913 searchAllSeeds
Timer: 5                       0.35039003 extendSeeds
Timer: 6                       3.09587123 searchAllSeeds
Timer: 7                       0.02108029 extendSeeds
Timer: 8                       1.89281287 finishReadOne
Timer: 9                       1.63216695 extendSeeds
Timer: 10                       0.01093198 finishReadOne
Timer: 11                       0.00000000 N/A
Timer: 12                       0.00000000 N/A
Timer: 13                       0.00000000 N/A
Timer: 14                       0.00000000 N/A
Timer: 15                       0.00000000 N/A
Timer: 16                       0.00000000 N/A
Timer: 17                       0.00000000 N/A
Timer: 18                       0.00000000 N/A
Timer: 19                       0.00000000 N/A
Timer: 20                       0.00000000 N/A
Timer: 21                       0.00000000 N/A
Timer: 22                       0.00000000 N/A
Timer: 23                       0.00000000 N/A
Timer: 24                       0.00000000 N/A
Timer: 25                       0.00000000 N/A
Timer: 26                       0.00000000 N/A
Timer: 27                       0.00000000 N/A
Timer: 28                       0.00000000 N/A
Timer: 29                       0.00000000 N/A
Timer: 30                       0.00000000 N/A
Timer: 31                       0.00000000 N/A
Timer: 0                       1.20422694 read
Timer: 1                       3.18534290 mmSeeds+instantiateSeeds
Timer: 2                      36.07125972 searchAllSeeds
Timer: 3                     159.34319405 extendSeeds
Timer: 4                       0.04842133 searchAllSeeds
Timer: 5                       0.36623963 extendSeeds
Timer: 6                       3.15733474 searchAllSeeds
Timer: 7                       0.02503227 extendSeeds
Timer: 8                       1.87613062 finishReadOne
Timer: 9                       1.74700389 extendSeeds
Timer: 10                       0.00766486 finishReadOne
Timer: 11                       0.00000000 N/A
Timer: 12                       0.00000000 N/A
Timer: 13                       0.00000000 N/A
Timer: 14                       0.00000000 N/A
Timer: 15                       0.00000000 N/A
Timer: 16                       0.00000000 N/A
Timer: 17                       0.00000000 N/A
Timer: 18                       0.00000000 N/A
Timer: 19                       0.00000000 N/A
Timer: 20                       0.00000000 N/A
Timer: 21                       0.00000000 N/A
Timer: 22                       0.00000000 N/A
Timer: 23                       0.00000000 N/A
Timer: 24                       0.00000000 N/A
Timer: 25                       0.00000000 N/A
Timer: 26                       0.00000000 N/A
Timer: 27                       0.00000000 N/A
Timer: 28                       0.00000000 N/A
Timer: 29                       0.00000000 N/A
Timer: 30                       0.00000000 N/A
Timer: 31                       0.00000000 N/A
Timer: 0                       1.19527292 read
Timer: 1                       3.20789817 mmSeeds+instantiateSeeds
Timer: 2                      35.68871803 searchAllSeeds
Timer: 3                     160.00031248 extendSeeds
Timer: 4                       0.04620972 searchAllSeeds
Timer: 5                       0.37670460 extendSeeds
Timer: 6                       3.00132675 searchAllSeeds
Timer: 7                       0.02204887 extendSeeds
Timer: 8                       1.90064470 finishReadOne
Timer: 9                       1.56335435 extendSeeds
Timer: 10                       0.00721003 finishReadOne
Timer: 11                       0.00000000 N/A
Timer: 12                       0.00000000 N/A
Timer: 13                       0.00000000 N/A
Timer: 14                       0.00000000 N/A
Timer: 15                       0.00000000 N/A
Timer: 16                       0.00000000 N/A
Timer: 17                       0.00000000 N/A
Timer: 18                       0.00000000 N/A
Timer: 19                       0.00000000 N/A
Timer: 20                       0.00000000 N/A
Timer: 21                       0.00000000 N/A
Timer: 22                       0.00000000 N/A
Timer: 23                       0.00000000 N/A
Timer: 24                       0.00000000 N/A
Timer: 25                       0.00000000 N/A
Timer: 26                       0.00000000 N/A
Timer: 27                       0.00000000 N/A
Timer: 28                       0.00000000 N/A
Timer: 29                       0.00000000 N/A
Timer: 30                       0.00000000 N/A
Timer: 31                       0.00000000 N/A
Timer: 0                       1.21447608 read
Timer: 1                       3.23871666 mmSeeds+instantiateSeeds
Timer: 2                      35.63135035 searchAllSeeds
Timer: 3                     159.92410632 extendSeeds
Timer: 4                       0.04959650 searchAllSeeds
Timer: 5                       0.36300771 extendSeeds
Timer: 6                       3.09760108 searchAllSeeds
Timer: 7                       0.02154901 extendSeeds
Timer: 8                       1.84502806 finishReadOne
Timer: 9                       1.68788101 extendSeeds
Timer: 10                       0.01732710 finishReadOne
Timer: 11                       0.00000000 N/A
Timer: 12                       0.00000000 N/A
Timer: 13                       0.00000000 N/A
Timer: 14                       0.00000000 N/A
Timer: 15                       0.00000000 N/A
Timer: 16                       0.00000000 N/A
Timer: 17                       0.00000000 N/A
Timer: 18                       0.00000000 N/A
Timer: 19                       0.00000000 N/A
Timer: 20                       0.00000000 N/A
Timer: 21                       0.00000000 N/A
Timer: 22                       0.00000000 N/A
Timer: 23                       0.00000000 N/A
Timer: 24                       0.00000000 N/A
Timer: 25                       0.00000000 N/A
Timer: 26                       0.00000000 N/A
Timer: 27                       0.00000000 N/A
Timer: 28                       0.00000000 N/A
Timer: 29                       0.00000000 N/A
Timer: 30                       0.00000000 N/A
Timer: 31                       0.00000000 N/A
Timer: 0                       1.18927288 read
Timer: 1                       3.17826001 mmSeeds+instantiateSeeds
Timer: 2                      35.55624349 searchAllSeeds
Timer: 3                     159.75774000 extendSeeds
Timer: 4                       0.05051719 searchAllSeeds
Timer: 5                       0.40055896 extendSeeds
Timer: 6                       3.15589807 searchAllSeeds
Timer: 7                       0.02170200 extendSeeds
Timer: 8                       1.87122072 finishReadOne
Timer: 9                       1.74172138 extendSeeds
Timer: 10                       0.00756806 finishReadOne
Timer: 11                       0.00000000 N/A
Timer: 12                       0.00000000 N/A
Timer: 13                       0.00000000 N/A
Timer: 14                       0.00000000 N/A
Timer: 15                       0.00000000 N/A
Timer: 16                       0.00000000 N/A
Timer: 17                       0.00000000 N/A
Timer: 18                       0.00000000 N/A
Timer: 19                       0.00000000 N/A
Timer: 20                       0.00000000 N/A
Timer: 21                       0.00000000 N/A
Timer: 22                       0.00000000 N/A
Timer: 23                       0.00000000 N/A
Timer: 24                       0.00000000 N/A
Timer: 25                       0.00000000 N/A
Timer: 26                       0.00000000 N/A
Timer: 27                       0.00000000 N/A
Timer: 28                       0.00000000 N/A
Timer: 29                       0.00000000 N/A
Timer: 30                       0.00000000 N/A
Timer: 31                       0.00000000 N/A
Timer: 0                       1.24206113 read
Timer: 1                       3.18628921 mmSeeds+instantiateSeeds
Timer: 2                      35.93951883 searchAllSeeds
Timer: 3                     159.71123531 extendSeeds
Timer: 4                       0.04581570 searchAllSeeds
Timer: 5                       0.37454366 extendSeeds
Timer: 6                       3.01351028 searchAllSeeds
Timer: 7                       0.02417349 extendSeeds
Timer: 8                       1.83807731 finishReadOne
Timer: 9                       1.68034474 extendSeeds
Timer: 10                       0.00743449 finishReadOne
Timer: 11                       0.00000000 N/A
Timer: 12                       0.00000000 N/A
Timer: 13                       0.00000000 N/A
Timer: 14                       0.00000000 N/A
Timer: 15                       0.00000000 N/A
Timer: 16                       0.00000000 N/A
Timer: 17                       0.00000000 N/A
Timer: 18                       0.00000000 N/A
Timer: 19                       0.00000000 N/A
Timer: 20                       0.00000000 N/A
Timer: 21                       0.00000000 N/A
Timer: 22                       0.00000000 N/A
Timer: 23                       0.00000000 N/A
Timer: 24                       0.00000000 N/A
Timer: 25                       0.00000000 N/A
Timer: 26                       0.00000000 N/A
Timer: 27                       0.00000000 N/A
Timer: 28                       0.00000000 N/A
Timer: 29                       0.00000000 N/A
Timer: 30                       0.00000000 N/A
Timer: 31                       0.00000000 N/A
Timer: 0                       1.22621818 read
Timer: 1                       3.19936539 mmSeeds+instantiateSeeds
Timer: 2                      35.81988909 searchAllSeeds
Timer: 3                     159.82342210 extendSeeds
Timer: 4                       0.05175421 searchAllSeeds
Timer: 5                       0.35209179 extendSeeds
Timer: 6                       2.99303719 searchAllSeeds
Timer: 7                       0.02138730 extendSeeds
Timer: 8                       1.89701783 finishReadOne
Timer: 9                       1.67761284 extendSeeds
Timer: 10                       0.00808322 finishReadOne
Timer: 11                       0.00000000 N/A
Timer: 12                       0.00000000 N/A
Timer: 13                       0.00000000 N/A
Timer: 14                       0.00000000 N/A
Timer: 15                       0.00000000 N/A
Timer: 16                       0.00000000 N/A
Timer: 17                       0.00000000 N/A
Timer: 18                       0.00000000 N/A
Timer: 19                       0.00000000 N/A
Timer: 20                       0.00000000 N/A
Timer: 21                       0.00000000 N/A
Timer: 22                       0.00000000 N/A
Timer: 23                       0.00000000 N/A
Timer: 24                       0.00000000 N/A
Timer: 25                       0.00000000 N/A
Timer: 26                       0.00000000 N/A
Timer: 27                       0.00000000 N/A
Timer: 28                       0.00000000 N/A
Timer: 29                       0.00000000 N/A
Timer: 30                       0.00000000 N/A
Timer: 31                       0.00000000 N/A
Timer: 0                       1.19591884 read
Timer: 1                       3.19178623 mmSeeds+instantiateSeeds
Timer: 2                      35.92368359 searchAllSeeds
Timer: 3                     159.84940238 extendSeeds
Timer: 4                       0.05335241 searchAllSeeds
Timer: 5                       0.31606434 extendSeeds
Timer: 6                       3.01182218 searchAllSeeds
Timer: 7                       0.02148646 extendSeeds
Timer: 8                       1.91202466 finishReadOne
Timer: 9                       1.67904984 extendSeeds
Timer: 10                       0.00990732 finishReadOne
Timer: 11                       0.00000000 N/A
Timer: 12                       0.00000000 N/A
Timer: 13                       0.00000000 N/A
Timer: 14                       0.00000000 N/A
Timer: 15                       0.00000000 N/A
Timer: 16                       0.00000000 N/A
Timer: 17                       0.00000000 N/A
Timer: 18                       0.00000000 N/A
Timer: 19                       0.00000000 N/A
Timer: 20                       0.00000000 N/A
Timer: 21                       0.00000000 N/A
Timer: 22                       0.00000000 N/A
Timer: 23                       0.00000000 N/A
Timer: 24                       0.00000000 N/A
Timer: 25                       0.00000000 N/A
Timer: 26                       0.00000000 N/A
Timer: 27                       0.00000000 N/A
Timer: 28                       0.00000000 N/A
Timer: 29                       0.00000000 N/A
Timer: 30                       0.00000000 N/A
Timer: 31                       0.00000000 N/A
Timer: 0                       1.22869341 read
Timer: 1                       3.21619675 mmSeeds+instantiateSeeds
Timer: 2                      35.92406716 searchAllSeeds
Timer: 3                     159.82660989 extendSeeds
Timer: 4                       0.04783336 searchAllSeeds
Timer: 5                       0.36090483 extendSeeds
Timer: 6                       2.98671365 searchAllSeeds
Timer: 7                       0.02100536 extendSeeds
Timer: 8                       1.85941149 finishReadOne
Timer: 9                       1.65395308 extendSeeds
Timer: 10                       0.00689627 finishReadOne
Timer: 11                       0.00000000 N/A
Timer: 12                       0.00000000 N/A
Timer: 13                       0.00000000 N/A
Timer: 14                       0.00000000 N/A
Timer: 15                       0.00000000 N/A
Timer: 16                       0.00000000 N/A
Timer: 17                       0.00000000 N/A
Timer: 18                       0.00000000 N/A
Timer: 19                       0.00000000 N/A
Timer: 20                       0.00000000 N/A
Timer: 21                       0.00000000 N/A
Timer: 22                       0.00000000 N/A
Timer: 23                       0.00000000 N/A
Timer: 24                       0.00000000 N/A
Timer: 25                       0.00000000 N/A
Timer: 26                       0.00000000 N/A
Timer: 27                       0.00000000 N/A
Timer: 28                       0.00000000 N/A
Timer: 29                       0.00000000 N/A
Timer: 30                       0.00000000 N/A
Timer: 31                       0.00000000 N/A
Timer: 0                       1.19120119 read
Timer: 1                       3.17312489 mmSeeds+instantiateSeeds
Timer: 2                      36.42040943 searchAllSeeds
Timer: 3                     159.22486743 extendSeeds
Timer: 4                       0.04464694 searchAllSeeds
Timer: 5                       0.37471725 extendSeeds
Timer: 6                       3.08576718 searchAllSeeds
Timer: 7                       0.02406983 extendSeeds
Timer: 8                       1.80722011 finishReadOne
Timer: 9                       1.62649943 extendSeeds
Timer: 10                       0.00734733 finishReadOne
Timer: 11                       0.00000000 N/A
Timer: 12                       0.00000000 N/A
Timer: 13                       0.00000000 N/A
Timer: 14                       0.00000000 N/A
Timer: 15                       0.00000000 N/A
Timer: 16                       0.00000000 N/A
Timer: 17                       0.00000000 N/A
Timer: 18                       0.00000000 N/A
Timer: 19                       0.00000000 N/A
Timer: 20                       0.00000000 N/A
Timer: 21                       0.00000000 N/A
Timer: 22                       0.00000000 N/A
Timer: 23                       0.00000000 N/A
Timer: 24                       0.00000000 N/A
Timer: 25                       0.00000000 N/A
Timer: 26                       0.00000000 N/A
Timer: 27                       0.00000000 N/A
Timer: 28                       0.00000000 N/A
Timer: 29                       0.00000000 N/A
Timer: 30                       0.00000000 N/A
Timer: 31                       0.00000000 N/A
Timer: 0                       1.16971083 read
Timer: 1                       3.23187563 mmSeeds+instantiateSeeds
Timer: 2                      35.84007165 searchAllSeeds
Timer: 3                     159.84939705 extendSeeds
Timer: 4                       0.04458943 searchAllSeeds
Timer: 5                       0.37437175 extendSeeds
Timer: 6                       3.06130391 searchAllSeeds
Timer: 7                       0.02112281 extendSeeds
Timer: 8                       1.76076757 finishReadOne
Timer: 9                       1.60948240 extendSeeds
Timer: 10                       0.00988967 finishReadOne
Timer: 11                       0.00000000 N/A
Timer: 12                       0.00000000 N/A
Timer: 13                       0.00000000 N/A
Timer: 14                       0.00000000 N/A
Timer: 15                       0.00000000 N/A
Timer: 16                       0.00000000 N/A
Timer: 17                       0.00000000 N/A
Timer: 18                       0.00000000 N/A
Timer: 19                       0.00000000 N/A
Timer: 20                       0.00000000 N/A
Timer: 21                       0.00000000 N/A
Timer: 22                       0.00000000 N/A
Timer: 23                       0.00000000 N/A
Timer: 24                       0.00000000 N/A
Timer: 25                       0.00000000 N/A
Timer: 26                       0.00000000 N/A
Timer: 27                       0.00000000 N/A
Timer: 28                       0.00000000 N/A
Timer: 29                       0.00000000 N/A
Timer: 30                       0.00000000 N/A
Timer: 31                       0.00000000 N/A
Timer: 0                       1.19311226 read
Timer: 1                       3.14216941 mmSeeds+instantiateSeeds
Timer: 2                      35.94734007 searchAllSeeds
Timer: 3                     159.47539477 extendSeeds
Timer: 4                       0.04477364 searchAllSeeds
Timer: 5                       0.34404556 extendSeeds
Timer: 6                       3.20377521 searchAllSeeds
Timer: 7                       0.02142219 extendSeeds
Timer: 8                       1.88404420 finishReadOne
Timer: 9                       1.71785743 extendSeeds
Timer: 10                       0.00747032 finishReadOne
Timer: 11                       0.00000000 N/A
Timer: 12                       0.00000000 N/A
Timer: 13                       0.00000000 N/A
Timer: 14                       0.00000000 N/A
Timer: 15                       0.00000000 N/A
Timer: 16                       0.00000000 N/A
Timer: 17                       0.00000000 N/A
Timer: 18                       0.00000000 N/A
Timer: 19                       0.00000000 N/A
Timer: 20                       0.00000000 N/A
Timer: 21                       0.00000000 N/A
Timer: 22                       0.00000000 N/A
Timer: 23                       0.00000000 N/A
Timer: 24                       0.00000000 N/A
Timer: 25                       0.00000000 N/A
Timer: 26                       0.00000000 N/A
Timer: 27                       0.00000000 N/A
Timer: 28                       0.00000000 N/A
Timer: 29                       0.00000000 N/A
Timer: 30                       0.00000000 N/A
Timer: 31                       0.00000000 N/A
Timer: 0                       1.20841237 read
Timer: 1                       3.18147566 mmSeeds+instantiateSeeds
Timer: 2                      35.63818302 searchAllSeeds
Timer: 3                     160.13255415 extendSeeds
Timer: 4                       0.04516138 searchAllSeeds
Timer: 5                       0.34999854 extendSeeds
Timer: 6                       3.09641865 searchAllSeeds
Timer: 7                       0.02094128 extendSeeds
Timer: 8                       1.78664265 finishReadOne
Timer: 9                       1.64595465 extendSeeds
Timer: 10                       0.00769285 finishReadOne
Timer: 11                       0.00000000 N/A
Timer: 12                       0.00000000 N/A
Timer: 13                       0.00000000 N/A
Timer: 14                       0.00000000 N/A
Timer: 15                       0.00000000 N/A
Timer: 16                       0.00000000 N/A
Timer: 17                       0.00000000 N/A
Timer: 18                       0.00000000 N/A
Timer: 19                       0.00000000 N/A
Timer: 20                       0.00000000 N/A
Timer: 21                       0.00000000 N/A
Timer: 22                       0.00000000 N/A
Timer: 23                       0.00000000 N/A
Timer: 24                       0.00000000 N/A
Timer: 25                       0.00000000 N/A
Timer: 26                       0.00000000 N/A
Timer: 27                       0.00000000 N/A
Timer: 28                       0.00000000 N/A
Timer: 29                       0.00000000 N/A
Timer: 30                       0.00000000 N/A
Timer: 31                       0.00000000 N/A
Timer: 0                       1.18355805 read
Timer: 1                       3.18975593 mmSeeds+instantiateSeeds
Timer: 2                      35.69414972 searchAllSeeds
Timer: 3                     160.21462891 extendSeeds
Timer: 4                       0.05190330 searchAllSeeds
Timer: 5                       0.36618799 extendSeeds
Timer: 6                       2.93207697 searchAllSeeds
Timer: 7                       0.02372420 extendSeeds
Timer: 8                       1.85626562 finishReadOne
Timer: 9                       1.62125585 extendSeeds
Timer: 10                       0.00722423 finishReadOne
Timer: 11                       0.00000000 N/A
Timer: 12                       0.00000000 N/A
Timer: 13                       0.00000000 N/A
Timer: 14                       0.00000000 N/A
Timer: 15                       0.00000000 N/A
Timer: 16                       0.00000000 N/A
Timer: 17                       0.00000000 N/A
Timer: 18                       0.00000000 N/A
Timer: 19                       0.00000000 N/A
Timer: 20                       0.00000000 N/A
Timer: 21                       0.00000000 N/A
Timer: 22                       0.00000000 N/A
Timer: 23                       0.00000000 N/A
Timer: 24                       0.00000000 N/A
Timer: 25                       0.00000000 N/A
Timer: 26                       0.00000000 N/A
Timer: 27                       0.00000000 N/A
Timer: 28                       0.00000000 N/A
Timer: 29                       0.00000000 N/A
Timer: 30                       0.00000000 N/A
Timer: 31                       0.00000000 N/A
5773776 reads; of these:
  5773776 (100.00%) were unpaired; of these:
    5754793 (99.67%) aligned 0 times
    2699 (0.05%) aligned exactly 1 time
    16284 (0.28%) aligned >1 times
0.33% overall alignment rate
 202904 4055381 92535950

real	4m6.077s
user	55m1.967s
sys	1m16.464s
==============
