b2-011
Architecture:          x86_64
CPU op-mode(s):        32-bit, 64-bit
Byte Order:            Little Endian
CPU(s):                64
On-line CPU(s) list:   0-63
Thread(s) per core:    2
Core(s) per socket:    16
Socket(s):             2
NUMA node(s):          2
Vendor ID:             AuthenticAMD
CPU family:            23
Model:                 49
Model name:            AMD EPYC 7302 16-Core Processor
Stepping:              0
CPU MHz:               1500.000
CPU max MHz:           3000.0000
CPU min MHz:           1500.0000
BogoMIPS:              6000.30
Virtualization:        AMD-V
L1d cache:             32K
L1i cache:             32K
L2 cache:              512K
L3 cache:              16384K
NUMA node0 CPU(s):     0-15,32-47
NUMA node1 CPU(s):     16-31,48-63
Flags:                 fpu vme de pse tsc msr pae mce cx8 apic sep mtrr pge mca cmov pat pse36 clflush mmx fxsr sse sse2 ht syscall nx mmxext fxsr_opt pdpe1gb rdtscp lm constant_tsc art rep_good nopl nonstop_tsc extd_apicid aperfmperf eagerfpu pni pclmulqdq monitor ssse3 fma cx16 sse4_1 sse4_2 movbe popcnt aes xsave avx f16c rdrand lahf_lm cmp_legacy svm extapic cr8_legacy abm sse4a misalignsse 3dnowprefetch osvw ibs skinit wdt tce topoext perfctr_core perfctr_nb bpext perfctr_l2 cpb cat_l3 cdp_l3 hw_pstate sme retpoline_amd ssbd ibrs ibpb stibp vmmcall fsgsbase bmi1 avx2 smep bmi2 cqm rdt_a rdseed adx smap clflushopt clwb sha_ni xsaveopt xsavec xgetbv1 cqm_llc cqm_occup_llc cqm_mbm_total cqm_mbm_local clzero irperf xsaveerptr arat npt lbrv svm_lock nrip_save tsc_scale vmcb_clean flushbyasid decodeassists pausefilter pfthreshold avic v_vmsave_vmload vgif umip overflow_recov succor smca
==============
commit a43fa6f43f54989468a294967898f85b9fe4cefa
Author: Rone Charles <rone_charles@fastmail.com>
Date:   Tue Jan 16 19:01:39 2024 -0500

    Remove whitespace character preventing the removal -lrt from LDLIBS

commit 5da112226f57d68108e9c8d8d155bd0bd7f6c7f7
Author: Rone Charles <rone_charles@fastmail.com>
Date:   Tue Jan 16 11:41:09 2024 -0500

commit a43fa6f43f54989468a294967898f85b9fe4cefa
Author: Rone Charles <rone_charles@fastmail.com>
Date:   Tue Jan 16 19:01:39 2024 -0500

    Remove whitespace character preventing the removal -lrt from LDLIBS

commit 5da112226f57d68108e9c8d8d155bd0bd7f6c7f7
Author: Rone Charles <rone_charles@fastmail.com>
Date:   Tue Jan 16 11:41:09 2024 -0500

==============
b806cfba7dee4891cc9ef85b379d0c4f  /qmounts/qiita_data/per_sample_FASTQ/101636//Song53_24613_host_filtered.fastq.gz
#./bowtie2 -p 16 --no-exact-upfront --no-1mm-upfront -x /scratch/qp-woltka/WoLr2/WoLr2 -q /qmounts/qiita_data/per_sample_FASTQ/101636//Song53_24613_host_filtered.fastq.gz --seed 42 --very-sensitive -k 16 --np 1 --mp 1,1 --rdg 0,1 --rfg 0,1 --score-min  L,0,-0.05 --no-head --no-unal |wc
==== CPU 1 ==========
Timer: 0                       1.70841522 read
Timer: 1                       3.73205741 mmSeeds+instantiateSeeds
Timer: 2                      40.39171645 searchAllSeeds
Timer: 3                     158.10322789 extendSeeds
Timer: 4                       0.06136435 searchAllSeeds
Timer: 5                       0.30596921 extendSeeds
Timer: 6                       4.57825303 searchAllSeeds
Timer: 7                       0.02751659 extendSeeds
Timer: 8                       3.96125430 finishReadOne
Timer: 9                       2.43428295 extendSeeds
Timer: 10                       0.01970592 finishReadOne
Timer: 11                       0.00000000 N/A
Timer: 12                       0.00000000 N/A
Timer: 13                       0.00000000 N/A
Timer: 14                       0.00000000 N/A
Timer: 15                       0.00000000 N/A
Timer: 16                       0.00000000 N/A
Timer: 17                       0.00000000 N/A
Timer: 18                       0.00000000 N/A
Timer: 19                       0.00000000 N/A
Timer: 20                       0.00000000 N/A
Timer: 21                       0.00000000 N/A
Timer: 22                       0.00000000 N/A
Timer: 23                       0.00000000 N/A
Timer: 24                       0.00000000 N/A
Timer: 25                       0.00000000 N/A
Timer: 26                       0.00000000 N/A
Timer: 27                       0.00000000 N/A
Timer: 28                       0.00000000 N/A
Timer: 29                       0.00000000 N/A
Timer: 30                       0.00000000 N/A
Timer: 31                       0.00000000 N/A
Timer: 0                       1.75126315 read
Timer: 1                       3.63839369 mmSeeds+instantiateSeeds
Timer: 2                      40.37126015 searchAllSeeds
Timer: 3                     157.39930312 extendSeeds
Timer: 4                       0.06010499 searchAllSeeds
Timer: 5                       0.33094473 extendSeeds
Timer: 6                       4.91428801 searchAllSeeds
Timer: 7                       0.02868085 extendSeeds
Timer: 8                       3.99144762 finishReadOne
Timer: 9                       2.63049305 finishReadOne
Timer: 10                       0.03247997 finishReadOne
Timer: 11                       0.00000000 N/A
Timer: 12                       0.00000000 N/A
Timer: 13                       0.00000000 N/A
Timer: 14                       0.00000000 N/A
Timer: 15                       0.00000000 N/A
Timer: 16                       0.00000000 N/A
Timer: 17                       0.00000000 N/A
Timer: 18                       0.00000000 N/A
Timer: 19                       0.00000000 N/A
Timer: 20                       0.00000000 N/A
Timer: 21                       0.00000000 N/A
Timer: 22                       0.00000000 N/A
Timer: 23                       0.00000000 N/A
Timer: 24                       0.00000000 N/A
Timer: 25                       0.00000000 N/A
Timer: 26                       0.00000000 N/A
Timer: 27                       0.00000000 N/A
Timer: 28                       0.00000000 N/A
Timer: 29                       0.00000000 N/A
Timer: 30                       0.00000000 N/A
Timer: 31                       0.00000000 N/A
Timer: 0                       1.74748695 read
Timer: 1                       3.71102046 mmSeeds+instantiateSeeds
Timer: 2                      40.33418177 searchAllSeeds
Timer: 3                     157.99828445 extendSeeds
Timer: 4                       0.05941633 searchAllSeeds
Timer: 5                       0.30952205 extendSeeds
Timer: 6                       4.54740569 searchAllSeeds
Timer: 7                       0.03200111 extendSeeds
Timer: 8                       4.04071079 finishReadOne
Timer: 9                       2.42628565 extendSeeds
Timer: 10                       0.02016729 finishReadOne
Timer: 11                       0.00000000 N/A
Timer: 12                       0.00000000 N/A
Timer: 13                       0.00000000 N/A
Timer: 14                       0.00000000 N/A
Timer: 15                       0.00000000 N/A
Timer: 16                       0.00000000 N/A
Timer: 17                       0.00000000 N/A
Timer: 18                       0.00000000 N/A
Timer: 19                       0.00000000 N/A
Timer: 20                       0.00000000 N/A
Timer: 21                       0.00000000 N/A
Timer: 22                       0.00000000 N/A
Timer: 23                       0.00000000 N/A
Timer: 24                       0.00000000 N/A
Timer: 25                       0.00000000 N/A
Timer: 26                       0.00000000 N/A
Timer: 27                       0.00000000 N/A
Timer: 28                       0.00000000 N/A
Timer: 29                       0.00000000 N/A
Timer: 30                       0.00000000 N/A
Timer: 31                       0.00000000 N/A
Timer: 0                       1.71786990 read
Timer: 1                       3.72418956 mmSeeds+instantiateSeeds
Timer: 2                      40.26727075 searchAllSeeds
Timer: 3                     157.98385219 extendSeeds
Timer: 4                       0.05914179 searchAllSeeds
Timer: 5                       0.31975726 extendSeeds
Timer: 6                       4.66121010 searchAllSeeds
Timer: 7                       0.03408552 extendSeeds
Timer: 8                       4.01630932 finishReadOne
Timer: 9                       2.43488603 extendSeeds
Timer: 10                       0.01484710 finishReadOne
Timer: 11                       0.00000000 N/A
Timer: 12                       0.00000000 N/A
Timer: 13                       0.00000000 N/A
Timer: 14                       0.00000000 N/A
Timer: 15                       0.00000000 N/A
Timer: 16                       0.00000000 N/A
Timer: 17                       0.00000000 N/A
Timer: 18                       0.00000000 N/A
Timer: 19                       0.00000000 N/A
Timer: 20                       0.00000000 N/A
Timer: 21                       0.00000000 N/A
Timer: 22                       0.00000000 N/A
Timer: 23                       0.00000000 N/A
Timer: 24                       0.00000000 N/A
Timer: 25                       0.00000000 N/A
Timer: 26                       0.00000000 N/A
Timer: 27                       0.00000000 N/A
Timer: 28                       0.00000000 N/A
Timer: 29                       0.00000000 N/A
Timer: 30                       0.00000000 N/A
Timer: 31                       0.00000000 N/A
Timer: 0                       1.75625439 read
Timer: 1                       3.65194551 mmSeeds+instantiateSeeds
Timer: 2                      40.41957368 searchAllSeeds
Timer: 3                     157.75571608 extendSeeds
Timer: 4                       0.07150282 searchAllSeeds
Timer: 5                       0.31242403 extendSeeds
Timer: 6                       4.73158256 searchAllSeeds
Timer: 7                       0.02818818 extendSeeds
Timer: 8                       3.95566924 finishReadOne
Timer: 9                       2.61436066 extendSeeds
Timer: 10                       0.02652029 finishReadOne
Timer: 11                       0.00000000 N/A
Timer: 12                       0.00000000 N/A
Timer: 13                       0.00000000 N/A
Timer: 14                       0.00000000 N/A
Timer: 15                       0.00000000 N/A
Timer: 16                       0.00000000 N/A
Timer: 17                       0.00000000 N/A
Timer: 18                       0.00000000 N/A
Timer: 19                       0.00000000 N/A
Timer: 20                       0.00000000 N/A
Timer: 21                       0.00000000 N/A
Timer: 22                       0.00000000 N/A
Timer: 23                       0.00000000 N/A
Timer: 24                       0.00000000 N/A
Timer: 25                       0.00000000 N/A
Timer: 26                       0.00000000 N/A
Timer: 27                       0.00000000 N/A
Timer: 28                       0.00000000 N/A
Timer: 29                       0.00000000 N/A
Timer: 30                       0.00000000 N/A
Timer: 31                       0.00000000 N/A
Timer: 0                       1.72519048 read
Timer: 1                       3.63906024 mmSeeds+instantiateSeeds
Timer: 2                      40.40306394 searchAllSeeds
Timer: 3                     157.76564671 extendSeeds
Timer: 4                       0.06149726 searchAllSeeds
Timer: 5                       0.32493156 extendSeeds
Timer: 6                       4.73707687 searchAllSeeds
Timer: 7                       0.02853020 extendSeeds
Timer: 8                       4.00372380 finishReadOne
Timer: 9                       2.57641326 finishReadOne
Timer: 10                       0.01728091 finishReadOne
Timer: 11                       0.00000000 N/A
Timer: 12                       0.00000000 N/A
Timer: 13                       0.00000000 N/A
Timer: 14                       0.00000000 N/A
Timer: 15                       0.00000000 N/A
Timer: 16                       0.00000000 N/A
Timer: 17                       0.00000000 N/A
Timer: 18                       0.00000000 N/A
Timer: 19                       0.00000000 N/A
Timer: 20                       0.00000000 N/A
Timer: 21                       0.00000000 N/A
Timer: 22                       0.00000000 N/A
Timer: 23                       0.00000000 N/A
Timer: 24                       0.00000000 N/A
Timer: 25                       0.00000000 N/A
Timer: 26                       0.00000000 N/A
Timer: 27                       0.00000000 N/A
Timer: 28                       0.00000000 N/A
Timer: 29                       0.00000000 N/A
Timer: 30                       0.00000000 N/A
Timer: 31                       0.00000000 N/A
Timer: 0                       1.70165641 read
Timer: 1                       3.65258387 mmSeeds+instantiateSeeds
Timer: 2                      40.34956632 searchAllSeeds
Timer: 3                     157.70524794 extendSeeds
Timer: 4                       0.06066044 searchAllSeeds
Timer: 5                       0.32369046 extendSeeds
Timer: 6                       4.69780283 searchAllSeeds
Timer: 7                       0.02887040 extendSeeds
Timer: 8                       4.02198298 finishReadOne
Timer: 9                       2.54771617 extendSeeds
Timer: 10                       0.02015572 finishReadOne
Timer: 11                       0.00000000 N/A
Timer: 12                       0.00000000 N/A
Timer: 13                       0.00000000 N/A
Timer: 14                       0.00000000 N/A
Timer: 15                       0.00000000 N/A
Timer: 16                       0.00000000 N/A
Timer: 17                       0.00000000 N/A
Timer: 18                       0.00000000 N/A
Timer: 19                       0.00000000 N/A
Timer: 20                       0.00000000 N/A
Timer: 21                       0.00000000 N/A
Timer: 22                       0.00000000 N/A
Timer: 23                       0.00000000 N/A
Timer: 24                       0.00000000 N/A
Timer: 25                       0.00000000 N/A
Timer: 26                       0.00000000 N/A
Timer: 27                       0.00000000 N/A
Timer: 28                       0.00000000 N/A
Timer: 29                       0.00000000 N/A
Timer: 30                       0.00000000 N/A
Timer: 31                       0.00000000 N/A
Timer: 0                       1.77502035 read
Timer: 1                       3.70317912 mmSeeds+instantiateSeeds
Timer: 2                      40.52233910 searchAllSeeds
Timer: 3                     157.81952085 extendSeeds
Timer: 4                       0.05680977 searchAllSeeds
Timer: 5                       0.32252309 extendSeeds
Timer: 6                       4.60168361 searchAllSeeds
Timer: 7                       0.02793580 extendSeeds
Timer: 8                       4.05518971 finishReadOne
Timer: 9                       2.42639412 extendSeeds
Timer: 10                       0.02117373 finishReadOne
Timer: 11                       0.00000000 N/A
Timer: 12                       0.00000000 N/A
Timer: 13                       0.00000000 N/A
Timer: 14                       0.00000000 N/A
Timer: 15                       0.00000000 N/A
Timer: 16                       0.00000000 N/A
Timer: 17                       0.00000000 N/A
Timer: 18                       0.00000000 N/A
Timer: 19                       0.00000000 N/A
Timer: 20                       0.00000000 N/A
Timer: 21                       0.00000000 N/A
Timer: 22                       0.00000000 N/A
Timer: 23                       0.00000000 N/A
Timer: 24                       0.00000000 N/A
Timer: 25                       0.00000000 N/A
Timer: 26                       0.00000000 N/A
Timer: 27                       0.00000000 N/A
Timer: 28                       0.00000000 N/A
Timer: 29                       0.00000000 N/A
Timer: 30                       0.00000000 N/A
Timer: 31                       0.00000000 N/A
Timer: 0                       1.75253260 read
Timer: 1                       3.70486583 mmSeeds+instantiateSeeds
Timer: 2                      40.04888992 searchAllSeeds
Timer: 3                     157.96207722 extendSeeds
Timer: 4                       0.06155093 searchAllSeeds
Timer: 5                       0.31897291 extendSeeds
Timer: 6                       4.73766969 searchAllSeeds
Timer: 7                       0.02844094 extendSeeds
Timer: 8                       3.97932699 finishReadOne
Timer: 9                       2.49465022 extendSeeds
Timer: 10                       0.01511996 finishReadOne
Timer: 11                       0.00000000 N/A
Timer: 12                       0.00000000 N/A
Timer: 13                       0.00000000 N/A
Timer: 14                       0.00000000 N/A
Timer: 15                       0.00000000 N/A
Timer: 16                       0.00000000 N/A
Timer: 17                       0.00000000 N/A
Timer: 18                       0.00000000 N/A
Timer: 19                       0.00000000 N/A
Timer: 20                       0.00000000 N/A
Timer: 21                       0.00000000 N/A
Timer: 22                       0.00000000 N/A
Timer: 23                       0.00000000 N/A
Timer: 24                       0.00000000 N/A
Timer: 25                       0.00000000 N/A
Timer: 26                       0.00000000 N/A
Timer: 27                       0.00000000 N/A
Timer: 28                       0.00000000 N/A
Timer: 29                       0.00000000 N/A
Timer: 30                       0.00000000 N/A
Timer: 31                       0.00000000 N/A
Timer: 0                       1.75686710 read
Timer: 1                       3.74757599 mmSeeds+instantiateSeeds
Timer: 2                      40.29060612 searchAllSeeds
Timer: 3                     157.72761800 extendSeeds
Timer: 4                       0.06531031 searchAllSeeds
Timer: 5                       0.32961740 extendSeeds
Timer: 6                       4.73052671 searchAllSeeds
Timer: 7                       0.02812391 extendSeeds
Timer: 8                       3.96223196 finishReadOne
Timer: 9                       2.52716914 finishReadOne
Timer: 10                       0.01452626 finishReadOne
Timer: 11                       0.00000000 N/A
Timer: 12                       0.00000000 N/A
Timer: 13                       0.00000000 N/A
Timer: 14                       0.00000000 N/A
Timer: 15                       0.00000000 N/A
Timer: 16                       0.00000000 N/A
Timer: 17                       0.00000000 N/A
Timer: 18                       0.00000000 N/A
Timer: 19                       0.00000000 N/A
Timer: 20                       0.00000000 N/A
Timer: 21                       0.00000000 N/A
Timer: 22                       0.00000000 N/A
Timer: 23                       0.00000000 N/A
Timer: 24                       0.00000000 N/A
Timer: 25                       0.00000000 N/A
Timer: 26                       0.00000000 N/A
Timer: 27                       0.00000000 N/A
Timer: 28                       0.00000000 N/A
Timer: 29                       0.00000000 N/A
Timer: 30                       0.00000000 N/A
Timer: 31                       0.00000000 N/A
Timer: 0                       1.72037344 read
Timer: 1                       3.64069219 mmSeeds+instantiateSeeds
Timer: 2                      40.53069137 searchAllSeeds
Timer: 3                     157.76795148 extendSeeds
Timer: 4                       0.05661924 searchAllSeeds
Timer: 5                       0.33776481 extendSeeds
Timer: 6                       4.59872376 searchAllSeeds
Timer: 7                       0.02921675 extendSeeds
Timer: 8                       4.01165349 finishReadOne
Timer: 9                       2.46548085 finishReadOne
Timer: 10                       0.01515741 finishReadOne
Timer: 11                       0.00000000 N/A
Timer: 12                       0.00000000 N/A
Timer: 13                       0.00000000 N/A
Timer: 14                       0.00000000 N/A
Timer: 15                       0.00000000 N/A
Timer: 16                       0.00000000 N/A
Timer: 17                       0.00000000 N/A
Timer: 18                       0.00000000 N/A
Timer: 19                       0.00000000 N/A
Timer: 20                       0.00000000 N/A
Timer: 21                       0.00000000 N/A
Timer: 22                       0.00000000 N/A
Timer: 23                       0.00000000 N/A
Timer: 24                       0.00000000 N/A
Timer: 25                       0.00000000 N/A
Timer: 26                       0.00000000 N/A
Timer: 27                       0.00000000 N/A
Timer: 28                       0.00000000 N/A
Timer: 29                       0.00000000 N/A
Timer: 30                       0.00000000 N/A
Timer: 31                       0.00000000 N/A
Timer: 0                       1.71170146 read
Timer: 1                       3.63594688 mmSeeds+instantiateSeeds
Timer: 2                      40.10855473 searchAllSeeds
Timer: 3                     157.99104045 extendSeeds
Timer: 4                       0.05595413 searchAllSeeds
Timer: 5                       0.30699582 extendSeeds
Timer: 6                       4.65303018 searchAllSeeds
Timer: 7                       0.02790030 extendSeeds
Timer: 8                       4.01288412 finishReadOne
Timer: 9                       2.64308878 extendSeeds
Timer: 10                       0.01894350 finishReadOne
Timer: 11                       0.00000000 N/A
Timer: 12                       0.00000000 N/A
Timer: 13                       0.00000000 N/A
Timer: 14                       0.00000000 N/A
Timer: 15                       0.00000000 N/A
Timer: 16                       0.00000000 N/A
Timer: 17                       0.00000000 N/A
Timer: 18                       0.00000000 N/A
Timer: 19                       0.00000000 N/A
Timer: 20                       0.00000000 N/A
Timer: 21                       0.00000000 N/A
Timer: 22                       0.00000000 N/A
Timer: 23                       0.00000000 N/A
Timer: 24                       0.00000000 N/A
Timer: 25                       0.00000000 N/A
Timer: 26                       0.00000000 N/A
Timer: 27                       0.00000000 N/A
Timer: 28                       0.00000000 N/A
Timer: 29                       0.00000000 N/A
Timer: 30                       0.00000000 N/A
Timer: 31                       0.00000000 N/A
Timer: 0                       1.73927198 read
Timer: 1                       3.68255058 mmSeeds+instantiateSeeds
Timer: 2                      40.31332803 searchAllSeeds
Timer: 3                     157.92167341 extendSeeds
Timer: 4                       0.05959390 searchAllSeeds
Timer: 5                       0.32558395 extendSeeds
Timer: 6                       4.67305936 searchAllSeeds
Timer: 7                       0.03320871 extendSeeds
Timer: 8                       4.00229222 finishReadOne
Timer: 9                       2.50832400 extendSeeds
Timer: 10                       0.02417889 finishReadOne
Timer: 11                       0.00000000 N/A
Timer: 12                       0.00000000 N/A
Timer: 13                       0.00000000 N/A
Timer: 14                       0.00000000 N/A
Timer: 15                       0.00000000 N/A
Timer: 16                       0.00000000 N/A
Timer: 17                       0.00000000 N/A
Timer: 18                       0.00000000 N/A
Timer: 19                       0.00000000 N/A
Timer: 20                       0.00000000 N/A
Timer: 21                       0.00000000 N/A
Timer: 22                       0.00000000 N/A
Timer: 23                       0.00000000 N/A
Timer: 24                       0.00000000 N/A
Timer: 25                       0.00000000 N/A
Timer: 26                       0.00000000 N/A
Timer: 27                       0.00000000 N/A
Timer: 28                       0.00000000 N/A
Timer: 29                       0.00000000 N/A
Timer: 30                       0.00000000 N/A
Timer: 31                       0.00000000 N/A
Timer: 0                       1.73431194 read
Timer: 1                       3.74845890 mmSeeds+instantiateSeeds
Timer: 2                      40.31552632 searchAllSeeds
Timer: 3                     157.69355433 extendSeeds
Timer: 4                       0.05792895 searchAllSeeds
Timer: 5                       0.31625269 extendSeeds
Timer: 6                       4.69935535 searchAllSeeds
Timer: 7                       0.02802229 extendSeeds
Timer: 8                       3.97012200 finishReadOne
Timer: 9                       2.46482485 extendSeeds
Timer: 10                       0.01424142 finishReadOne
Timer: 11                       0.00000000 N/A
Timer: 12                       0.00000000 N/A
Timer: 13                       0.00000000 N/A
Timer: 14                       0.00000000 N/A
Timer: 15                       0.00000000 N/A
Timer: 16                       0.00000000 N/A
Timer: 17                       0.00000000 N/A
Timer: 18                       0.00000000 N/A
Timer: 19                       0.00000000 N/A
Timer: 20                       0.00000000 N/A
Timer: 21                       0.00000000 N/A
Timer: 22                       0.00000000 N/A
Timer: 23                       0.00000000 N/A
Timer: 24                       0.00000000 N/A
Timer: 25                       0.00000000 N/A
Timer: 26                       0.00000000 N/A
Timer: 27                       0.00000000 N/A
Timer: 28                       0.00000000 N/A
Timer: 29                       0.00000000 N/A
Timer: 30                       0.00000000 N/A
Timer: 31                       0.00000000 N/A
Timer: 0                       1.69929054 read
Timer: 1                       3.71815436 mmSeeds+instantiateSeeds
Timer: 2                      40.20584206 searchAllSeeds
Timer: 3                     157.54174637 extendSeeds
Timer: 4                       0.05964659 searchAllSeeds
Timer: 5                       0.33457649 extendSeeds
Timer: 6                       4.75026770 searchAllSeeds
Timer: 7                       0.02998873 extendSeeds
Timer: 8                       4.06471792 finishReadOne
Timer: 9                       2.64090185 extendSeeds
Timer: 10                       0.01982787 finishReadOne
Timer: 11                       0.00000000 N/A
Timer: 12                       0.00000000 N/A
Timer: 13                       0.00000000 N/A
Timer: 14                       0.00000000 N/A
Timer: 15                       0.00000000 N/A
Timer: 16                       0.00000000 N/A
Timer: 17                       0.00000000 N/A
Timer: 18                       0.00000000 N/A
Timer: 19                       0.00000000 N/A
Timer: 20                       0.00000000 N/A
Timer: 21                       0.00000000 N/A
Timer: 22                       0.00000000 N/A
Timer: 23                       0.00000000 N/A
Timer: 24                       0.00000000 N/A
Timer: 25                       0.00000000 N/A
Timer: 26                       0.00000000 N/A
Timer: 27                       0.00000000 N/A
Timer: 28                       0.00000000 N/A
Timer: 29                       0.00000000 N/A
Timer: 30                       0.00000000 N/A
Timer: 31                       0.00000000 N/A
Timer: 0                       1.71440393 read
Timer: 1                       3.70568300 mmSeeds+instantiateSeeds
Timer: 2                      40.37668345 searchAllSeeds
Timer: 3                     157.97818829 extendSeeds
Timer: 4                       0.05550859 searchAllSeeds
Timer: 5                       0.30777428 extendSeeds
Timer: 6                       4.59849112 searchAllSeeds
Timer: 7                       0.03313768 extendSeeds
Timer: 8                       4.06413904 finishReadOne
Timer: 9                       2.46066625 finishReadOne
Timer: 10                       0.02418061 finishReadOne
Timer: 11                       0.00000000 N/A
Timer: 12                       0.00000000 N/A
Timer: 13                       0.00000000 N/A
Timer: 14                       0.00000000 N/A
Timer: 15                       0.00000000 N/A
Timer: 16                       0.00000000 N/A
Timer: 17                       0.00000000 N/A
Timer: 18                       0.00000000 N/A
Timer: 19                       0.00000000 N/A
Timer: 20                       0.00000000 N/A
Timer: 21                       0.00000000 N/A
Timer: 22                       0.00000000 N/A
Timer: 23                       0.00000000 N/A
Timer: 24                       0.00000000 N/A
Timer: 25                       0.00000000 N/A
Timer: 26                       0.00000000 N/A
Timer: 27                       0.00000000 N/A
Timer: 28                       0.00000000 N/A
Timer: 29                       0.00000000 N/A
Timer: 30                       0.00000000 N/A
Timer: 31                       0.00000000 N/A
6548484 reads; of these:
  6548484 (100.00%) were unpaired; of these:
    2516943 (38.44%) aligned 0 times
    3557306 (54.32%) aligned exactly 1 time
    474235 (7.24%) aligned >1 times
61.56% overall alignment rate
8277263 161987954 3715991588

real	3m55.555s
user	57m19.060s
sys	1m42.690s
==== CPU 2 ==========
Timer: 0                       1.32441014 read
Timer: 1                       3.55684771 mmSeeds+instantiateSeeds
Timer: 2                      39.84097520 searchAllSeeds
Timer: 3                     150.31691608 extendSeeds
Timer: 4                       0.06253935 searchAllSeeds
Timer: 5                       0.30669433 extendSeeds
Timer: 6                       4.47954243 searchAllSeeds
Timer: 7                       0.03219124 extendSeeds
Timer: 8                       3.50440353 finishReadOne
Timer: 9                       2.39360652 extendSeeds
Timer: 10                       0.02581865 finishReadOne
Timer: 11                       0.00000000 N/A
Timer: 12                       0.00000000 N/A
Timer: 13                       0.00000000 N/A
Timer: 14                       0.00000000 N/A
Timer: 15                       0.00000000 N/A
Timer: 16                       0.00000000 N/A
Timer: 17                       0.00000000 N/A
Timer: 18                       0.00000000 N/A
Timer: 19                       0.00000000 N/A
Timer: 20                       0.00000000 N/A
Timer: 21                       0.00000000 N/A
Timer: 22                       0.00000000 N/A
Timer: 23                       0.00000000 N/A
Timer: 24                       0.00000000 N/A
Timer: 25                       0.00000000 N/A
Timer: 26                       0.00000000 N/A
Timer: 27                       0.00000000 N/A
Timer: 28                       0.00000000 N/A
Timer: 29                       0.00000000 N/A
Timer: 30                       0.00000000 N/A
Timer: 31                       0.00000000 N/A
Timer: 0                       1.32753053 read
Timer: 1                       3.58090907 mmSeeds+instantiateSeeds
Timer: 2                      40.05219848 searchAllSeeds
Timer: 3                     149.55425823 extendSeeds
Timer: 4                       0.05874364 searchAllSeeds
Timer: 5                       0.31668667 extendSeeds
Timer: 6                       4.65123163 searchAllSeeds
Timer: 7                       0.02763287 extendSeeds
Timer: 8                       3.58401042 finishReadOne
Timer: 9                       2.50612374 extendSeeds
Timer: 10                       0.01390449 finishReadOne
Timer: 11                       0.00000000 N/A
Timer: 12                       0.00000000 N/A
Timer: 13                       0.00000000 N/A
Timer: 14                       0.00000000 N/A
Timer: 15                       0.00000000 N/A
Timer: 16                       0.00000000 N/A
Timer: 17                       0.00000000 N/A
Timer: 18                       0.00000000 N/A
Timer: 19                       0.00000000 N/A
Timer: 20                       0.00000000 N/A
Timer: 21                       0.00000000 N/A
Timer: 22                       0.00000000 N/A
Timer: 23                       0.00000000 N/A
Timer: 24                       0.00000000 N/A
Timer: 25                       0.00000000 N/A
Timer: 26                       0.00000000 N/A
Timer: 27                       0.00000000 N/A
Timer: 28                       0.00000000 N/A
Timer: 29                       0.00000000 N/A
Timer: 30                       0.00000000 N/A
Timer: 31                       0.00000000 N/A
Timer: 0                       1.32356676 read
Timer: 1                       3.63767206 mmSeeds+instantiateSeeds
Timer: 2                      40.13016612 searchAllSeeds
Timer: 3                     149.75605339 extendSeeds
Timer: 4                       0.05814905 searchAllSeeds
Timer: 5                       0.31645468 extendSeeds
Timer: 6                       4.60889275 searchAllSeeds
Timer: 7                       0.03053921 extendSeeds
Timer: 8                       3.52691863 finishReadOne
Timer: 9                       2.42993943 extendSeeds
Timer: 10                       0.01618853 finishReadOne
Timer: 11                       0.00000000 N/A
Timer: 12                       0.00000000 N/A
Timer: 13                       0.00000000 N/A
Timer: 14                       0.00000000 N/A
Timer: 15                       0.00000000 N/A
Timer: 16                       0.00000000 N/A
Timer: 17                       0.00000000 N/A
Timer: 18                       0.00000000 N/A
Timer: 19                       0.00000000 N/A
Timer: 20                       0.00000000 N/A
Timer: 21                       0.00000000 N/A
Timer: 22                       0.00000000 N/A
Timer: 23                       0.00000000 N/A
Timer: 24                       0.00000000 N/A
Timer: 25                       0.00000000 N/A
Timer: 26                       0.00000000 N/A
Timer: 27                       0.00000000 N/A
Timer: 28                       0.00000000 N/A
Timer: 29                       0.00000000 N/A
Timer: 30                       0.00000000 N/A
Timer: 31                       0.00000000 N/A
Timer: 0                       1.31401584 read
Timer: 1                       3.61826569 mmSeeds+instantiateSeeds
Timer: 2                      39.90032699 searchAllSeeds
Timer: 3                     149.94600604 extendSeeds
Timer: 4                       0.06988262 searchAllSeeds
Timer: 5                       0.31429712 extendSeeds
Timer: 6                       4.68698229 searchAllSeeds
Timer: 7                       0.03474736 extendSeeds
Timer: 8                       3.50130629 finishReadOne
Timer: 9                       2.42049891 extendSeeds
Timer: 10                       0.02260362 finishReadOne
Timer: 11                       0.00000000 N/A
Timer: 12                       0.00000000 N/A
Timer: 13                       0.00000000 N/A
Timer: 14                       0.00000000 N/A
Timer: 15                       0.00000000 N/A
Timer: 16                       0.00000000 N/A
Timer: 17                       0.00000000 N/A
Timer: 18                       0.00000000 N/A
Timer: 19                       0.00000000 N/A
Timer: 20                       0.00000000 N/A
Timer: 21                       0.00000000 N/A
Timer: 22                       0.00000000 N/A
Timer: 23                       0.00000000 N/A
Timer: 24                       0.00000000 N/A
Timer: 25                       0.00000000 N/A
Timer: 26                       0.00000000 N/A
Timer: 27                       0.00000000 N/A
Timer: 28                       0.00000000 N/A
Timer: 29                       0.00000000 N/A
Timer: 30                       0.00000000 N/A
Timer: 31                       0.00000000 N/A
Timer: 0                       1.33334048 read
Timer: 1                       3.64118052 mmSeeds+instantiateSeeds
Timer: 2                      40.05054713 searchAllSeeds
Timer: 3                     149.74360669 extendSeeds
Timer: 4                       0.06191895 searchAllSeeds
Timer: 5                       0.31118747 extendSeeds
Timer: 6                       4.63134884 searchAllSeeds
Timer: 7                       0.02946209 extendSeeds
Timer: 8                       3.55698942 finishReadOne
Timer: 9                       2.42689754 finishReadOne
Timer: 10                       0.02423496 finishReadOne
Timer: 11                       0.00000000 N/A
Timer: 12                       0.00000000 N/A
Timer: 13                       0.00000000 N/A
Timer: 14                       0.00000000 N/A
Timer: 15                       0.00000000 N/A
Timer: 16                       0.00000000 N/A
Timer: 17                       0.00000000 N/A
Timer: 18                       0.00000000 N/A
Timer: 19                       0.00000000 N/A
Timer: 20                       0.00000000 N/A
Timer: 21                       0.00000000 N/A
Timer: 22                       0.00000000 N/A
Timer: 23                       0.00000000 N/A
Timer: 24                       0.00000000 N/A
Timer: 25                       0.00000000 N/A
Timer: 26                       0.00000000 N/A
Timer: 27                       0.00000000 N/A
Timer: 28                       0.00000000 N/A
Timer: 29                       0.00000000 N/A
Timer: 30                       0.00000000 N/A
Timer: 31                       0.00000000 N/A
Timer: 0                       1.31160426 read
Timer: 1                       3.62426258 mmSeeds+instantiateSeeds
Timer: 2                      40.27656838 searchAllSeeds
Timer: 3                     149.76090066 extendSeeds
Timer: 4                       0.06146702 searchAllSeeds
Timer: 5                       0.31278575 extendSeeds
Timer: 6                       4.53029313 searchAllSeeds
Timer: 7                       0.02969586 extendSeeds
Timer: 8                       3.56349900 finishReadOne
Timer: 9                       2.39654494 finishReadOne
Timer: 10                       0.01415913 finishReadOne
Timer: 11                       0.00000000 N/A
Timer: 12                       0.00000000 N/A
Timer: 13                       0.00000000 N/A
Timer: 14                       0.00000000 N/A
Timer: 15                       0.00000000 N/A
Timer: 16                       0.00000000 N/A
Timer: 17                       0.00000000 N/A
Timer: 18                       0.00000000 N/A
Timer: 19                       0.00000000 N/A
Timer: 20                       0.00000000 N/A
Timer: 21                       0.00000000 N/A
Timer: 22                       0.00000000 N/A
Timer: 23                       0.00000000 N/A
Timer: 24                       0.00000000 N/A
Timer: 25                       0.00000000 N/A
Timer: 26                       0.00000000 N/A
Timer: 27                       0.00000000 N/A
Timer: 28                       0.00000000 N/A
Timer: 29                       0.00000000 N/A
Timer: 30                       0.00000000 N/A
Timer: 31                       0.00000000 N/A
Timer: 0                       1.33059541 read
Timer: 1                       3.77615861 mmSeeds+instantiateSeeds
Timer: 2                      39.80910549 searchAllSeeds
Timer: 3                     149.97394322 extendSeeds
Timer: 4                       0.07784196 searchAllSeeds
Timer: 5                       0.30405249 extendSeeds
Timer: 6                       4.58061162 searchAllSeeds
Timer: 7                       0.03212995 extendSeeds
Timer: 8                       3.50604901 finishReadOne
Timer: 9                       2.43742938 extendSeeds
Timer: 10                       0.01960287 finishReadOne
Timer: 11                       0.00000000 N/A
Timer: 12                       0.00000000 N/A
Timer: 13                       0.00000000 N/A
Timer: 14                       0.00000000 N/A
Timer: 15                       0.00000000 N/A
Timer: 16                       0.00000000 N/A
Timer: 17                       0.00000000 N/A
Timer: 18                       0.00000000 N/A
Timer: 19                       0.00000000 N/A
Timer: 20                       0.00000000 N/A
Timer: 21                       0.00000000 N/A
Timer: 22                       0.00000000 N/A
Timer: 23                       0.00000000 N/A
Timer: 24                       0.00000000 N/A
Timer: 25                       0.00000000 N/A
Timer: 26                       0.00000000 N/A
Timer: 27                       0.00000000 N/A
Timer: 28                       0.00000000 N/A
Timer: 29                       0.00000000 N/A
Timer: 30                       0.00000000 N/A
Timer: 31                       0.00000000 N/A
Timer: 0                       1.34876571 read
Timer: 1                       3.65903200 mmSeeds+instantiateSeeds
Timer: 2                      39.67162421 searchAllSeeds
Timer: 3                     149.88212743 extendSeeds
Timer: 4                       0.06230061 searchAllSeeds
Timer: 5                       0.32820798 extendSeeds
Timer: 6                       4.76013595 searchAllSeeds
Timer: 7                       0.02997238 extendSeeds
Timer: 8                       3.51301289 finishReadOne
Timer: 9                       2.51935119 finishReadOne
Timer: 10                       0.01492604 finishReadOne
Timer: 11                       0.00000000 N/A
Timer: 12                       0.00000000 N/A
Timer: 13                       0.00000000 N/A
Timer: 14                       0.00000000 N/A
Timer: 15                       0.00000000 N/A
Timer: 16                       0.00000000 N/A
Timer: 17                       0.00000000 N/A
Timer: 18                       0.00000000 N/A
Timer: 19                       0.00000000 N/A
Timer: 20                       0.00000000 N/A
Timer: 21                       0.00000000 N/A
Timer: 22                       0.00000000 N/A
Timer: 23                       0.00000000 N/A
Timer: 24                       0.00000000 N/A
Timer: 25                       0.00000000 N/A
Timer: 26                       0.00000000 N/A
Timer: 27                       0.00000000 N/A
Timer: 28                       0.00000000 N/A
Timer: 29                       0.00000000 N/A
Timer: 30                       0.00000000 N/A
Timer: 31                       0.00000000 N/A
Timer: 0                       1.33723647 read
Timer: 1                       3.69716950 mmSeeds+instantiateSeeds
Timer: 2                      40.59401292 searchAllSeeds
Timer: 3                     149.42839492 extendSeeds
Timer: 4                       0.05675880 searchAllSeeds
Timer: 5                       0.31686778 extendSeeds
Timer: 6                       4.44377182 searchAllSeeds
Timer: 7                       0.02725209 extendSeeds
Timer: 8                       3.47064506 finishReadOne
Timer: 9                       2.34635013 extendSeeds
Timer: 10                       0.02048299 finishReadOne
Timer: 11                       0.00000000 N/A
Timer: 12                       0.00000000 N/A
Timer: 13                       0.00000000 N/A
Timer: 14                       0.00000000 N/A
Timer: 15                       0.00000000 N/A
Timer: 16                       0.00000000 N/A
Timer: 17                       0.00000000 N/A
Timer: 18                       0.00000000 N/A
Timer: 19                       0.00000000 N/A
Timer: 20                       0.00000000 N/A
Timer: 21                       0.00000000 N/A
Timer: 22                       0.00000000 N/A
Timer: 23                       0.00000000 N/A
Timer: 24                       0.00000000 N/A
Timer: 25                       0.00000000 N/A
Timer: 26                       0.00000000 N/A
Timer: 27                       0.00000000 N/A
Timer: 28                       0.00000000 N/A
Timer: 29                       0.00000000 N/A
Timer: 30                       0.00000000 N/A
Timer: 31                       0.00000000 N/A
Timer: 0                       1.32850410 read
Timer: 1                       3.71217065 mmSeeds+instantiateSeeds
Timer: 2                      40.11445864 searchAllSeeds
Timer: 3                     149.96227966 extendSeeds
Timer: 4                       0.06311234 searchAllSeeds
Timer: 5                       0.30772953 extendSeeds
Timer: 6                       4.45577535 searchAllSeeds
Timer: 7                       0.03578042 extendSeeds
Timer: 8                       3.57407846 finishReadOne
Timer: 9                       2.32433200 extendSeeds
Timer: 10                       0.01428140 finishReadOne
Timer: 11                       0.00000000 N/A
Timer: 12                       0.00000000 N/A
Timer: 13                       0.00000000 N/A
Timer: 14                       0.00000000 N/A
Timer: 15                       0.00000000 N/A
Timer: 16                       0.00000000 N/A
Timer: 17                       0.00000000 N/A
Timer: 18                       0.00000000 N/A
Timer: 19                       0.00000000 N/A
Timer: 20                       0.00000000 N/A
Timer: 21                       0.00000000 N/A
Timer: 22                       0.00000000 N/A
Timer: 23                       0.00000000 N/A
Timer: 24                       0.00000000 N/A
Timer: 25                       0.00000000 N/A
Timer: 26                       0.00000000 N/A
Timer: 27                       0.00000000 N/A
Timer: 28                       0.00000000 N/A
Timer: 29                       0.00000000 N/A
Timer: 30                       0.00000000 N/A
Timer: 31                       0.00000000 N/A
Timer: 0                       1.36807111 read
Timer: 1                       3.60675197 mmSeeds+instantiateSeeds
Timer: 2                      40.21155767 searchAllSeeds
Timer: 3                     149.71592221 extendSeeds
Timer: 4                       0.05900865 searchAllSeeds
Timer: 5                       0.29911052 extendSeeds
Timer: 6                       4.46818073 searchAllSeeds
Timer: 7                       0.04381981 extendSeeds
Timer: 8                       3.49908763 finishReadOne
Timer: 9                       2.42356726 extendSeeds
Timer: 10                       0.02684540 finishReadOne
Timer: 11                       0.00000000 N/A
Timer: 12                       0.00000000 N/A
Timer: 13                       0.00000000 N/A
Timer: 14                       0.00000000 N/A
Timer: 15                       0.00000000 N/A
Timer: 16                       0.00000000 N/A
Timer: 17                       0.00000000 N/A
Timer: 18                       0.00000000 N/A
Timer: 19                       0.00000000 N/A
Timer: 20                       0.00000000 N/A
Timer: 21                       0.00000000 N/A
Timer: 22                       0.00000000 N/A
Timer: 23                       0.00000000 N/A
Timer: 24                       0.00000000 N/A
Timer: 25                       0.00000000 N/A
Timer: 26                       0.00000000 N/A
Timer: 27                       0.00000000 N/A
Timer: 28                       0.00000000 N/A
Timer: 29                       0.00000000 N/A
Timer: 30                       0.00000000 N/A
Timer: 31                       0.00000000 N/A
Timer: 0                       1.34320652 read
Timer: 1                       3.68138066 mmSeeds+instantiateSeeds
Timer: 2                      40.16000375 searchAllSeeds
Timer: 3                     149.70612952 extendSeeds
Timer: 4                       0.06067870 searchAllSeeds
Timer: 5                       0.32783895 extendSeeds
Timer: 6                       4.55876500 searchAllSeeds
Timer: 7                       0.02809994 extendSeeds
Timer: 8                       3.53510563 finishReadOne
Timer: 9                       2.36582604 finishReadOne
Timer: 10                       0.01399657 finishReadOne
Timer: 11                       0.00000000 N/A
Timer: 12                       0.00000000 N/A
Timer: 13                       0.00000000 N/A
Timer: 14                       0.00000000 N/A
Timer: 15                       0.00000000 N/A
Timer: 16                       0.00000000 N/A
Timer: 17                       0.00000000 N/A
Timer: 18                       0.00000000 N/A
Timer: 19                       0.00000000 N/A
Timer: 20                       0.00000000 N/A
Timer: 21                       0.00000000 N/A
Timer: 22                       0.00000000 N/A
Timer: 23                       0.00000000 N/A
Timer: 24                       0.00000000 N/A
Timer: 25                       0.00000000 N/A
Timer: 26                       0.00000000 N/A
Timer: 27                       0.00000000 N/A
Timer: 28                       0.00000000 N/A
Timer: 29                       0.00000000 N/A
Timer: 30                       0.00000000 N/A
Timer: 31                       0.00000000 N/A
Timer: 0                       1.30001338 read
Timer: 1                       3.64675289 mmSeeds+instantiateSeeds
Timer: 2                      40.20333922 searchAllSeeds
Timer: 3                     149.55871192 extendSeeds
Timer: 4                       0.05717541 searchAllSeeds
Timer: 5                       0.31172776 extendSeeds
Timer: 6                       4.50754300 searchAllSeeds
Timer: 7                       0.03406187 extendSeeds
Timer: 8                       3.62152629 finishReadOne
Timer: 9                       2.41117720 extendSeeds
Timer: 10                       0.01663119 finishReadOne
Timer: 11                       0.00000000 N/A
Timer: 12                       0.00000000 N/A
Timer: 13                       0.00000000 N/A
Timer: 14                       0.00000000 N/A
Timer: 15                       0.00000000 N/A
Timer: 16                       0.00000000 N/A
Timer: 17                       0.00000000 N/A
Timer: 18                       0.00000000 N/A
Timer: 19                       0.00000000 N/A
Timer: 20                       0.00000000 N/A
Timer: 21                       0.00000000 N/A
Timer: 22                       0.00000000 N/A
Timer: 23                       0.00000000 N/A
Timer: 24                       0.00000000 N/A
Timer: 25                       0.00000000 N/A
Timer: 26                       0.00000000 N/A
Timer: 27                       0.00000000 N/A
Timer: 28                       0.00000000 N/A
Timer: 29                       0.00000000 N/A
Timer: 30                       0.00000000 N/A
Timer: 31                       0.00000000 N/A
Timer: 0                       1.37599794 read
Timer: 1                       3.63658716 mmSeeds+instantiateSeeds
Timer: 2                      40.07469673 searchAllSeeds
Timer: 3                     149.85644288 extendSeeds
Timer: 4                       0.06818015 searchAllSeeds
Timer: 5                       0.32762120 extendSeeds
Timer: 6                       4.57429284 searchAllSeeds
Timer: 7                       0.03103838 extendSeeds
Timer: 8                       3.49917979 finishReadOne
Timer: 9                       2.42285199 extendSeeds
Timer: 10                       0.03413002 finishReadOne
Timer: 11                       0.00000000 N/A
Timer: 12                       0.00000000 N/A
Timer: 13                       0.00000000 N/A
Timer: 14                       0.00000000 N/A
Timer: 15                       0.00000000 N/A
Timer: 16                       0.00000000 N/A
Timer: 17                       0.00000000 N/A
Timer: 18                       0.00000000 N/A
Timer: 19                       0.00000000 N/A
Timer: 20                       0.00000000 N/A
Timer: 21                       0.00000000 N/A
Timer: 22                       0.00000000 N/A
Timer: 23                       0.00000000 N/A
Timer: 24                       0.00000000 N/A
Timer: 25                       0.00000000 N/A
Timer: 26                       0.00000000 N/A
Timer: 27                       0.00000000 N/A
Timer: 28                       0.00000000 N/A
Timer: 29                       0.00000000 N/A
Timer: 30                       0.00000000 N/A
Timer: 31                       0.00000000 N/A
Timer: 0                       1.32546846 read
Timer: 1                       3.64588333 mmSeeds+instantiateSeeds
Timer: 2                      40.06383450 searchAllSeeds
Timer: 3                     149.70878438 extendSeeds
Timer: 4                       0.06165520 searchAllSeeds
Timer: 5                       0.31096944 extendSeeds
Timer: 6                       4.62450546 searchAllSeeds
Timer: 7                       0.03394208 extendSeeds
Timer: 8                       3.64231221 finishReadOne
Timer: 9                       2.45627933 extendSeeds
Timer: 10                       0.02329183 finishReadOne
Timer: 11                       0.00000000 N/A
Timer: 12                       0.00000000 N/A
Timer: 13                       0.00000000 N/A
Timer: 14                       0.00000000 N/A
Timer: 15                       0.00000000 N/A
Timer: 16                       0.00000000 N/A
Timer: 17                       0.00000000 N/A
Timer: 18                       0.00000000 N/A
Timer: 19                       0.00000000 N/A
Timer: 20                       0.00000000 N/A
Timer: 21                       0.00000000 N/A
Timer: 22                       0.00000000 N/A
Timer: 23                       0.00000000 N/A
Timer: 24                       0.00000000 N/A
Timer: 25                       0.00000000 N/A
Timer: 26                       0.00000000 N/A
Timer: 27                       0.00000000 N/A
Timer: 28                       0.00000000 N/A
Timer: 29                       0.00000000 N/A
Timer: 30                       0.00000000 N/A
Timer: 31                       0.00000000 N/A
Timer: 0                       1.27513464 read
Timer: 1                       3.63265295 mmSeeds+instantiateSeeds
Timer: 2                      39.98130854 searchAllSeeds
Timer: 3                     149.64385470 extendSeeds
Timer: 4                       0.06055514 searchAllSeeds
Timer: 5                       0.34567349 extendSeeds
Timer: 6                       4.68674690 searchAllSeeds
Timer: 7                       0.03331019 extendSeeds
Timer: 8                       3.54950302 finishReadOne
Timer: 9                       2.44124847 finishReadOne
Timer: 10                       0.02225939 finishReadOne
Timer: 11                       0.00000000 N/A
Timer: 12                       0.00000000 N/A
Timer: 13                       0.00000000 N/A
Timer: 14                       0.00000000 N/A
Timer: 15                       0.00000000 N/A
Timer: 16                       0.00000000 N/A
Timer: 17                       0.00000000 N/A
Timer: 18                       0.00000000 N/A
Timer: 19                       0.00000000 N/A
Timer: 20                       0.00000000 N/A
Timer: 21                       0.00000000 N/A
Timer: 22                       0.00000000 N/A
Timer: 23                       0.00000000 N/A
Timer: 24                       0.00000000 N/A
Timer: 25                       0.00000000 N/A
Timer: 26                       0.00000000 N/A
Timer: 27                       0.00000000 N/A
Timer: 28                       0.00000000 N/A
Timer: 29                       0.00000000 N/A
Timer: 30                       0.00000000 N/A
Timer: 31                       0.00000000 N/A
6548484 reads; of these:
  6548484 (100.00%) were unpaired; of these:
    2516943 (38.44%) aligned 0 times
    3557306 (54.32%) aligned exactly 1 time
    474235 (7.24%) aligned >1 times
61.56% overall alignment rate
8277263 161987954 3715991588

real	3m40.810s
user	55m53.739s
sys	0m36.990s
==============
