b2-011
Architecture:          x86_64
CPU op-mode(s):        32-bit, 64-bit
Byte Order:            Little Endian
CPU(s):                64
On-line CPU(s) list:   0-63
Thread(s) per core:    2
Core(s) per socket:    16
Socket(s):             2
NUMA node(s):          2
Vendor ID:             AuthenticAMD
CPU family:            23
Model:                 49
Model name:            AMD EPYC 7302 16-Core Processor
Stepping:              0
CPU MHz:               1500.000
CPU max MHz:           3000.0000
CPU min MHz:           1500.0000
BogoMIPS:              6000.30
Virtualization:        AMD-V
L1d cache:             32K
L1i cache:             32K
L2 cache:              512K
L3 cache:              16384K
NUMA node0 CPU(s):     0-15,32-47
NUMA node1 CPU(s):     16-31,48-63
Flags:                 fpu vme de pse tsc msr pae mce cx8 apic sep mtrr pge mca cmov pat pse36 clflush mmx fxsr sse sse2 ht syscall nx mmxext fxsr_opt pdpe1gb rdtscp lm constant_tsc art rep_good nopl nonstop_tsc extd_apicid aperfmperf eagerfpu pni pclmulqdq monitor ssse3 fma cx16 sse4_1 sse4_2 movbe popcnt aes xsave avx f16c rdrand lahf_lm cmp_legacy svm extapic cr8_legacy abm sse4a misalignsse 3dnowprefetch osvw ibs skinit wdt tce topoext perfctr_core perfctr_nb bpext perfctr_l2 cpb cat_l3 cdp_l3 hw_pstate sme retpoline_amd ssbd ibrs ibpb stibp vmmcall fsgsbase bmi1 avx2 smep bmi2 cqm rdt_a rdseed adx smap clflushopt clwb sha_ni xsaveopt xsavec xgetbv1 cqm_llc cqm_occup_llc cqm_mbm_total cqm_mbm_local clzero irperf xsaveerptr arat npt lbrv svm_lock nrip_save tsc_scale vmcb_clean flushbyasid decodeassists pausefilter pfthreshold avic v_vmsave_vmload vgif umip overflow_recov succor smca
==============
commit a43fa6f43f54989468a294967898f85b9fe4cefa
Author: Rone Charles <rone_charles@fastmail.com>
Date:   Tue Jan 16 19:01:39 2024 -0500

    Remove whitespace character preventing the removal -lrt from LDLIBS

commit 5da112226f57d68108e9c8d8d155bd0bd7f6c7f7
Author: Rone Charles <rone_charles@fastmail.com>
Date:   Tue Jan 16 11:41:09 2024 -0500

commit a43fa6f43f54989468a294967898f85b9fe4cefa
Author: Rone Charles <rone_charles@fastmail.com>
Date:   Tue Jan 16 19:01:39 2024 -0500

    Remove whitespace character preventing the removal -lrt from LDLIBS

commit 5da112226f57d68108e9c8d8d155bd0bd7f6c7f7
Author: Rone Charles <rone_charles@fastmail.com>
Date:   Tue Jan 16 11:41:09 2024 -0500

==============
93bec2316b6ccd8f3dff56d3234105e5  /qmounts/qiita_data/per_sample_FASTQ/101636//Mousseau88_FIN_373_host_filtered.fastq.gz
#./bowtie2 -p 16 --no-exact-upfront --no-1mm-upfront -x /scratch/qp-woltka/WoLr2/WoLr2 -q /qmounts/qiita_data/per_sample_FASTQ/101636//Mousseau88_FIN_373_host_filtered.fastq.gz --seed 42 --very-sensitive -k 16 --np 1 --mp 1,1 --rdg 0,1 --rfg 0,1 --score-min  L,0,-0.05 --no-head --no-unal |wc
==== CPU 1 ==========
Timer: 0                       1.60998299 read
Timer: 1                       3.29938756 mmSeeds+instantiateSeeds
Timer: 2                      34.82858303 searchAllSeeds
Timer: 3                      87.67380300 extendSeeds
Timer: 4                       0.04810283 searchAllSeeds
Timer: 5                       0.13460586 extendSeeds
Timer: 6                       1.95335490 searchAllSeeds
Timer: 7                       0.01995280 extendSeeds
Timer: 8                       3.17563641 finishReadOne
Timer: 0                       1.62948168 read
Timer: 1                       3.35667976 mmSeeds+instantiateSeeds
Timer: 2                      34.77984006 searchAllSeeds
Timer: 3                      87.89658423 extendSeeds
Timer: 4                       0.04051061 searchAllSeeds
Timer: 5                       0.13598826 extendSeeds
Timer: 6                       1.94499635 searchAllSeeds
Timer: 7                       0.01855980 extendSeeds
Timer: 8                       3.20822286 finishReadOne
Timer: 9                       0.80869208 finishReadOne
Timer: 10                       0.00945063 finishReadOne
Timer: 0                       1.57438243 read
Timer: 1                       3.27606286 mmSeeds+instantiateSeeds
Timer: 2                      34.92569417 searchAllSeeds
Timer: 3                      87.67331285 extendSeeds
Timer: 4                       0.04589611 searchAllSeeds
Timer: 9                       0.83876953 extendSeeds
Timer: 10                       0.00622573 finishReadOne
Timer: 11                       0.00000000 N/A
Timer: 12                       0.00000000 N/A
Timer: 11                       0.00000000 N/A
Timer: 12                       0.00000000 N/A
Timer: 13                       0.00000000 N/A
Timer: 14                       0.00000000 N/A
Timer: 15                       0.00000000 N/A
Timer: 5                       0.12832416 extendSeeds
Timer: 13                       0.00000000 N/A
Timer: 16                       0.00000000 N/A
Timer: 6                       1.92252785 searchAllSeeds
Timer: 14                       0.00000000 N/A
Timer: 17                       0.00000000 N/A
Timer: 7                       0.01851763 extendSeeds
Timer: 15                       0.00000000 N/A
Timer: 18                       0.00000000 N/A
Timer: 8                       3.26398515 finishReadOne
Timer: 19                       0.00000000 N/A
Timer: 16                       0.00000000 N/A
Timer: 20                       0.00000000 N/A
Timer: 9                       0.77863954 finishReadOne
Timer: 21                       0.00000000 N/A
Timer: 17                       0.00000000 N/A
Timer: 10                       0.00898903 finishReadOne
Timer: 22                       0.00000000 N/A
Timer: 18                       0.00000000 N/A
Timer: 11                       0.00000000 N/A
Timer: 23                       0.00000000 N/A
Timer: 19                       0.00000000 N/A
Timer: 12                       0.00000000 N/A
Timer: 24                       0.00000000 N/A
Timer: 20                       0.00000000 N/A
Timer: 13                       0.00000000 N/A
Timer: 25                       0.00000000 N/A
Timer: 21                       0.00000000 N/A
Timer: 14                       0.00000000 N/A
Timer: 26                       0.00000000 N/A
Timer: 22                       0.00000000 N/A
Timer: 15                       0.00000000 N/A
Timer: 27                       0.00000000 N/A
Timer: 23                       0.00000000 N/A
Timer: 24                       0.00000000 N/A
Timer: 16                       0.00000000 N/A
Timer: 28                       0.00000000 N/A
Timer: 17                       0.00000000 N/A
Timer: 25                       0.00000000 N/A
Timer: 29                       0.00000000 N/A
Timer: 18                       0.00000000 N/A
Timer: 26                       0.00000000 N/A
Timer: 30                       0.00000000 N/A
Timer: 19                       0.00000000 N/A
Timer: 27                       0.00000000 N/A
Timer: 31                       0.00000000 N/A
Timer: 20                       0.00000000 N/A
Timer: 21                       0.00000000 N/A
Timer: 22                       0.00000000 N/A
Timer: 23                       0.00000000 N/A
Timer: 24                       0.00000000 N/A
Timer: 25                       0.00000000 N/A
Timer: 26                       0.00000000 N/A
Timer: 27                       0.00000000 N/A
Timer: 28                       0.00000000 N/A
Timer: 29                       0.00000000 N/A
Timer: 30                       0.00000000 N/A
Timer: 31                       0.00000000 N/A
Timer: 28                       0.00000000 N/A
Timer: 29                       0.00000000 N/A
Timer: 30                       0.00000000 N/A
Timer: 31                       0.00000000 N/A
Timer: 0                       1.64669794 read
Timer: 1                       3.28546319 mmSeeds+instantiateSeeds
Timer: 2                      35.11451784 searchAllSeeds
Timer: 3                      87.58533822 extendSeeds
Timer: 4                       0.04021196 searchAllSeeds
Timer: 5                       0.13711658 extendSeeds
Timer: 6                       1.89527433 searchAllSeeds
Timer: 7                       0.01984257 extendSeeds
Timer: 8                       3.31052415 finishReadOne
Timer: 9                       0.80719783 finishReadOne
Timer: 10                       0.00580664 finishReadOne
Timer: 11                       0.00000000 N/A
Timer: 12                       0.00000000 N/A
Timer: 13                       0.00000000 N/A
Timer: 14                       0.00000000 N/A
Timer: 15                       0.00000000 N/A
Timer: 16                       0.00000000 N/A
Timer: 17                       0.00000000 N/A
Timer: 18                       0.00000000 N/A
Timer: 19                       0.00000000 N/A
Timer: 20                       0.00000000 N/A
Timer: 21                       0.00000000 N/A
Timer: 22                       0.00000000 N/A
Timer: 23                       0.00000000 N/A
Timer: 24                       0.00000000 N/A
Timer: 25                       0.00000000 N/A
Timer: 26                       0.00000000 N/A
Timer: 27                       0.00000000 N/A
Timer: 28                       0.00000000 N/A
Timer: 29                       0.00000000 N/A
Timer: 30                       0.00000000 N/A
Timer: 31                       0.00000000 N/A
Timer: 0                       1.64412950 read
Timer: 1                       3.31921890 mmSeeds+instantiateSeeds
Timer: 2                      34.63340660 searchAllSeeds
Timer: 3                      87.78242649 extendSeeds
Timer: 4                       0.04370133 searchAllSeeds
Timer: 5                       0.14159239 extendSeeds
Timer: 6                       2.03759524 searchAllSeeds
Timer: 7                       0.01892803 extendSeeds
Timer: 8                       3.25753671 finishReadOne
Timer: 9                       0.84787527 extendSeeds
Timer: 10                       0.01211768 finishReadOne
Timer: 11                       0.00000000 N/A
Timer: 12                       0.00000000 N/A
Timer: 13                       0.00000000 N/A
Timer: 14                       0.00000000 N/A
Timer: 15                       0.00000000 N/A
Timer: 16                       0.00000000 N/A
Timer: 17                       0.00000000 N/A
Timer: 18                       0.00000000 N/A
Timer: 19                       0.00000000 N/A
Timer: 20                       0.00000000 N/A
Timer: 21                       0.00000000 N/A
Timer: 22                       0.00000000 N/A
Timer: 23                       0.00000000 N/A
Timer: 24                       0.00000000 N/A
Timer: 25                       0.00000000 N/A
Timer: 26                       0.00000000 N/A
Timer: 27                       0.00000000 N/A
Timer: 28                       0.00000000 N/A
Timer: 29                       0.00000000 N/A
Timer: 30                       0.00000000 N/A
Timer: 31                       0.00000000 N/A
Timer: 0                       1.62021497 read
Timer: 1                       3.23368728 mmSeeds+instantiateSeeds
Timer: 2                      35.00567636 searchAllSeeds
Timer: 3                      87.54493613 extendSeeds
Timer: 4                       0.04448343 searchAllSeeds
Timer: 5                       0.13182538 extendSeeds
Timer: 6                       1.92303612 searchAllSeeds
Timer: 7                       0.01891222 extendSeeds
Timer: 8                       3.28664210 finishReadOne
Timer: 9                       0.78647675 finishReadOne
Timer: 10                       0.01321069 finishReadOne
Timer: 11                       0.00000000 N/A
Timer: 12                       0.00000000 N/A
Timer: 13                       0.00000000 N/A
Timer: 14                       0.00000000 N/A
Timer: 15                       0.00000000 N/A
Timer: 16                       0.00000000 N/A
Timer: 17                       0.00000000 N/A
Timer: 18                       0.00000000 N/A
Timer: 19                       0.00000000 N/A
Timer: 20                       0.00000000 N/A
Timer: 21                       0.00000000 N/A
Timer: 22                       0.00000000 N/A
Timer: 23                       0.00000000 N/A
Timer: 24                       0.00000000 N/A
Timer: 25                       0.00000000 N/A
Timer: 26                       0.00000000 N/A
Timer: 27                       0.00000000 N/A
Timer: 28                       0.00000000 N/A
Timer: 0                       1.64249941 read
Timer: 1                       3.32514745 mmSeeds+instantiateSeeds
Timer: 2                      34.95047086 searchAllSeeds
Timer: 3                      87.79256639 extendSeeds
Timer: 4                       0.04028032 searchAllSeeds
Timer: 5                       0.14890748 extendSeeds
Timer: 6                       1.87630502 searchAllSeeds
Timer: 29                       0.00000000 N/A
Timer: 30                       0.00000000 N/A
Timer: 31                       0.00000000 N/A
Timer: 0                       1.60377093 read
Timer: 1                       3.29285404 mmSeeds+instantiateSeeds
Timer: 2                      34.92800868 searchAllSeeds
Timer: 3                      87.55334435 extendSeeds
Timer: 4                       0.03979599 searchAllSeeds
Timer: 5                       0.13905323 extendSeeds
Timer: 6                       2.05324506 searchAllSeeds
Timer: 7                       0.01896738 extendSeeds
Timer: 8                       3.24596856 finishReadOne
Timer: 9                       0.87587827 extendSeeds
Timer: 10                       0.02218466 finishReadOne
Timer: 11                       0.00000000 N/A
Timer: 12                       0.00000000 N/A
Timer: 13                       0.00000000 N/A
Timer: 14                       0.00000000 N/A
Timer: 15                       0.00000000 N/A
Timer: 16                       0.00000000 N/A
Timer: 17                       0.00000000 N/A
Timer: 18                       0.00000000 N/A
Timer: 19                       0.00000000 N/A
Timer: 20                       0.00000000 N/A
Timer: 21                       0.00000000 N/A
Timer: 22                       0.00000000 N/A
Timer: 23                       0.00000000 N/A
Timer: 24                       0.00000000 N/A
Timer: 25                       0.00000000 N/A
Timer: 26                       0.00000000 N/A
Timer: 27                       0.00000000 N/A
Timer: 28                       0.00000000 N/A
Timer: 29                       0.00000000 N/A
Timer: 30                       0.00000000 N/A
Timer: 31                       0.00000000 N/A
Timer: 0                       1.61211554 read
Timer: 1                       3.24584640 mmSeeds+instantiateSeeds
Timer: 2                      35.03330464 searchAllSeeds
Timer: 3                      87.79489948 extendSeeds
Timer: 4                       0.03967811 searchAllSeeds
Timer: 0                       1.61212686 read
Timer: 1                       3.25123401 mmSeeds+instantiateSeeds
Timer: 2                      35.04868058 searchAllSeeds
Timer: 3                      87.75232012 extendSeeds
Timer: 5                       0.14526645 extendSeeds
Timer: 6                       1.94539202 searchAllSeeds
Timer: 4                       0.04007814 searchAllSeeds
Timer: 5                       0.13821341 extendSeeds
Timer: 6                       1.86124373 searchAllSeeds
Timer: 7                       0.01886830 extendSeeds
Timer: 7                       0.01862762 extendSeeds
Timer: 8                       3.19395642 finishReadOne
Timer: 8                       3.34593158 finishReadOne
Timer: 9                       0.78488479 finishReadOne
Timer: 10                       0.01025708 finishReadOne
Timer: 11                       0.00000000 N/A
Timer: 9                       0.77890263 extendSeeds
Timer: 10                       0.00544672 finishReadOne
Timer: 11                       0.00000000 N/A
Timer: 12                       0.00000000 N/A
Timer: 13                       0.00000000 N/A
Timer: 12                       0.00000000 N/A
Timer: 0                       1.62487529 read
Timer: 1                       3.34501788 mmSeeds+instantiateSeeds
Timer: 2                      34.90528552 searchAllSeeds
Timer: 3                      87.50722809 extendSeeds
Timer: 13                       0.00000000 N/A
Timer: 14                       0.00000000 N/A
Timer: 14                       0.00000000 N/A
Timer: 15                       0.00000000 N/A
Timer: 16                       0.00000000 N/A
Timer: 17                       0.00000000 N/A
Timer: 18                       0.00000000 N/A
Timer: 15                       0.00000000 N/A
Timer: 16                       0.00000000 N/A
Timer: 17                       0.00000000 N/A
Timer: 18                       0.00000000 N/A
Timer: 19                       0.00000000 N/A
Timer: 20                       0.00000000 N/A
Timer: 4                       0.04388641 searchAllSeeds
Timer: 5                       0.14439459 extendSeeds
Timer: 6                       2.09110180 searchAllSeeds
Timer: 7                       0.01937424 extendSeeds
Timer: 8                       3.21373992 finishReadOne
Timer: 21                       0.00000000 N/A
Timer: 22                       0.00000000 N/A
Timer: 23                       0.00000000 N/A
Timer: 24                       0.00000000 N/A
Timer: 25                       0.00000000 N/A
Timer: 26                       0.00000000 N/A
Timer: 27                       0.00000000 N/A
Timer: 28                       0.00000000 N/A
Timer: 9                       0.84559069 finishReadOne
Timer: 19                       0.00000000 N/A
Timer: 20                       0.00000000 N/A
Timer: 10                       0.00806538 finishReadOne
Timer: 29                       0.00000000 N/A
Timer: 21                       0.00000000 N/A
Timer: 22                       0.00000000 N/A
Timer: 11                       0.00000000 N/A
Timer: 12                       0.00000000 N/A
Timer: 13                       0.00000000 N/A
Timer: 14                       0.00000000 N/A
Timer: 15                       0.00000000 N/A
Timer: 16                       0.00000000 N/A
Timer: 30                       0.00000000 N/A
Timer: 17                       0.00000000 N/A
Timer: 23                       0.00000000 N/A
Timer: 31                       0.00000000 N/A
Timer: 24                       0.00000000 N/A
Timer: 25                       0.00000000 N/A
Timer: 26                       0.00000000 N/A
Timer: 27                       0.00000000 N/A
Timer: 28                       0.00000000 N/A
Timer: 18                       0.00000000 N/A
Timer: 19                       0.00000000 N/A
Timer: 20                       0.00000000 N/A
Timer: 21                       0.00000000 N/A
Timer: 22                       0.00000000 N/A
Timer: 23                       0.00000000 N/A
Timer: 29                       0.00000000 N/A
Timer: 30                       0.00000000 N/A
Timer: 31                       0.00000000 N/A
Timer: 24                       0.00000000 N/A
Timer: 25                       0.00000000 N/A
Timer: 26                       0.00000000 N/A
Timer: 27                       0.00000000 N/A
Timer: 28                       0.00000000 N/A
Timer: 29                       0.00000000 N/A
Timer: 30                       0.00000000 N/A
Timer: 31                       0.00000000 N/A
Timer: 0                       1.62798047 read
Timer: 1                       3.33754840 mmSeeds+instantiateSeeds
Timer: 2                      34.81251520 searchAllSeeds
Timer: 3                      87.58177030 extendSeeds
Timer: 4                       0.04213497 searchAllSeeds
Timer: 5                       0.14527871 extendSeeds
Timer: 6                       2.09134425 searchAllSeeds
Timer: 7                       0.01911019 extendSeeds
Timer: 8                       3.26725143 finishReadOne
Timer: 9                       0.88876978 finishReadOne
Timer: 10                       0.01073535 finishReadOne
Timer: 11                       0.00000000 N/A
Timer: 12                       0.00000000 N/A
Timer: 13                       0.00000000 N/A
Timer: 14                       0.00000000 N/A
Timer: 15                       0.00000000 N/A
Timer: 16                       0.00000000 N/A
Timer: 17                       0.00000000 N/A
Timer: 18                       0.00000000 N/A
Timer: 19                       0.00000000 N/A
Timer: 20                       0.00000000 N/A
Timer: 21                       0.00000000 N/A
Timer: 22                       0.00000000 N/A
Timer: 23                       0.00000000 N/A
Timer: 24                       0.00000000 N/A
Timer: 25                       0.00000000 N/A
Timer: 26                       0.00000000 N/A
Timer: 27                       0.00000000 N/A
Timer: 28                       0.00000000 N/A
Timer: 29                       0.00000000 N/A
Timer: 30                       0.00000000 N/A
Timer: 31                       0.00000000 N/A
Timer: 0                       1.61610179 read
Timer: 1                       3.29761213 mmSeeds+instantiateSeeds
Timer: 2                      34.84081679 searchAllSeeds
Timer: 3                      87.88337200 extendSeeds
Timer: 4                       0.04022966 searchAllSeeds
Timer: 5                       0.13310829 extendSeeds
Timer: 6                       1.88568238 searchAllSeeds
Timer: 7                       0.01843164 extendSeeds
Timer: 8                       3.23655092 finishReadOne
Timer: 9                       0.78706606 extendSeeds
Timer: 10                       0.00568494 finishReadOne
Timer: 11                       0.00000000 N/A
Timer: 12                       0.00000000 N/A
Timer: 13                       0.00000000 N/A
Timer: 14                       0.00000000 N/A
Timer: 15                       0.00000000 N/A
Timer: 16                       0.00000000 N/A
Timer: 17                       0.00000000 N/A
Timer: 18                       0.00000000 N/A
Timer: 19                       0.00000000 N/A
Timer: 20                       0.00000000 N/A
Timer: 21                       0.00000000 N/A
Timer: 22                       0.00000000 N/A
Timer: 23                       0.00000000 N/A
Timer: 24                       0.00000000 N/A
Timer: 25                       0.00000000 N/A
Timer: 26                       0.00000000 N/A
Timer: 27                       0.00000000 N/A
Timer: 28                       0.00000000 N/A
Timer: 29                       0.00000000 N/A
Timer: 30                       0.00000000 N/A
Timer: 31                       0.00000000 N/A
Timer: 0                       1.59934457 read
Timer: 1                       3.28177431 mmSeeds+instantiateSeeds
Timer: 2                      34.80007962 searchAllSeeds
Timer: 3                      87.70773748 extendSeeds
Timer: 4                       0.04552668 searchAllSeeds
Timer: 5                       0.12927858 extendSeeds
Timer: 6                       2.03240559 searchAllSeeds
Timer: 7                       0.02317511 extendSeeds
Timer: 8                       3.26529234 finishReadOne
Timer: 9                       0.79689048 extendSeeds
Timer: 10                       0.01388767 finishReadOne
Timer: 11                       0.00000000 N/A
Timer: 12                       0.00000000 N/A
Timer: 13                       0.00000000 N/A
Timer: 14                       0.00000000 N/A
Timer: 15                       0.00000000 N/A
Timer: 16                       0.00000000 N/A
Timer: 17                       0.00000000 N/A
Timer: 18                       0.00000000 N/A
Timer: 19                       0.00000000 N/A
Timer: 20                       0.00000000 N/A
Timer: 21                       0.00000000 N/A
Timer: 22                       0.00000000 N/A
Timer: 23                       0.00000000 N/A
Timer: 24                       0.00000000 N/A
Timer: 25                       0.00000000 N/A
Timer: 26                       0.00000000 N/A
Timer: 27                       0.00000000 N/A
Timer: 28                       0.00000000 N/A
Timer: 29                       0.00000000 N/A
Timer: 30                       0.00000000 N/A
Timer: 31                       0.00000000 N/A
Timer: 7                       0.02726740 extendSeeds
Timer: 8                       3.24960489 finishReadOne
Timer: 9                       0.78595073 finishReadOne
Timer: 10                       0.00542795 finishReadOne
Timer: 11                       0.00000000 N/A
Timer: 12                       0.00000000 N/A
Timer: 13                       0.00000000 N/A
Timer: 14                       0.00000000 N/A
Timer: 15                       0.00000000 N/A
Timer: 16                       0.00000000 N/A
Timer: 17                       0.00000000 N/A
Timer: 18                       0.00000000 N/A
Timer: 19                       0.00000000 N/A
Timer: 20                       0.00000000 N/A
Timer: 21                       0.00000000 N/A
Timer: 22                       0.00000000 N/A
Timer: 23                       0.00000000 N/A
Timer: 24                       0.00000000 N/A
Timer: 25                       0.00000000 N/A
Timer: 26                       0.00000000 N/A
Timer: 27                       0.00000000 N/A
Timer: 28                       0.00000000 N/A
Timer: 29                       0.00000000 N/A
Timer: 30                       0.00000000 N/A
Timer: 31                       0.00000000 N/A
Timer: 0                       1.62786139 read
Timer: 1                       3.26266560 mmSeeds+instantiateSeeds
Timer: 2                      35.02766782 searchAllSeeds
Timer: 3                      87.68789305 extendSeeds
Timer: 4                       0.04143971 searchAllSeeds
Timer: 5                       0.13241549 extendSeeds
Timer: 6                       2.02940963 searchAllSeeds
Timer: 7                       0.02100698 extendSeeds
Timer: 8                       3.18886375 finishReadOne
Timer: 9                       0.77067096 finishReadOne
Timer: 10                       0.00758741 finishReadOne
Timer: 11                       0.00000000 N/A
Timer: 12                       0.00000000 N/A
Timer: 13                       0.00000000 N/A
Timer: 14                       0.00000000 N/A
Timer: 15                       0.00000000 N/A
Timer: 16                       0.00000000 N/A
Timer: 17                       0.00000000 N/A
Timer: 18                       0.00000000 N/A
Timer: 19                       0.00000000 N/A
Timer: 20                       0.00000000 N/A
Timer: 21                       0.00000000 N/A
Timer: 22                       0.00000000 N/A
Timer: 23                       0.00000000 N/A
Timer: 24                       0.00000000 N/A
Timer: 25                       0.00000000 N/A
Timer: 26                       0.00000000 N/A
Timer: 27                       0.00000000 N/A
Timer: 28                       0.00000000 N/A
Timer: 29                       0.00000000 N/A
Timer: 30                       0.00000000 N/A
Timer: 31                       0.00000000 N/A
Timer: 0                       1.61660279 read
Timer: 1                       3.34497878 mmSeeds+instantiateSeeds
Timer: 2                      34.92294955 searchAllSeeds
Timer: 3                      87.61087137 extendSeeds
Timer: 4                       0.04170642 searchAllSeeds
Timer: 5                       0.14245523 extendSeeds
Timer: 6                       1.99163044 searchAllSeeds
Timer: 7                       0.01908924 extendSeeds
Timer: 8                       3.16203269 finishReadOne
Timer: 9                       0.78190110 finishReadOne
Timer: 10                       0.02315550 finishReadOne
Timer: 11                       0.00000000 N/A
Timer: 12                       0.00000000 N/A
Timer: 13                       0.00000000 N/A
Timer: 14                       0.00000000 N/A
Timer: 15                       0.00000000 N/A
Timer: 16                       0.00000000 N/A
Timer: 17                       0.00000000 N/A
Timer: 18                       0.00000000 N/A
Timer: 19                       0.00000000 N/A
Timer: 20                       0.00000000 N/A
Timer: 21                       0.00000000 N/A
Timer: 22                       0.00000000 N/A
Timer: 23                       0.00000000 N/A
Timer: 24                       0.00000000 N/A
Timer: 25                       0.00000000 N/A
Timer: 26                       0.00000000 N/A
Timer: 27                       0.00000000 N/A
Timer: 28                       0.00000000 N/A
Timer: 29                       0.00000000 N/A
Timer: 30                       0.00000000 N/A
Timer: 31                       0.00000000 N/A
6130362 reads; of these:
  6130362 (100.00%) were unpaired; of these:
    6072475 (99.06%) aligned 0 times
    38540 (0.63%) aligned exactly 1 time
    19347 (0.32%) aligned >1 times
0.94% overall alignment rate
 196596 3893380 89303738

real	2m34.405s
user	34m12.773s
sys	1m52.218s
==== CPU 2 ==========
Timer: 0                       1.19253525 read
Timer: 1                       3.34211193 mmSeeds+instantiateSeeds
Timer: 2                      34.98285131 searchAllSeeds
Timer: 3                      81.01772317 extendSeeds
Timer: 4                       0.04430280 searchAllSeeds
Timer: 5                       0.13508300 extendSeeds
Timer: 6                       1.88128732 searchAllSeeds
Timer: 7                       0.01837840 extendSeeds
Timer: 8                       2.32063120 finishReadOne
Timer: 9                       0.73089978 extendSeeds
Timer: 10                       0.00639453 finishReadOne
Timer: 11                       0.00000000 N/A
Timer: 12                       0.00000000 N/A
Timer: 13                       0.00000000 N/A
Timer: 14                       0.00000000 N/A
Timer: 15                       0.00000000 N/A
Timer: 16                       0.00000000 N/A
Timer: 17                       0.00000000 N/A
Timer: 18                       0.00000000 N/A
Timer: 19                       0.00000000 N/A
Timer: 20                       0.00000000 N/A
Timer: 21                       0.00000000 N/A
Timer: 22                       0.00000000 N/A
Timer: 23                       0.00000000 N/A
Timer: 24                       0.00000000 N/A
Timer: 25                       0.00000000 N/A
Timer: 26                       0.00000000 N/A
Timer: 27                       0.00000000 N/A
Timer: 28                       0.00000000 N/A
Timer: 29                       0.00000000 N/A
Timer: 30                       0.00000000 N/A
Timer: 31                       0.00000000 N/A
Timer: 0                       1.20773460 read
Timer: 1                       3.27580642 mmSeeds+instantiateSeeds
Timer: 2                      35.56208358 searchAllSeeds
Timer: 3                      80.26636542 extendSeeds
Timer: 0                       1.24568970 read
Timer: 1                       3.25916036 mmSeeds+instantiateSeeds
Timer: 2                      34.86091165 searchAllSeeds
Timer: 3                      80.74083376 extendSeeds
Timer: 4                       0.04849624 searchAllSeeds
Timer: 5                       0.13102640 extendSeeds
Timer: 6                       1.91746112 searchAllSeeds
Timer: 7                       0.02305106 extendSeeds
Timer: 8                       2.37822906 finishReadOne
Timer: 9                       0.85107046 extendSeeds
Timer: 10                       0.00920928 finishReadOne
Timer: 11                       0.00000000 N/A
Timer: 12                       0.00000000 N/A
Timer: 13                       0.00000000 N/A
Timer: 14                       0.00000000 N/A
Timer: 15                       0.00000000 N/A
Timer: 16                       0.00000000 N/A
Timer: 17                       0.00000000 N/A
Timer: 18                       0.00000000 N/A
Timer: 19                       0.00000000 N/A
Timer: 20                       0.00000000 N/A
Timer: 21                       0.00000000 N/A
Timer: 22                       0.00000000 N/A
Timer: 23                       0.00000000 N/A
Timer: 24                       0.00000000 N/A
Timer: 25                       0.00000000 N/A
Timer: 26                       0.00000000 N/A
Timer: 27                       0.00000000 N/A
Timer: 28                       0.00000000 N/A
Timer: 29                       0.00000000 N/A
Timer: 30                       0.00000000 N/A
Timer: 31                       0.00000000 N/A
Timer: 0                       1.22180288 read
Timer: 1                       3.33438004 mmSeeds+instantiateSeeds
Timer: 2                      34.44499730 searchAllSeeds
Timer: 3                      81.14847686 extendSeeds
Timer: 4                       0.03904739 searchAllSeeds
Timer: 5                       0.15317051 extendSeeds
Timer: 6                       1.97395255 searchAllSeeds
Timer: 7                       0.02187083 extendSeeds
Timer: 8                       2.39042467 finishReadOne
Timer: 9                       0.82415727 finishReadOne
Timer: 10                       0.00903394 finishReadOne
Timer: 11                       0.00000000 N/A
Timer: 12                       0.00000000 N/A
Timer: 13                       0.00000000 N/A
Timer: 14                       0.00000000 N/A
Timer: 15                       0.00000000 N/A
Timer: 16                       0.00000000 N/A
Timer: 17                       0.00000000 N/A
Timer: 18                       0.00000000 N/A
Timer: 19                       0.00000000 N/A
Timer: 20                       0.00000000 N/A
Timer: 21                       0.00000000 N/A
Timer: 22                       0.00000000 N/A
Timer: 23                       0.00000000 N/A
Timer: 24                       0.00000000 N/A
Timer: 25                       0.00000000 N/A
Timer: 26                       0.00000000 N/A
Timer: 27                       0.00000000 N/A
Timer: 28                       0.00000000 N/A
Timer: 29                       0.00000000 N/A
Timer: 30                       0.00000000 N/A
Timer: 31                       0.00000000 N/A
Timer: 0                       1.22249931 read
Timer: 1                       3.27061549 mmSeeds+instantiateSeeds
Timer: 2                      34.87071765 searchAllSeeds
Timer: 3                      81.09298304 extendSeeds
Timer: 4                       0.03822777 searchAllSeeds
Timer: 5                       0.13327384 extendSeeds
Timer: 6                       1.86056239 searchAllSeeds
Timer: 7                       0.01827935 extendSeeds
Timer: 8                       2.34749451 finishReadOne
Timer: 9                       0.77203094 finishReadOne
Timer: 10                       0.00646981 finishReadOne
Timer: 0                       1.24300789 read
Timer: 1                       3.26341452 mmSeeds+instantiateSeeds
Timer: 2                      34.88139922 searchAllSeeds
Timer: 3                      81.24732301 extendSeeds
Timer: 4                       0.03703811 searchAllSeeds
Timer: 5                       0.13753682 extendSeeds
Timer: 6                       1.75485020 searchAllSeeds
Timer: 11                       0.00000000 N/A
Timer: 0                       1.23504235 read
Timer: 1                       3.27864046 mmSeeds+instantiateSeeds
Timer: 2                      34.61906063 searchAllSeeds
Timer: 3                      81.17505472 extendSeeds
Timer: 4                       0.04233203 searchAllSeeds
Timer: 5                       0.13777007 extendSeeds
Timer: 6                       2.02632303 searchAllSeeds
Timer: 7                       0.01943854 extendSeeds
Timer: 8                       2.31422726 finishReadOne
Timer: 9                       0.82580828 extendSeeds
Timer: 10                       0.00766680 finishReadOne
Timer: 11                       0.00000000 N/A
Timer: 12                       0.00000000 N/A
Timer: 12                       0.00000000 N/A
Timer: 7                       0.01893162 extendSeeds
Timer: 8                       2.43998465 finishReadOne
Timer: 9                       0.71716511 extendSeeds
Timer: 10                       0.00667943 finishReadOne
Timer: 11                       0.00000000 N/A
Timer: 12                       0.00000000 N/A
Timer: 13                       0.00000000 N/A
Timer: 14                       0.00000000 N/A
Timer: 15                       0.00000000 N/A
Timer: 16                       0.00000000 N/A
Timer: 17                       0.00000000 N/A
Timer: 18                       0.00000000 N/A
Timer: 19                       0.00000000 N/A
Timer: 20                       0.00000000 N/A
Timer: 21                       0.00000000 N/A
Timer: 13                       0.00000000 N/A
Timer: 13                       0.00000000 N/A
Timer: 14                       0.00000000 N/A
Timer: 15                       0.00000000 N/A
Timer: 16                       0.00000000 N/A
Timer: 17                       0.00000000 N/A
Timer: 18                       0.00000000 N/A
Timer: 19                       0.00000000 N/A
Timer: 14                       0.00000000 N/A
Timer: 4                       0.04183081 searchAllSeeds
Timer: 15                       0.00000000 N/A
Timer: 22                       0.00000000 N/A
Timer: 5                       0.13550830 extendSeeds
Timer: 20                       0.00000000 N/A
Timer: 21                       0.00000000 N/A
Timer: 16                       0.00000000 N/A
Timer: 23                       0.00000000 N/A
Timer: 17                       0.00000000 N/A
Timer: 18                       0.00000000 N/A
Timer: 6                       1.91820691 searchAllSeeds
Timer: 19                       0.00000000 N/A
Timer: 7                       0.01877654 extendSeeds
Timer: 24                       0.00000000 N/A
Timer: 8                       2.35351962 finishReadOne
Timer: 9                       0.77133240 extendSeeds
Timer: 20                       0.00000000 N/A
Timer: 21                       0.00000000 N/A
Timer: 25                       0.00000000 N/A
Timer: 22                       0.00000000 N/A
Timer: 10                       0.00888737 finishReadOne
Timer: 11                       0.00000000 N/A
Timer: 12                       0.00000000 N/A
Timer: 26                       0.00000000 N/A
Timer: 27                       0.00000000 N/A
Timer: 28                       0.00000000 N/A
Timer: 29                       0.00000000 N/A
Timer: 30                       0.00000000 N/A
Timer: 22                       0.00000000 N/A
Timer: 31                       0.00000000 N/A
Timer: 23                       0.00000000 N/A
Timer: 13                       0.00000000 N/A
Timer: 24                       0.00000000 N/A
Timer: 23                       0.00000000 N/A
Timer: 14                       0.00000000 N/A
Timer: 15                       0.00000000 N/A
Timer: 24                       0.00000000 N/A
Timer: 25                       0.00000000 N/A
Timer: 25                       0.00000000 N/A
Timer: 26                       0.00000000 N/A
Timer: 16                       0.00000000 N/A
Timer: 17                       0.00000000 N/A
Timer: 18                       0.00000000 N/A
Timer: 19                       0.00000000 N/A
Timer: 20                       0.00000000 N/A
Timer: 26                       0.00000000 N/A
Timer: 27                       0.00000000 N/A
Timer: 28                       0.00000000 N/A
Timer: 21                       0.00000000 N/A
Timer: 29                       0.00000000 N/A
Timer: 30                       0.00000000 N/A
Timer: 22                       0.00000000 N/A
Timer: 23                       0.00000000 N/A
Timer: 24                       0.00000000 N/A
Timer: 25                       0.00000000 N/A
Timer: 26                       0.00000000 N/A
Timer: 27                       0.00000000 N/A
Timer: 28                       0.00000000 N/A
Timer: 29                       0.00000000 N/A
Timer: 30                       0.00000000 N/A
Timer: 31                       0.00000000 N/A
Timer: 31                       0.00000000 N/A
Timer: 27                       0.00000000 N/A
Timer: 28                       0.00000000 N/A
Timer: 29                       0.00000000 N/A
Timer: 30                       0.00000000 N/A
Timer: 31                       0.00000000 N/A
Timer: 0                       1.19861829 read
Timer: 1                       3.28407899 mmSeeds+instantiateSeeds
Timer: 2                      34.81365274 searchAllSeeds
Timer: 3                      81.05853104 extendSeeds
Timer: 4                       0.03839390 searchAllSeeds
Timer: 0                       1.21917181 read
Timer: 1                       3.20065889 mmSeeds+instantiateSeeds
Timer: 2                      35.13741176 searchAllSeeds
Timer: 3                      81.08611482 extendSeeds
Timer: 4                       0.03859752 searchAllSeeds
Timer: 5                       0.12511173 extendSeeds
Timer: 6                       1.77235357 searchAllSeeds
Timer: 7                       0.01888028 extendSeeds
Timer: 8                       2.42827480 finishReadOne
Timer: 5                       0.13595231 extendSeeds
Timer: 6                       1.89050555 searchAllSeeds
Timer: 7                       0.01877719 extendSeeds
Timer: 8                       2.31400891 finishReadOne
Timer: 9                       0.82532121 finishReadOne
Timer: 10                       0.00937114 finishReadOne
Timer: 11                       0.00000000 N/A
Timer: 12                       0.00000000 N/A
Timer: 9                       0.68827670 extendSeeds
Timer: 10                       0.00820788 finishReadOne
Timer: 11                       0.00000000 N/A
Timer: 12                       0.00000000 N/A
Timer: 13                       0.00000000 N/A
Timer: 14                       0.00000000 N/A
Timer: 13                       0.00000000 N/A
Timer: 14                       0.00000000 N/A
Timer: 15                       0.00000000 N/A
Timer: 16                       0.00000000 N/A
Timer: 17                       0.00000000 N/A
Timer: 18                       0.00000000 N/A
Timer: 15                       0.00000000 N/A
Timer: 16                       0.00000000 N/A
Timer: 17                       0.00000000 N/A
Timer: 18                       0.00000000 N/A
Timer: 19                       0.00000000 N/A
Timer: 19                       0.00000000 N/A
Timer: 20                       0.00000000 N/A
Timer: 21                       0.00000000 N/A
Timer: 22                       0.00000000 N/A
Timer: 23                       0.00000000 N/A
Timer: 20                       0.00000000 N/A
Timer: 21                       0.00000000 N/A
Timer: 22                       0.00000000 N/A
Timer: 23                       0.00000000 N/A
Timer: 24                       0.00000000 N/A
Timer: 24                       0.00000000 N/A
Timer: 25                       0.00000000 N/A
Timer: 26                       0.00000000 N/A
Timer: 27                       0.00000000 N/A
Timer: 28                       0.00000000 N/A
Timer: 29                       0.00000000 N/A
Timer: 25                       0.00000000 N/A
Timer: 26                       0.00000000 N/A
Timer: 27                       0.00000000 N/A
Timer: 28                       0.00000000 N/A
Timer: 29                       0.00000000 N/A
Timer: 30                       0.00000000 N/A
Timer: 31                       0.00000000 N/A
Timer: 30                       0.00000000 N/A
Timer: 31                       0.00000000 N/A
Timer: 0                       1.19310256 read
Timer: 1                       3.32684643 mmSeeds+instantiateSeeds
Timer: 2                      34.91043316 searchAllSeeds
Timer: 3                      81.00110652 extendSeeds
Timer: 4                       0.04942056 searchAllSeeds
Timer: 5                       0.13945090 extendSeeds
Timer: 6                       1.87534547 searchAllSeeds
Timer: 7                       0.01891327 extendSeeds
Timer: 8                       2.33670493 finishReadOne
Timer: 9                       0.79258960 finishReadOne
Timer: 10                       0.00681607 finishReadOne
Timer: 11                       0.00000000 N/A
Timer: 12                       0.00000000 N/A
Timer: 13                       0.00000000 N/A
Timer: 14                       0.00000000 N/A
Timer: 15                       0.00000000 N/A
Timer: 16                       0.00000000 N/A
Timer: 17                       0.00000000 N/A
Timer: 18                       0.00000000 N/A
Timer: 19                       0.00000000 N/A
Timer: 20                       0.00000000 N/A
Timer: 21                       0.00000000 N/A
Timer: 22                       0.00000000 N/A
Timer: 23                       0.00000000 N/A
Timer: 24                       0.00000000 N/A
Timer: 25                       0.00000000 N/A
Timer: 26                       0.00000000 N/A
Timer: 27                       0.00000000 N/A
Timer: 28                       0.00000000 N/A
Timer: 29                       0.00000000 N/A
Timer: 30                       0.00000000 N/A
Timer: 31                       0.00000000 N/A
Timer: 0                       1.18434657 read
Timer: 1                       3.27620092 mmSeeds+instantiateSeeds
Timer: 2                      34.67741258 searchAllSeeds
Timer: 3                      81.08971479 extendSeeds
Timer: 4                       0.03861007 searchAllSeeds
Timer: 5                       0.13598035 extendSeeds
Timer: 6                       1.94510879 searchAllSeeds
Timer: 7                       0.01858704 extendSeeds
Timer: 8                       2.38069514 finishReadOne
Timer: 9                       0.79072163 finishReadOne
Timer: 10                       0.00730689 finishReadOne
Timer: 11                       0.00000000 N/A
Timer: 12                       0.00000000 N/A
Timer: 13                       0.00000000 N/A
Timer: 14                       0.00000000 N/A
Timer: 15                       0.00000000 N/A
Timer: 16                       0.00000000 N/A
Timer: 17                       0.00000000 N/A
Timer: 18                       0.00000000 N/A
Timer: 19                       0.00000000 N/A
Timer: 20                       0.00000000 N/A
Timer: 21                       0.00000000 N/A
Timer: 22                       0.00000000 N/A
Timer: 23                       0.00000000 N/A
Timer: 24                       0.00000000 N/A
Timer: 25                       0.00000000 N/A
Timer: 26                       0.00000000 N/A
Timer: 27                       0.00000000 N/A
Timer: 28                       0.00000000 N/A
Timer: 29                       0.00000000 N/A
Timer: 30                       0.00000000 N/A
Timer: 31                       0.00000000 N/A
Timer: 0                       1.19579482 read
Timer: 1                       3.23866669 mmSeeds+instantiateSeeds
Timer: 2                      34.89057784 searchAllSeeds
Timer: 3                      81.09792026 extendSeeds
Timer: 4                       0.03965106 searchAllSeeds
Timer: 5                       0.13834009 extendSeeds
Timer: 6                       1.90278714 searchAllSeeds
Timer: 7                       0.01940942 extendSeeds
Timer: 8                       2.40945010 finishReadOne
Timer: 9                       0.82194344 finishReadOne
Timer: 10                       0.00675929 finishReadOne
Timer: 11                       0.00000000 N/A
Timer: 12                       0.00000000 N/A
Timer: 13                       0.00000000 N/A
Timer: 14                       0.00000000 N/A
Timer: 15                       0.00000000 N/A
Timer: 16                       0.00000000 N/A
Timer: 17                       0.00000000 N/A
Timer: 18                       0.00000000 N/A
Timer: 19                       0.00000000 N/A
Timer: 20                       0.00000000 N/A
Timer: 21                       0.00000000 N/A
Timer: 22                       0.00000000 N/A
Timer: 23                       0.00000000 N/A
Timer: 24                       0.00000000 N/A
Timer: 25                       0.00000000 N/A
Timer: 26                       0.00000000 N/A
Timer: 27                       0.00000000 N/A
Timer: 28                       0.00000000 N/A
Timer: 29                       0.00000000 N/A
Timer: 30                       0.00000000 N/A
Timer: 31                       0.00000000 N/A
Timer: 0                       1.20482646 read
Timer: 1                       3.27318739 mmSeeds+instantiateSeeds
Timer: 2                      34.80023197 searchAllSeeds
Timer: 3                      81.09199347 extendSeeds
Timer: 4                       0.04282375 searchAllSeeds
Timer: 5                       0.15277039 extendSeeds
Timer: 6                       1.99266626 searchAllSeeds
Timer: 7                       0.02423924 extendSeeds
Timer: 8                       2.30540953 finishReadOne
Timer: 9                       0.81933578 finishReadOne
Timer: 10                       0.01398024 finishReadOne
Timer: 11                       0.00000000 N/A
Timer: 12                       0.00000000 N/A
Timer: 13                       0.00000000 N/A
Timer: 14                       0.00000000 N/A
Timer: 15                       0.00000000 N/A
Timer: 16                       0.00000000 N/A
Timer: 17                       0.00000000 N/A
Timer: 18                       0.00000000 N/A
Timer: 19                       0.00000000 N/A
Timer: 20                       0.00000000 N/A
Timer: 21                       0.00000000 N/A
Timer: 22                       0.00000000 N/A
Timer: 23                       0.00000000 N/A
Timer: 24                       0.00000000 N/A
Timer: 25                       0.00000000 N/A
Timer: 26                       0.00000000 N/A
Timer: 27                       0.00000000 N/A
Timer: 28                       0.00000000 N/A
Timer: 29                       0.00000000 N/A
Timer: 30                       0.00000000 N/A
Timer: 31                       0.00000000 N/A
Timer: 0                       1.19834040 read
Timer: 1                       3.31386234 mmSeeds+instantiateSeeds
Timer: 2                      34.83079387 searchAllSeeds
Timer: 3                      81.23749707 extendSeeds
Timer: 4                       0.04039101 searchAllSeeds
Timer: 5                       0.15309311 extendSeeds
Timer: 6                       1.81772446 searchAllSeeds
Timer: 7                       0.02296383 extendSeeds
Timer: 8                       2.36961450 finishReadOne
Timer: 9                       0.71083971 finishReadOne
Timer: 10                       0.00604178 finishReadOne
Timer: 11                       0.00000000 N/A
Timer: 12                       0.00000000 N/A
Timer: 13                       0.00000000 N/A
Timer: 14                       0.00000000 N/A
Timer: 15                       0.00000000 N/A
Timer: 16                       0.00000000 N/A
Timer: 17                       0.00000000 N/A
Timer: 18                       0.00000000 N/A
Timer: 19                       0.00000000 N/A
Timer: 20                       0.00000000 N/A
Timer: 21                       0.00000000 N/A
Timer: 22                       0.00000000 N/A
Timer: 23                       0.00000000 N/A
Timer: 24                       0.00000000 N/A
Timer: 25                       0.00000000 N/A
Timer: 26                       0.00000000 N/A
Timer: 27                       0.00000000 N/A
Timer: 28                       0.00000000 N/A
Timer: 29                       0.00000000 N/A
Timer: 30                       0.00000000 N/A
Timer: 31                       0.00000000 N/A
Timer: 0                       1.19958981 read
Timer: 1                       3.32066189 mmSeeds+instantiateSeeds
Timer: 2                      34.77190903 searchAllSeeds
Timer: 3                      81.31256618 extendSeeds
Timer: 4                       0.04352105 searchAllSeeds
Timer: 5                       0.12641840 extendSeeds
Timer: 6                       1.83584415 searchAllSeeds
Timer: 7                       0.01873941 extendSeeds
Timer: 8                       2.35899288 finishReadOne
Timer: 9                       0.72797907 finishReadOne
Timer: 10                       0.00690509 finishReadOne
Timer: 11                       0.00000000 N/A
Timer: 12                       0.00000000 N/A
Timer: 13                       0.00000000 N/A
Timer: 14                       0.00000000 N/A
Timer: 15                       0.00000000 N/A
Timer: 16                       0.00000000 N/A
Timer: 17                       0.00000000 N/A
Timer: 18                       0.00000000 N/A
Timer: 19                       0.00000000 N/A
Timer: 20                       0.00000000 N/A
Timer: 21                       0.00000000 N/A
Timer: 22                       0.00000000 N/A
Timer: 23                       0.00000000 N/A
Timer: 24                       0.00000000 N/A
Timer: 25                       0.00000000 N/A
Timer: 26                       0.00000000 N/A
Timer: 27                       0.00000000 N/A
Timer: 28                       0.00000000 N/A
Timer: 29                       0.00000000 N/A
Timer: 30                       0.00000000 N/A
Timer: 31                       0.00000000 N/A
Timer: 0                       1.21737460 read
Timer: 1                       3.22260710 mmSeeds+instantiateSeeds
Timer: 2                      34.57324228 searchAllSeeds
Timer: 3                      81.40516622 extendSeeds
Timer: 4                       0.03868276 searchAllSeeds
Timer: 5                       0.13577390 extendSeeds
Timer: 6                       1.94232088 searchAllSeeds
Timer: 7                       0.02003916 extendSeeds
Timer: 8                       2.39927566 finishReadOne
Timer: 9                       0.79729719 finishReadOne
Timer: 10                       0.00832355 finishReadOne
Timer: 11                       0.00000000 N/A
Timer: 12                       0.00000000 N/A
Timer: 13                       0.00000000 N/A
Timer: 14                       0.00000000 N/A
Timer: 15                       0.00000000 N/A
Timer: 16                       0.00000000 N/A
Timer: 17                       0.00000000 N/A
Timer: 18                       0.00000000 N/A
Timer: 19                       0.00000000 N/A
Timer: 20                       0.00000000 N/A
Timer: 21                       0.00000000 N/A
Timer: 22                       0.00000000 N/A
Timer: 23                       0.00000000 N/A
Timer: 24                       0.00000000 N/A
Timer: 25                       0.00000000 N/A
Timer: 26                       0.00000000 N/A
Timer: 27                       0.00000000 N/A
Timer: 28                       0.00000000 N/A
Timer: 29                       0.00000000 N/A
Timer: 30                       0.00000000 N/A
Timer: 31                       0.00000000 N/A
6130362 reads; of these:
  6130362 (100.00%) were unpaired; of these:
    6072475 (99.06%) aligned 0 times
    38540 (0.63%) aligned exactly 1 time
    19347 (0.32%) aligned >1 times
0.94% overall alignment rate
 196596 3893380 89303738

real	2m20.734s
user	33m20.508s
sys	0m35.410s
==============
