b2-022
Architecture:          x86_64
CPU op-mode(s):        32-bit, 64-bit
Byte Order:            Little Endian
CPU(s):                32
On-line CPU(s) list:   0-31
Thread(s) per core:    1
Core(s) per socket:    16
Socket(s):             2
NUMA node(s):          2
Vendor ID:             AuthenticAMD
CPU family:            23
Model:                 49
Model name:            AMD EPYC 7302 16-Core Processor
Stepping:              0
CPU MHz:               1500.000
CPU max MHz:           3000.0000
CPU min MHz:           1500.0000
BogoMIPS:              5999.84
Virtualization:        AMD-V
L1d cache:             32K
L1i cache:             32K
L2 cache:              512K
L3 cache:              16384K
NUMA node0 CPU(s):     0-15
NUMA node1 CPU(s):     16-31
Flags:                 fpu vme de pse tsc msr pae mce cx8 apic sep mtrr pge mca cmov pat pse36 clflush mmx fxsr sse sse2 ht syscall nx mmxext fxsr_opt pdpe1gb rdtscp lm constant_tsc art rep_good nopl nonstop_tsc extd_apicid aperfmperf eagerfpu pni pclmulqdq monitor ssse3 fma cx16 sse4_1 sse4_2 movbe popcnt aes xsave avx f16c rdrand lahf_lm cmp_legacy svm extapic cr8_legacy abm sse4a misalignsse 3dnowprefetch osvw ibs skinit wdt tce topoext perfctr_core perfctr_nb bpext perfctr_l2 cpb cat_l3 cdp_l3 hw_pstate sme retpoline_amd ssbd ibrs ibpb stibp vmmcall fsgsbase bmi1 avx2 smep bmi2 cqm rdt_a rdseed adx smap clflushopt clwb sha_ni xsaveopt xsavec xgetbv1 cqm_llc cqm_occup_llc cqm_mbm_total cqm_mbm_local clzero irperf xsaveerptr arat npt lbrv svm_lock nrip_save tsc_scale vmcb_clean flushbyasid decodeassists pausefilter pfthreshold avic v_vmsave_vmload vgif umip overflow_recov succor smca
==============
166eb8051303a2c4dc8d09f661ed0999  /scratch/qp-woltka/WoLr1/WoLr1.1.bt2l
2f00504b58aa988c42a48752bfe0b245  /scratch/qp-woltka/WoLr1/WoLr1.2.bt2l
45d7306f84c3f3193dc0ff743127236f  /scratch/qp-woltka/WoLr1/WoLr1.3.bt2l
28bdfe07cea0d4db067d296b46d5b6c7  /scratch/qp-woltka/WoLr1/WoLr1.4.bt2l
0fe78a762a8d08a065123715fa2743cd  /scratch/qp-woltka/WoLr1/WoLr1.coords
b1d5b8c97af1c057283d658d6f10a445  /scratch/qp-woltka/WoLr1/WoLr1.rev.1.bt2l
2863ae07aba42d68d80cd904e8bf1a3d  /scratch/qp-woltka/WoLr1/WoLr1.rev.2.bt2l
7ce4b379d026b8ca6c7010d879e0c48e  /scratch/qp-woltka/WoLr1/WoLr1.shear
e6903d664524c117c1876c6822a73403  /scratch/qp-woltka/WoLr1/WoLr1.tax
b7bb80b71ce16c6f25f8df7b9d826883  /qmounts/qiita_data/per_sample_FASTQ/101636//Girguis50_RightEG4_host_filtered.fastq.gz
==============
==============
==============
#./bowtie2-new -p 16 --no-exact-upfront --no-1mm-upfront -x /scratch/qp-woltka/WoLr1/WoLr1 -q /qmounts/qiita_data/per_sample_FASTQ/101636//Girguis50_RightEG4_host_filtered.fastq.gz --seed 42 --very-sensitive -k 16 --np 1 --mp 1,1 --rdg 0,1 --rfg 0,1 --score-min  L,0,-0.05 --no-head --no-unal |wc
==== CPU 1 ==========
Timer: 0                       1.15237726 read
Timer: 1                       2.97924331 mmSeeds+instantiateSeeds
Timer: 2                      32.13345796 searchAllSeeds
Timer: 3                      63.29951098 extendSeeds
Timer: 4                       0.03480779 searchAllSeeds
Timer: 0                       1.09617106 read
Timer: 1                       3.15873188 mmSeeds+instantiateSeeds
Timer: 2                      31.79213096 searchAllSeeds
Timer: 3                      63.20803089 extendSeeds
Timer: 4                       0.03368016 searchAllSeeds
Timer: 5                       0.12869706 extendSeeds
Timer: 6                       1.88642638 searchAllSeeds
Timer: 7                       0.01728376 extendSeeds
Timer: 8                       6.53233513 finishReadOne
Timer: 9                       0.86159348 finishReadOne
Timer: 10                       0.02213101 finishReadOne
Timer: 11                       0.00000000 N/A
Timer: 12                       0.00000000 N/A
Timer: 13                       0.00000000 N/A
Timer: 0                       1.18752374 read
Timer: 1                       2.96648392 mmSeeds+instantiateSeeds
Timer: 2                      31.89481606 searchAllSeeds
Timer: 3                      63.07611535 extendSeeds
Timer: 4                       0.05566435 searchAllSeeds
Timer: 5                       0.13247365 extendSeeds
Timer: 0                       1.18923689 read
Timer: 1                       3.03419491 mmSeeds+instantiateSeeds
Timer: 2                      31.66444541 searchAllSeeds
Timer: 14                       0.00000000 N/A
Timer: 15                       0.00000000 N/A
Timer: 16                       0.00000000 N/A
Timer: 17                       0.00000000 N/A
Timer: 18                       0.00000000 N/A
Timer: 5                       0.11534454 extendSeeds
Timer: 6                       1.82453774 searchAllSeeds
Timer: 6                       1.75807625 searchAllSeeds
Timer: 0                       1.13899264 read
Timer: 1                       3.01471558 mmSeeds+instantiateSeeds
Timer: 2                      32.02658718 searchAllSeeds
Timer: 0                       1.19182442 read
Timer: 3                      63.36952538 extendSeeds
Timer: 1                       2.98244930 mmSeeds+instantiateSeeds
Timer: 7                       0.01732766 extendSeeds
Timer: 2                      31.82896351 searchAllSeeds
Timer: 3                      63.35114150 extendSeeds
Timer: 3                      63.58829320 extendSeeds
Timer: 4                       0.03418191 searchAllSeeds
Timer: 7                       0.01724506 extendSeeds
Timer: 8                       6.61733084 finishReadOne
Timer: 5                       0.10817228 extendSeeds
Timer: 9                       0.90734853 extendSeeds
Timer: 4                       0.05404433 searchAllSeeds
Timer: 19                       0.00000000 N/A
Timer: 8                       6.37002393 finishReadOne
Timer: 20                       0.00000000 N/A
Timer: 9                       0.73466045 extendSeeds
Timer: 21                       0.00000000 N/A
Timer: 10                       0.02322212 finishReadOne
Timer: 10                       0.00634641 finishReadOne
Timer: 6                       1.76572978 searchAllSeeds
Timer: 11                       0.00000000 N/A
Timer: 7                       0.01694911 extendSeeds
Timer: 12                       0.00000000 N/A
Timer: 8                       6.60390234 finishReadOne
Timer: 5                       0.13519449 extendSeeds
Timer: 22                       0.00000000 N/A
Timer: 13                       0.00000000 N/A
Timer: 23                       0.00000000 N/A
Timer: 14                       0.00000000 N/A
Timer: 11                       0.00000000 N/A
Timer: 6                       1.77125406 searchAllSeeds
Timer: 12                       0.00000000 N/A
Timer: 13                       0.00000000 N/A
Timer: 4                       0.03555359 searchAllSeeds
Timer: 24                       0.00000000 N/A
Timer: 25                       0.00000000 N/A
Timer: 26                       0.00000000 N/A
Timer: 27                       0.00000000 N/A
Timer: 28                       0.00000000 N/A
Timer: 7                       0.01734238 extendSeeds
Timer: 29                       0.00000000 N/A
Timer: 8                       6.40004163 finishReadOne
Timer: 9                       0.85582904 extendSeeds
Timer: 9                       0.87203055 extendSeeds
Timer: 10                       0.02539821 finishReadOne
Timer: 10                       0.01974103 finishReadOne
Timer: 11                       0.00000000 N/A
Timer: 14                       0.00000000 N/A
Timer: 30                       0.00000000 N/A
Timer: 15                       0.00000000 N/A
Timer: 31                       0.00000000 N/A
Timer: 16                       0.00000000 N/A
Timer: 17                       0.00000000 N/A
Timer: 18                       0.00000000 N/A
Timer: 19                       0.00000000 N/A
Timer: 11                       0.00000000 N/A
Timer: 12                       0.00000000 N/A
Timer: 15                       0.00000000 N/A
Timer: 20                       0.00000000 N/A
Timer: 16                       0.00000000 N/A
Timer: 17                       0.00000000 N/A
Timer: 13                       0.00000000 N/A
Timer: 14                       0.00000000 N/A
Timer: 5                       0.11953881 extendSeeds
Timer: 6                       1.86087848 searchAllSeeds
Timer: 21                       0.00000000 N/A
Timer: 22                       0.00000000 N/A
Timer: 23                       0.00000000 N/A
Timer: 24                       0.00000000 N/A
Timer: 25                       0.00000000 N/A
Timer: 26                       0.00000000 N/A
Timer: 27                       0.00000000 N/A
Timer: 18                       0.00000000 N/A
Timer: 19                       0.00000000 N/A
Timer: 20                       0.00000000 N/A
Timer: 21                       0.00000000 N/A
Timer: 22                       0.00000000 N/A
Timer: 23                       0.00000000 N/A
Timer: 24                       0.00000000 N/A
Timer: 25                       0.00000000 N/A
Timer: 26                       0.00000000 N/A
Timer: 15                       0.00000000 N/A
Timer: 16                       0.00000000 N/A
Timer: 28                       0.00000000 N/A
Timer: 29                       0.00000000 N/A
Timer: 30                       0.00000000 N/A
Timer: 31                       0.00000000 N/A
Timer: 7                       0.01778391 extendSeeds
Timer: 8                       6.33206904 finishReadOne
Timer: 9                       0.91530450 finishReadOne
Timer: 10                       0.01777269 finishReadOne
Timer: 27                       0.00000000 N/A
Timer: 17                       0.00000000 N/A
Timer: 11                       0.00000000 N/A
Timer: 28                       0.00000000 N/A
Timer: 18                       0.00000000 N/A
Timer: 29                       0.00000000 N/A
Timer: 12                       0.00000000 N/A
Timer: 13                       0.00000000 N/A
Timer: 30                       0.00000000 N/A
Timer: 14                       0.00000000 N/A
Timer: 19                       0.00000000 N/A
Timer: 31                       0.00000000 N/A
Timer: 20                       0.00000000 N/A
Timer: 21                       0.00000000 N/A
Timer: 15                       0.00000000 N/A
Timer: 16                       0.00000000 N/A
Timer: 17                       0.00000000 N/A
Timer: 18                       0.00000000 N/A
Timer: 22                       0.00000000 N/A
Timer: 23                       0.00000000 N/A
Timer: 24                       0.00000000 N/A
Timer: 25                       0.00000000 N/A
Timer: 26                       0.00000000 N/A
Timer: 19                       0.00000000 N/A
Timer: 20                       0.00000000 N/A
Timer: 21                       0.00000000 N/A
Timer: 22                       0.00000000 N/A
Timer: 27                       0.00000000 N/A
Timer: 28                       0.00000000 N/A
Timer: 29                       0.00000000 N/A
Timer: 30                       0.00000000 N/A
Timer: 31                       0.00000000 N/A
Timer: 23                       0.00000000 N/A
Timer: 24                       0.00000000 N/A
Timer: 25                       0.00000000 N/A
Timer: 26                       0.00000000 N/A
Timer: 27                       0.00000000 N/A
Timer: 28                       0.00000000 N/A
Timer: 29                       0.00000000 N/A
Timer: 30                       0.00000000 N/A
Timer: 31                       0.00000000 N/A
Timer: 0                       1.18635243 read
Timer: 1                       2.86772080 mmSeeds+instantiateSeeds
Timer: 2                      32.11286204 searchAllSeeds
Timer: 3                      63.00040502 extendSeeds
Timer: 4                       0.05354120 searchAllSeeds
Timer: 5                       0.11886738 extendSeeds
Timer: 6                       1.76201159 searchAllSeeds
Timer: 7                       0.01716204 extendSeeds
Timer: 8                       6.46838260 finishReadOne
Timer: 9                       0.79428368 extendSeeds
Timer: 10                       0.01342191 finishReadOne
Timer: 11                       0.00000000 N/A
Timer: 12                       0.00000000 N/A
Timer: 13                       0.00000000 N/A
Timer: 14                       0.00000000 N/A
Timer: 15                       0.00000000 N/A
Timer: 16                       0.00000000 N/A
Timer: 17                       0.00000000 N/A
Timer: 18                       0.00000000 N/A
Timer: 19                       0.00000000 N/A
Timer: 20                       0.00000000 N/A
Timer: 21                       0.00000000 N/A
Timer: 22                       0.00000000 N/A
Timer: 23                       0.00000000 N/A
Timer: 24                       0.00000000 N/A
Timer: 25                       0.00000000 N/A
Timer: 26                       0.00000000 N/A
Timer: 27                       0.00000000 N/A
Timer: 28                       0.00000000 N/A
Timer: 29                       0.00000000 N/A
Timer: 30                       0.00000000 N/A
Timer: 31                       0.00000000 N/A
Timer: 0                       1.16942199 read
Timer: 1                       2.97261701 mmSeeds+instantiateSeeds
Timer: 2                      32.15509309 searchAllSeeds
Timer: 3                      63.31139191 extendSeeds
Timer: 4                       0.03678753 searchAllSeeds
Timer: 5                       0.13291656 extendSeeds
Timer: 6                       1.68553063 searchAllSeeds
Timer: 7                       0.01859470 extendSeeds
Timer: 8                       6.35176321 finishReadOne
Timer: 9                       0.80358812 extendSeeds
Timer: 10                       0.01701225 finishReadOne
Timer: 11                       0.00000000 N/A
Timer: 12                       0.00000000 N/A
Timer: 13                       0.00000000 N/A
Timer: 14                       0.00000000 N/A
Timer: 15                       0.00000000 N/A
Timer: 16                       0.00000000 N/A
Timer: 17                       0.00000000 N/A
Timer: 18                       0.00000000 N/A
Timer: 19                       0.00000000 N/A
Timer: 20                       0.00000000 N/A
Timer: 21                       0.00000000 N/A
Timer: 22                       0.00000000 N/A
Timer: 23                       0.00000000 N/A
Timer: 24                       0.00000000 N/A
Timer: 25                       0.00000000 N/A
Timer: 26                       0.00000000 N/A
Timer: 27                       0.00000000 N/A
Timer: 28                       0.00000000 N/A
Timer: 29                       0.00000000 N/A
Timer: 30                       0.00000000 N/A
Timer: 31                       0.00000000 N/A
Timer: 0                       1.12609196 read
Timer: 1                       2.99037950 mmSeeds+instantiateSeeds
Timer: 2                      31.87195715 searchAllSeeds
Timer: 3                      63.34647374 extendSeeds
Timer: 4                       0.03522830 searchAllSeeds
Timer: 5                       0.13060775 extendSeeds
Timer: 6                       1.77666048 searchAllSeeds
Timer: 7                       0.03113526 extendSeeds
Timer: 8                       6.45164235 finishReadOne
Timer: 9                       0.81644137 extendSeeds
Timer: 10                       0.01572853 finishReadOne
Timer: 11                       0.00000000 N/A
Timer: 12                       0.00000000 N/A
Timer: 13                       0.00000000 N/A
Timer: 14                       0.00000000 N/A
Timer: 15                       0.00000000 N/A
Timer: 16                       0.00000000 N/A
Timer: 17                       0.00000000 N/A
Timer: 18                       0.00000000 N/A
Timer: 19                       0.00000000 N/A
Timer: 20                       0.00000000 N/A
Timer: 21                       0.00000000 N/A
Timer: 22                       0.00000000 N/A
Timer: 23                       0.00000000 N/A
Timer: 24                       0.00000000 N/A
Timer: 25                       0.00000000 N/A
Timer: 26                       0.00000000 N/A
Timer: 27                       0.00000000 N/A
Timer: 28                       0.00000000 N/A
Timer: 29                       0.00000000 N/A
Timer: 30                       0.00000000 N/A
Timer: 31                       0.00000000 N/A
Timer: 0                       1.17223980 read
Timer: 1                       2.97168216 mmSeeds+instantiateSeeds
Timer: 2                      31.70481732 searchAllSeeds
Timer: 3                      63.51954997 extendSeeds
Timer: 4                       0.03387750 searchAllSeeds
Timer: 5                       0.11098737 extendSeeds
Timer: 6                       1.77537725 searchAllSeeds
Timer: 7                       0.01743713 extendSeeds
Timer: 8                       6.57146050 finishReadOne
Timer: 9                       0.85941779 extendSeeds
Timer: 10                       0.01006591 finishReadOne
Timer: 11                       0.00000000 N/A
Timer: 12                       0.00000000 N/A
Timer: 13                       0.00000000 N/A
Timer: 14                       0.00000000 N/A
Timer: 15                       0.00000000 N/A
Timer: 16                       0.00000000 N/A
Timer: 17                       0.00000000 N/A
Timer: 18                       0.00000000 N/A
Timer: 19                       0.00000000 N/A
Timer: 20                       0.00000000 N/A
Timer: 21                       0.00000000 N/A
Timer: 22                       0.00000000 N/A
Timer: 23                       0.00000000 N/A
Timer: 24                       0.00000000 N/A
Timer: 25                       0.00000000 N/A
Timer: 26                       0.00000000 N/A
Timer: 27                       0.00000000 N/A
Timer: 28                       0.00000000 N/A
Timer: 29                       0.00000000 N/A
Timer: 30                       0.00000000 N/A
Timer: 31                       0.00000000 N/A
Timer: 0                       1.15293474 read
Timer: 1                       3.00235314 mmSeeds+instantiateSeeds
Timer: 2                      31.95072441 searchAllSeeds
Timer: 3                      63.28967213 extendSeeds
Timer: 4                       0.03438408 searchAllSeeds
Timer: 5                       0.13362328 extendSeeds
Timer: 6                       1.76500380 searchAllSeeds
Timer: 7                       0.01760293 extendSeeds
Timer: 8                       6.42844694 finishReadOne
Timer: 9                       0.82561448 extendSeeds
Timer: 10                       0.01206008 finishReadOne
Timer: 11                       0.00000000 N/A
Timer: 12                       0.00000000 N/A
Timer: 13                       0.00000000 N/A
Timer: 14                       0.00000000 N/A
Timer: 15                       0.00000000 N/A
Timer: 16                       0.00000000 N/A
Timer: 12                       0.00000000 N/A
Timer: 13                       0.00000000 N/A
Timer: 14                       0.00000000 N/A
Timer: 15                       0.00000000 N/A
Timer: 17                       0.00000000 N/A
Timer: 18                       0.00000000 N/A
Timer: 19                       0.00000000 N/A
Timer: 20                       0.00000000 N/A
Timer: 16                       0.00000000 N/A
Timer: 17                       0.00000000 N/A
Timer: 18                       0.00000000 N/A
Timer: 21                       0.00000000 N/A
Timer: 22                       0.00000000 N/A
Timer: 19                       0.00000000 N/A
Timer: 20                       0.00000000 N/A
Timer: 23                       0.00000000 N/A
Timer: 24                       0.00000000 N/A
Timer: 21                       0.00000000 N/A
Timer: 22                       0.00000000 N/A
Timer: 23                       0.00000000 N/A
Timer: 25                       0.00000000 N/A
Timer: 26                       0.00000000 N/A
Timer: 24                       0.00000000 N/A
Timer: 25                       0.00000000 N/A
Timer: 26                       0.00000000 N/A
Timer: 27                       0.00000000 N/A
Timer: 27                       0.00000000 N/A
Timer: 28                       0.00000000 N/A
Timer: 28                       0.00000000 N/A
Timer: 29                       0.00000000 N/A
Timer: 29                       0.00000000 N/A
Timer: 30                       0.00000000 N/A
Timer: 30                       0.00000000 N/A
Timer: 31                       0.00000000 N/A
Timer: 31                       0.00000000 N/A
Timer: 0                       1.10297767 read
Timer: 1                       3.00851929 mmSeeds+instantiateSeeds
Timer: 2                      32.13416037 searchAllSeeds
Timer: 3                      63.23292734 extendSeeds
Timer: 4                       0.03445785 searchAllSeeds
Timer: 5                       0.11181716 extendSeeds
Timer: 6                       1.73796038 searchAllSeeds
Timer: 7                       0.01745765 extendSeeds
Timer: 8                       6.39095202 finishReadOne
Timer: 9                       0.80071902 extendSeeds
Timer: 10                       0.01293181 finishReadOne
Timer: 11                       0.00000000 N/A
Timer: 12                       0.00000000 N/A
Timer: 13                       0.00000000 N/A
Timer: 14                       0.00000000 N/A
Timer: 15                       0.00000000 N/A
Timer: 16                       0.00000000 N/A
Timer: 17                       0.00000000 N/A
Timer: 18                       0.00000000 N/A
Timer: 19                       0.00000000 N/A
Timer: 20                       0.00000000 N/A
Timer: 21                       0.00000000 N/A
Timer: 22                       0.00000000 N/A
Timer: 23                       0.00000000 N/A
Timer: 24                       0.00000000 N/A
Timer: 25                       0.00000000 N/A
Timer: 26                       0.00000000 N/A
Timer: 27                       0.00000000 N/A
Timer: 28                       0.00000000 N/A
Timer: 29                       0.00000000 N/A
Timer: 30                       0.00000000 N/A
Timer: 31                       0.00000000 N/A
Timer: 0                       1.20944804 read
Timer: 1                       3.02846551 mmSeeds+instantiateSeeds
Timer: 2                      32.02331912 searchAllSeeds
Timer: 3                      62.98165115 extendSeeds
Timer: 4                       0.03355347 searchAllSeeds
Timer: 5                       0.11283824 extendSeeds
Timer: 6                       1.82689847 searchAllSeeds
Timer: 7                       0.01726506 extendSeeds
Timer: 8                       6.59843463 finishReadOne
Timer: 9                       0.84740969 extendSeeds
Timer: 10                       0.01027641 finishReadOne
Timer: 11                       0.00000000 N/A
Timer: 12                       0.00000000 N/A
Timer: 13                       0.00000000 N/A
Timer: 14                       0.00000000 N/A
Timer: 15                       0.00000000 N/A
Timer: 16                       0.00000000 N/A
Timer: 17                       0.00000000 N/A
Timer: 18                       0.00000000 N/A
Timer: 19                       0.00000000 N/A
Timer: 0                       1.14142466 read
Timer: 1                       3.00448450 mmSeeds+instantiateSeeds
Timer: 2                      32.00408624 searchAllSeeds
Timer: 3                      63.73789652 extendSeeds
Timer: 4                       0.03470785 searchAllSeeds
Timer: 5                       0.13015428 extendSeeds
Timer: 6                       1.68716004 searchAllSeeds
Timer: 7                       0.01754784 extendSeeds
Timer: 20                       0.00000000 N/A
Timer: 21                       0.00000000 N/A
Timer: 22                       0.00000000 N/A
Timer: 23                       0.00000000 N/A
Timer: 24                       0.00000000 N/A
Timer: 25                       0.00000000 N/A
Timer: 26                       0.00000000 N/A
Timer: 0                       1.14096090 read
Timer: 1                       3.00081002 mmSeeds+instantiateSeeds
Timer: 2                      31.52823979 searchAllSeeds
Timer: 3                      63.70407751 extendSeeds
Timer: 8                       6.35104997 finishReadOne
Timer: 9                       0.79992693 finishReadOne
Timer: 10                       0.00468602 finishReadOne
Timer: 11                       0.00000000 N/A
Timer: 12                       0.00000000 N/A
Timer: 27                       0.00000000 N/A
Timer: 28                       0.00000000 N/A
Timer: 29                       0.00000000 N/A
Timer: 30                       0.00000000 N/A
Timer: 31                       0.00000000 N/A
Timer: 4                       0.03423836 searchAllSeeds
Timer: 5                       0.11563787 extendSeeds
Timer: 6                       1.82969408 searchAllSeeds
Timer: 7                       0.01742918 extendSeeds
Timer: 8                       6.40677599 finishReadOne
Timer: 9                       0.86057475 extendSeeds
Timer: 10                       0.01950677 finishReadOne
Timer: 11                       0.00000000 N/A
Timer: 12                       0.00000000 N/A
Timer: 13                       0.00000000 N/A
Timer: 14                       0.00000000 N/A
Timer: 15                       0.00000000 N/A
Timer: 16                       0.00000000 N/A
Timer: 17                       0.00000000 N/A
Timer: 18                       0.00000000 N/A
Timer: 19                       0.00000000 N/A
Timer: 20                       0.00000000 N/A
Timer: 21                       0.00000000 N/A
Timer: 22                       0.00000000 N/A
Timer: 13                       0.00000000 N/A
Timer: 14                       0.00000000 N/A
Timer: 15                       0.00000000 N/A
Timer: 16                       0.00000000 N/A
Timer: 17                       0.00000000 N/A
Timer: 23                       0.00000000 N/A
Timer: 24                       0.00000000 N/A
Timer: 25                       0.00000000 N/A
Timer: 26                       0.00000000 N/A
Timer: 27                       0.00000000 N/A
Timer: 18                       0.00000000 N/A
Timer: 19                       0.00000000 N/A
Timer: 20                       0.00000000 N/A
Timer: 21                       0.00000000 N/A
Timer: 22                       0.00000000 N/A
Timer: 23                       0.00000000 N/A
Timer: 24                       0.00000000 N/A
Timer: 25                       0.00000000 N/A
Timer: 26                       0.00000000 N/A
Timer: 27                       0.00000000 N/A
Timer: 28                       0.00000000 N/A
Timer: 28                       0.00000000 N/A
Timer: 29                       0.00000000 N/A
Timer: 30                       0.00000000 N/A
Timer: 31                       0.00000000 N/A
Timer: 29                       0.00000000 N/A
Timer: 30                       0.00000000 N/A
Timer: 31                       0.00000000 N/A
Timer: 0                       1.15678091 read
Timer: 1                       2.97555151 mmSeeds+instantiateSeeds
Timer: 2                      31.99271318 searchAllSeeds
Timer: 3                      63.43579063 extendSeeds
Timer: 4                       0.03699574 searchAllSeeds
Timer: 5                       0.11964724 extendSeeds
Timer: 6                       1.83543347 searchAllSeeds
Timer: 7                       0.01784500 extendSeeds
Timer: 8                       6.24379283 finishReadOne
Timer: 9                       0.82235276 extendSeeds
Timer: 10                       0.01518452 finishReadOne
Timer: 11                       0.00000000 N/A
Timer: 12                       0.00000000 N/A
Timer: 13                       0.00000000 N/A
Timer: 14                       0.00000000 N/A
Timer: 15                       0.00000000 N/A
Timer: 16                       0.00000000 N/A
Timer: 17                       0.00000000 N/A
Timer: 18                       0.00000000 N/A
Timer: 19                       0.00000000 N/A
Timer: 20                       0.00000000 N/A
Timer: 21                       0.00000000 N/A
Timer: 22                       0.00000000 N/A
Timer: 23                       0.00000000 N/A
Timer: 24                       0.00000000 N/A
Timer: 25                       0.00000000 N/A
Timer: 26                       0.00000000 N/A
Timer: 27                       0.00000000 N/A
Timer: 28                       0.00000000 N/A
Timer: 29                       0.00000000 N/A
Timer: 30                       0.00000000 N/A
Timer: 31                       0.00000000 N/A
5773776 reads; of these:
  5773776 (100.00%) were unpaired; of these:
    5758925 (99.74%) aligned 0 times
    2996 (0.05%) aligned exactly 1 time
    11855 (0.21%) aligned >1 times
0.26% overall alignment rate
 149811 2993224 68531290

real	1m58.401s
user	28m7.703s
sys	1m20.401s
==== CPU 2 ==========
Timer: 0                       1.16355048 read
Timer: 1                       2.92204895 mmSeeds+instantiateSeeds
Timer: 2                      32.20319210 searchAllSeeds
Timer: 3                      62.79277901 extendSeeds
Timer: 4                       0.03693942 searchAllSeeds
Timer: 5                       0.11963233 extendSeeds
Timer: 0                       1.15821383 read
Timer: 1                       3.01564758 mmSeeds+instantiateSeeds
Timer: 2                      32.28388591 searchAllSeeds
Timer: 3                      62.44988775 extendSeeds
Timer: 4                       0.03656997 searchAllSeeds
Timer: 5                       0.12264759 extendSeeds
Timer: 6                       1.76856994 searchAllSeeds
Timer: 7                       0.01758550 extendSeeds
Timer: 8                       6.58523001 finishReadOne
Timer: 0                       1.26349523 read
Timer: 1                       2.96777338 mmSeeds+instantiateSeeds
Timer: 2                      31.33404267 searchAllSeeds
Timer: 3                      62.69922165 extendSeeds
Timer: 4                       0.03669311 searchAllSeeds
Timer: 0                       1.18505598 read
Timer: 1                       2.91840511 mmSeeds+instantiateSeeds
Timer: 2                      31.80455377 searchAllSeeds
Timer: 3                      62.64318993 extendSeeds
Timer: 4                       0.03546716 searchAllSeeds
Timer: 0                       1.15294930 read
Timer: 1                       2.99703917 mmSeeds+instantiateSeeds
Timer: 0                       1.19051686 read
Timer: 1                       2.96934583 mmSeeds+instantiateSeeds
Timer: 2                      31.73041035 searchAllSeeds
Timer: 3                      62.91544180 extendSeeds
Timer: 0                       1.13025863 read
Timer: 1                       2.99469077 mmSeeds+instantiateSeeds
Timer: 2                      31.66932699 searchAllSeeds
Timer: 3                      62.89238614 extendSeeds
Timer: 4                       0.03660110 searchAllSeeds
Timer: 5                       0.11950480 extendSeeds
Timer: 6                       1.83481048 searchAllSeeds
Timer: 7                       0.01795618 extendSeeds
Timer: 0                       1.12071519 read
Timer: 1                       2.99132291 mmSeeds+instantiateSeeds
Timer: 2                      31.63550401 searchAllSeeds
Timer: 3                      62.90974069 extendSeeds
Timer: 0                       1.12392095 read
Timer: 1                       2.90028352 mmSeeds+instantiateSeeds
Timer: 2                      31.34022877 searchAllSeeds
Timer: 3                      62.59643331 extendSeeds
Timer: 4                       0.03625093 searchAllSeeds
Timer: 5                       0.11800793 extendSeeds
Timer: 6                       1.80460041 searchAllSeeds
Timer: 7                       0.01764249 extendSeeds
Timer: 8                       6.79982533 finishReadOne
Timer: 9                       0.85596703 extendSeeds
Timer: 10                       0.01790451 finishReadOne
Timer: 11                       0.00000000 N/A
Timer: 12                       0.00000000 N/A
Timer: 13                       0.00000000 N/A
Timer: 14                       0.00000000 N/A
Timer: 15                       0.00000000 N/A
Timer: 16                       0.00000000 N/A
Timer: 17                       0.00000000 N/A
Timer: 18                       0.00000000 N/A
Timer: 19                       0.00000000 N/A
Timer: 20                       0.00000000 N/A
Timer: 21                       0.00000000 N/A
Timer: 22                       0.00000000 N/A
Timer: 23                       0.00000000 N/A
Timer: 6                       1.75333536 searchAllSeeds
Timer: 24                       0.00000000 N/A
Timer: 7                       0.01777984 extendSeeds
Timer: 25                       0.00000000 N/A
Timer: 0                       1.14223033 read
Timer: 5                       0.10606639 extendSeeds
Timer: 1                       2.97156486 mmSeeds+instantiateSeeds
Timer: 6                       1.77553302 searchAllSeeds
Timer: 7                       0.01678126 extendSeeds
Timer: 8                       6.69256546 finishReadOne
Timer: 9                       0.73658458 finishReadOne
Timer: 8                       6.43208483 finishReadOne
Timer: 9                       0.86829213 extendSeeds
Timer: 10                       0.01763159 finishReadOne
Timer: 11                       0.00000000 N/A
Timer: 12                       0.00000000 N/A
Timer: 13                       0.00000000 N/A
Timer: 14                       0.00000000 N/A
Timer: 0                       1.11727618 read
Timer: 1                       2.94091093 mmSeeds+instantiateSeeds
Timer: 2                      31.62902142 searchAllSeeds
Timer: 3                      63.19254756 extendSeeds
Timer: 4                       0.03655855 searchAllSeeds
Timer: 5                       0.13809401 extendSeeds
Timer: 6                       1.84587998 searchAllSeeds
Timer: 7                       0.01754028 extendSeeds
Timer: 8                       6.62302210 finishReadOne
Timer: 9                       0.83256328 extendSeeds
Timer: 0                       1.18316419 read
Timer: 1                       2.90105316 mmSeeds+instantiateSeeds
Timer: 2                      31.58501916 searchAllSeeds
Timer: 0                       1.12889940 read
Timer: 1                       3.00776923 mmSeeds+instantiateSeeds
Timer: 2                      31.78829371 searchAllSeeds
Timer: 5                       0.11422871 extendSeeds
Timer: 6                       1.73173212 searchAllSeeds
Timer: 7                       0.02737331 extendSeeds
Timer: 8                       6.51478475 finishReadOne
Timer: 9                       0.88564564 extendSeeds
Timer: 8                       6.45879759 finishReadOne
Timer: 9                       0.83521043 finishReadOne
Timer: 10                       0.01497766 finishReadOne
Timer: 11                       0.00000000 N/A
Timer: 26                       0.00000000 N/A
Timer: 27                       0.00000000 N/A
Timer: 28                       0.00000000 N/A
Timer: 29                       0.00000000 N/A
Timer: 30                       0.00000000 N/A
Timer: 2                      31.70141295 searchAllSeeds
Timer: 3                      63.16528983 extendSeeds
Timer: 4                       0.03650848 searchAllSeeds
Timer: 5                       0.12603727 extendSeeds
Timer: 0                       1.14481194 read
Timer: 1                       3.08437066 mmSeeds+instantiateSeeds
Timer: 2                      31.41880788 searchAllSeeds
Timer: 3                      62.76377925 extendSeeds
Timer: 4                       0.03572990 searchAllSeeds
Timer: 2                      31.96826097 searchAllSeeds
Timer: 3                      62.23645465 extendSeeds
Timer: 4                       0.03493979 searchAllSeeds
Timer: 5                       0.12492001 extendSeeds
Timer: 6                       1.70015006 searchAllSeeds
Timer: 7                       0.01659148 extendSeeds
Timer: 8                       6.80513862 finishReadOne
Timer: 9                       0.74410488 extendSeeds
Timer: 10                       0.01450427 finishReadOne
Timer: 11                       0.00000000 N/A
Timer: 12                       0.00000000 N/A
Timer: 13                       0.00000000 N/A
Timer: 14                       0.00000000 N/A
Timer: 15                       0.00000000 N/A
Timer: 16                       0.00000000 N/A
Timer: 17                       0.00000000 N/A
Timer: 18                       0.00000000 N/A
Timer: 19                       0.00000000 N/A
Timer: 20                       0.00000000 N/A
Timer: 21                       0.00000000 N/A
Timer: 22                       0.00000000 N/A
Timer: 4                       0.03566892 searchAllSeeds
Timer: 5                       0.10804647 extendSeeds
Timer: 6                       1.66116939 searchAllSeeds
Timer: 7                       0.01695520 extendSeeds
Timer: 8                       6.82500646 finishReadOne
Timer: 9                       0.80326658 extendSeeds
Timer: 10                       0.01375338 finishReadOne
Timer: 11                       0.00000000 N/A
Timer: 12                       0.00000000 N/A
Timer: 13                       0.00000000 N/A
Timer: 14                       0.00000000 N/A
Timer: 15                       0.00000000 N/A
Timer: 16                       0.00000000 N/A
Timer: 3                      62.58489619 extendSeeds
Timer: 4                       0.04742497 searchAllSeeds
Timer: 5                       0.11374970 extendSeeds
Timer: 6                       1.69637207 searchAllSeeds
Timer: 9                       0.87620597 extendSeeds
Timer: 10                       0.00596881 finishReadOne
Timer: 3                      62.41304093 extendSeeds
Timer: 12                       0.00000000 N/A
Timer: 13                       0.00000000 N/A
Timer: 14                       0.00000000 N/A
Timer: 15                       0.00000000 N/A
Timer: 16                       0.00000000 N/A
Timer: 6                       1.66891087 searchAllSeeds
Timer: 7                       0.01759611 extendSeeds
Timer: 8                       6.58114337 finishReadOne
Timer: 9                       0.81858844 extendSeeds
Timer: 10                       0.01857774 finishReadOne
Timer: 5                       0.12668847 extendSeeds
Timer: 11                       0.00000000 N/A
Timer: 6                       1.80312095 searchAllSeeds
Timer: 4                       0.05436495 searchAllSeeds
Timer: 15                       0.00000000 N/A
Timer: 5                       0.11436825 extendSeeds
Timer: 6                       1.76541878 searchAllSeeds
Timer: 10                       0.01694406 finishReadOne
Timer: 0                       1.18166831 read
Timer: 1                       2.91576709 mmSeeds+instantiateSeeds
Timer: 2                      32.00045861 searchAllSeeds
Timer: 7                       0.01678282 extendSeeds
Timer: 8                       6.70241889 finishReadOne
Timer: 9                       0.77570454 extendSeeds
Timer: 10                       0.00675273 finishReadOne
Timer: 11                       0.00000000 N/A
Timer: 12                       0.00000000 N/A
Timer: 13                       0.00000000 N/A
Timer: 14                       0.00000000 N/A
Timer: 15                       0.00000000 N/A
Timer: 10                       0.01110680 finishReadOne
Timer: 11                       0.00000000 N/A
Timer: 12                       0.00000000 N/A
Timer: 13                       0.00000000 N/A
Timer: 12                       0.00000000 N/A
Timer: 14                       0.00000000 N/A
Timer: 15                       0.00000000 N/A
Timer: 16                       0.00000000 N/A
Timer: 7                       0.01732670 extendSeeds
Timer: 17                       0.00000000 N/A
Timer: 23                       0.00000000 N/A
Timer: 18                       0.00000000 N/A
Timer: 19                       0.00000000 N/A
Timer: 11                       0.00000000 N/A
Timer: 20                       0.00000000 N/A
Timer: 21                       0.00000000 N/A
Timer: 0                       1.13630412 read
Timer: 22                       0.00000000 N/A
Timer: 1                       2.91533264 mmSeeds+instantiateSeeds
Timer: 23                       0.00000000 N/A
Timer: 2                      31.62930447 searchAllSeeds
Timer: 24                       0.00000000 N/A
Timer: 3                      62.97336664 extendSeeds
Timer: 17                       0.00000000 N/A
Timer: 13                       0.00000000 N/A
Timer: 16                       0.00000000 N/A
Timer: 14                       0.00000000 N/A
Timer: 8                       6.68188818 finishReadOne
Timer: 24                       0.00000000 N/A
Timer: 7                       0.01746406 extendSeeds
Timer: 12                       0.00000000 N/A
Timer: 8                       6.47051034 finishReadOne
Timer: 17                       0.00000000 N/A
Timer: 3                      62.98400963 extendSeeds
Timer: 18                       0.00000000 N/A
Timer: 4                       0.03859162 searchAllSeeds
Timer: 19                       0.00000000 N/A
Timer: 25                       0.00000000 N/A
Timer: 20                       0.00000000 N/A
Timer: 4                       0.03765665 searchAllSeeds
Timer: 18                       0.00000000 N/A
Timer: 5                       0.11983503 extendSeeds
Timer: 6                       1.81010208 searchAllSeeds
Timer: 15                       0.00000000 N/A
Timer: 9                       0.85847882 extendSeeds
Timer: 10                       0.02334648 finishReadOne
Timer: 9                       0.83629367 finishReadOne
Timer: 16                       0.00000000 N/A
Timer: 10                       0.02103792 finishReadOne
Timer: 11                       0.00000000 N/A
Timer: 11                       0.00000000 N/A
Timer: 31                       0.00000000 N/A
Timer: 5                       0.11601969 extendSeeds
Timer: 10                       0.03011454 finishReadOne
Timer: 26                       0.00000000 N/A
Timer: 27                       0.00000000 N/A
Timer: 21                       0.00000000 N/A
Timer: 19                       0.00000000 N/A
Timer: 20                       0.00000000 N/A
Timer: 21                       0.00000000 N/A
Timer: 25                       0.00000000 N/A
Timer: 22                       0.00000000 N/A
Timer: 26                       0.00000000 N/A
Timer: 23                       0.00000000 N/A
Timer: 17                       0.00000000 N/A
Timer: 24                       0.00000000 N/A
Timer: 18                       0.00000000 N/A
Timer: 4                       0.05513100 searchAllSeeds
Timer: 19                       0.00000000 N/A
Timer: 5                       0.11063701 extendSeeds
Timer: 28                       0.00000000 N/A
Timer: 29                       0.00000000 N/A
Timer: 22                       0.00000000 N/A
Timer: 7                       0.01785857 extendSeeds
Timer: 16                       0.00000000 N/A
Timer: 8                       6.48014336 finishReadOne
Timer: 9                       0.88126885 extendSeeds
Timer: 11                       0.00000000 N/A
Timer: 10                       0.01182484 finishReadOne
Timer: 12                       0.00000000 N/A
Timer: 25                       0.00000000 N/A
Timer: 26                       0.00000000 N/A
Timer: 27                       0.00000000 N/A
Timer: 28                       0.00000000 N/A
Timer: 20                       0.00000000 N/A
Timer: 11                       0.00000000 N/A
Timer: 6                       1.72933687 searchAllSeeds
Timer: 7                       0.01700813 extendSeeds
Timer: 8                       6.60923239 finishReadOne
Timer: 30                       0.00000000 N/A
Timer: 23                       0.00000000 N/A
Timer: 31                       0.00000000 N/A
Timer: 24                       0.00000000 N/A
Timer: 17                       0.00000000 N/A
Timer: 12                       0.00000000 N/A
Timer: 13                       0.00000000 N/A
Timer: 14                       0.00000000 N/A
Timer: 15                       0.00000000 N/A
Timer: 12                       0.00000000 N/A
Timer: 6                       1.71918377 searchAllSeeds
Timer: 13                       0.00000000 N/A
Timer: 14                       0.00000000 N/A
Timer: 7                       0.01753496 extendSeeds
Timer: 29                       0.00000000 N/A
Timer: 8                       6.74592318 finishReadOne
Timer: 30                       0.00000000 N/A
Timer: 31                       0.00000000 N/A
Timer: 17                       0.00000000 N/A
Timer: 18                       0.00000000 N/A
Timer: 13                       0.00000000 N/A
Timer: 25                       0.00000000 N/A
Timer: 14                       0.00000000 N/A
Timer: 15                       0.00000000 N/A
Timer: 26                       0.00000000 N/A
Timer: 27                       0.00000000 N/A
Timer: 18                       0.00000000 N/A
Timer: 28                       0.00000000 N/A
Timer: 19                       0.00000000 N/A
Timer: 29                       0.00000000 N/A
Timer: 16                       0.00000000 N/A
Timer: 17                       0.00000000 N/A
Timer: 18                       0.00000000 N/A
Timer: 19                       0.00000000 N/A
Timer: 20                       0.00000000 N/A
Timer: 12                       0.00000000 N/A
Timer: 13                       0.00000000 N/A
Timer: 14                       0.00000000 N/A
Timer: 15                       0.00000000 N/A
Timer: 16                       0.00000000 N/A
Timer: 9                       0.87938277 extendSeeds
Timer: 9                       0.75149179 extendSeeds
Timer: 19                       0.00000000 N/A
Timer: 16                       0.00000000 N/A
Timer: 27                       0.00000000 N/A
Timer: 17                       0.00000000 N/A
Timer: 18                       0.00000000 N/A
Timer: 11                       0.00000000 N/A
Timer: 13                       0.00000000 N/A
Timer: 12                       0.00000000 N/A
Timer: 14                       0.00000000 N/A
Timer: 21                       0.00000000 N/A
Timer: 15                       0.00000000 N/A
Timer: 21                       0.00000000 N/A
Timer: 17                       0.00000000 N/A
Timer: 10                       0.01453610 finishReadOne
Timer: 18                       0.00000000 N/A
Timer: 11                       0.00000000 N/A
Timer: 20                       0.00000000 N/A
Timer: 12                       0.00000000 N/A
Timer: 21                       0.00000000 N/A
Timer: 13                       0.00000000 N/A
Timer: 22                       0.00000000 N/A
Timer: 14                       0.00000000 N/A
Timer: 15                       0.00000000 N/A
Timer: 23                       0.00000000 N/A
Timer: 22                       0.00000000 N/A
Timer: 24                       0.00000000 N/A
Timer: 23                       0.00000000 N/A
Timer: 25                       0.00000000 N/A
Timer: 24                       0.00000000 N/A
Timer: 28                       0.00000000 N/A
Timer: 19                       0.00000000 N/A
Timer: 25                       0.00000000 N/A
Timer: 20                       0.00000000 N/A
Timer: 26                       0.00000000 N/A
Timer: 15                       0.00000000 N/A
Timer: 27                       0.00000000 N/A
Timer: 16                       0.00000000 N/A
Timer: 28                       0.00000000 N/A
Timer: 10                       0.02077943 finishReadOne
Timer: 29                       0.00000000 N/A
Timer: 11                       0.00000000 N/A
Timer: 30                       0.00000000 N/A
Timer: 12                       0.00000000 N/A
Timer: 31                       0.00000000 N/A
Timer: 13                       0.00000000 N/A
Timer: 16                       0.00000000 N/A
Timer: 16                       0.00000000 N/A
Timer: 22                       0.00000000 N/A
Timer: 17                       0.00000000 N/A
Timer: 23                       0.00000000 N/A
Timer: 19                       0.00000000 N/A
Timer: 26                       0.00000000 N/A
Timer: 20                       0.00000000 N/A
Timer: 30                       0.00000000 N/A
Timer: 21                       0.00000000 N/A
Timer: 31                       0.00000000 N/A
Timer: 22                       0.00000000 N/A
Timer: 23                       0.00000000 N/A
Timer: 24                       0.00000000 N/A
Timer: 14                       0.00000000 N/A
Timer: 17                       0.00000000 N/A
Timer: 18                       0.00000000 N/A
Timer: 24                       0.00000000 N/A
Timer: 19                       0.00000000 N/A
Timer: 25                       0.00000000 N/A
Timer: 20                       0.00000000 N/A
Timer: 27                       0.00000000 N/A
Timer: 29                       0.00000000 N/A
Timer: 28                       0.00000000 N/A
Timer: 30                       0.00000000 N/A
Timer: 29                       0.00000000 N/A
Timer: 15                       0.00000000 N/A
Timer: 17                       0.00000000 N/A
Timer: 18                       0.00000000 N/A
Timer: 20                       0.00000000 N/A
Timer: 19                       0.00000000 N/A
Timer: 25                       0.00000000 N/A
Timer: 26                       0.00000000 N/A
Timer: 31                       0.00000000 N/A
Timer: 16                       0.00000000 N/A
Timer: 18                       0.00000000 N/A
Timer: 21                       0.00000000 N/A
Timer: 22                       0.00000000 N/A
Timer: 21                       0.00000000 N/A
Timer: 26                       0.00000000 N/A
Timer: 27                       0.00000000 N/A
Timer: 21                       0.00000000 N/A
Timer: 28                       0.00000000 N/A
Timer: 22                       0.00000000 N/A
Timer: 29                       0.00000000 N/A
Timer: 30                       0.00000000 N/A
Timer: 30                       0.00000000 N/A
Timer: 19                       0.00000000 N/A
Timer: 31                       0.00000000 N/A
Timer: 22                       0.00000000 N/A
Timer: 27                       0.00000000 N/A
Timer: 23                       0.00000000 N/A
Timer: 24                       0.00000000 N/A
Timer: 17                       0.00000000 N/A
Timer: 25                       0.00000000 N/A
Timer: 18                       0.00000000 N/A
Timer: 23                       0.00000000 N/A
Timer: 19                       0.00000000 N/A
Timer: 24                       0.00000000 N/A
Timer: 23                       0.00000000 N/A
Timer: 25                       0.00000000 N/A
Timer: 24                       0.00000000 N/A
Timer: 25                       0.00000000 N/A
Timer: 20                       0.00000000 N/A
Timer: 26                       0.00000000 N/A
Timer: 21                       0.00000000 N/A
Timer: 27                       0.00000000 N/A
Timer: 31                       0.00000000 N/A
Timer: 26                       0.00000000 N/A
Timer: 27                       0.00000000 N/A
Timer: 26                       0.00000000 N/A
Timer: 28                       0.00000000 N/A
Timer: 29                       0.00000000 N/A
Timer: 22                       0.00000000 N/A
Timer: 28                       0.00000000 N/A
Timer: 29                       0.00000000 N/A
Timer: 28                       0.00000000 N/A
Timer: 30                       0.00000000 N/A
Timer: 29                       0.00000000 N/A
Timer: 31                       0.00000000 N/A
Timer: 27                       0.00000000 N/A
Timer: 30                       0.00000000 N/A
Timer: 23                       0.00000000 N/A
Timer: 31                       0.00000000 N/A
Timer: 20                       0.00000000 N/A
Timer: 30                       0.00000000 N/A
Timer: 31                       0.00000000 N/A
Timer: 28                       0.00000000 N/A
Timer: 20                       0.00000000 N/A
Timer: 24                       0.00000000 N/A
Timer: 29                       0.00000000 N/A
Timer: 30                       0.00000000 N/A
Timer: 25                       0.00000000 N/A
Timer: 21                       0.00000000 N/A
Timer: 26                       0.00000000 N/A
Timer: 27                       0.00000000 N/A
Timer: 22                       0.00000000 N/A
Timer: 31                       0.00000000 N/A
Timer: 23                       0.00000000 N/A
Timer: 28                       0.00000000 N/A
Timer: 29                       0.00000000 N/A
Timer: 30                       0.00000000 N/A
Timer: 31                       0.00000000 N/A
Timer: 24                       0.00000000 N/A
Timer: 25                       0.00000000 N/A
Timer: 26                       0.00000000 N/A
Timer: 27                       0.00000000 N/A
Timer: 28                       0.00000000 N/A
Timer: 29                       0.00000000 N/A
Timer: 30                       0.00000000 N/A
Timer: 21                       0.00000000 N/A
Timer: 22                       0.00000000 N/A
Timer: 23                       0.00000000 N/A
Timer: 24                       0.00000000 N/A
Timer: 25                       0.00000000 N/A
Timer: 31                       0.00000000 N/A
Timer: 26                       0.00000000 N/A
Timer: 27                       0.00000000 N/A
Timer: 28                       0.00000000 N/A
Timer: 29                       0.00000000 N/A
Timer: 30                       0.00000000 N/A
Timer: 31                       0.00000000 N/A
Timer: 13                       0.00000000 N/A
Timer: 14                       0.00000000 N/A
Timer: 15                       0.00000000 N/A
Timer: 16                       0.00000000 N/A
Timer: 17                       0.00000000 N/A
Timer: 18                       0.00000000 N/A
Timer: 19                       0.00000000 N/A
Timer: 20                       0.00000000 N/A
Timer: 21                       0.00000000 N/A
Timer: 22                       0.00000000 N/A
Timer: 23                       0.00000000 N/A
Timer: 24                       0.00000000 N/A
Timer: 25                       0.00000000 N/A
Timer: 26                       0.00000000 N/A
Timer: 27                       0.00000000 N/A
Timer: 28                       0.00000000 N/A
Timer: 29                       0.00000000 N/A
Timer: 30                       0.00000000 N/A
Timer: 31                       0.00000000 N/A
5773776 reads; of these:
  5773776 (100.00%) were unpaired; of these:
    5758925 (99.74%) aligned 0 times
    2996 (0.05%) aligned exactly 1 time
    11855 (0.21%) aligned >1 times
0.26% overall alignment rate
 149811 2993224 68531290

real	1m57.919s
user	28m16.591s
sys	1m21.254s
==============
#./bowtie2-omp-gcc -p 1024 --no-exact-upfront --no-1mm-upfront -x /scratch/qp-woltka/WoLr1/WoLr1 -q /qmounts/qiita_data/per_sample_FASTQ/101636//Girguis50_RightEG4_host_filtered.fastq.gz --seed 42 --very-sensitive -k 16 --np 1 --mp 1,1 --rdg 0,1 --rfg 0,1 --score-min  L,0,-0.05 --no-head --no-unal |wc
==== CPU 1 ==========
WARNING: No doExactUpFront not supported
WARNING: do1mmUpFront not supported
Timer: 0                      19.99889327 read
Timer: 1                       2.37362934 instantiateSeeds
Timer: 2                       0.37792872 searchAllSeedsPrepare
Timer: 3                      28.36252863 searchAllSeedsDo
Timer: 4                       2.88476160 searchAllSeedsFinalize
Timer: 5                      87.99011748 extendSeeds
Timer: 6                       9.48025155 finishReadOne
Timer: 7                       0.00000000 N/A
Timer: 8                       0.00000000 N/A
Timer: 9                       0.00000000 N/A
Timer: 10                       0.00000000 N/A
Timer: 11                       0.00000000 N/A
Timer: 12                       0.00000000 N/A
Timer: 13                       0.00000000 N/A
Timer: 14                       0.00000000 N/A
Timer: 15                       0.00000000 N/A
Timer: 16                       0.00000000 N/A
Timer: 17                       0.00000000 N/A
Timer: 18                       0.00000000 N/A
Timer: 19                       0.00000000 N/A
Timer: 20                       0.00000000 N/A
Timer: 21                       0.00000000 N/A
Timer: 22                       0.00000000 N/A
Timer: 23                       0.00000000 N/A
Timer: 24                       0.00000000 N/A
Timer: 25                       0.00000000 N/A
Timer: 26                       0.00000000 N/A
Timer: 27                       0.00000000 N/A
Timer: 28                       0.00000000 N/A
Timer: 29                       0.00000000 N/A
Timer: 30                       0.00000000 N/A
Timer: 31                       0.00000000 N/A
5773776 reads; of these:
  5773776 (100.00%) were unpaired; of these:
    5758925 (99.74%) aligned 0 times
    2996 (0.05%) aligned exactly 1 time
    11855 (0.21%) aligned >1 times
0.26% overall alignment rate
 149811 2993224 68531290

real	2m44.881s
user	38m28.110s
sys	1m18.819s
==== CPU 2 ==========
WARNING: No doExactUpFront not supported
WARNING: do1mmUpFront not supported
Timer: 0                      20.91089255 read
Timer: 1                       3.07394386 instantiateSeeds
Timer: 2                       0.27669643 searchAllSeedsPrepare
Timer: 3                      28.25304057 searchAllSeedsDo
Timer: 4                       2.76627449 searchAllSeedsFinalize
Timer: 5                      87.39362562 extendSeeds
Timer: 6                       7.47222632 finishReadOne
Timer: 7                       0.00000000 N/A
Timer: 8                       0.00000000 N/A
Timer: 9                       0.00000000 N/A
Timer: 10                       0.00000000 N/A
Timer: 11                       0.00000000 N/A
Timer: 12                       0.00000000 N/A
Timer: 13                       0.00000000 N/A
Timer: 14                       0.00000000 N/A
Timer: 15                       0.00000000 N/A
Timer: 16                       0.00000000 N/A
Timer: 17                       0.00000000 N/A
Timer: 18                       0.00000000 N/A
Timer: 19                       0.00000000 N/A
Timer: 20                       0.00000000 N/A
Timer: 21                       0.00000000 N/A
Timer: 22                       0.00000000 N/A
Timer: 23                       0.00000000 N/A
Timer: 24                       0.00000000 N/A
Timer: 25                       0.00000000 N/A
Timer: 26                       0.00000000 N/A
Timer: 27                       0.00000000 N/A
Timer: 28                       0.00000000 N/A
Timer: 29                       0.00000000 N/A
Timer: 30                       0.00000000 N/A
Timer: 31                       0.00000000 N/A
5773776 reads; of these:
  5773776 (100.00%) were unpaired; of these:
    5758925 (99.74%) aligned 0 times
    2996 (0.05%) aligned exactly 1 time
    11855 (0.21%) aligned >1 times
0.26% overall alignment rate
 149811 2993224 68531290

real	2m42.133s
user	38m12.511s
sys	1m11.898s
==============
#./bowtie2-omp-gcc-no2 -p 1024 --no-exact-upfront --no-1mm-upfront -x /scratch/qp-woltka/WoLr1/WoLr1 -q /qmounts/qiita_data/per_sample_FASTQ/101636//Girguis50_RightEG4_host_filtered.fastq.gz --seed 42 --very-sensitive -k 16 --np 1 --mp 1,1 --rdg 0,1 --rfg 0,1 --score-min  L,0,-0.05 --no-head --no-unal |wc
==== CPU 1 ==========
WARNING: No doExactUpFront not supported
WARNING: do1mmUpFront not supported
Timer: 0                      10.14727836 read
Timer: 1                       9.01847252 instantiateSeeds
Timer: 2                       3.81040056 searchAllSeedsPrepare
Timer: 3                      30.32317567 searchAllSeedsDo
Timer: 4                      10.88247747 finishReadOne
Timer: 5                       0.00000000 N/A
Timer: 6                       0.00000000 N/A
Timer: 7                       0.00000000 N/A
Timer: 8                       0.00000000 N/A
Timer: 9                       0.00000000 N/A
Timer: 10                       0.00000000 N/A
Timer: 11                       0.00000000 N/A
Timer: 12                       0.00000000 N/A
Timer: 13                       0.00000000 N/A
Timer: 14                       0.00000000 N/A
Timer: 15                       0.00000000 N/A
Timer: 16                       0.00000000 N/A
Timer: 17                       0.00000000 N/A
Timer: 18                       0.00000000 N/A
Timer: 19                       0.00000000 N/A
Timer: 20                       0.00000000 N/A
Timer: 21                       0.00000000 N/A
Timer: 22                       0.00000000 N/A
Timer: 23                       0.00000000 N/A
Timer: 24                       0.00000000 N/A
Timer: 25                       0.00000000 N/A
Timer: 26                       0.00000000 N/A
Timer: 27                       0.00000000 N/A
Timer: 28                       0.00000000 N/A
Timer: 29                       0.00000000 N/A
Timer: 30                       0.00000000 N/A
Timer: 31                       0.00000000 N/A
5773776 reads; of these:
  5773776 (100.00%) were unpaired; of these:
    5773776 (100.00%) aligned 0 times
    0 (0.00%) aligned exactly 1 time
    0 (0.00%) aligned >1 times
0.00% overall alignment rate
      0       0       0

real	1m14.901s
user	14m36.832s
sys	2m15.712s
==== CPU 2 ==========
WARNING: No doExactUpFront not supported
WARNING: do1mmUpFront not supported
Timer: 0                      10.35335126 read
Timer: 1                       9.15613668 instantiateSeeds
Timer: 2                       3.58390083 searchAllSeedsPrepare
Timer: 3                      30.65921804 searchAllSeedsDo
Timer: 4                      10.10550020 finishReadOne
Timer: 5                       0.00000000 N/A
Timer: 6                       0.00000000 N/A
Timer: 7                       0.00000000 N/A
Timer: 8                       0.00000000 N/A
Timer: 9                       0.00000000 N/A
Timer: 10                       0.00000000 N/A
Timer: 11                       0.00000000 N/A
Timer: 12                       0.00000000 N/A
Timer: 13                       0.00000000 N/A
Timer: 14                       0.00000000 N/A
Timer: 15                       0.00000000 N/A
Timer: 16                       0.00000000 N/A
Timer: 17                       0.00000000 N/A
Timer: 18                       0.00000000 N/A
Timer: 19                       0.00000000 N/A
Timer: 20                       0.00000000 N/A
Timer: 21                       0.00000000 N/A
Timer: 22                       0.00000000 N/A
Timer: 23                       0.00000000 N/A
Timer: 24                       0.00000000 N/A
Timer: 25                       0.00000000 N/A
Timer: 26                       0.00000000 N/A
Timer: 27                       0.00000000 N/A
Timer: 28                       0.00000000 N/A
Timer: 29                       0.00000000 N/A
Timer: 30                       0.00000000 N/A
Timer: 31                       0.00000000 N/A
5773776 reads; of these:
  5773776 (100.00%) were unpaired; of these:
    5773776 (100.00%) aligned 0 times
    0 (0.00%) aligned exactly 1 time
    0 (0.00%) aligned >1 times
0.00% overall alignment rate
      0       0       0

real	1m13.094s
user	14m44.131s
sys	2m2.662s
==============
==============
==============
#./bowtie2-omp -p 1024 --no-exact-upfront --no-1mm-upfront -x /scratch/qp-woltka/WoLr1/WoLr1 -q /qmounts/qiita_data/per_sample_FASTQ/101636//Girguis50_RightEG4_host_filtered.fastq.gz --seed 42 --very-sensitive -k 16 --np 1 --mp 1,1 --rdg 0,1 --rfg 0,1 --score-min  L,0,-0.05 --no-head --no-unal |wc
==== CPU 1 ==========
WARNING: No doExactUpFront not supported
WARNING: do1mmUpFront not supported
Timer: 0                      20.95351400 read
Timer: 1                       1.30899571 instantiateSeeds
Timer: 2                       0.15983065 searchAllSeedsPrepare
Timer: 3                      15.69219070 searchAllSeedsDo
Timer: 4                       3.26360676 searchAllSeedsFinalize
Timer: 5                      86.16972947 extendSeeds
Timer: 6                       9.38966127 finishReadOne
Timer: 7                       0.00000000 N/A
Timer: 8                       0.00000000 N/A
Timer: 9                       0.00000000 N/A
Timer: 10                       0.00000000 N/A
Timer: 11                       0.00000000 N/A
Timer: 12                       0.00000000 N/A
Timer: 13                       0.00000000 N/A
Timer: 14                       0.00000000 N/A
Timer: 15                       0.00000000 N/A
Timer: 16                       0.00000000 N/A
Timer: 17                       0.00000000 N/A
Timer: 18                       0.00000000 N/A
Timer: 19                       0.00000000 N/A
Timer: 20                       0.00000000 N/A
Timer: 21                       0.00000000 N/A
Timer: 22                       0.00000000 N/A
Timer: 23                       0.00000000 N/A
Timer: 24                       0.00000000 N/A
Timer: 25                       0.00000000 N/A
Timer: 26                       0.00000000 N/A
Timer: 27                       0.00000000 N/A
Timer: 28                       0.00000000 N/A
Timer: 29                       0.00000000 N/A
Timer: 30                       0.00000000 N/A
Timer: 31                       0.00000000 N/A
5773776 reads; of these:
  5773776 (100.00%) were unpaired; of these:
    5758925 (99.74%) aligned 0 times
    2996 (0.05%) aligned exactly 1 time
    11855 (0.21%) aligned >1 times
0.26% overall alignment rate
 149811 2993224 68531290

real	2m30.246s
user	32m51.043s
sys	3m10.377s
==== CPU 2 ==========
WARNING: No doExactUpFront not supported
WARNING: do1mmUpFront not supported
Timer: 0                      20.79990918 read
Timer: 1                       1.34300518 instantiateSeeds
Timer: 2                       0.16105858 searchAllSeedsPrepare
Timer: 3                      15.55053474 searchAllSeedsDo
Timer: 4                       3.22471045 searchAllSeedsFinalize
Timer: 5                      85.70956460 extendSeeds
Timer: 6                       9.73271973 finishReadOne
Timer: 7                       0.00000000 N/A
Timer: 8                       0.00000000 N/A
Timer: 9                       0.00000000 N/A
Timer: 10                       0.00000000 N/A
Timer: 11                       0.00000000 N/A
Timer: 12                       0.00000000 N/A
Timer: 13                       0.00000000 N/A
Timer: 14                       0.00000000 N/A
Timer: 15                       0.00000000 N/A
Timer: 16                       0.00000000 N/A
Timer: 17                       0.00000000 N/A
Timer: 18                       0.00000000 N/A
Timer: 19                       0.00000000 N/A
Timer: 20                       0.00000000 N/A
Timer: 21                       0.00000000 N/A
Timer: 22                       0.00000000 N/A
Timer: 23                       0.00000000 N/A
Timer: 24                       0.00000000 N/A
Timer: 25                       0.00000000 N/A
Timer: 26                       0.00000000 N/A
Timer: 27                       0.00000000 N/A
Timer: 28                       0.00000000 N/A
Timer: 29                       0.00000000 N/A
Timer: 30                       0.00000000 N/A
Timer: 31                       0.00000000 N/A
5773776 reads; of these:
  5773776 (100.00%) were unpaired; of these:
    5758925 (99.74%) aligned 0 times
    2996 (0.05%) aligned exactly 1 time
    11855 (0.21%) aligned >1 times
0.26% overall alignment rate
 149811 2993224 68531290

real	2m28.361s
user	32m50.555s
sys	3m8.605s
==============
#./bowtie2-omp-no2 -p 1024 --no-exact-upfront --no-1mm-upfront -x /scratch/qp-woltka/WoLr1/WoLr1 -q /qmounts/qiita_data/per_sample_FASTQ/101636//Girguis50_RightEG4_host_filtered.fastq.gz --seed 42 --very-sensitive -k 16 --np 1 --mp 1,1 --rdg 0,1 --rfg 0,1 --score-min  L,0,-0.05 --no-head --no-unal |wc
==== CPU 1 ==========
WARNING: No doExactUpFront not supported
WARNING: do1mmUpFront not supported
Timer: 0                      14.35848535 read
Timer: 1                       4.45829878 instantiateSeeds
Timer: 2                       0.26075412 searchAllSeedsPrepare
Timer: 3                      17.10677492 searchAllSeedsDo
Timer: 4                      12.11919614 finishReadOne
Timer: 5                       0.00000000 N/A
Timer: 6                       0.00000000 N/A
Timer: 7                       0.00000000 N/A
Timer: 8                       0.00000000 N/A
Timer: 9                       0.00000000 N/A
Timer: 10                       0.00000000 N/A
Timer: 11                       0.00000000 N/A
Timer: 12                       0.00000000 N/A
Timer: 13                       0.00000000 N/A
Timer: 14                       0.00000000 N/A
Timer: 15                       0.00000000 N/A
Timer: 16                       0.00000000 N/A
Timer: 17                       0.00000000 N/A
Timer: 18                       0.00000000 N/A
Timer: 19                       0.00000000 N/A
Timer: 20                       0.00000000 N/A
Timer: 21                       0.00000000 N/A
Timer: 22                       0.00000000 N/A
Timer: 23                       0.00000000 N/A
Timer: 24                       0.00000000 N/A
Timer: 25                       0.00000000 N/A
Timer: 26                       0.00000000 N/A
Timer: 27                       0.00000000 N/A
Timer: 28                       0.00000000 N/A
Timer: 29                       0.00000000 N/A
Timer: 30                       0.00000000 N/A
Timer: 31                       0.00000000 N/A
5773776 reads; of these:
  5773776 (100.00%) were unpaired; of these:
    5773776 (100.00%) aligned 0 times
    0 (0.00%) aligned exactly 1 time
    0 (0.00%) aligned >1 times
0.00% overall alignment rate
      0       0       0

real	0m58.782s
user	9m49.014s
sys	2m55.887s
==== CPU 2 ==========
WARNING: No doExactUpFront not supported
WARNING: do1mmUpFront not supported
Timer: 0                      14.66443717 read
Timer: 1                       4.20217083 instantiateSeeds
Timer: 2                       0.22047330 searchAllSeedsPrepare
Timer: 3                      16.61019062 searchAllSeedsDo
Timer: 4                      12.80130625 finishReadOne
Timer: 5                       0.00000000 N/A
Timer: 6                       0.00000000 N/A
Timer: 7                       0.00000000 N/A
Timer: 8                       0.00000000 N/A
Timer: 9                       0.00000000 N/A
Timer: 10                       0.00000000 N/A
Timer: 11                       0.00000000 N/A
Timer: 12                       0.00000000 N/A
Timer: 13                       0.00000000 N/A
Timer: 14                       0.00000000 N/A
Timer: 15                       0.00000000 N/A
Timer: 16                       0.00000000 N/A
Timer: 17                       0.00000000 N/A
Timer: 18                       0.00000000 N/A
Timer: 19                       0.00000000 N/A
Timer: 20                       0.00000000 N/A
Timer: 21                       0.00000000 N/A
Timer: 22                       0.00000000 N/A
Timer: 23                       0.00000000 N/A
Timer: 24                       0.00000000 N/A
Timer: 25                       0.00000000 N/A
Timer: 26                       0.00000000 N/A
Timer: 27                       0.00000000 N/A
Timer: 28                       0.00000000 N/A
Timer: 29                       0.00000000 N/A
Timer: 30                       0.00000000 N/A
Timer: 31                       0.00000000 N/A
5773776 reads; of these:
  5773776 (100.00%) were unpaired; of these:
    5773776 (100.00%) aligned 0 times
    0 (0.00%) aligned exactly 1 time
    0 (0.00%) aligned >1 times
0.00% overall alignment rate
      0       0       0

real	0m57.630s
user	9m45.305s
sys	3m2.625s
==============
#./bowtie2-omp-gpu-no2 -p 4094 --no-exact-upfront --no-1mm-upfront -x /scratch/qp-woltka/WoLr1/WoLr1 -q /qmounts/qiita_data/per_sample_FASTQ/101636//Girguis50_RightEG4_host_filtered.fastq.gz --seed 42 --very-sensitive -k 16 --np 1 --mp 1,1 --rdg 0,1 --rfg 0,1 --score-min  L,0,-0.05 --no-head --no-unal |wc
==== CPU 1 GPU 1 ==========
WARNING: No doExactUpFront not supported
WARNING: do1mmUpFront not supported
Timer: 0                      11.84848081 read
Timer: 1                       3.98067701 instantiateSeeds
Timer: 2                       1.24964827 searchAllSeedsPrepare
Timer: 3                       4.98671003 searchAllSeedsDo
Timer: 4                       7.38819482 finishReadOne
Timer: 5                       0.00000000 N/A
Timer: 6                       0.00000000 N/A
Timer: 7                       0.00000000 N/A
Timer: 8                       0.00000000 N/A
Timer: 9                       0.00000000 N/A
Timer: 10                       0.00000000 N/A
Timer: 11                       0.00000000 N/A
Timer: 12                       0.00000000 N/A
Timer: 13                       0.00000000 N/A
Timer: 14                       0.00000000 N/A
Timer: 15                       0.00000000 N/A
Timer: 16                       0.00000000 N/A
Timer: 17                       0.00000000 N/A
Timer: 18                       0.00000000 N/A
Timer: 19                       0.00000000 N/A
Timer: 20                       0.00000000 N/A
Timer: 21                       0.00000000 N/A
Timer: 22                       0.00000000 N/A
Timer: 23                       0.00000000 N/A
Timer: 24                       0.00000000 N/A
Timer: 25                       0.00000000 N/A
Timer: 26                       0.00000000 N/A
Timer: 27                       0.00000000 N/A
Timer: 28                       0.00000000 N/A
Timer: 29                       0.00000000 N/A
Timer: 30                       0.00000000 N/A
Timer: 31                       0.00000000 N/A
5773776 reads; of these:
  5773776 (100.00%) were unpaired; of these:
    5773776 (100.00%) aligned 0 times
    0 (0.00%) aligned exactly 1 time
    0 (0.00%) aligned >1 times
0.00% overall alignment rate
      0       0       0

real	0m58.107s
user	5m12.996s
sys	2m25.685s
==== CPU 2 GPU 1 ==========
WARNING: No doExactUpFront not supported
WARNING: do1mmUpFront not supported
Timer: 0                      11.46399588 read
Timer: 1                       4.08329268 instantiateSeeds
Timer: 2                       1.51504964 searchAllSeedsPrepare
Timer: 3                       6.29101016 searchAllSeedsDo
Timer: 4                       7.18705514 finishReadOne
Timer: 5                       0.00000000 N/A
Timer: 6                       0.00000000 N/A
Timer: 7                       0.00000000 N/A
Timer: 8                       0.00000000 N/A
Timer: 9                       0.00000000 N/A
Timer: 10                       0.00000000 N/A
Timer: 11                       0.00000000 N/A
Timer: 12                       0.00000000 N/A
Timer: 13                       0.00000000 N/A
Timer: 14                       0.00000000 N/A
Timer: 15                       0.00000000 N/A
Timer: 16                       0.00000000 N/A
Timer: 17                       0.00000000 N/A
Timer: 18                       0.00000000 N/A
Timer: 19                       0.00000000 N/A
Timer: 20                       0.00000000 N/A
Timer: 21                       0.00000000 N/A
Timer: 22                       0.00000000 N/A
Timer: 23                       0.00000000 N/A
Timer: 24                       0.00000000 N/A
Timer: 25                       0.00000000 N/A
Timer: 26                       0.00000000 N/A
Timer: 27                       0.00000000 N/A
Timer: 28                       0.00000000 N/A
Timer: 29                       0.00000000 N/A
Timer: 30                       0.00000000 N/A
Timer: 31                       0.00000000 N/A
5773776 reads; of these:
  5773776 (100.00%) were unpaired; of these:
    5773776 (100.00%) aligned 0 times
    0 (0.00%) aligned exactly 1 time
    0 (0.00%) aligned >1 times
0.00% overall alignment rate
      0       0       0

real	0m58.756s
user	5m11.439s
sys	2m36.769s
==============
