b2-021
Architecture:          x86_64
CPU op-mode(s):        32-bit, 64-bit
Byte Order:            Little Endian
CPU(s):                32
On-line CPU(s) list:   0-31
Thread(s) per core:    1
Core(s) per socket:    16
Socket(s):             2
NUMA node(s):          2
Vendor ID:             AuthenticAMD
CPU family:            23
Model:                 49
Model name:            AMD EPYC 7302 16-Core Processor
Stepping:              0
CPU MHz:               1500.000
CPU max MHz:           3000.0000
CPU min MHz:           1500.0000
BogoMIPS:              5999.89
Virtualization:        AMD-V
L1d cache:             32K
L1i cache:             32K
L2 cache:              512K
L3 cache:              16384K
NUMA node0 CPU(s):     0-15
NUMA node1 CPU(s):     16-31
Flags:                 fpu vme de pse tsc msr pae mce cx8 apic sep mtrr pge mca cmov pat pse36 clflush mmx fxsr sse sse2 ht syscall nx mmxext fxsr_opt pdpe1gb rdtscp lm constant_tsc art rep_good nopl nonstop_tsc extd_apicid aperfmperf eagerfpu pni pclmulqdq monitor ssse3 fma cx16 sse4_1 sse4_2 movbe popcnt aes xsave avx f16c rdrand lahf_lm cmp_legacy svm extapic cr8_legacy abm sse4a misalignsse 3dnowprefetch osvw ibs skinit wdt tce topoext perfctr_core perfctr_nb bpext perfctr_l2 cpb cat_l3 cdp_l3 hw_pstate sme retpoline_amd ssbd ibrs ibpb stibp vmmcall fsgsbase bmi1 avx2 smep bmi2 cqm rdt_a rdseed adx smap clflushopt clwb sha_ni xsaveopt xsavec xgetbv1 cqm_llc cqm_occup_llc cqm_mbm_total cqm_mbm_local clzero irperf xsaveerptr arat npt lbrv svm_lock nrip_save tsc_scale vmcb_clean flushbyasid decodeassists pausefilter pfthreshold avic v_vmsave_vmload vgif umip overflow_recov succor smca
==============
166eb8051303a2c4dc8d09f661ed0999  /scratch/qp-woltka/WoLr1/WoLr1.1.bt2l
2f00504b58aa988c42a48752bfe0b245  /scratch/qp-woltka/WoLr1/WoLr1.2.bt2l
45d7306f84c3f3193dc0ff743127236f  /scratch/qp-woltka/WoLr1/WoLr1.3.bt2l
28bdfe07cea0d4db067d296b46d5b6c7  /scratch/qp-woltka/WoLr1/WoLr1.4.bt2l
0fe78a762a8d08a065123715fa2743cd  /scratch/qp-woltka/WoLr1/WoLr1.coords
b1d5b8c97af1c057283d658d6f10a445  /scratch/qp-woltka/WoLr1/WoLr1.rev.1.bt2l
2863ae07aba42d68d80cd904e8bf1a3d  /scratch/qp-woltka/WoLr1/WoLr1.rev.2.bt2l
7ce4b379d026b8ca6c7010d879e0c48e  /scratch/qp-woltka/WoLr1/WoLr1.shear
e6903d664524c117c1876c6822a73403  /scratch/qp-woltka/WoLr1/WoLr1.tax
93bec2316b6ccd8f3dff56d3234105e5  /qmounts/qiita_data/per_sample_FASTQ/101636//Mousseau88_FIN_373_host_filtered.fastq.gz
==============
==============
==============
#./bowtie2-new -p 16 --no-exact-upfront --no-1mm-upfront -x /scratch/qp-woltka/WoLr1/WoLr1 -q /qmounts/qiita_data/per_sample_FASTQ/101636//Mousseau88_FIN_373_host_filtered.fastq.gz --seed 42 --very-sensitive -k 16 --np 1 --mp 1,1 --rdg 0,1 --rfg 0,1 --score-min  L,0,-0.05 --no-head --no-unal |wc
==== CPU 1 ==========
Timer: 0                       1.18704613 read
Timer: 1                       3.13135819 mmSeeds+instantiateSeeds
Timer: 2                      37.84818060 searchAllSeeds
Timer: 3                      59.54135881 extendSeeds
Timer: 4                       0.03523574 searchAllSeeds
Timer: 5                       0.13214075 extendSeeds
Timer: 6                       1.72063128 searchAllSeeds
Timer: 7                       0.01792221 extendSeeds
Timer: 0                       1.23682217 read
Timer: 1                       3.17984412 mmSeeds+instantiateSeeds
Timer: 2                      37.94795042 searchAllSeeds
Timer: 0                       1.19387119 read
Timer: 1                       3.06221282 mmSeeds+instantiateSeeds
Timer: 2                      37.31918758 searchAllSeeds
Timer: 3                      59.59914501 extendSeeds
Timer: 4                       0.03458084 searchAllSeeds
Timer: 5                       0.11779083 extendSeeds
Timer: 6                       1.78818439 searchAllSeeds
Timer: 7                       0.01780798 extendSeeds
Timer: 8                      11.96678976 finishReadOne
Timer: 9                       0.70934425 extendSeeds
Timer: 0                       1.18394015 read
Timer: 1                       3.09924158 mmSeeds+instantiateSeeds
Timer: 2                      37.99261438 searchAllSeeds
Timer: 3                      59.32860574 extendSeeds
Timer: 4                       0.03513683 searchAllSeeds
Timer: 5                       0.11671623 extendSeeds
Timer: 6                       1.74647559 searchAllSeeds
Timer: 7                       0.01796282 extendSeeds
Timer: 8                      12.02872270 finishReadOne
Timer: 10                       0.01599775 finishReadOne
Timer: 11                       0.00000000 N/A
Timer: 12                       0.00000000 N/A
Timer: 13                       0.00000000 N/A
Timer: 14                       0.00000000 N/A
Timer: 15                       0.00000000 N/A
Timer: 0                       1.27748816 read
Timer: 1                       3.07710443 mmSeeds+instantiateSeeds
Timer: 2                      37.91010552 searchAllSeeds
Timer: 3                      59.04239570 extendSeeds
Timer: 9                       0.71727883 extendSeeds
Timer: 4                       0.03428627 searchAllSeeds
Timer: 5                       0.10580385 extendSeeds
Timer: 6                       1.74407519 searchAllSeeds
Timer: 7                       0.01776186 extendSeeds
Timer: 0                       1.19952630 read
Timer: 1                       3.08800444 mmSeeds+instantiateSeeds
Timer: 2                      37.71694292 searchAllSeeds
Timer: 3                      59.61712516 extendSeeds
Timer: 10                       0.01848505 finishReadOne
Timer: 11                       0.00000000 N/A
Timer: 12                       0.00000000 N/A
Timer: 13                       0.00000000 N/A
Timer: 14                       0.00000000 N/A
Timer: 15                       0.00000000 N/A
Timer: 16                       0.00000000 N/A
Timer: 17                       0.00000000 N/A
Timer: 18                       0.00000000 N/A
Timer: 8                      11.99240480 finishReadOne
Timer: 9                       0.72157878 finishReadOne
Timer: 10                       0.01006386 finishReadOne
Timer: 11                       0.00000000 N/A
Timer: 12                       0.00000000 N/A
Timer: 8                      12.11491123 finishReadOne
Timer: 13                       0.00000000 N/A
Timer: 14                       0.00000000 N/A
Timer: 3                      59.39603758 extendSeeds
Timer: 4                       0.03614646 searchAllSeeds
Timer: 5                       0.11970056 extendSeeds
Timer: 6                       1.84013119 searchAllSeeds
Timer: 7                       0.01855702 extendSeeds
Timer: 19                       0.00000000 N/A
Timer: 20                       0.00000000 N/A
Timer: 21                       0.00000000 N/A
Timer: 22                       0.00000000 N/A
Timer: 23                       0.00000000 N/A
Timer: 9                       0.65498538 extendSeeds
Timer: 10                       0.01509825 finishReadOne
Timer: 11                       0.00000000 N/A
Timer: 15                       0.00000000 N/A
Timer: 16                       0.00000000 N/A
Timer: 17                       0.00000000 N/A
Timer: 18                       0.00000000 N/A
Timer: 19                       0.00000000 N/A
Timer: 20                       0.00000000 N/A
Timer: 4                       0.03535231 searchAllSeeds
Timer: 16                       0.00000000 N/A
Timer: 5                       0.12357184 extendSeeds
Timer: 6                       1.86329749 searchAllSeeds
Timer: 24                       0.00000000 N/A
Timer: 7                       0.01829047 extendSeeds
Timer: 25                       0.00000000 N/A
Timer: 21                       0.00000000 N/A
Timer: 12                       0.00000000 N/A
Timer: 8                      11.90364207 finishReadOne
Timer: 8                      11.97008985 finishReadOne
Timer: 9                       0.75913483 finishReadOne
Timer: 9                       0.68437986 finishReadOne
Timer: 13                       0.00000000 N/A
Timer: 17                       0.00000000 N/A
Timer: 18                       0.00000000 N/A
Timer: 19                       0.00000000 N/A
Timer: 20                       0.00000000 N/A
Timer: 21                       0.00000000 N/A
Timer: 22                       0.00000000 N/A
Timer: 10                       0.01802957 finishReadOne
Timer: 22                       0.00000000 N/A
Timer: 11                       0.00000000 N/A
Timer: 12                       0.00000000 N/A
Timer: 14                       0.00000000 N/A
Timer: 13                       0.00000000 N/A
Timer: 15                       0.00000000 N/A
Timer: 16                       0.00000000 N/A
Timer: 10                       0.02227682 finishReadOne
Timer: 17                       0.00000000 N/A
Timer: 11                       0.00000000 N/A
Timer: 18                       0.00000000 N/A
Timer: 12                       0.00000000 N/A
Timer: 19                       0.00000000 N/A
Timer: 23                       0.00000000 N/A
Timer: 14                       0.00000000 N/A
Timer: 24                       0.00000000 N/A
Timer: 15                       0.00000000 N/A
Timer: 25                       0.00000000 N/A
Timer: 16                       0.00000000 N/A
Timer: 26                       0.00000000 N/A
Timer: 13                       0.00000000 N/A
Timer: 27                       0.00000000 N/A
Timer: 23                       0.00000000 N/A
Timer: 28                       0.00000000 N/A
Timer: 29                       0.00000000 N/A
Timer: 20                       0.00000000 N/A
Timer: 30                       0.00000000 N/A
Timer: 21                       0.00000000 N/A
Timer: 14                       0.00000000 N/A
Timer: 31                       0.00000000 N/A
Timer: 17                       0.00000000 N/A
Timer: 15                       0.00000000 N/A
Timer: 16                       0.00000000 N/A
Timer: 22                       0.00000000 N/A
Timer: 24                       0.00000000 N/A
Timer: 23                       0.00000000 N/A
Timer: 24                       0.00000000 N/A
Timer: 18                       0.00000000 N/A
Timer: 17                       0.00000000 N/A
Timer: 19                       0.00000000 N/A
Timer: 18                       0.00000000 N/A
Timer: 26                       0.00000000 N/A
Timer: 19                       0.00000000 N/A
Timer: 20                       0.00000000 N/A
Timer: 27                       0.00000000 N/A
Timer: 25                       0.00000000 N/A
Timer: 26                       0.00000000 N/A
Timer: 21                       0.00000000 N/A
Timer: 27                       0.00000000 N/A
Timer: 0                       1.23064327 read
Timer: 1                       3.15207936 mmSeeds+instantiateSeeds
Timer: 2                      37.98855767 searchAllSeeds
Timer: 28                       0.00000000 N/A
Timer: 29                       0.00000000 N/A
Timer: 30                       0.00000000 N/A
Timer: 31                       0.00000000 N/A
Timer: 22                       0.00000000 N/A
Timer: 23                       0.00000000 N/A
Timer: 24                       0.00000000 N/A
Timer: 25                       0.00000000 N/A
Timer: 26                       0.00000000 N/A
Timer: 20                       0.00000000 N/A
Timer: 21                       0.00000000 N/A
Timer: 22                       0.00000000 N/A
Timer: 23                       0.00000000 N/A
Timer: 24                       0.00000000 N/A
Timer: 25                       0.00000000 N/A
Timer: 26                       0.00000000 N/A
Timer: 27                       0.00000000 N/A
Timer: 28                       0.00000000 N/A
Timer: 25                       0.00000000 N/A
Timer: 29                       0.00000000 N/A
Timer: 26                       0.00000000 N/A
Timer: 3                      59.52832918 extendSeeds
Timer: 27                       0.00000000 N/A
Timer: 28                       0.00000000 N/A
Timer: 28                       0.00000000 N/A
Timer: 30                       0.00000000 N/A
Timer: 29                       0.00000000 N/A
Timer: 31                       0.00000000 N/A
Timer: 30                       0.00000000 N/A
Timer: 27                       0.00000000 N/A
Timer: 4                       0.03658349 searchAllSeeds
Timer: 5                       0.11348242 extendSeeds
Timer: 6                       1.72696155 searchAllSeeds
Timer: 7                       0.01845379 extendSeeds
Timer: 28                       0.00000000 N/A
Timer: 0                       1.26568000 read
Timer: 1                       3.13005469 mmSeeds+instantiateSeeds
Timer: 2                      37.92828689 searchAllSeeds
Timer: 8                      11.80654897 finishReadOne
Timer: 9                       0.70203972 extendSeeds
Timer: 10                       0.02336162 finishReadOne
Timer: 11                       0.00000000 N/A
Timer: 12                       0.00000000 N/A
Timer: 13                       0.00000000 N/A
Timer: 14                       0.00000000 N/A
Timer: 15                       0.00000000 N/A
Timer: 16                       0.00000000 N/A
Timer: 17                       0.00000000 N/A
Timer: 29                       0.00000000 N/A
Timer: 30                       0.00000000 N/A
Timer: 31                       0.00000000 N/A
Timer: 31                       0.00000000 N/A
Timer: 3                      59.43111186 extendSeeds
Timer: 4                       0.03590631 searchAllSeeds
Timer: 5                       0.11769093 extendSeeds
Timer: 6                       1.76455269 searchAllSeeds
Timer: 7                       0.01949947 extendSeeds
Timer: 8                      12.11369756 finishReadOne
Timer: 9                       0.76522574 extendSeeds
Timer: 10                       0.01079892 finishReadOne
Timer: 11                       0.00000000 N/A
Timer: 12                       0.00000000 N/A
Timer: 13                       0.00000000 N/A
Timer: 14                       0.00000000 N/A
Timer: 15                       0.00000000 N/A
Timer: 16                       0.00000000 N/A
Timer: 17                       0.00000000 N/A
Timer: 18                       0.00000000 N/A
Timer: 19                       0.00000000 N/A
Timer: 20                       0.00000000 N/A
Timer: 21                       0.00000000 N/A
Timer: 22                       0.00000000 N/A
Timer: 23                       0.00000000 N/A
Timer: 24                       0.00000000 N/A
Timer: 25                       0.00000000 N/A
Timer: 26                       0.00000000 N/A
Timer: 27                       0.00000000 N/A
Timer: 28                       0.00000000 N/A
Timer: 29                       0.00000000 N/A
Timer: 30                       0.00000000 N/A
Timer: 31                       0.00000000 N/A
Timer: 0                       1.23670342 read
Timer: 1                       3.16008026 mmSeeds+instantiateSeeds
Timer: 2                      37.63512658 searchAllSeeds
Timer: 3                      59.37023022 extendSeeds
Timer: 4                       0.03677334 searchAllSeeds
Timer: 5                       0.11469448 extendSeeds
Timer: 6                       1.81121485 searchAllSeeds
Timer: 7                       0.01800320 extendSeeds
Timer: 8                      12.24685057 finishReadOne
Timer: 9                       0.72440328 extendSeeds
Timer: 10                       0.02655245 finishReadOne
Timer: 11                       0.00000000 N/A
Timer: 12                       0.00000000 N/A
Timer: 13                       0.00000000 N/A
Timer: 14                       0.00000000 N/A
Timer: 15                       0.00000000 N/A
Timer: 16                       0.00000000 N/A
Timer: 17                       0.00000000 N/A
Timer: 18                       0.00000000 N/A
Timer: 19                       0.00000000 N/A
Timer: 20                       0.00000000 N/A
Timer: 21                       0.00000000 N/A
Timer: 22                       0.00000000 N/A
Timer: 23                       0.00000000 N/A
Timer: 24                       0.00000000 N/A
Timer: 25                       0.00000000 N/A
Timer: 26                       0.00000000 N/A
Timer: 27                       0.00000000 N/A
Timer: 28                       0.00000000 N/A
Timer: 29                       0.00000000 N/A
Timer: 30                       0.00000000 N/A
Timer: 31                       0.00000000 N/A
Timer: 0                       1.17789168 read
Timer: 1                       3.06606606 mmSeeds+instantiateSeeds
Timer: 2                      38.02893592 searchAllSeeds
Timer: 3                      59.00745482 extendSeeds
Timer: 4                       0.05509562 searchAllSeeds
Timer: 5                       0.11358100 extendSeeds
Timer: 6                       1.82008407 searchAllSeeds
Timer: 7                       0.01805121 extendSeeds
Timer: 8                      11.96431213 finishReadOne
Timer: 9                       0.72485190 finishReadOne
Timer: 10                       0.00684707 finishReadOne
Timer: 11                       0.00000000 N/A
Timer: 12                       0.00000000 N/A
Timer: 13                       0.00000000 N/A
Timer: 14                       0.00000000 N/A
Timer: 15                       0.00000000 N/A
Timer: 16                       0.00000000 N/A
Timer: 17                       0.00000000 N/A
Timer: 18                       0.00000000 N/A
Timer: 19                       0.00000000 N/A
Timer: 20                       0.00000000 N/A
Timer: 21                       0.00000000 N/A
Timer: 22                       0.00000000 N/A
Timer: 23                       0.00000000 N/A
Timer: 24                       0.00000000 N/A
Timer: 25                       0.00000000 N/A
Timer: 26                       0.00000000 N/A
Timer: 27                       0.00000000 N/A
Timer: 28                       0.00000000 N/A
Timer: 29                       0.00000000 N/A
Timer: 30                       0.00000000 N/A
Timer: 31                       0.00000000 N/A
Timer: 0                       1.24508083 read
Timer: 1                       3.09687714 mmSeeds+instantiateSeeds
Timer: 2                      37.33924988 searchAllSeeds
Timer: 3                      59.31734672 extendSeeds
Timer: 18                       0.00000000 N/A
Timer: 19                       0.00000000 N/A
Timer: 20                       0.00000000 N/A
Timer: 21                       0.00000000 N/A
Timer: 22                       0.00000000 N/A
Timer: 23                       0.00000000 N/A
Timer: 0                       1.19078934 read
Timer: 1                       3.07980017 mmSeeds+instantiateSeeds
Timer: 2                      38.37893238 searchAllSeeds
Timer: 3                      59.31332320 extendSeeds
Timer: 24                       0.00000000 N/A
Timer: 4                       0.03527726 searchAllSeeds
Timer: 4                       0.03563377 searchAllSeeds
Timer: 5                       0.11216287 extendSeeds
Timer: 25                       0.00000000 N/A
Timer: 26                       0.00000000 N/A
Timer: 27                       0.00000000 N/A
Timer: 6                       1.68973666 searchAllSeeds
Timer: 5                       0.13375077 extendSeeds
Timer: 7                       0.01786969 extendSeeds
Timer: 28                       0.00000000 N/A
Timer: 29                       0.00000000 N/A
Timer: 8                      11.90312397 finishReadOne
Timer: 9                       0.63998634 finishReadOne
Timer: 10                       0.01473074 finishReadOne
Timer: 11                       0.00000000 N/A
Timer: 12                       0.00000000 N/A
Timer: 13                       0.00000000 N/A
Timer: 14                       0.00000000 N/A
Timer: 15                       0.00000000 N/A
Timer: 16                       0.00000000 N/A
Timer: 17                       0.00000000 N/A
Timer: 18                       0.00000000 N/A
Timer: 19                       0.00000000 N/A
Timer: 20                       0.00000000 N/A
Timer: 21                       0.00000000 N/A
Timer: 30                       0.00000000 N/A
Timer: 6                       1.84214478 searchAllSeeds
Timer: 7                       0.01788157 extendSeeds
Timer: 22                       0.00000000 N/A
Timer: 31                       0.00000000 N/A
Timer: 8                      12.04614121 finishReadOne
Timer: 9                       0.79873549 extendSeeds
Timer: 10                       0.04565594 finishReadOne
Timer: 11                       0.00000000 N/A
Timer: 12                       0.00000000 N/A
Timer: 13                       0.00000000 N/A
Timer: 14                       0.00000000 N/A
Timer: 23                       0.00000000 N/A
Timer: 24                       0.00000000 N/A
Timer: 25                       0.00000000 N/A
Timer: 26                       0.00000000 N/A
Timer: 27                       0.00000000 N/A
Timer: 15                       0.00000000 N/A
Timer: 16                       0.00000000 N/A
Timer: 17                       0.00000000 N/A
Timer: 18                       0.00000000 N/A
Timer: 19                       0.00000000 N/A
Timer: 28                       0.00000000 N/A
Timer: 29                       0.00000000 N/A
Timer: 30                       0.00000000 N/A
Timer: 31                       0.00000000 N/A
Timer: 20                       0.00000000 N/A
Timer: 21                       0.00000000 N/A
Timer: 22                       0.00000000 N/A
Timer: 23                       0.00000000 N/A
Timer: 24                       0.00000000 N/A
Timer: 25                       0.00000000 N/A
Timer: 26                       0.00000000 N/A
Timer: 27                       0.00000000 N/A
Timer: 28                       0.00000000 N/A
Timer: 29                       0.00000000 N/A
Timer: 30                       0.00000000 N/A
Timer: 31                       0.00000000 N/A
Timer: 0                       1.37303768 read
Timer: 1                       3.39036279 mmSeeds+instantiateSeeds
Timer: 2                      38.06183987 searchAllSeeds
Timer: 3                      58.44585048 extendSeeds
Timer: 4                       0.04661620 searchAllSeeds
Timer: 5                       0.11974391 extendSeeds
Timer: 6                       1.61433621 searchAllSeeds
Timer: 7                       0.01704748 extendSeeds
Timer: 8                      12.14550906 finishReadOne
Timer: 9                       0.68501743 extendSeeds
Timer: 10                       0.02787414 finishReadOne
Timer: 11                       0.00000000 N/A
Timer: 12                       0.00000000 N/A
Timer: 13                       0.00000000 N/A
Timer: 14                       0.00000000 N/A
Timer: 15                       0.00000000 N/A
Timer: 16                       0.00000000 N/A
Timer: 17                       0.00000000 N/A
Timer: 18                       0.00000000 N/A
Timer: 19                       0.00000000 N/A
Timer: 20                       0.00000000 N/A
Timer: 21                       0.00000000 N/A
Timer: 22                       0.00000000 N/A
Timer: 23                       0.00000000 N/A
Timer: 24                       0.00000000 N/A
Timer: 25                       0.00000000 N/A
Timer: 26                       0.00000000 N/A
Timer: 27                       0.00000000 N/A
Timer: 28                       0.00000000 N/A
Timer: 29                       0.00000000 N/A
Timer: 30                       0.00000000 N/A
Timer: 31                       0.00000000 N/A
Timer: 0                       1.29508107 read
Timer: 1                       3.15500400 mmSeeds+instantiateSeeds
Timer: 2                      38.07142513 searchAllSeeds
Timer: 3                      59.46794775 extendSeeds
Timer: 4                       0.03595933 searchAllSeeds
Timer: 5                       0.11464371 extendSeeds
Timer: 6                       1.71629518 searchAllSeeds
Timer: 7                       0.01777179 extendSeeds
Timer: 8                      11.86606322 finishReadOne
Timer: 9                       0.72848434 extendSeeds
Timer: 10                       0.01004408 finishReadOne
Timer: 11                       0.00000000 N/A
Timer: 12                       0.00000000 N/A
Timer: 13                       0.00000000 N/A
Timer: 14                       0.00000000 N/A
Timer: 15                       0.00000000 N/A
Timer: 16                       0.00000000 N/A
Timer: 17                       0.00000000 N/A
Timer: 18                       0.00000000 N/A
Timer: 19                       0.00000000 N/A
Timer: 20                       0.00000000 N/A
Timer: 21                       0.00000000 N/A
Timer: 22                       0.00000000 N/A
Timer: 23                       0.00000000 N/A
Timer: 24                       0.00000000 N/A
Timer: 25                       0.00000000 N/A
Timer: 26                       0.00000000 N/A
Timer: 27                       0.00000000 N/A
Timer: 28                       0.00000000 N/A
Timer: 29                       0.00000000 N/A
Timer: 30                       0.00000000 N/A
Timer: 31                       0.00000000 N/A
Timer: 0                       1.18383708 read
Timer: 1                       3.14014298 mmSeeds+instantiateSeeds
Timer: 2                      37.22763232 searchAllSeeds
Timer: 3                      59.78335771 extendSeeds
Timer: 4                       0.05578557 searchAllSeeds
Timer: 5                       0.12616112 extendSeeds
Timer: 6                       1.98818019 searchAllSeeds
Timer: 7                       0.01816244 extendSeeds
Timer: 8                      11.78899837 finishReadOne
Timer: 9                       0.70025451 finishReadOne
Timer: 10                       0.04919716 finishReadOne
Timer: 11                       0.00000000 N/A
Timer: 12                       0.00000000 N/A
Timer: 13                       0.00000000 N/A
Timer: 14                       0.00000000 N/A
Timer: 15                       0.00000000 N/A
Timer: 16                       0.00000000 N/A
Timer: 17                       0.00000000 N/A
Timer: 18                       0.00000000 N/A
Timer: 19                       0.00000000 N/A
Timer: 20                       0.00000000 N/A
Timer: 21                       0.00000000 N/A
Timer: 22                       0.00000000 N/A
Timer: 23                       0.00000000 N/A
Timer: 24                       0.00000000 N/A
Timer: 25                       0.00000000 N/A
Timer: 26                       0.00000000 N/A
Timer: 27                       0.00000000 N/A
Timer: 28                       0.00000000 N/A
Timer: 29                       0.00000000 N/A
Timer: 30                       0.00000000 N/A
Timer: 31                       0.00000000 N/A
Timer: 29                       0.00000000 N/A
Timer: 30                       0.00000000 N/A
Timer: 31                       0.00000000 N/A
Timer: 0                       1.20344847 read
Timer: 1                       3.17904157 mmSeeds+instantiateSeeds
Timer: 2                      38.35032594 searchAllSeeds
Timer: 3                      58.87458158 extendSeeds
Timer: 4                       0.03584750 searchAllSeeds
Timer: 5                       0.11798108 extendSeeds
Timer: 6                       1.79649571 searchAllSeeds
Timer: 7                       0.01825594 extendSeeds
Timer: 8                      12.06363254 finishReadOne
Timer: 9                       0.73070622 extendSeeds
Timer: 10                       0.01514924 finishReadOne
Timer: 11                       0.00000000 N/A
Timer: 12                       0.00000000 N/A
Timer: 13                       0.00000000 N/A
Timer: 14                       0.00000000 N/A
Timer: 15                       0.00000000 N/A
Timer: 16                       0.00000000 N/A
Timer: 17                       0.00000000 N/A
Timer: 18                       0.00000000 N/A
Timer: 19                       0.00000000 N/A
Timer: 20                       0.00000000 N/A
Timer: 21                       0.00000000 N/A
Timer: 22                       0.00000000 N/A
Timer: 23                       0.00000000 N/A
Timer: 24                       0.00000000 N/A
Timer: 25                       0.00000000 N/A
Timer: 26                       0.00000000 N/A
Timer: 27                       0.00000000 N/A
Timer: 28                       0.00000000 N/A
Timer: 29                       0.00000000 N/A
Timer: 30                       0.00000000 N/A
Timer: 31                       0.00000000 N/A
6130362 reads; of these:
  6130362 (100.00%) were unpaired; of these:
    6111179 (99.69%) aligned 0 times
    7868 (0.13%) aligned exactly 1 time
    11315 (0.18%) aligned >1 times
0.31% overall alignment rate
 119354 2379212 54449019

real	2m10.607s
user	28m50.356s
sys	2m47.056s
==== CPU 2 ==========
Timer: 0                       1.21119543 read
Timer: 1                       3.07685027 mmSeeds+instantiateSeeds
Timer: 2                      33.17917100 searchAllSeeds
Timer: 3                      56.36282160 extendSeeds
Timer: 4                       0.03769226 searchAllSeeds
Timer: 5                       0.11901911 extendSeeds
Timer: 6                       1.82177276 searchAllSeeds
Timer: 7                       0.01846454 extendSeeds
Timer: 8                       8.33979571 finishReadOne
Timer: 9                       0.77093044 extendSeeds
Timer: 10                       0.01628556 finishReadOne
Timer: 11                       0.00000000 N/A
Timer: 12                       0.00000000 N/A
Timer: 13                       0.00000000 N/A
Timer: 14                       0.00000000 N/A
Timer: 15                       0.00000000 N/A
Timer: 16                       0.00000000 N/A
Timer: 17                       0.00000000 N/A
Timer: 18                       0.00000000 N/A
Timer: 19                       0.00000000 N/A
Timer: 20                       0.00000000 N/A
Timer: 21                       0.00000000 N/A
Timer: 22                       0.00000000 N/A
Timer: 23                       0.00000000 N/A
Timer: 24                       0.00000000 N/A
Timer: 25                       0.00000000 N/A
Timer: 26                       0.00000000 N/A
Timer: 27                       0.00000000 N/A
Timer: 28                       0.00000000 N/A
Timer: 29                       0.00000000 N/A
Timer: 30                       0.00000000 N/A
Timer: 31                       0.00000000 N/A
Timer: 0                       1.25312412 read
Timer: 1                       3.16209528 mmSeeds+instantiateSeeds
Timer: 2                      33.91018617 searchAllSeeds
Timer: 3                      55.31286274 extendSeeds
Timer: 0                       1.19052709 read
Timer: 1                       3.05192800 mmSeeds+instantiateSeeds
Timer: 4                       0.05499438 searchAllSeeds
Timer: 5                       0.10515533 extendSeeds
Timer: 6                       1.70197045 searchAllSeeds
Timer: 7                       0.01723378 extendSeeds
Timer: 8                       8.54587004 finishReadOne
Timer: 9                       0.67607886 extendSeeds
Timer: 10                       0.01658793 finishReadOne
Timer: 2                      33.31454018 searchAllSeeds
Timer: 3                      56.10717460 extendSeeds
Timer: 4                       0.03655342 searchAllSeeds
Timer: 5                       0.10796906 extendSeeds
Timer: 6                       1.73712238 searchAllSeeds
Timer: 7                       0.01768981 extendSeeds
Timer: 8                       8.55530138 finishReadOne
Timer: 9                       0.71229328 extendSeeds
Timer: 11                       0.00000000 N/A
Timer: 12                       0.00000000 N/A
Timer: 10                       0.01090039 finishReadOne
Timer: 11                       0.00000000 N/A
Timer: 12                       0.00000000 N/A
Timer: 13                       0.00000000 N/A
Timer: 14                       0.00000000 N/A
Timer: 13                       0.00000000 N/A
Timer: 14                       0.00000000 N/A
Timer: 15                       0.00000000 N/A
Timer: 16                       0.00000000 N/A
Timer: 15                       0.00000000 N/A
Timer: 16                       0.00000000 N/A
Timer: 17                       0.00000000 N/A
Timer: 18                       0.00000000 N/A
Timer: 17                       0.00000000 N/A
Timer: 18                       0.00000000 N/A
Timer: 19                       0.00000000 N/A
Timer: 20                       0.00000000 N/A
Timer: 19                       0.00000000 N/A
Timer: 20                       0.00000000 N/A
Timer: 21                       0.00000000 N/A
Timer: 22                       0.00000000 N/A
Timer: 21                       0.00000000 N/A
Timer: 22                       0.00000000 N/A
Timer: 23                       0.00000000 N/A
Timer: 24                       0.00000000 N/A
Timer: 25                       0.00000000 N/A
Timer: 26                       0.00000000 N/A
Timer: 23                       0.00000000 N/A
Timer: 24                       0.00000000 N/A
Timer: 27                       0.00000000 N/A
Timer: 28                       0.00000000 N/A
Timer: 25                       0.00000000 N/A
Timer: 26                       0.00000000 N/A
Timer: 29                       0.00000000 N/A
Timer: 30                       0.00000000 N/A
Timer: 27                       0.00000000 N/A
Timer: 28                       0.00000000 N/A
Timer: 31                       0.00000000 N/A
Timer: 29                       0.00000000 N/A
Timer: 30                       0.00000000 N/A
Timer: 31                       0.00000000 N/A
Timer: 0                       1.25036208 read
Timer: 1                       3.17665438 mmSeeds+instantiateSeeds
Timer: 2                      33.26287443 searchAllSeeds
Timer: 3                      56.23994914 extendSeeds
Timer: 4                       0.03698066 searchAllSeeds
Timer: 5                       0.12849791 extendSeeds
Timer: 6                       1.70654148 searchAllSeeds
Timer: 7                       0.01829844 extendSeeds
Timer: 8                       8.42192207 finishReadOne
Timer: 9                       0.68344233 extendSeeds
Timer: 10                       0.01736581 finishReadOne
Timer: 11                       0.00000000 N/A
Timer: 12                       0.00000000 N/A
Timer: 13                       0.00000000 N/A
Timer: 14                       0.00000000 N/A
Timer: 15                       0.00000000 N/A
Timer: 16                       0.00000000 N/A
Timer: 17                       0.00000000 N/A
Timer: 18                       0.00000000 N/A
Timer: 19                       0.00000000 N/A
Timer: 20                       0.00000000 N/A
Timer: 21                       0.00000000 N/A
Timer: 22                       0.00000000 N/A
Timer: 23                       0.00000000 N/A
Timer: 24                       0.00000000 N/A
Timer: 25                       0.00000000 N/A
Timer: 26                       0.00000000 N/A
Timer: 27                       0.00000000 N/A
Timer: 28                       0.00000000 N/A
Timer: 29                       0.00000000 N/A
Timer: 30                       0.00000000 N/A
Timer: 31                       0.00000000 N/A
Timer: 0                       1.27355312 read
Timer: 1                       3.15525002 mmSeeds+instantiateSeeds
Timer: 2                      33.51759546 searchAllSeeds
Timer: 3                      55.88088526 extendSeeds
Timer: 4                       0.03864572 searchAllSeeds
Timer: 5                       0.11066311 extendSeeds
Timer: 6                       1.74315715 searchAllSeeds
Timer: 7                       0.01791112 extendSeeds
Timer: 8                       8.58605946 finishReadOne
Timer: 9                       0.72952949 extendSeeds
Timer: 10                       0.01480812 finishReadOne
Timer: 11                       0.00000000 N/A
Timer: 12                       0.00000000 N/A
Timer: 13                       0.00000000 N/A
Timer: 14                       0.00000000 N/A
Timer: 15                       0.00000000 N/A
Timer: 16                       0.00000000 N/A
Timer: 17                       0.00000000 N/A
Timer: 18                       0.00000000 N/A
Timer: 19                       0.00000000 N/A
Timer: 20                       0.00000000 N/A
Timer: 21                       0.00000000 N/A
Timer: 22                       0.00000000 N/A
Timer: 23                       0.00000000 N/A
Timer: 24                       0.00000000 N/A
Timer: 25                       0.00000000 N/A
Timer: 26                       0.00000000 N/A
Timer: 27                       0.00000000 N/A
Timer: 28                       0.00000000 N/A
Timer: 29                       0.00000000 N/A
Timer: 30                       0.00000000 N/A
Timer: 31                       0.00000000 N/A
Timer: 0                       1.24481046 read
Timer: 1                       3.16315444 mmSeeds+instantiateSeeds
Timer: 2                      33.60726514 searchAllSeeds
Timer: 3                      56.25339949 extendSeeds
Timer: 4                       0.03901171 searchAllSeeds
Timer: 5                       0.11731814 extendSeeds
Timer: 6                       1.76350827 searchAllSeeds
Timer: 7                       0.01897403 extendSeeds
Timer: 8                       8.17355747 finishReadOne
Timer: 9                       0.71858758 extendSeeds
Timer: 10                       0.00903866 finishReadOne
Timer: 11                       0.00000000 N/A
Timer: 12                       0.00000000 N/A
Timer: 13                       0.00000000 N/A
Timer: 14                       0.00000000 N/A
Timer: 15                       0.00000000 N/A
Timer: 16                       0.00000000 N/A
Timer: 17                       0.00000000 N/A
Timer: 18                       0.00000000 N/A
Timer: 19                       0.00000000 N/A
Timer: 20                       0.00000000 N/A
Timer: 21                       0.00000000 N/A
Timer: 22                       0.00000000 N/A
Timer: 23                       0.00000000 N/A
Timer: 24                       0.00000000 N/A
Timer: 25                       0.00000000 N/A
Timer: 26                       0.00000000 N/A
Timer: 27                       0.00000000 N/A
Timer: 28                       0.00000000 N/A
Timer: 29                       0.00000000 N/A
Timer: 30                       0.00000000 N/A
Timer: 31                       0.00000000 N/A
Timer: 0                       1.27941499 read
Timer: 1                       3.01512005 mmSeeds+instantiateSeeds
Timer: 2                      33.15144753 searchAllSeeds
Timer: 3                      56.07149962 extendSeeds
Timer: 4                       0.04598981 searchAllSeeds
Timer: 5                       0.13430792 extendSeeds
Timer: 6                       1.86091290 searchAllSeeds
Timer: 7                       0.01770182 extendSeeds
Timer: 8                       8.45015660 finishReadOne
Timer: 9                       0.72439704 extendSeeds
Timer: 10                       0.01495104 finishReadOne
Timer: 11                       0.00000000 N/A
Timer: 12                       0.00000000 N/A
Timer: 13                       0.00000000 N/A
Timer: 14                       0.00000000 N/A
Timer: 15                       0.00000000 N/A
Timer: 16                       0.00000000 N/A
Timer: 17                       0.00000000 N/A
Timer: 18                       0.00000000 N/A
Timer: 19                       0.00000000 N/A
Timer: 20                       0.00000000 N/A
Timer: 21                       0.00000000 N/A
Timer: 22                       0.00000000 N/A
Timer: 23                       0.00000000 N/A
Timer: 24                       0.00000000 N/A
Timer: 25                       0.00000000 N/A
Timer: 26                       0.00000000 N/A
Timer: 27                       0.00000000 N/A
Timer: 28                       0.00000000 N/A
Timer: 29                       0.00000000 N/A
Timer: 30                       0.00000000 N/A
Timer: 31                       0.00000000 N/A
Timer: 0                       1.30302372 read
Timer: 1                       3.04721304 mmSeeds+instantiateSeeds
Timer: 2                      33.06998098 searchAllSeeds
Timer: 3                      56.25452984 extendSeeds
Timer: 4                       0.04358265 searchAllSeeds
Timer: 5                       0.12412860 extendSeeds
Timer: 6                       1.75696300 searchAllSeeds
Timer: 7                       0.01745552 extendSeeds
Timer: 8                       8.63105964 finishReadOne
Timer: 9                       0.62458549 extendSeeds
Timer: 10                       0.01728112 finishReadOne
Timer: 11                       0.00000000 N/A
Timer: 12                       0.00000000 N/A
Timer: 13                       0.00000000 N/A
Timer: 14                       0.00000000 N/A
Timer: 15                       0.00000000 N/A
Timer: 16                       0.00000000 N/A
Timer: 17                       0.00000000 N/A
Timer: 18                       0.00000000 N/A
Timer: 19                       0.00000000 N/A
Timer: 20                       0.00000000 N/A
Timer: 21                       0.00000000 N/A
Timer: 22                       0.00000000 N/A
Timer: 23                       0.00000000 N/A
Timer: 24                       0.00000000 N/A
Timer: 25                       0.00000000 N/A
Timer: 26                       0.00000000 N/A
Timer: 27                       0.00000000 N/A
Timer: 28                       0.00000000 N/A
Timer: 29                       0.00000000 N/A
Timer: 30                       0.00000000 N/A
Timer: 31                       0.00000000 N/A
Timer: 0                       1.29739020 read
Timer: 1                       3.10339139 mmSeeds+instantiateSeeds
Timer: 2                      33.47891298 searchAllSeeds
Timer: 3                      55.75601202 extendSeeds
Timer: 4                       0.03581639 searchAllSeeds
Timer: 5                       0.10923989 extendSeeds
Timer: 6                       1.74289938 searchAllSeeds
Timer: 7                       0.01757994 extendSeeds
Timer: 8                       8.54891231 finishReadOne
Timer: 9                       0.72920520 extendSeeds
Timer: 10                       0.01198301 finishReadOne
Timer: 11                       0.00000000 N/A
Timer: 12                       0.00000000 N/A
Timer: 13                       0.00000000 N/A
Timer: 14                       0.00000000 N/A
Timer: 15                       0.00000000 N/A
Timer: 16                       0.00000000 N/A
Timer: 17                       0.00000000 N/A
Timer: 18                       0.00000000 N/A
Timer: 19                       0.00000000 N/A
Timer: 20                       0.00000000 N/A
Timer: 21                       0.00000000 N/A
Timer: 22                       0.00000000 N/A
Timer: 23                       0.00000000 N/A
Timer: 24                       0.00000000 N/A
Timer: 25                       0.00000000 N/A
Timer: 26                       0.00000000 N/A
Timer: 27                       0.00000000 N/A
Timer: 28                       0.00000000 N/A
Timer: 29                       0.00000000 N/A
Timer: 30                       0.00000000 N/A
Timer: 31                       0.00000000 N/A
Timer: 0                       1.22976589 read
Timer: 1                       3.09643925 mmSeeds+instantiateSeeds
Timer: 2                      33.52590579 searchAllSeeds
Timer: 3                      56.09144047 extendSeeds
Timer: 4                       0.04010920 searchAllSeeds
Timer: 5                       0.11698893 extendSeeds
Timer: 6                       1.81891907 searchAllSeeds
Timer: 7                       0.02046482 extendSeeds
Timer: 8                       8.41414436 finishReadOne
Timer: 9                       0.70724038 finishReadOne
Timer: 10                       0.02012790 finishReadOne
Timer: 11                       0.00000000 N/A
Timer: 12                       0.00000000 N/A
Timer: 13                       0.00000000 N/A
Timer: 14                       0.00000000 N/A
Timer: 15                       0.00000000 N/A
Timer: 16                       0.00000000 N/A
Timer: 17                       0.00000000 N/A
Timer: 18                       0.00000000 N/A
Timer: 19                       0.00000000 N/A
Timer: 20                       0.00000000 N/A
Timer: 21                       0.00000000 N/A
Timer: 22                       0.00000000 N/A
Timer: 23                       0.00000000 N/A
Timer: 24                       0.00000000 N/A
Timer: 25                       0.00000000 N/A
Timer: 26                       0.00000000 N/A
Timer: 27                       0.00000000 N/A
Timer: 28                       0.00000000 N/A
Timer: 29                       0.00000000 N/A
Timer: 30                       0.00000000 N/A
Timer: 31                       0.00000000 N/A
Timer: 0                       1.23585012 read
Timer: 1                       3.12604968 mmSeeds+instantiateSeeds
Timer: 2                      33.23178348 searchAllSeeds
Timer: 3                      56.53671031 extendSeeds
Timer: 4                       0.03850422 searchAllSeeds
Timer: 5                       0.11331908 extendSeeds
Timer: 6                       1.71653417 searchAllSeeds
Timer: 7                       0.01835772 extendSeeds
Timer: 8                       8.30980653 finishReadOne
Timer: 9                       0.66747880 finishReadOne
Timer: 10                       0.01939530 finishReadOne
Timer: 11                       0.00000000 N/A
Timer: 12                       0.00000000 N/A
Timer: 13                       0.00000000 N/A
Timer: 14                       0.00000000 N/A
Timer: 15                       0.00000000 N/A
Timer: 16                       0.00000000 N/A
Timer: 17                       0.00000000 N/A
Timer: 18                       0.00000000 N/A
Timer: 19                       0.00000000 N/A
Timer: 20                       0.00000000 N/A
Timer: 21                       0.00000000 N/A
Timer: 22                       0.00000000 N/A
Timer: 23                       0.00000000 N/A
Timer: 24                       0.00000000 N/A
Timer: 25                       0.00000000 N/A
Timer: 26                       0.00000000 N/A
Timer: 27                       0.00000000 N/A
Timer: 28                       0.00000000 N/A
Timer: 29                       0.00000000 N/A
Timer: 30                       0.00000000 N/A
Timer: 31                       0.00000000 N/A
Timer: 0                       1.25123416 read
Timer: 1                       3.13031710 mmSeeds+instantiateSeeds
Timer: 2                      33.54774126 searchAllSeeds
Timer: 3                      56.56369529 extendSeeds
Timer: 4                       0.03945012 searchAllSeeds
Timer: 5                       0.11286044 extendSeeds
Timer: 6                       1.65323562 searchAllSeeds
Timer: 7                       0.01877183 extendSeeds
Timer: 8                       7.97266770 finishReadOne
Timer: 9                       0.66445657 finishReadOne
Timer: 10                       0.01477028 finishReadOne
Timer: 11                       0.00000000 N/A
Timer: 12                       0.00000000 N/A
Timer: 13                       0.00000000 N/A
Timer: 14                       0.00000000 N/A
Timer: 15                       0.00000000 N/A
Timer: 16                       0.00000000 N/A
Timer: 17                       0.00000000 N/A
Timer: 18                       0.00000000 N/A
Timer: 19                       0.00000000 N/A
Timer: 20                       0.00000000 N/A
Timer: 21                       0.00000000 N/A
Timer: 22                       0.00000000 N/A
Timer: 23                       0.00000000 N/A
Timer: 24                       0.00000000 N/A
Timer: 25                       0.00000000 N/A
Timer: 26                       0.00000000 N/A
Timer: 27                       0.00000000 N/A
Timer: 28                       0.00000000 N/A
Timer: 29                       0.00000000 N/A
Timer: 30                       0.00000000 N/A
Timer: 31                       0.00000000 N/A
Timer: 0                       1.27727821 read
Timer: 1                       3.16546151 mmSeeds+instantiateSeeds
Timer: 2                      33.38186132 searchAllSeeds
Timer: 3                      55.91415904 extendSeeds
Timer: 4                       0.03690878 searchAllSeeds
Timer: 5                       0.12597040 extendSeeds
Timer: 6                       1.80427244 searchAllSeeds
Timer: 7                       0.01802888 extendSeeds
Timer: 8                       8.62788404 finishReadOne
Timer: 9                       0.76428276 extendSeeds
Timer: 10                       0.02686817 finishReadOne
Timer: 11                       0.00000000 N/A
Timer: 12                       0.00000000 N/A
Timer: 13                       0.00000000 N/A
Timer: 14                       0.00000000 N/A
Timer: 15                       0.00000000 N/A
Timer: 16                       0.00000000 N/A
Timer: 17                       0.00000000 N/A
Timer: 18                       0.00000000 N/A
Timer: 19                       0.00000000 N/A
Timer: 20                       0.00000000 N/A
Timer: 21                       0.00000000 N/A
Timer: 22                       0.00000000 N/A
Timer: 23                       0.00000000 N/A
Timer: 24                       0.00000000 N/A
Timer: 25                       0.00000000 N/A
Timer: 26                       0.00000000 N/A
Timer: 27                       0.00000000 N/A
Timer: 28                       0.00000000 N/A
Timer: 29                       0.00000000 N/A
Timer: 30                       0.00000000 N/A
Timer: 31                       0.00000000 N/A
Timer: 0                       1.20451768 read
Timer: 1                       3.15523739 mmSeeds+instantiateSeeds
Timer: 2                      33.55081667 searchAllSeeds
Timer: 3                      55.73013471 extendSeeds
Timer: 4                       0.03690316 searchAllSeeds
Timer: 5                       0.11128492 extendSeeds
Timer: 6                       1.71989662 searchAllSeeds
Timer: 7                       0.01784360 extendSeeds
Timer: 8                       8.61158759 finishReadOne
Timer: 9                       0.76645684 finishReadOne
Timer: 10                       0.02050362 finishReadOne
Timer: 11                       0.00000000 N/A
Timer: 12                       0.00000000 N/A
Timer: 13                       0.00000000 N/A
Timer: 14                       0.00000000 N/A
Timer: 15                       0.00000000 N/A
Timer: 16                       0.00000000 N/A
Timer: 17                       0.00000000 N/A
Timer: 18                       0.00000000 N/A
Timer: 19                       0.00000000 N/A
Timer: 20                       0.00000000 N/A
Timer: 21                       0.00000000 N/A
Timer: 22                       0.00000000 N/A
Timer: 23                       0.00000000 N/A
Timer: 24                       0.00000000 N/A
Timer: 25                       0.00000000 N/A
Timer: 26                       0.00000000 N/A
Timer: 27                       0.00000000 N/A
Timer: 28                       0.00000000 N/A
Timer: 29                       0.00000000 N/A
Timer: 30                       0.00000000 N/A
Timer: 31                       0.00000000 N/A
Timer: 0                       1.26528965 read
Timer: 1                       3.11020638 mmSeeds+instantiateSeeds
Timer: 2                      33.33180049 searchAllSeeds
Timer: 3                      55.81425292 extendSeeds
Timer: 4                       0.05638252 searchAllSeeds
Timer: 5                       0.10857020 extendSeeds
Timer: 6                       1.63803588 searchAllSeeds
Timer: 7                       0.01736030 extendSeeds
Timer: 8                       8.68979280 finishReadOne
Timer: 9                       0.71467328 extendSeeds
Timer: 10                       0.00401820 finishReadOne
Timer: 11                       0.00000000 N/A
Timer: 12                       0.00000000 N/A
Timer: 13                       0.00000000 N/A
Timer: 14                       0.00000000 N/A
Timer: 15                       0.00000000 N/A
Timer: 16                       0.00000000 N/A
Timer: 17                       0.00000000 N/A
Timer: 18                       0.00000000 N/A
Timer: 19                       0.00000000 N/A
Timer: 20                       0.00000000 N/A
Timer: 21                       0.00000000 N/A
Timer: 22                       0.00000000 N/A
Timer: 23                       0.00000000 N/A
Timer: 24                       0.00000000 N/A
Timer: 25                       0.00000000 N/A
Timer: 26                       0.00000000 N/A
Timer: 27                       0.00000000 N/A
Timer: 28                       0.00000000 N/A
Timer: 29                       0.00000000 N/A
Timer: 30                       0.00000000 N/A
Timer: 31                       0.00000000 N/A
Timer: 0                       1.25867927 read
Timer: 1                       3.13722551 mmSeeds+instantiateSeeds
Timer: 2                      33.26308019 searchAllSeeds
Timer: 3                      56.39487936 extendSeeds
Timer: 4                       0.03626401 searchAllSeeds
Timer: 5                       0.10974320 extendSeeds
Timer: 6                       1.68543300 searchAllSeeds
Timer: 7                       0.01764511 extendSeeds
Timer: 8                       8.35335569 finishReadOne
Timer: 9                       0.66278246 extendSeeds
Timer: 10                       0.00685129 finishReadOne
Timer: 11                       0.00000000 N/A
Timer: 12                       0.00000000 N/A
Timer: 13                       0.00000000 N/A
Timer: 14                       0.00000000 N/A
Timer: 15                       0.00000000 N/A
Timer: 16                       0.00000000 N/A
Timer: 17                       0.00000000 N/A
Timer: 18                       0.00000000 N/A
Timer: 19                       0.00000000 N/A
Timer: 20                       0.00000000 N/A
Timer: 21                       0.00000000 N/A
Timer: 22                       0.00000000 N/A
Timer: 23                       0.00000000 N/A
Timer: 24                       0.00000000 N/A
Timer: 25                       0.00000000 N/A
Timer: 26                       0.00000000 N/A
Timer: 27                       0.00000000 N/A
Timer: 28                       0.00000000 N/A
Timer: 29                       0.00000000 N/A
Timer: 30                       0.00000000 N/A
Timer: 31                       0.00000000 N/A
6130362 reads; of these:
  6130362 (100.00%) were unpaired; of these:
    6111179 (99.69%) aligned 0 times
    7868 (0.13%) aligned exactly 1 time
    11315 (0.18%) aligned >1 times
0.31% overall alignment rate
 119354 2379212 54449019

real	1m53.100s
user	26m41.176s
sys	1m43.781s
==============
#./bowtie2-omp-gcc -p 1024 --no-exact-upfront --no-1mm-upfront -x /scratch/qp-woltka/WoLr1/WoLr1 -q /qmounts/qiita_data/per_sample_FASTQ/101636//Mousseau88_FIN_373_host_filtered.fastq.gz --seed 42 --very-sensitive -k 16 --np 1 --mp 1,1 --rdg 0,1 --rfg 0,1 --score-min  L,0,-0.05 --no-head --no-unal |wc
==== CPU 1 ==========
WARNING: No doExactUpFront not supported
WARNING: do1mmUpFront not supported
Timer: 0                      22.34940807 read
Timer: 1                       2.92238096 instantiateSeeds
Timer: 2                       0.52574887 searchAllSeedsPrepare
Timer: 3                      34.81036551 searchAllSeedsDo
Timer: 4                       3.06464402 searchAllSeedsFinalize
Timer: 5                      88.85167470 extendSeeds
Timer: 6                      10.15045549 finishReadOne
Timer: 7                       0.00000000 N/A
Timer: 8                       0.00000000 N/A
Timer: 9                       0.00000000 N/A
Timer: 10                       0.00000000 N/A
Timer: 11                       0.00000000 N/A
Timer: 12                       0.00000000 N/A
Timer: 13                       0.00000000 N/A
Timer: 14                       0.00000000 N/A
Timer: 15                       0.00000000 N/A
Timer: 16                       0.00000000 N/A
Timer: 17                       0.00000000 N/A
Timer: 18                       0.00000000 N/A
Timer: 19                       0.00000000 N/A
Timer: 20                       0.00000000 N/A
Timer: 21                       0.00000000 N/A
Timer: 22                       0.00000000 N/A
Timer: 23                       0.00000000 N/A
Timer: 24                       0.00000000 N/A
Timer: 25                       0.00000000 N/A
Timer: 26                       0.00000000 N/A
Timer: 27                       0.00000000 N/A
Timer: 28                       0.00000000 N/A
Timer: 29                       0.00000000 N/A
Timer: 30                       0.00000000 N/A
Timer: 31                       0.00000000 N/A
6130362 reads; of these:
  6130362 (100.00%) were unpaired; of these:
    6111179 (99.69%) aligned 0 times
    7868 (0.13%) aligned exactly 1 time
    11315 (0.18%) aligned >1 times
0.31% overall alignment rate
 119354 2379212 54449019

real	2m59.366s
user	39m55.120s
sys	2m7.239s
==== CPU 2 ==========
WARNING: No doExactUpFront not supported
WARNING: do1mmUpFront not supported
Timer: 0                      21.86535262 read
Timer: 1                       2.32169480 instantiateSeeds
Timer: 2                       0.28222385 searchAllSeedsPrepare
Timer: 3                      29.42972805 searchAllSeedsDo
Timer: 4                       2.84122710 searchAllSeedsFinalize
Timer: 5                      81.65041985 extendSeeds
Timer: 6                       9.69112480 finishReadOne
Timer: 7                       0.00000000 N/A
Timer: 8                       0.00000000 N/A
Timer: 9                       0.00000000 N/A
Timer: 10                       0.00000000 N/A
Timer: 11                       0.00000000 N/A
Timer: 12                       0.00000000 N/A
Timer: 13                       0.00000000 N/A
Timer: 14                       0.00000000 N/A
Timer: 15                       0.00000000 N/A
Timer: 16                       0.00000000 N/A
Timer: 17                       0.00000000 N/A
Timer: 18                       0.00000000 N/A
Timer: 19                       0.00000000 N/A
Timer: 20                       0.00000000 N/A
Timer: 21                       0.00000000 N/A
Timer: 22                       0.00000000 N/A
Timer: 23                       0.00000000 N/A
Timer: 24                       0.00000000 N/A
Timer: 25                       0.00000000 N/A
Timer: 26                       0.00000000 N/A
Timer: 27                       0.00000000 N/A
Timer: 28                       0.00000000 N/A
Timer: 29                       0.00000000 N/A
Timer: 30                       0.00000000 N/A
Timer: 31                       0.00000000 N/A
6130362 reads; of these:
  6130362 (100.00%) were unpaired; of these:
    6111179 (99.69%) aligned 0 times
    7868 (0.13%) aligned exactly 1 time
    11315 (0.18%) aligned >1 times
0.31% overall alignment rate
 119354 2379212 54449019

real	2m40.078s
user	37m19.817s
sys	1m22.631s
==============
#./bowtie2-omp-gcc-no2 -p 1024 --no-exact-upfront --no-1mm-upfront -x /scratch/qp-woltka/WoLr1/WoLr1 -q /qmounts/qiita_data/per_sample_FASTQ/101636//Mousseau88_FIN_373_host_filtered.fastq.gz --seed 42 --very-sensitive -k 16 --np 1 --mp 1,1 --rdg 0,1 --rfg 0,1 --score-min  L,0,-0.05 --no-head --no-unal |wc
==== CPU 1 ==========
WARNING: No doExactUpFront not supported
WARNING: do1mmUpFront not supported
Timer: 0                      10.95357910 read
Timer: 1                       9.72481607 instantiateSeeds
Timer: 2                       4.14510434 searchAllSeedsPrepare
Timer: 3                      36.59226584 searchAllSeedsDo
Timer: 4                      10.80801348 finishReadOne
Timer: 5                       0.00000000 N/A
Timer: 6                       0.00000000 N/A
Timer: 7                       0.00000000 N/A
Timer: 8                       0.00000000 N/A
Timer: 9                       0.00000000 N/A
Timer: 10                       0.00000000 N/A
Timer: 11                       0.00000000 N/A
Timer: 12                       0.00000000 N/A
Timer: 13                       0.00000000 N/A
Timer: 14                       0.00000000 N/A
Timer: 15                       0.00000000 N/A
Timer: 16                       0.00000000 N/A
Timer: 17                       0.00000000 N/A
Timer: 18                       0.00000000 N/A
Timer: 19                       0.00000000 N/A
Timer: 20                       0.00000000 N/A
Timer: 21                       0.00000000 N/A
Timer: 22                       0.00000000 N/A
Timer: 23                       0.00000000 N/A
Timer: 24                       0.00000000 N/A
Timer: 25                       0.00000000 N/A
Timer: 26                       0.00000000 N/A
Timer: 27                       0.00000000 N/A
Timer: 28                       0.00000000 N/A
Timer: 29                       0.00000000 N/A
Timer: 30                       0.00000000 N/A
Timer: 31                       0.00000000 N/A
6130362 reads; of these:
  6130362 (100.00%) were unpaired; of these:
    6130362 (100.00%) aligned 0 times
    0 (0.00%) aligned exactly 1 time
    0 (0.00%) aligned >1 times
0.00% overall alignment rate
      0       0       0

real	1m26.340s
user	16m41.191s
sys	2m19.710s
==== CPU 2 ==========
WARNING: No doExactUpFront not supported
WARNING: do1mmUpFront not supported
Timer: 0                      10.80615324 read
Timer: 1                       9.52843973 instantiateSeeds
Timer: 2                       3.91470276 searchAllSeedsPrepare
Timer: 3                      31.69000847 searchAllSeedsDo
Timer: 4                      11.15378301 finishReadOne
Timer: 5                       0.00000000 N/A
Timer: 6                       0.00000000 N/A
Timer: 7                       0.00000000 N/A
Timer: 8                       0.00000000 N/A
Timer: 9                       0.00000000 N/A
Timer: 10                       0.00000000 N/A
Timer: 11                       0.00000000 N/A
Timer: 12                       0.00000000 N/A
Timer: 13                       0.00000000 N/A
Timer: 14                       0.00000000 N/A
Timer: 15                       0.00000000 N/A
Timer: 16                       0.00000000 N/A
Timer: 17                       0.00000000 N/A
Timer: 18                       0.00000000 N/A
Timer: 19                       0.00000000 N/A
Timer: 20                       0.00000000 N/A
Timer: 21                       0.00000000 N/A
Timer: 22                       0.00000000 N/A
Timer: 23                       0.00000000 N/A
Timer: 24                       0.00000000 N/A
Timer: 25                       0.00000000 N/A
Timer: 26                       0.00000000 N/A
Timer: 27                       0.00000000 N/A
Timer: 28                       0.00000000 N/A
Timer: 29                       0.00000000 N/A
Timer: 30                       0.00000000 N/A
Timer: 31                       0.00000000 N/A
6130362 reads; of these:
  6130362 (100.00%) were unpaired; of these:
    6130362 (100.00%) aligned 0 times
    0 (0.00%) aligned exactly 1 time
    0 (0.00%) aligned >1 times
0.00% overall alignment rate
      0       0       0

real	1m16.590s
user	15m25.819s
sys	2m15.937s
==============
==============
==============
#./bowtie2-omp -p 1024 --no-exact-upfront --no-1mm-upfront -x /scratch/qp-woltka/WoLr1/WoLr1 -q /qmounts/qiita_data/per_sample_FASTQ/101636//Mousseau88_FIN_373_host_filtered.fastq.gz --seed 42 --very-sensitive -k 16 --np 1 --mp 1,1 --rdg 0,1 --rfg 0,1 --score-min  L,0,-0.05 --no-head --no-unal |wc
==== CPU 1 ==========
WARNING: No doExactUpFront not supported
WARNING: do1mmUpFront not supported
Timer: 0                      21.96880925 read
Timer: 1                       1.38141028 instantiateSeeds
Timer: 2                       0.16495299 searchAllSeedsPrepare
Timer: 3                      21.90113215 searchAllSeedsDo
Timer: 4                       3.25918301 searchAllSeedsFinalize
Timer: 5                      85.75308170 extendSeeds
Timer: 6                       9.90750080 finishReadOne
Timer: 7                       0.00000000 N/A
Timer: 8                       0.00000000 N/A
Timer: 9                       0.00000000 N/A
Timer: 10                       0.00000000 N/A
Timer: 11                       0.00000000 N/A
Timer: 12                       0.00000000 N/A
Timer: 13                       0.00000000 N/A
Timer: 14                       0.00000000 N/A
Timer: 15                       0.00000000 N/A
Timer: 16                       0.00000000 N/A
Timer: 17                       0.00000000 N/A
Timer: 18                       0.00000000 N/A
Timer: 19                       0.00000000 N/A
Timer: 20                       0.00000000 N/A
Timer: 21                       0.00000000 N/A
Timer: 22                       0.00000000 N/A
Timer: 23                       0.00000000 N/A
Timer: 24                       0.00000000 N/A
Timer: 25                       0.00000000 N/A
Timer: 26                       0.00000000 N/A
Timer: 27                       0.00000000 N/A
Timer: 28                       0.00000000 N/A
Timer: 29                       0.00000000 N/A
Timer: 30                       0.00000000 N/A
Timer: 31                       0.00000000 N/A
6130362 reads; of these:
  6130362 (100.00%) were unpaired; of these:
    6111179 (99.69%) aligned 0 times
    7868 (0.13%) aligned exactly 1 time
    11315 (0.18%) aligned >1 times
0.31% overall alignment rate
 119354 2379212 54449019

real	2m40.922s
user	33m39.618s
sys	3m58.164s
==== CPU 2 ==========
WARNING: No doExactUpFront not supported
WARNING: do1mmUpFront not supported
Timer: 0                      22.31841717 read
Timer: 1                       1.46773071 instantiateSeeds
Timer: 2                       0.16657976 searchAllSeedsPrepare
Timer: 3                      16.47066354 searchAllSeedsDo
Timer: 4                       3.49937618 searchAllSeedsFinalize
Timer: 5                      79.83409211 extendSeeds
Timer: 6                       8.71283933 finishReadOne
Timer: 7                       0.00000000 N/A
Timer: 8                       0.00000000 N/A
Timer: 9                       0.00000000 N/A
Timer: 10                       0.00000000 N/A
Timer: 11                       0.00000000 N/A
Timer: 12                       0.00000000 N/A
Timer: 13                       0.00000000 N/A
Timer: 14                       0.00000000 N/A
Timer: 15                       0.00000000 N/A
Timer: 16                       0.00000000 N/A
Timer: 17                       0.00000000 N/A
Timer: 18                       0.00000000 N/A
Timer: 19                       0.00000000 N/A
Timer: 20                       0.00000000 N/A
Timer: 21                       0.00000000 N/A
Timer: 22                       0.00000000 N/A
Timer: 23                       0.00000000 N/A
Timer: 24                       0.00000000 N/A
Timer: 25                       0.00000000 N/A
Timer: 26                       0.00000000 N/A
Timer: 27                       0.00000000 N/A
Timer: 28                       0.00000000 N/A
Timer: 29                       0.00000000 N/A
Timer: 30                       0.00000000 N/A
Timer: 31                       0.00000000 N/A
6130362 reads; of these:
  6130362 (100.00%) were unpaired; of these:
    6111179 (99.69%) aligned 0 times
    7868 (0.13%) aligned exactly 1 time
    11315 (0.18%) aligned >1 times
0.31% overall alignment rate
 119354 2379212 54449019

real	2m24.221s
user	31m35.335s
sys	3m12.380s
==============
#./bowtie2-omp-no2 -p 1024 --no-exact-upfront --no-1mm-upfront -x /scratch/qp-woltka/WoLr1/WoLr1 -q /qmounts/qiita_data/per_sample_FASTQ/101636//Mousseau88_FIN_373_host_filtered.fastq.gz --seed 42 --very-sensitive -k 16 --np 1 --mp 1,1 --rdg 0,1 --rfg 0,1 --score-min  L,0,-0.05 --no-head --no-unal |wc
==== CPU 1 ==========
WARNING: No doExactUpFront not supported
WARNING: do1mmUpFront not supported
Timer: 0                      14.28193543 read
Timer: 1                       3.86317582 instantiateSeeds
Timer: 2                       0.25023405 searchAllSeedsPrepare
Timer: 3                      22.19268277 searchAllSeedsDo
Timer: 4                      13.96266159 finishReadOne
Timer: 5                       0.00000000 N/A
Timer: 6                       0.00000000 N/A
Timer: 7                       0.00000000 N/A
Timer: 8                       0.00000000 N/A
Timer: 9                       0.00000000 N/A
Timer: 10                       0.00000000 N/A
Timer: 11                       0.00000000 N/A
Timer: 12                       0.00000000 N/A
Timer: 13                       0.00000000 N/A
Timer: 14                       0.00000000 N/A
Timer: 15                       0.00000000 N/A
Timer: 16                       0.00000000 N/A
Timer: 17                       0.00000000 N/A
Timer: 18                       0.00000000 N/A
Timer: 19                       0.00000000 N/A
Timer: 20                       0.00000000 N/A
Timer: 21                       0.00000000 N/A
Timer: 22                       0.00000000 N/A
Timer: 23                       0.00000000 N/A
Timer: 24                       0.00000000 N/A
Timer: 25                       0.00000000 N/A
Timer: 26                       0.00000000 N/A
Timer: 27                       0.00000000 N/A
Timer: 28                       0.00000000 N/A
Timer: 29                       0.00000000 N/A
Timer: 30                       0.00000000 N/A
Timer: 31                       0.00000000 N/A
6130362 reads; of these:
  6130362 (100.00%) were unpaired; of these:
    6130362 (100.00%) aligned 0 times
    0 (0.00%) aligned exactly 1 time
    0 (0.00%) aligned >1 times
0.00% overall alignment rate
      0       0       0

real	1m8.775s
user	11m12.079s
sys	3m18.137s
==== CPU 2 ==========
WARNING: No doExactUpFront not supported
WARNING: do1mmUpFront not supported
Timer: 0                      15.42289579 read
Timer: 1                       4.41510712 instantiateSeeds
Timer: 2                       0.22830170 searchAllSeedsPrepare
Timer: 3                      17.69412953 searchAllSeedsDo
Timer: 4                      12.93041799 finishReadOne
Timer: 5                       0.00000000 N/A
Timer: 6                       0.00000000 N/A
Timer: 7                       0.00000000 N/A
Timer: 8                       0.00000000 N/A
Timer: 9                       0.00000000 N/A
Timer: 10                       0.00000000 N/A
Timer: 11                       0.00000000 N/A
Timer: 12                       0.00000000 N/A
Timer: 13                       0.00000000 N/A
Timer: 14                       0.00000000 N/A
Timer: 15                       0.00000000 N/A
Timer: 16                       0.00000000 N/A
Timer: 17                       0.00000000 N/A
Timer: 18                       0.00000000 N/A
Timer: 19                       0.00000000 N/A
Timer: 20                       0.00000000 N/A
Timer: 21                       0.00000000 N/A
Timer: 22                       0.00000000 N/A
Timer: 23                       0.00000000 N/A
Timer: 24                       0.00000000 N/A
Timer: 25                       0.00000000 N/A
Timer: 26                       0.00000000 N/A
Timer: 27                       0.00000000 N/A
Timer: 28                       0.00000000 N/A
Timer: 29                       0.00000000 N/A
Timer: 30                       0.00000000 N/A
Timer: 31                       0.00000000 N/A
6130362 reads; of these:
  6130362 (100.00%) were unpaired; of these:
    6130362 (100.00%) aligned 0 times
    0 (0.00%) aligned exactly 1 time
    0 (0.00%) aligned >1 times
0.00% overall alignment rate
      0       0       0

real	1m0.064s
user	10m12.590s
sys	3m10.424s
==============
#./bowtie2-omp-gpu-no2 -p 4094 --no-exact-upfront --no-1mm-upfront -x /scratch/qp-woltka/WoLr1/WoLr1 -q /qmounts/qiita_data/per_sample_FASTQ/101636//Mousseau88_FIN_373_host_filtered.fastq.gz --seed 42 --very-sensitive -k 16 --np 1 --mp 1,1 --rdg 0,1 --rfg 0,1 --score-min  L,0,-0.05 --no-head --no-unal |wc
==== CPU 1 GPU 1 ==========
WARNING: No doExactUpFront not supported
WARNING: do1mmUpFront not supported
Timer: 0                      12.29174204 read
Timer: 1                       3.78577878 instantiateSeeds
Timer: 2                       1.50888956 searchAllSeedsPrepare
Timer: 3                       5.48519774 searchAllSeedsDo
Timer: 4                       7.50500750 finishReadOne
Timer: 5                       0.00000000 N/A
Timer: 6                       0.00000000 N/A
Timer: 7                       0.00000000 N/A
Timer: 8                       0.00000000 N/A
Timer: 9                       0.00000000 N/A
Timer: 10                       0.00000000 N/A
Timer: 11                       0.00000000 N/A
Timer: 12                       0.00000000 N/A
Timer: 13                       0.00000000 N/A
Timer: 14                       0.00000000 N/A
Timer: 15                       0.00000000 N/A
Timer: 16                       0.00000000 N/A
Timer: 17                       0.00000000 N/A
Timer: 18                       0.00000000 N/A
Timer: 19                       0.00000000 N/A
Timer: 20                       0.00000000 N/A
Timer: 21                       0.00000000 N/A
Timer: 22                       0.00000000 N/A
Timer: 23                       0.00000000 N/A
Timer: 24                       0.00000000 N/A
Timer: 25                       0.00000000 N/A
Timer: 26                       0.00000000 N/A
Timer: 27                       0.00000000 N/A
Timer: 28                       0.00000000 N/A
Timer: 29                       0.00000000 N/A
Timer: 30                       0.00000000 N/A
Timer: 31                       0.00000000 N/A
6130362 reads; of these:
  6130362 (100.00%) were unpaired; of these:
    6130362 (100.00%) aligned 0 times
    0 (0.00%) aligned exactly 1 time
    0 (0.00%) aligned >1 times
0.00% overall alignment rate
      0       0       0

real	0m57.931s
user	5m21.605s
sys	2m26.156s
==== CPU 2 GPU 1 ==========
WARNING: No doExactUpFront not supported
WARNING: do1mmUpFront not supported
Timer: 0                      12.15146863 read
Timer: 1                       3.83177177 instantiateSeeds
Timer: 2                       2.01675067 searchAllSeedsPrepare
Timer: 3                       6.43985096 searchAllSeedsDo
Timer: 4                       7.63952853 finishReadOne
Timer: 5                       0.00000000 N/A
Timer: 6                       0.00000000 N/A
Timer: 7                       0.00000000 N/A
Timer: 8                       0.00000000 N/A
Timer: 9                       0.00000000 N/A
Timer: 10                       0.00000000 N/A
Timer: 11                       0.00000000 N/A
Timer: 12                       0.00000000 N/A
Timer: 13                       0.00000000 N/A
Timer: 14                       0.00000000 N/A
Timer: 15                       0.00000000 N/A
Timer: 16                       0.00000000 N/A
Timer: 17                       0.00000000 N/A
Timer: 18                       0.00000000 N/A
Timer: 19                       0.00000000 N/A
Timer: 20                       0.00000000 N/A
Timer: 21                       0.00000000 N/A
Timer: 22                       0.00000000 N/A
Timer: 23                       0.00000000 N/A
Timer: 24                       0.00000000 N/A
Timer: 25                       0.00000000 N/A
Timer: 26                       0.00000000 N/A
Timer: 27                       0.00000000 N/A
Timer: 28                       0.00000000 N/A
Timer: 29                       0.00000000 N/A
Timer: 30                       0.00000000 N/A
Timer: 31                       0.00000000 N/A
6130362 reads; of these:
  6130362 (100.00%) were unpaired; of these:
    6130362 (100.00%) aligned 0 times
    0 (0.00%) aligned exactly 1 time
    0 (0.00%) aligned >1 times
0.00% overall alignment rate
      0       0       0

real	0m59.171s
user	5m25.697s
sys	2m43.794s
==============
